TN:
SF:src\app\(app)\page.tsx
FN:106,PageAccueil
FN:121,(anonymous_1)
FN:152,(anonymous_2)
FN:168,obtenirLundiCourant
FN:177,(anonymous_4)
FN:186,(anonymous_5)
FN:189,(anonymous_6)
FN:197,(anonymous_7)
FN:200,(anonymous_8)
FN:203,(anonymous_9)
FN:210,(anonymous_10)
FN:237,(anonymous_11)
FN:240,(anonymous_12)
FN:247,(anonymous_13)
FN:255,(anonymous_14)
FN:262,(anonymous_15)
FN:272,(anonymous_16)
FN:276,(anonymous_17)
FN:284,(anonymous_18)
FN:306,(anonymous_19)
FN:310,(anonymous_20)
FN:313,chargerMeteo
FN:333,(anonymous_22)
FN:338,basculerWidget
FN:360,(anonymous_24)
FN:360,(anonymous_25)
FN:380,(anonymous_26)
FN:385,(anonymous_27)
FN:398,(anonymous_28)
FN:434,(anonymous_29)
FN:455,(anonymous_30)
FN:483,(anonymous_31)
FN:532,(anonymous_32)
FN:615,(anonymous_33)
FN:676,(anonymous_34)
FN:774,(anonymous_35)
FN:779,(anonymous_36)
FN:806,(anonymous_37)
FN:825,(anonymous_38)
FN:843,(anonymous_39)
FN:887,(anonymous_40)
FN:889,(anonymous_41)
FN:959,LoaderCard
FN:968,CarteMetrique
FN:1024,extraireArticleDepuisRappel
FN:1037,RappelCard
FNF:46
FNH:14
FNDA:8,PageAccueil
FNDA:0,(anonymous_1)
FNDA:8,(anonymous_2)
FNDA:0,obtenirLundiCourant
FNDA:4,(anonymous_4)
FNDA:0,(anonymous_5)
FNDA:0,(anonymous_6)
FNDA:0,(anonymous_7)
FNDA:0,(anonymous_8)
FNDA:0,(anonymous_9)
FNDA:0,(anonymous_10)
FNDA:0,(anonymous_11)
FNDA:0,(anonymous_12)
FNDA:0,(anonymous_13)
FNDA:0,(anonymous_14)
FNDA:0,(anonymous_15)
FNDA:0,(anonymous_16)
FNDA:0,(anonymous_17)
FNDA:8,(anonymous_18)
FNDA:4,(anonymous_19)
FNDA:4,(anonymous_20)
FNDA:4,chargerMeteo
FNDA:4,(anonymous_22)
FNDA:0,basculerWidget
FNDA:0,(anonymous_24)
FNDA:0,(anonymous_25)
FNDA:0,(anonymous_26)
FNDA:0,(anonymous_27)
FNDA:0,(anonymous_28)
FNDA:0,(anonymous_29)
FNDA:0,(anonymous_30)
FNDA:8,(anonymous_31)
FNDA:8,(anonymous_32)
FNDA:8,(anonymous_33)
FNDA:0,(anonymous_34)
FNDA:0,(anonymous_35)
FNDA:0,(anonymous_36)
FNDA:0,(anonymous_37)
FNDA:0,(anonymous_38)
FNDA:0,(anonymous_39)
FNDA:16,(anonymous_40)
FNDA:24,(anonymous_41)
FNDA:0,LoaderCard
FNDA:32,CarteMetrique
FNDA:0,extraireArticleDepuisRappel
FNDA:0,RappelCard
DA:5,1
DA:67,1
DA:107,8
DA:108,8
DA:109,8
DA:110,8
DA:111,8
DA:112,8
DA:113,8
DA:117,8
DA:118,8
DA:119,8
DA:122,0
DA:123,0
DA:126,8
DA:130,8
DA:134,8
DA:138,8
DA:142,8
DA:147,8
DA:152,8
DA:153,8
DA:156,8
DA:157,8
DA:158,8
DA:159,8
DA:160,8
DA:162,8
DA:163,8
DA:169,0
DA:170,0
DA:171,0
DA:172,0
DA:173,0
DA:174,0
DA:177,8
DA:178,4
DA:186,8
DA:187,0
DA:195,8
DA:197,0
DA:201,0
DA:204,0
DA:209,8
DA:211,0
DA:217,0
DA:219,0
DA:220,0
DA:223,0
DA:226,0
DA:227,0
DA:230,0
DA:238,0
DA:241,0
DA:246,8
DA:248,0
DA:249,0
DA:250,0
DA:252,0
DA:256,0
DA:261,8
DA:263,0
DA:264,0
DA:265,0
DA:269,0
DA:273,0
DA:274,0
DA:277,0
DA:282,8
DA:284,8
DA:285,8
DA:286,0
DA:289,8
DA:290,8
DA:291,8
DA:294,0
DA:295,0
DA:296,0
DA:297,0
DA:298,0
DA:301,0
DA:302,0
DA:303,0
DA:306,8
DA:307,4
DA:310,8
DA:311,4
DA:314,4
DA:315,4
DA:316,4
DA:317,0
DA:318,0
DA:319,4
DA:320,0
DA:328,0
DA:332,4
DA:333,4
DA:334,4
DA:339,0
DA:340,0
DA:341,0
DA:342,0
DA:345,8
DA:360,0
DA:381,0
DA:385,0
DA:398,0
DA:435,0
DA:456,0
DA:484,8
DA:533,8
DA:616,8
DA:676,0
DA:775,0
DA:779,0
DA:807,0
DA:808,0
DA:809,0
DA:812,0
DA:826,0
DA:827,0
DA:835,0
DA:836,0
DA:839,0
DA:843,0
DA:887,16
DA:890,24
DA:960,0
DA:985,32
DA:1017,1
DA:1025,0
DA:1026,0
DA:1028,0
DA:1029,0
DA:1030,0
DA:1031,0
DA:1032,0
DA:1034,0
DA:1046,0
DA:1047,0
LF:140
LH:59
BRDA:152,0,0,8
BRDA:152,0,1,0
BRDA:153,1,0,8
BRDA:153,1,1,0
BRDA:171,2,0,0
BRDA:171,2,1,0
BRDA:181,3,0,4
BRDA:181,3,1,0
BRDA:219,4,0,0
BRDA:219,4,1,0
BRDA:226,5,0,0
BRDA:226,5,1,0
BRDA:249,6,0,0
BRDA:249,6,1,0
BRDA:282,7,0,8
BRDA:282,7,1,8
BRDA:285,8,0,0
BRDA:285,8,1,8
BRDA:290,9,0,8
BRDA:290,9,1,0
BRDA:295,10,0,0
BRDA:295,10,1,0
BRDA:316,11,0,4
BRDA:316,11,1,0
BRDA:319,12,0,0
BRDA:319,12,1,4
BRDA:319,13,0,4
BRDA:319,13,1,0
BRDA:321,14,0,0
BRDA:321,14,1,0
BRDA:322,15,0,4
BRDA:322,15,1,0
BRDA:323,16,0,4
BRDA:323,16,1,0
BRDA:324,17,0,4
BRDA:324,17,1,0
BRDA:325,18,0,4
BRDA:325,18,1,0
BRDA:328,19,0,0
BRDA:328,19,1,0
BRDA:351,20,0,8
BRDA:351,20,1,0
BRDA:369,21,0,8
BRDA:369,21,1,0
BRDA:401,22,0,8
BRDA:401,22,1,8
BRDA:401,22,2,0
BRDA:424,23,0,8
BRDA:424,23,1,8
BRDA:424,23,2,8
BRDA:424,23,3,0
BRDA:447,24,0,8
BRDA:447,24,1,8
BRDA:447,24,2,8
BRDA:447,24,3,0
BRDA:470,25,0,8
BRDA:470,25,1,8
BRDA:470,25,2,8
BRDA:496,26,0,8
BRDA:496,26,1,0
BRDA:511,27,0,8
BRDA:511,27,1,8
BRDA:511,27,2,8
BRDA:530,28,0,8
BRDA:530,28,1,8
BRDA:542,29,0,8
BRDA:542,29,1,8
BRDA:542,29,2,8
BRDA:552,30,0,8
BRDA:552,30,1,0
BRDA:574,31,0,8
BRDA:574,31,1,0
BRDA:577,32,0,0
BRDA:577,32,1,0
BRDA:585,33,0,8
BRDA:585,33,1,8
BRDA:585,33,2,8
BRDA:627,34,0,8
BRDA:627,34,1,8
BRDA:632,35,0,8
BRDA:632,35,1,0
BRDA:639,36,0,8
BRDA:639,36,1,0
BRDA:646,37,0,8
BRDA:646,37,1,0
BRDA:653,38,0,8
BRDA:653,38,1,0
BRDA:657,39,0,8
BRDA:657,39,1,0
BRDA:664,40,0,8
BRDA:664,40,1,8
BRDA:679,41,0,0
BRDA:679,41,1,8
BRDA:742,42,0,8
BRDA:742,42,1,8
BRDA:742,42,2,8
BRDA:764,43,0,8
BRDA:764,43,1,8
BRDA:764,43,2,8
BRDA:764,43,3,0
BRDA:782,44,0,0
BRDA:782,44,1,0
BRDA:793,45,0,8
BRDA:793,45,1,8
BRDA:803,46,0,8
BRDA:803,46,1,0
BRDA:814,47,0,0
BRDA:814,47,1,0
BRDA:817,48,0,0
BRDA:817,48,1,0
BRDA:823,49,0,0
BRDA:823,49,1,0
BRDA:824,50,0,0
BRDA:824,50,1,0
BRDA:826,51,0,0
BRDA:826,51,1,0
BRDA:830,52,0,0
BRDA:830,52,1,0
BRDA:835,53,0,0
BRDA:835,53,1,0
BRDA:835,54,0,0
BRDA:835,54,1,0
BRDA:836,55,0,0
BRDA:836,55,1,0
BRDA:862,56,0,8
BRDA:862,56,1,8
BRDA:862,56,2,8
BRDA:874,57,0,8
BRDA:874,57,1,0
BRDA:877,58,0,8
BRDA:877,58,1,8
BRDA:878,59,0,8
BRDA:878,59,1,0
BRDA:879,60,0,8
BRDA:879,60,1,0
BRDA:884,61,0,8
BRDA:884,61,1,8
BRDA:914,62,0,8
BRDA:914,62,1,0
BRDA:917,63,0,8
BRDA:917,63,1,0
BRDA:931,64,0,8
BRDA:931,64,1,8
BRDA:931,64,2,8
BRDA:987,65,0,8
BRDA:987,65,1,24
BRDA:995,66,0,0
BRDA:995,66,1,32
BRDA:999,67,0,8
BRDA:999,67,1,24
BRDA:1002,68,0,32
BRDA:1002,68,1,0
BRDA:1002,68,2,0
BRDA:1005,69,0,0
BRDA:1005,69,1,0
BRDA:1025,70,0,0
BRDA:1025,70,1,0
BRDA:1028,71,0,0
BRDA:1028,71,1,0
BRDA:1030,72,0,0
BRDA:1030,72,1,0
BRDA:1032,73,0,0
BRDA:1032,73,1,0
BRDA:1046,74,0,0
BRDA:1046,74,1,0
BRDA:1057,75,0,0
BRDA:1057,75,1,0
BRDA:1062,76,0,0
BRDA:1062,76,1,0
BRDA:1062,76,2,0
BRF:170
BRH:81
end_of_record
TN:
SF:src\app\(app)\admin\page.tsx
FN:124,PageAdmin
FN:142,(anonymous_1)
FN:153,(anonymous_2)
FN:161,(anonymous_3)
FN:169,(anonymous_4)
FN:177,(anonymous_5)
FN:185,(anonymous_6)
FN:189,(anonymous_7)
FN:208,(anonymous_8)
FN:223,(anonymous_9)
FN:239,(anonymous_10)
FN:245,(anonymous_11)
FN:264,(anonymous_12)
FN:290,(anonymous_13)
FN:410,(anonymous_14)
FN:438,(anonymous_15)
FN:455,(anonymous_16)
FN:481,(anonymous_17)
FN:491,(anonymous_18)
FN:517,(anonymous_19)
FN:547,(anonymous_20)
FN:547,(anonymous_21)
FN:549,(anonymous_22)
FN:549,(anonymous_23)
FN:605,(anonymous_24)
FN:627,(anonymous_25)
FN:638,(anonymous_26)
FN:691,(anonymous_27)
FN:738,(anonymous_28)
FNF:29
FNH:12
FNDA:2,PageAdmin
FNDA:1,(anonymous_1)
FNDA:1,(anonymous_2)
FNDA:1,(anonymous_3)
FNDA:1,(anonymous_4)
FNDA:1,(anonymous_5)
FNDA:1,(anonymous_6)
FNDA:0,(anonymous_7)
FNDA:0,(anonymous_8)
FNDA:0,(anonymous_9)
FNDA:2,(anonymous_10)
FNDA:1,(anonymous_11)
FNDA:0,(anonymous_12)
FNDA:30,(anonymous_13)
FNDA:0,(anonymous_14)
FNDA:2,(anonymous_15)
FNDA:1,(anonymous_16)
FNDA:0,(anonymous_17)
FNDA:0,(anonymous_18)
FNDA:0,(anonymous_19)
FNDA:0,(anonymous_20)
FNDA:0,(anonymous_21)
FNDA:0,(anonymous_22)
FNDA:0,(anonymous_23)
FNDA:0,(anonymous_24)
FNDA:0,(anonymous_25)
FNDA:0,(anonymous_26)
FNDA:0,(anonymous_27)
FNDA:0,(anonymous_28)
DA:5,1
DA:119,1
DA:125,2
DA:126,2
DA:127,2
DA:128,2
DA:130,2
DA:131,2
DA:132,2
DA:133,2
DA:134,2
DA:136,2
DA:137,2
DA:138,2
DA:140,2
DA:143,1
DA:144,1
DA:145,1
DA:146,1
DA:147,1
DA:151,2
DA:154,1
DA:155,1
DA:159,2
DA:162,1
DA:163,1
DA:167,2
DA:170,1
DA:171,1
DA:175,2
DA:178,1
DA:179,1
DA:183,2
DA:185,1
DA:189,2
DA:190,0
DA:191,0
DA:192,0
DA:193,0
DA:198,0
DA:199,0
DA:200,0
DA:202,0
DA:204,0
DA:208,2
DA:209,0
DA:210,0
DA:211,0
DA:212,0
DA:215,0
DA:217,0
DA:219,0
DA:223,2
DA:224,0
DA:225,0
DA:226,0
DA:227,0
DA:228,0
DA:229,0
DA:230,0
DA:231,0
DA:232,0
DA:233,0
DA:236,2
DA:239,2
DA:242,2
DA:245,1
DA:248,2
DA:264,0
DA:291,30
DA:411,0
DA:439,2
DA:456,1
DA:481,0
DA:491,0
DA:518,0
DA:547,0
DA:549,0
DA:605,0
DA:627,0
DA:638,0
DA:691,0
DA:739,0
LF:83
LH:45
BRDA:144,0,0,0
BRDA:144,0,1,1
BRDA:145,1,0,0
BRDA:145,1,1,1
BRDA:195,2,0,0
BRDA:195,2,1,0
BRDA:198,3,0,0
BRDA:198,3,1,0
BRDA:198,4,0,0
BRDA:198,4,1,0
BRDA:215,5,0,0
BRDA:215,5,1,0
BRDA:225,6,0,0
BRDA:225,6,1,0
BRDA:226,7,0,0
BRDA:226,7,1,0
BRDA:236,8,0,1
BRDA:236,8,1,1
BRDA:239,9,0,2
BRDA:239,9,1,0
BRDA:242,10,0,1
BRDA:242,10,1,1
BRDA:308,11,0,2
BRDA:308,11,1,1
BRDA:317,12,0,1
BRDA:317,12,1,0
BRDA:318,13,0,1
BRDA:318,13,1,0
BRDA:330,14,0,0
BRDA:330,14,1,2
BRDA:364,15,0,2
BRDA:364,15,1,1
BRDA:374,16,0,1
BRDA:374,16,1,0
BRDA:407,17,0,2
BRDA:407,17,1,0
BRDA:414,18,0,0
BRDA:414,18,1,0
BRDA:418,19,0,0
BRDA:418,19,1,0
BRDA:419,20,0,0
BRDA:419,20,1,0
BRDA:427,21,0,2
BRDA:427,21,1,1
BRDA:427,21,2,0
BRDA:427,21,3,1
BRDA:470,22,0,1
BRDA:470,22,1,1
BRDA:500,23,0,1
BRDA:500,23,1,1
BRDA:502,24,0,0
BRDA:502,24,1,1
BRDA:502,25,0,1
BRDA:502,25,1,1
BRDA:527,26,0,0
BRDA:527,26,1,0
BRDA:529,27,0,0
BRDA:529,27,1,0
BRDA:531,28,0,0
BRDA:531,28,1,0
BRDA:533,29,0,0
BRDA:533,29,1,0
BRDA:518,30,0,0
BRDA:518,30,1,0
BRDA:540,31,0,0
BRDA:540,31,1,0
BRDA:619,32,0,2
BRDA:619,32,1,0
BRDA:643,33,0,0
BRDA:643,33,1,2
BRDA:651,34,0,2
BRDA:651,34,1,0
BRDA:661,35,0,2
BRDA:661,35,1,1
BRDA:695,36,0,0
BRDA:695,36,1,2
BRDA:702,37,0,2
BRDA:702,37,1,0
BRDA:717,38,0,1
BRDA:717,38,1,1
BRDA:725,39,0,0
BRDA:725,39,1,2
BRDA:725,40,0,2
BRDA:725,40,1,1
BRDA:741,41,0,0
BRDA:741,41,1,0
BRDA:743,42,0,0
BRDA:743,42,1,0
BRDA:748,43,0,0
BRDA:748,43,1,0
BRDA:749,44,0,0
BRDA:749,44,1,0
BRDA:753,45,0,0
BRDA:753,45,1,0
BRF:94
BRH:38
end_of_record
TN:
SF:src\app\(app)\admin\automations\page.tsx
FN:11,PageAdminAutomations
FN:17,(anonymous_1)
FN:18,(anonymous_2)
FN:22,(anonymous_3)
FN:55,(anonymous_4)
FN:68,(anonymous_5)
FN:80,(anonymous_6)
FNF:7
FNH:0
FNDA:0,PageAdminAutomations
FNDA:0,(anonymous_1)
FNDA:0,(anonymous_2)
FNDA:0,(anonymous_3)
FNDA:0,(anonymous_4)
FNDA:0,(anonymous_5)
FNDA:0,(anonymous_6)
DA:1,0
DA:12,0
DA:13,0
DA:15,0
DA:17,0
DA:18,0
DA:22,0
DA:23,0
DA:24,0
DA:25,0
DA:26,0
DA:27,0
DA:28,0
DA:29,0
DA:32,0
DA:34,0
DA:38,0
DA:56,0
DA:68,0
DA:80,0
LF:20
LH:0
BRDA:18,0,0,0
BRDA:18,0,1,0
BRDA:27,1,0,0
BRDA:27,1,1,0
BRDA:28,2,0,0
BRDA:28,2,1,0
BRDA:54,3,0,0
BRDA:54,3,1,0
BRDA:71,4,0,0
BRDA:71,4,1,0
BRDA:83,5,0,0
BRDA:83,5,1,0
BRDA:93,6,0,0
BRDA:93,6,1,0
BRDA:93,6,2,0
BRDA:96,7,0,0
BRDA:96,7,1,0
BRF:17
BRH:0
end_of_record
TN:
SF:src\app\(app)\admin\cache\page.tsx
FN:12,PageAdminCache
FN:19,(anonymous_1)
FN:33,(anonymous_2)
FN:79,(anonymous_3)
FN:82,(anonymous_4)
FN:86,(anonymous_5)
FNF:6
FNH:0
FNDA:0,PageAdminCache
FNDA:0,(anonymous_1)
FNDA:0,(anonymous_2)
FNDA:0,(anonymous_3)
FNDA:0,(anonymous_4)
FNDA:0,(anonymous_5)
DA:1,0
DA:13,0
DA:14,0
DA:15,0
DA:17,0
DA:19,0
DA:20,0
DA:21,0
DA:22,0
DA:23,0
DA:24,0
DA:25,0
DA:27,0
DA:29,0
DA:33,0
DA:34,0
DA:35,0
DA:36,0
DA:37,0
DA:38,0
DA:39,0
DA:41,0
DA:43,0
DA:47,0
DA:79,0
DA:82,0
DA:86,0
LF:27
LH:0
BRDA:23,0,0,0
BRDA:23,0,1,0
BRDA:63,1,0,0
BRDA:63,1,1,0
BRDA:66,2,0,0
BRDA:66,2,1,0
BRDA:83,3,0,0
BRDA:83,3,1,0
BRDA:90,4,0,0
BRDA:90,4,1,0
BRF:10
BRH:0
end_of_record
TN:
SF:src\app\(app)\admin\console\page.tsx
FN:27,PageAdminConsole
FN:35,(anonymous_1)
FN:39,(anonymous_2)
FN:45,(anonymous_3)
FN:55,(anonymous_4)
FN:60,(anonymous_5)
FN:78,(anonymous_6)
FN:107,(anonymous_7)
FN:132,(anonymous_8)
FN:145,(anonymous_9)
FN:202,(anonymous_10)
FN:222,(anonymous_11)
FN:240,(anonymous_12)
FN:245,(anonymous_13)
FN:247,(anonymous_14)
FNF:15
FNH:0
FNDA:0,PageAdminConsole
FNDA:0,(anonymous_1)
FNDA:0,(anonymous_2)
FNDA:0,(anonymous_3)
FNDA:0,(anonymous_4)
FNDA:0,(anonymous_5)
FNDA:0,(anonymous_6)
FNDA:0,(anonymous_7)
FNDA:0,(anonymous_8)
FNDA:0,(anonymous_9)
FNDA:0,(anonymous_10)
FNDA:0,(anonymous_11)
FNDA:0,(anonymous_12)
FNDA:0,(anonymous_13)
FNDA:0,(anonymous_14)
DA:5,0
DA:28,0
DA:29,0
DA:30,0
DA:31,0
DA:32,0
DA:33,0
DA:35,0
DA:36,0
DA:39,0
DA:40,0
DA:41,0
DA:45,0
DA:46,0
DA:47,0
DA:49,0
DA:50,0
DA:51,0
DA:53,0
DA:54,0
DA:55,0
DA:60,0
DA:73,0
DA:74,0
DA:78,0
DA:80,0
DA:81,0
DA:82,0
DA:83,0
DA:84,0
DA:86,0
DA:89,0
DA:90,0
DA:92,0
DA:93,0
DA:94,0
DA:95,0
DA:96,0
DA:97,0
DA:99,0
DA:100,0
DA:107,0
DA:108,0
DA:109,0
DA:111,0
DA:133,0
DA:146,0
DA:175,0
DA:203,0
DA:222,0
DA:241,0
DA:246,0
DA:247,0
LF:53
LH:0
BRDA:40,0,0,0
BRDA:40,0,1,0
BRDA:47,1,0,0
BRDA:47,1,1,0
BRDA:47,2,0,0
BRDA:47,2,1,0
BRDA:67,3,0,0
BRDA:67,3,1,0
BRDA:80,4,0,0
BRDA:80,4,1,0
BRDA:82,5,0,0
BRDA:82,5,1,0
BRDA:84,6,0,0
BRDA:84,6,1,0
BRDA:86,7,0,0
BRDA:86,7,1,0
BRDA:92,8,0,0
BRDA:92,8,1,0
BRDA:94,9,0,0
BRDA:94,9,1,0
BRDA:122,10,0,0
BRDA:122,10,1,0
BRDA:125,11,0,0
BRDA:125,11,1,0
BRDA:130,12,0,0
BRDA:130,12,1,0
BRDA:130,12,2,0
BRDA:143,13,0,0
BRDA:143,13,1,0
BRDA:143,13,2,0
BRDA:153,14,0,0
BRDA:153,14,1,0
BRDA:153,14,2,0
BRDA:159,15,0,0
BRDA:159,15,1,0
BRDA:159,15,2,0
BRDA:165,16,0,0
BRDA:165,16,1,0
BRDA:165,16,2,0
BRDA:194,17,0,0
BRDA:194,17,1,0
BRDA:205,18,0,0
BRDA:205,18,1,0
BRDA:229,19,0,0
BRDA:229,19,1,0
BRDA:230,20,0,0
BRDA:230,20,1,0
BRF:47
BRH:0
end_of_record
TN:
SF:src\app\(app)\admin\events\page.tsx
FN:19,PageAdminEvents
FN:28,(anonymous_1)
FN:32,(anonymous_2)
FN:51,(anonymous_3)
FN:68,(anonymous_4)
FN:102,(anonymous_5)
FN:126,(anonymous_6)
FN:131,(anonymous_7)
FN:138,(anonymous_8)
FN:156,(anonymous_9)
FN:171,(anonymous_10)
FN:183,(anonymous_11)
FNF:12
FNH:9
FNDA:11,PageAdminEvents
FNDA:0,(anonymous_1)
FNDA:1,(anonymous_2)
FNDA:1,(anonymous_3)
FNDA:1,(anonymous_4)
FNDA:1,(anonymous_5)
FNDA:1,(anonymous_6)
FNDA:0,(anonymous_7)
FNDA:1,(anonymous_8)
FNDA:0,(anonymous_9)
FNDA:11,(anonymous_10)
FNDA:1,(anonymous_11)
DA:1,1
DA:20,11
DA:21,11
DA:22,11
DA:23,11
DA:24,11
DA:25,11
DA:26,11
DA:28,11
DA:32,11
DA:33,1
DA:34,1
DA:35,1
DA:36,1
DA:37,1
DA:42,1
DA:43,1
DA:45,0
DA:47,1
DA:51,11
DA:52,1
DA:53,1
DA:54,1
DA:55,1
DA:56,1
DA:60,1
DA:62,0
DA:64,1
DA:68,11
DA:69,1
DA:70,1
DA:71,1
DA:72,1
DA:73,1
DA:78,0
DA:80,1
DA:84,11
DA:102,1
DA:126,1
DA:131,0
DA:138,1
DA:156,0
DA:172,11
DA:183,1
LF:44
LH:39
BRDA:36,0,0,1
BRDA:36,0,1,0
BRDA:103,1,0,1
BRDA:103,1,1,10
BRDA:142,2,0,11
BRDA:142,2,1,10
BRDA:143,3,0,1
BRDA:143,3,1,10
BRDA:146,4,0,11
BRDA:146,4,1,3
BRDA:147,5,0,3
BRDA:147,5,1,0
BRDA:164,6,0,11
BRDA:164,6,1,0
BRDA:165,7,0,11
BRDA:165,7,1,11
BRDA:171,8,0,11
BRDA:171,8,1,0
BRDA:175,9,0,11
BRDA:175,9,1,0
BRDA:186,10,0,1
BRDA:186,10,1,10
BRF:22
BRH:17
end_of_record
TN:
SF:src\app\(app)\admin\feature-flags\page.tsx
FN:12,PageAdminFeatureFlags
FN:19,(anonymous_1)
FN:26,(anonymous_2)
FN:27,(anonymous_3)
FN:30,(anonymous_4)
FN:44,(anonymous_5)
FN:47,(anonymous_6)
FN:71,(anonymous_7)
FN:74,(anonymous_8)
FN:84,(anonymous_9)
FNF:10
FNH:0
FNDA:0,PageAdminFeatureFlags
FNDA:0,(anonymous_1)
FNDA:0,(anonymous_2)
FNDA:0,(anonymous_3)
FNDA:0,(anonymous_4)
FNDA:0,(anonymous_5)
FNDA:0,(anonymous_6)
FNDA:0,(anonymous_7)
FNDA:0,(anonymous_8)
FNDA:0,(anonymous_9)
DA:1,0
DA:13,0
DA:14,0
DA:15,0
DA:17,0
DA:19,0
DA:20,0
DA:21,0
DA:23,0
DA:26,0
DA:27,0
DA:30,0
DA:31,0
DA:32,0
DA:33,0
DA:34,0
DA:35,0
DA:36,0
DA:38,0
DA:40,0
DA:44,0
DA:45,0
DA:46,0
DA:47,0
DA:48,0
DA:50,0
DA:54,0
DA:72,0
DA:74,0
DA:84,0
LF:30
LH:0
BRDA:20,0,0,0
BRDA:20,0,1,0
BRDA:23,1,0,0
BRDA:23,1,1,0
BRDA:48,2,0,0
BRDA:48,2,1,0
BRDA:67,3,0,0
BRDA:67,3,1,0
BRDA:70,4,0,0
BRDA:70,4,1,0
BRDA:79,5,0,0
BRDA:79,5,1,0
BRDA:89,6,0,0
BRDA:89,6,1,0
BRF:14
BRH:0
end_of_record
TN:
SF:src\app\(app)\admin\ia-metrics\page.tsx
FN:9,PageAdminIAMetrics
FN:25,(anonymous_1)
FNF:2
FNH:0
FNDA:0,PageAdminIAMetrics
FNDA:0,(anonymous_1)
DA:1,0
DA:10,0
DA:12,0
DA:13,0
DA:15,0
DA:25,0
LF:6
LH:0
BRDA:12,0,0,0
BRDA:12,0,1,0
BRDA:13,1,0,0
BRDA:13,1,1,0
BRDA:13,1,2,0
BRDA:31,2,0,0
BRDA:31,2,1,0
BRDA:55,3,0,0
BRDA:55,3,1,0
BRDA:63,4,0,0
BRDA:63,4,1,0
BRDA:75,5,0,0
BRDA:75,5,1,0
BRF:13
BRH:0
end_of_record
TN:
SF:src\app\(app)\admin\jobs\page.tsx
FN:86,formaterDate
FN:95,PageAdminJobs
FN:111,(anonymous_2)
FN:126,(anonymous_3)
FN:139,(anonymous_4)
FN:147,(anonymous_5)
FN:148,(anonymous_6)
FN:151,(anonymous_7)
FN:154,(anonymous_8)
FN:154,(anonymous_9)
FN:156,(anonymous_10)
FN:157,(anonymous_11)
FN:157,(anonymous_12)
FN:161,(anonymous_13)
FN:162,(anonymous_14)
FN:165,(anonymous_15)
FN:169,(anonymous_16)
FN:173,(anonymous_17)
FN:175,(anonymous_18)
FN:196,(anonymous_19)
FN:201,(anonymous_20)
FN:236,(anonymous_21)
FN:270,(anonymous_22)
FN:290,(anonymous_23)
FN:327,(anonymous_24)
FN:370,(anonymous_25)
FN:377,(anonymous_26)
FN:396,(anonymous_27)
FN:404,(anonymous_28)
FN:411,(anonymous_29)
FN:444,(anonymous_30)
FN:470,(anonymous_31)
FN:470,(anonymous_32)
FN:478,(anonymous_33)
FN:478,(anonymous_34)
FNF:35
FNH:5
FNDA:4,formaterDate
FNDA:6,PageAdminJobs
FNDA:4,(anonymous_2)
FNDA:4,(anonymous_3)
FNDA:0,(anonymous_4)
FNDA:0,(anonymous_5)
FNDA:0,(anonymous_6)
FNDA:0,(anonymous_7)
FNDA:0,(anonymous_8)
FNDA:0,(anonymous_9)
FNDA:0,(anonymous_10)
FNDA:0,(anonymous_11)
FNDA:0,(anonymous_12)
FNDA:0,(anonymous_13)
FNDA:0,(anonymous_14)
FNDA:0,(anonymous_15)
FNDA:0,(anonymous_16)
FNDA:0,(anonymous_17)
FNDA:0,(anonymous_18)
FNDA:0,(anonymous_19)
FNDA:0,(anonymous_20)
FNDA:4,(anonymous_21)
FNDA:0,(anonymous_22)
FNDA:0,(anonymous_23)
FNDA:0,(anonymous_24)
FNDA:0,(anonymous_25)
FNDA:0,(anonymous_26)
FNDA:0,(anonymous_27)
FNDA:0,(anonymous_28)
FNDA:0,(anonymous_29)
FNDA:0,(anonymous_30)
FNDA:0,(anonymous_31)
FNDA:0,(anonymous_32)
FNDA:0,(anonymous_33)
FNDA:0,(anonymous_34)
DA:5,1
DA:87,4
DA:88,2
DA:89,2
DA:91,0
DA:96,6
DA:97,6
DA:98,6
DA:99,6
DA:100,6
DA:101,6
DA:102,6
DA:103,6
DA:104,6
DA:105,6
DA:110,6
DA:112,4
DA:113,2
DA:116,6
DA:127,4
DA:135,4
DA:139,6
DA:140,0
DA:141,0
DA:142,0
DA:143,0
DA:144,0
DA:147,6
DA:148,0
DA:149,0
DA:150,0
DA:151,0
DA:153,0
DA:154,0
DA:156,0
DA:157,0
DA:161,6
DA:162,0
DA:163,0
DA:164,0
DA:165,0
DA:169,0
DA:173,6
DA:174,0
DA:175,0
DA:176,0
DA:177,0
DA:181,6
DA:196,0
DA:201,0
DA:237,4
DA:238,4
DA:239,4
DA:240,4
DA:241,4
DA:270,0
DA:290,0
DA:328,0
DA:371,0
DA:372,0
DA:378,0
DA:379,0
DA:397,0
DA:398,0
DA:405,0
DA:406,0
DA:412,0
DA:413,0
DA:414,0
DA:415,0
DA:416,0
DA:445,0
DA:470,0
DA:478,0
LF:74
LH:30
BRDA:87,0,0,2
BRDA:87,0,1,2
BRDA:130,1,0,4
BRDA:130,1,1,4
BRDA:131,2,0,0
BRDA:131,2,1,4
BRDA:132,3,0,0
BRDA:132,3,1,4
BRDA:133,4,0,0
BRDA:133,4,1,4
BRDA:140,5,0,0
BRDA:140,5,1,0
BRDA:141,6,0,0
BRDA:141,6,1,0
BRDA:142,7,0,0
BRDA:142,7,1,0
BRDA:143,8,0,0
BRDA:143,8,1,0
BRDA:176,9,0,0
BRDA:176,9,1,0
BRDA:176,10,0,0
BRDA:176,10,1,0
BRDA:210,11,0,2
BRDA:210,11,1,4
BRDA:214,12,0,4
BRDA:214,12,1,2
BRDA:219,13,0,0
BRDA:219,13,1,2
BRDA:219,14,0,2
BRDA:219,14,1,2
BRDA:237,15,0,4
BRDA:237,15,1,4
BRDA:238,16,0,4
BRDA:238,16,1,4
BRDA:240,17,0,4
BRDA:240,17,1,4
BRDA:256,18,0,2
BRDA:256,18,1,2
BRDA:258,19,0,2
BRDA:258,19,1,2
BRDA:274,20,0,0
BRDA:274,20,1,4
BRDA:283,21,0,0
BRDA:283,21,1,4
BRDA:285,22,0,0
BRDA:285,22,1,4
BRDA:293,23,0,0
BRDA:293,23,1,4
BRDA:295,24,0,0
BRDA:295,24,1,4
BRDA:297,25,0,0
BRDA:297,25,1,4
BRDA:303,26,0,0
BRDA:303,26,1,4
BRDA:305,27,0,0
BRDA:305,27,1,4
BRDA:307,28,0,0
BRDA:307,28,1,4
BRDA:315,29,0,4
BRDA:315,29,1,0
BRDA:318,30,0,0
BRDA:318,30,1,0
BRDA:318,31,0,0
BRDA:318,31,1,0
BRDA:331,32,0,0
BRDA:331,32,1,0
BRDA:336,33,0,0
BRDA:336,33,1,0
BRDA:423,34,0,4
BRDA:423,34,1,2
BRDA:428,35,0,2
BRDA:428,35,1,0
BRDA:428,36,0,2
BRDA:428,36,1,2
BRDA:451,37,0,0
BRDA:451,37,1,0
BRDA:454,38,0,0
BRDA:454,38,1,0
BRDA:454,38,2,0
BRF:79
BRH:39
end_of_record
TN:
SF:src\app\(app)\admin\logs\page.tsx
FN:81,getWsBaseUrl
FN:87,getAuthToken
FN:99,PageAdminLogs
FN:109,(anonymous_3)
FN:110,(anonymous_4)
FN:117,(anonymous_5)
FN:124,(anonymous_6)
FN:125,(anonymous_7)
FN:128,(anonymous_8)
FN:130,(anonymous_9)
FN:131,(anonymous_10)
FN:135,(anonymous_11)
FN:144,(anonymous_12)
FN:151,(anonymous_13)
FN:152,(anonymous_14)
FN:154,(anonymous_15)
FN:156,(anonymous_16)
FN:157,(anonymous_17)
FN:169,(anonymous_18)
FN:172,(anonymous_19)
FN:178,(anonymous_20)
FN:184,(anonymous_21)
FN:197,(anonymous_22)
FN:199,(anonymous_23)
FN:251,(anonymous_24)
FN:251,(anonymous_25)
FN:263,(anonymous_26)
FN:281,(anonymous_27)
FN:290,(anonymous_28)
FN:301,(anonymous_29)
FN:314,(anonymous_30)
FN:409,(anonymous_31)
FNF:32
FNH:0
FNDA:0,getWsBaseUrl
FNDA:0,getAuthToken
FNDA:0,PageAdminLogs
FNDA:0,(anonymous_3)
FNDA:0,(anonymous_4)
FNDA:0,(anonymous_5)
FNDA:0,(anonymous_6)
FNDA:0,(anonymous_7)
FNDA:0,(anonymous_8)
FNDA:0,(anonymous_9)
FNDA:0,(anonymous_10)
FNDA:0,(anonymous_11)
FNDA:0,(anonymous_12)
FNDA:0,(anonymous_13)
FNDA:0,(anonymous_14)
FNDA:0,(anonymous_15)
FNDA:0,(anonymous_16)
FNDA:0,(anonymous_17)
FNDA:0,(anonymous_18)
FNDA:0,(anonymous_19)
FNDA:0,(anonymous_20)
FNDA:0,(anonymous_21)
FNDA:0,(anonymous_22)
FNDA:0,(anonymous_23)
FNDA:0,(anonymous_24)
FNDA:0,(anonymous_25)
FNDA:0,(anonymous_26)
FNDA:0,(anonymous_27)
FNDA:0,(anonymous_28)
FNDA:0,(anonymous_29)
FNDA:0,(anonymous_30)
FNDA:0,(anonymous_31)
DA:6,0
DA:65,0
DA:73,0
DA:82,0
DA:83,0
DA:84,0
DA:88,0
DA:89,0
DA:90,0
DA:91,0
DA:92,0
DA:93,0
DA:96,0
DA:100,0
DA:101,0
DA:102,0
DA:103,0
DA:104,0
DA:105,0
DA:106,0
DA:107,0
DA:108,0
DA:109,0
DA:110,0
DA:111,0
DA:112,0
DA:114,0
DA:115,0
DA:117,0
DA:118,0
DA:119,0
DA:121,0
DA:122,0
DA:124,0
DA:125,0
DA:126,0
DA:128,0
DA:130,0
DA:131,0
DA:132,0
DA:133,0
DA:134,0
DA:135,0
DA:139,0
DA:142,0
DA:144,0
DA:145,0
DA:146,0
DA:148,0
DA:149,0
DA:151,0
DA:152,0
DA:153,0
DA:154,0
DA:156,0
DA:157,0
DA:158,0
DA:159,0
DA:160,0
DA:164,0
DA:167,0
DA:169,0
DA:170,0
DA:171,0
DA:172,0
DA:173,0
DA:174,0
DA:178,0
DA:179,0
DA:180,0
DA:184,0
DA:185,0
DA:186,0
DA:187,0
DA:188,0
DA:189,0
DA:194,0
DA:197,0
DA:198,0
DA:199,0
DA:201,0
DA:202,0
DA:203,0
DA:204,0
DA:205,0
DA:206,0
DA:207,0
DA:210,0
DA:251,0
DA:263,0
DA:281,0
DA:291,0
DA:302,0
DA:303,0
DA:315,0
DA:410,0
LF:96
LH:0
BRDA:82,0,0,0
BRDA:82,0,1,0
BRDA:83,1,0,0
BRDA:83,1,1,0
BRDA:88,2,0,0
BRDA:88,2,1,0
BRDA:91,3,0,0
BRDA:91,3,1,0
BRDA:93,4,0,0
BRDA:93,4,1,0
BRDA:119,5,0,0
BRDA:119,5,1,0
BRDA:132,6,0,0
BRDA:132,6,1,0
BRDA:146,7,0,0
BRDA:146,7,1,0
BRDA:179,8,0,0
BRDA:179,8,1,0
BRDA:179,9,0,0
BRDA:179,9,1,0
BRDA:186,10,0,0
BRDA:186,10,1,0
BRDA:187,11,0,0
BRDA:187,11,1,0
BRDA:190,12,0,0
BRDA:190,12,1,0
BRDA:233,13,0,0
BRDA:233,13,1,0
BRDA:253,14,0,0
BRDA:253,14,1,0
BRDA:258,15,0,0
BRDA:258,15,1,0
BRDA:307,16,0,0
BRDA:307,16,1,0
BRDA:309,17,0,0
BRDA:309,17,1,0
BRDA:317,18,0,0
BRDA:317,18,1,0
BRDA:320,19,0,0
BRDA:320,19,1,0
BRDA:328,20,0,0
BRDA:328,20,1,0
BRDA:345,21,0,0
BRDA:345,21,1,0
BRDA:360,22,0,0
BRDA:360,22,1,0
BRDA:375,23,0,0
BRDA:375,23,1,0
BRDA:383,24,0,0
BRDA:383,24,1,0
BRDA:389,25,0,0
BRDA:389,25,1,0
BRDA:395,26,0,0
BRDA:395,26,1,0
BRDA:407,27,0,0
BRDA:407,27,1,0
BRDA:415,28,0,0
BRDA:415,28,1,0
BRDA:433,29,0,0
BRDA:433,29,1,0
BRDA:441,30,0,0
BRDA:441,30,1,0
BRF:62
BRH:0
end_of_record
TN:
SF:src\app\(app)\admin\notifications\page.tsx
FN:48,PageAdminNotifications
FN:61,(anonymous_1)
FN:65,(anonymous_2)
FN:81,(anonymous_3)
FN:95,(anonymous_4)
FN:104,(anonymous_5)
FN:122,(anonymous_6)
FN:172,(anonymous_7)
FN:190,(anonymous_8)
FN:200,(anonymous_9)
FN:212,(anonymous_10)
FN:284,(anonymous_11)
FN:288,(anonymous_12)
FN:312,(anonymous_13)
FN:321,(anonymous_14)
FN:340,(anonymous_15)
FN:360,(anonymous_16)
FN:396,(anonymous_17)
FNF:18
FNH:10
FNDA:8,PageAdminNotifications
FNDA:2,(anonymous_1)
FNDA:1,(anonymous_2)
FNDA:1,(anonymous_3)
FNDA:0,(anonymous_4)
FNDA:1,(anonymous_5)
FNDA:1,(anonymous_6)
FNDA:0,(anonymous_7)
FNDA:0,(anonymous_8)
FNDA:2,(anonymous_9)
FNDA:0,(anonymous_10)
FNDA:32,(anonymous_11)
FNDA:72,(anonymous_12)
FNDA:0,(anonymous_13)
FNDA:0,(anonymous_14)
FNDA:0,(anonymous_15)
FNDA:0,(anonymous_16)
FNDA:2,(anonymous_17)
DA:5,1
DA:49,8
DA:50,8
DA:51,8
DA:52,8
DA:53,8
DA:54,8
DA:55,8
DA:56,8
DA:57,8
DA:58,8
DA:60,8
DA:61,2
DA:65,8
DA:66,1
DA:67,0
DA:68,0
DA:71,1
DA:72,1
DA:74,1
DA:75,1
DA:77,1
DA:78,1
DA:79,1
DA:80,1
DA:81,1
DA:92,0
DA:94,0
DA:95,0
DA:100,1
DA:104,8
DA:105,1
DA:106,0
DA:107,0
DA:110,1
DA:111,1
DA:113,1
DA:114,1
DA:120,1
DA:121,1
DA:122,1
DA:133,0
DA:135,0
DA:137,1
DA:141,8
DA:148,8
DA:172,0
DA:190,0
DA:200,2
DA:212,0
DA:285,32
DA:289,72
DA:312,0
DA:322,0
DA:341,0
DA:342,0
DA:343,0
DA:344,0
DA:346,0
DA:361,0
DA:362,0
DA:363,0
DA:364,0
DA:366,0
DA:397,2
LF:65
LH:41
BRDA:66,0,0,0
BRDA:66,0,1,1
BRDA:75,1,0,0
BRDA:75,1,1,1
BRDA:75,2,0,1
BRDA:75,2,1,0
BRDA:79,3,0,1
BRDA:79,3,1,0
BRDA:92,4,0,0
BRDA:92,4,1,0
BRDA:105,5,0,0
BRDA:105,5,1,1
BRDA:117,6,0,1
BRDA:117,6,1,1
BRDA:120,7,0,1
BRDA:120,7,1,0
BRDA:120,8,0,1
BRDA:120,8,1,0
BRDA:127,9,0,0
BRDA:127,9,1,1
BRDA:133,10,0,0
BRDA:133,10,1,0
BRDA:205,11,0,8
BRDA:205,11,1,0
BRDA:219,12,0,1
BRDA:219,12,1,7
BRDA:228,13,0,1
BRDA:228,13,1,7
BRDA:236,14,0,8
BRDA:236,14,1,1
BRDA:239,15,0,1
BRDA:239,15,1,0
BRDA:244,16,0,1
BRDA:244,16,1,0
BRDA:253,17,0,8
BRDA:253,17,1,1
BRDA:254,18,0,0
BRDA:254,18,1,1
BRDA:258,19,0,1
BRDA:258,19,1,1
BRDA:311,20,0,8
BRDA:311,20,1,8
BRDA:317,21,0,8
BRDA:317,21,1,0
BRDA:332,22,0,0
BRDA:332,22,1,0
BRDA:350,23,0,0
BRDA:350,23,1,0
BRDA:370,24,0,0
BRDA:370,24,1,0
BRDA:386,25,0,8
BRDA:386,25,1,2
BRDA:402,26,0,1
BRDA:402,26,1,1
BRF:54
BRH:31
end_of_record
TN:
SF:src\app\(app)\admin\notifications-queue\page.tsx
FN:10,PageAdminNotificationsQueue
FN:14,(anonymous_1)
FN:18,(anonymous_2)
FN:32,(anonymous_3)
FN:56,(anonymous_4)
FN:69,(anonymous_5)
FN:78,(anonymous_6)
FN:91,(anonymous_7)
FNF:8
FNH:0
FNDA:0,PageAdminNotificationsQueue
FNDA:0,(anonymous_1)
FNDA:0,(anonymous_2)
FNDA:0,(anonymous_3)
FNDA:0,(anonymous_4)
FNDA:0,(anonymous_5)
FNDA:0,(anonymous_6)
FNDA:0,(anonymous_7)
DA:1,0
DA:11,0
DA:12,0
DA:14,0
DA:18,0
DA:19,0
DA:20,0
DA:21,0
DA:22,0
DA:23,0
DA:24,0
DA:26,0
DA:28,0
DA:32,0
DA:33,0
DA:34,0
DA:35,0
DA:36,0
DA:37,0
DA:38,0
DA:40,0
DA:42,0
DA:46,0
DA:56,0
DA:70,0
DA:78,0
DA:91,0
LF:27
LH:0
BRDA:65,0,0,0
BRDA:65,0,1,0
BRDA:68,1,0,0
BRDA:68,1,1,0
BRDA:69,2,0,0
BRDA:69,2,1,0
BRDA:73,3,0,0
BRDA:73,3,1,0
BRDA:81,4,0,0
BRDA:81,4,1,0
BRDA:94,5,0,0
BRDA:94,5,1,0
BRDA:104,6,0,0
BRDA:104,6,1,0
BRF:14
BRH:0
end_of_record
TN:
SF:src\app\(app)\admin\scheduler\page.tsx
FN:69,categoriserJob
FN:101,formaterDate
FN:110,tempRestant
FN:126,PageAdminScheduler
FN:135,(anonymous_4)
FN:136,(anonymous_5)
FN:139,(anonymous_6)
FN:141,(anonymous_7)
FN:147,(anonymous_8)
FN:151,(anonymous_9)
FN:158,(anonymous_10)
FN:164,(anonymous_11)
FN:170,(anonymous_12)
FN:171,(anonymous_13)
FN:174,(anonymous_14)
FN:175,(anonymous_15)
FN:178,(anonymous_16)
FN:179,(anonymous_17)
FN:179,(anonymous_18)
FN:181,(anonymous_19)
FN:182,(anonymous_20)
FN:182,(anonymous_21)
FN:186,(anonymous_22)
FN:187,(anonymous_23)
FN:204,(anonymous_24)
FN:218,(anonymous_25)
FN:241,(anonymous_26)
FN:262,(anonymous_27)
FN:277,(anonymous_28)
FN:286,(anonymous_29)
FN:288,(anonymous_30)
FN:316,(anonymous_31)
FN:354,(anonymous_32)
FNF:33
FNH:0
FNDA:0,categoriserJob
FNDA:0,formaterDate
FNDA:0,tempRestant
FNDA:0,PageAdminScheduler
FNDA:0,(anonymous_4)
FNDA:0,(anonymous_5)
FNDA:0,(anonymous_6)
FNDA:0,(anonymous_7)
FNDA:0,(anonymous_8)
FNDA:0,(anonymous_9)
FNDA:0,(anonymous_10)
FNDA:0,(anonymous_11)
FNDA:0,(anonymous_12)
FNDA:0,(anonymous_13)
FNDA:0,(anonymous_14)
FNDA:0,(anonymous_15)
FNDA:0,(anonymous_16)
FNDA:0,(anonymous_17)
FNDA:0,(anonymous_18)
FNDA:0,(anonymous_19)
FNDA:0,(anonymous_20)
FNDA:0,(anonymous_21)
FNDA:0,(anonymous_22)
FNDA:0,(anonymous_23)
FNDA:0,(anonymous_24)
FNDA:0,(anonymous_25)
FNDA:0,(anonymous_26)
FNDA:0,(anonymous_27)
FNDA:0,(anonymous_28)
FNDA:0,(anonymous_29)
FNDA:0,(anonymous_30)
FNDA:0,(anonymous_31)
FNDA:0,(anonymous_32)
DA:5,0
DA:70,0
DA:71,0
DA:72,0
DA:73,0
DA:74,0
DA:75,0
DA:76,0
DA:77,0
DA:78,0
DA:79,0
DA:80,0
DA:81,0
DA:82,0
DA:83,0
DA:84,0
DA:85,0
DA:86,0
DA:89,0
DA:102,0
DA:103,0
DA:104,0
DA:106,0
DA:111,0
DA:112,0
DA:113,0
DA:114,0
DA:115,0
DA:116,0
DA:117,0
DA:118,0
DA:119,0
DA:120,0
DA:122,0
DA:127,0
DA:128,0
DA:129,0
DA:134,0
DA:136,0
DA:139,0
DA:140,0
DA:141,0
DA:147,0
DA:148,0
DA:149,0
DA:150,0
DA:151,0
DA:153,0
DA:157,0
DA:158,0
DA:160,0
DA:164,0
DA:165,0
DA:166,0
DA:167,0
DA:169,0
DA:170,0
DA:171,0
DA:174,0
DA:175,0
DA:176,0
DA:177,0
DA:178,0
DA:179,0
DA:181,0
DA:182,0
DA:186,0
DA:187,0
DA:188,0
DA:191,0
DA:204,0
DA:218,0
DA:242,0
DA:262,0
DA:277,0
DA:287,0
DA:288,0
DA:317,0
DA:354,0
LF:79
LH:0
BRDA:70,0,0,0
BRDA:70,0,1,0
BRDA:70,1,0,0
BRDA:70,1,1,0
BRDA:70,1,2,0
BRDA:70,1,3,0
BRDA:70,1,4,0
BRDA:70,1,5,0
BRDA:72,2,0,0
BRDA:72,2,1,0
BRDA:72,3,0,0
BRDA:72,3,1,0
BRDA:72,3,2,0
BRDA:72,3,3,0
BRDA:72,3,4,0
BRDA:72,3,5,0
BRDA:72,3,6,0
BRDA:72,3,7,0
BRDA:72,3,8,0
BRDA:72,3,9,0
BRDA:74,4,0,0
BRDA:74,4,1,0
BRDA:74,5,0,0
BRDA:74,5,1,0
BRDA:74,5,2,0
BRDA:74,5,3,0
BRDA:74,5,4,0
BRDA:74,5,5,0
BRDA:74,5,6,0
BRDA:74,5,7,0
BRDA:76,6,0,0
BRDA:76,6,1,0
BRDA:76,7,0,0
BRDA:76,7,1,0
BRDA:76,7,2,0
BRDA:76,7,3,0
BRDA:78,8,0,0
BRDA:78,8,1,0
BRDA:78,9,0,0
BRDA:78,9,1,0
BRDA:80,10,0,0
BRDA:80,10,1,0
BRDA:80,11,0,0
BRDA:80,11,1,0
BRDA:80,11,2,0
BRDA:80,11,3,0
BRDA:80,11,4,0
BRDA:82,12,0,0
BRDA:82,12,1,0
BRDA:82,13,0,0
BRDA:82,13,1,0
BRDA:82,13,2,0
BRDA:82,13,3,0
BRDA:82,13,4,0
BRDA:84,14,0,0
BRDA:84,14,1,0
BRDA:84,15,0,0
BRDA:84,15,1,0
BRDA:84,15,2,0
BRDA:84,15,3,0
BRDA:84,15,4,0
BRDA:84,15,5,0
BRDA:84,15,6,0
BRDA:84,15,7,0
BRDA:102,16,0,0
BRDA:102,16,1,0
BRDA:111,17,0,0
BRDA:111,17,1,0
BRDA:115,18,0,0
BRDA:115,18,1,0
BRDA:116,19,0,0
BRDA:116,19,1,0
BRDA:118,20,0,0
BRDA:118,20,1,0
BRDA:118,21,0,0
BRDA:118,21,1,0
BRDA:140,22,0,0
BRDA:140,22,1,0
BRDA:149,23,0,0
BRDA:149,23,1,0
BRDA:153,24,0,0
BRDA:153,24,1,0
BRDA:157,25,0,0
BRDA:157,25,1,0
BRDA:167,26,0,0
BRDA:167,26,1,0
BRDA:244,27,0,0
BRDA:244,27,1,0
BRDA:295,28,0,0
BRDA:295,28,1,0
BRDA:359,29,0,0
BRDA:359,29,1,0
BRDA:361,30,0,0
BRDA:361,30,1,0
BRDA:363,31,0,0
BRDA:363,31,1,0
BRF:96
BRH:0
end_of_record
TN:
SF:src\app\(app)\admin\services\page.tsx
FN:89,PageAdminServices
FN:131,(anonymous_1)
FN:141,(anonymous_2)
FN:171,(anonymous_3)
FN:181,(anonymous_4)
FN:186,(anonymous_5)
FN:192,(anonymous_6)
FN:198,(anonymous_7)
FN:206,(anonymous_8)
FN:207,(anonymous_9)
FN:208,(anonymous_10)
FN:209,(anonymous_11)
FN:220,(anonymous_12)
FN:223,(anonymous_13)
FN:235,(anonymous_14)
FN:247,(anonymous_15)
FN:271,(anonymous_16)
FN:286,(anonymous_17)
FN:301,(anonymous_18)
FN:315,(anonymous_19)
FN:330,(anonymous_20)
FN:345,(anonymous_21)
FN:359,(anonymous_22)
FN:372,(anonymous_23)
FN:388,(anonymous_24)
FN:404,(anonymous_25)
FN:424,(anonymous_26)
FN:441,(anonymous_27)
FN:605,(anonymous_28)
FN:652,(anonymous_29)
FN:678,(anonymous_30)
FN:703,(anonymous_31)
FN:731,(anonymous_32)
FN:758,(anonymous_33)
FN:769,(anonymous_34)
FN:777,(anonymous_35)
FN:801,(anonymous_36)
FN:807,(anonymous_37)
FN:807,(anonymous_38)
FN:828,(anonymous_39)
FN:841,(anonymous_40)
FN:868,(anonymous_41)
FN:878,(anonymous_42)
FN:885,(anonymous_43)
FN:905,(anonymous_44)
FN:909,(anonymous_45)
FN:929,(anonymous_46)
FN:957,(anonymous_47)
FN:984,(anonymous_48)
FN:999,(anonymous_49)
FNF:50
FNH:19
FNDA:14,PageAdminServices
FNDA:3,(anonymous_1)
FNDA:3,(anonymous_2)
FNDA:3,(anonymous_3)
FNDA:3,(anonymous_4)
FNDA:6,(anonymous_5)
FNDA:6,(anonymous_6)
FNDA:3,(anonymous_7)
FNDA:0,(anonymous_8)
FNDA:0,(anonymous_9)
FNDA:0,(anonymous_10)
FNDA:0,(anonymous_11)
FNDA:0,(anonymous_12)
FNDA:0,(anonymous_13)
FNDA:0,(anonymous_14)
FNDA:1,(anonymous_15)
FNDA:0,(anonymous_16)
FNDA:0,(anonymous_17)
FNDA:0,(anonymous_18)
FNDA:0,(anonymous_19)
FNDA:0,(anonymous_20)
FNDA:0,(anonymous_21)
FNDA:0,(anonymous_22)
FNDA:1,(anonymous_23)
FNDA:0,(anonymous_24)
FNDA:0,(anonymous_25)
FNDA:0,(anonymous_26)
FNDA:44,(anonymous_27)
FNDA:11,(anonymous_28)
FNDA:11,(anonymous_29)
FNDA:11,(anonymous_30)
FNDA:44,(anonymous_31)
FNDA:0,(anonymous_32)
FNDA:11,(anonymous_33)
FNDA:0,(anonymous_34)
FNDA:0,(anonymous_35)
FNDA:16,(anonymous_36)
FNDA:0,(anonymous_37)
FNDA:0,(anonymous_38)
FNDA:0,(anonymous_39)
FNDA:1,(anonymous_40)
FNDA:11,(anonymous_41)
FNDA:0,(anonymous_42)
FNDA:0,(anonymous_43)
FNDA:0,(anonymous_44)
FNDA:0,(anonymous_45)
FNDA:0,(anonymous_46)
FNDA:0,(anonymous_47)
FNDA:0,(anonymous_48)
FNDA:0,(anonymous_49)
DA:5,1
DA:90,14
DA:91,14
DA:92,14
DA:93,14
DA:94,14
DA:96,14
DA:97,14
DA:99,14
DA:100,14
DA:101,14
DA:103,14
DA:104,14
DA:105,14
DA:106,14
DA:107,14
DA:109,14
DA:110,14
DA:112,14
DA:113,14
DA:114,14
DA:115,14
DA:116,14
DA:117,14
DA:118,14
DA:119,14
DA:120,14
DA:121,14
DA:122,14
DA:123,14
DA:124,14
DA:125,14
DA:130,14
DA:132,3
DA:135,14
DA:140,14
DA:142,3
DA:145,14
DA:150,14
DA:155,14
DA:160,14
DA:165,14
DA:170,14
DA:171,3
DA:179,14
DA:181,3
DA:186,14
DA:187,6
DA:188,3
DA:192,14
DA:193,6
DA:194,3
DA:198,14
DA:199,3
DA:200,3
DA:202,0
DA:203,3
DA:204,3
DA:206,3
DA:207,3
DA:208,3
DA:209,3
DA:210,0
DA:211,0
DA:212,0
DA:213,0
DA:220,3
DA:223,14
DA:224,0
DA:225,0
DA:226,0
DA:227,0
DA:228,0
DA:229,0
DA:230,0
DA:231,0
DA:232,0
DA:235,14
DA:236,0
DA:237,0
DA:238,0
DA:239,0
DA:240,0
DA:241,0
DA:242,0
DA:243,0
DA:244,0
DA:247,14
DA:248,1
DA:249,1
DA:250,1
DA:251,1
DA:255,1
DA:260,1
DA:261,1
DA:262,1
DA:263,1
DA:265,0
DA:267,1
DA:271,14
DA:272,0
DA:273,0
DA:274,0
DA:275,0
DA:276,0
DA:277,0
DA:278,0
DA:280,0
DA:282,0
DA:286,14
DA:287,0
DA:288,0
DA:289,0
DA:290,0
DA:291,0
DA:292,0
DA:293,0
DA:295,0
DA:297,0
DA:301,14
DA:302,0
DA:303,0
DA:304,0
DA:305,0
DA:306,0
DA:307,0
DA:309,0
DA:311,0
DA:315,14
DA:316,0
DA:317,0
DA:318,0
DA:319,0
DA:320,0
DA:321,0
DA:322,0
DA:324,0
DA:326,0
DA:330,14
DA:331,0
DA:332,0
DA:333,0
DA:334,0
DA:335,0
DA:336,0
DA:337,0
DA:339,0
DA:341,0
DA:345,14
DA:346,0
DA:347,0
DA:348,0
DA:349,0
DA:350,0
DA:351,0
DA:353,0
DA:355,0
DA:359,14
DA:360,0
DA:361,0
DA:362,0
DA:363,0
DA:364,0
DA:366,0
DA:368,0
DA:372,14
DA:373,1
DA:374,1
DA:375,1
DA:380,1
DA:382,0
DA:384,1
DA:388,14
DA:389,0
DA:390,0
DA:391,0
DA:393,0
DA:394,0
DA:395,0
DA:396,0
DA:398,0
DA:400,0
DA:404,14
DA:405,0
DA:406,0
DA:407,0
DA:408,0
DA:409,0
DA:410,0
DA:411,0
DA:412,0
DA:413,0
DA:414,0
DA:415,0
DA:416,0
DA:418,0
DA:420,0
DA:424,14
DA:425,0
DA:426,0
DA:427,0
DA:428,0
DA:429,0
DA:430,0
DA:432,0
DA:433,0
DA:435,0
DA:437,0
DA:441,14
DA:442,44
DA:443,44
DA:445,0
DA:446,0
DA:448,0
DA:451,14
DA:452,14
DA:453,14
DA:455,14
DA:606,11
DA:653,11
DA:679,11
DA:704,44
DA:731,0
DA:759,11
DA:769,0
DA:777,0
DA:802,16
DA:807,0
DA:828,0
DA:841,1
DA:869,11
DA:878,0
DA:885,0
DA:905,0
DA:909,0
DA:929,0
DA:957,0
DA:984,0
DA:999,0
LF:239
LH:106
BRDA:135,0,0,14
BRDA:135,0,1,3
BRDA:187,1,0,3
BRDA:187,1,1,3
BRDA:193,2,0,3
BRDA:193,2,1,3
BRDA:199,3,0,3
BRDA:199,3,1,0
BRDA:200,4,0,3
BRDA:200,4,1,0
BRDA:202,5,0,0
BRDA:202,5,1,0
BRDA:212,6,0,0
BRDA:212,6,1,0
BRDA:276,7,0,0
BRDA:276,7,1,0
BRDA:291,8,0,0
BRDA:291,8,1,0
BRDA:350,9,0,0
BRDA:350,9,1,0
BRDA:364,10,0,0
BRDA:364,10,1,0
BRDA:377,11,0,1
BRDA:377,11,1,1
BRDA:389,12,0,0
BRDA:389,12,1,0
BRDA:396,13,0,0
BRDA:396,13,1,0
BRDA:429,14,0,0
BRDA:429,14,1,0
BRDA:429,15,0,0
BRDA:429,15,1,0
BRDA:442,16,0,44
BRDA:442,16,1,0
BRDA:442,17,0,44
BRDA:442,17,1,22
BRDA:442,17,2,22
BRDA:445,18,0,0
BRDA:445,18,1,0
BRDA:445,19,0,0
BRDA:445,19,1,0
BRDA:451,20,0,14
BRDA:451,20,1,14
BRDA:452,21,0,14
BRDA:452,21,1,14
BRDA:453,22,0,14
BRDA:453,22,1,14
BRDA:472,23,0,14
BRDA:472,23,1,11
BRDA:488,24,0,11
BRDA:488,24,1,0
BRDA:507,25,0,14
BRDA:507,25,1,11
BRDA:524,26,0,11
BRDA:524,26,1,11
BRDA:525,27,0,0
BRDA:525,27,1,11
BRDA:538,28,0,14
BRDA:538,28,1,11
BRDA:563,29,0,3
BRDA:563,29,1,11
BRDA:565,30,0,11
BRDA:565,30,1,0
BRDA:571,31,0,14
BRDA:571,31,1,11
BRDA:592,32,0,11
BRDA:592,32,1,3
BRDA:621,33,0,3
BRDA:621,33,1,0
BRDA:632,34,0,3
BRDA:632,34,1,11
BRDA:632,35,0,11
BRDA:632,35,1,0
BRDA:636,36,0,3
BRDA:636,36,1,11
BRDA:641,37,0,11
BRDA:641,37,1,0
BRDA:641,38,0,11
BRDA:641,38,1,11
BRDA:655,39,0,11
BRDA:655,39,1,0
BRDA:656,40,0,11
BRDA:656,40,1,0
BRDA:668,41,0,14
BRDA:668,41,1,11
BRDA:696,42,0,14
BRDA:696,42,1,11
BRDA:696,42,2,11
BRDA:696,42,3,11
BRDA:706,43,0,44
BRDA:706,43,1,0
BRDA:712,44,0,14
BRDA:712,44,1,11
BRDA:735,45,0,0
BRDA:735,45,1,14
BRDA:739,46,0,0
BRDA:739,46,1,14
BRDA:743,47,0,14
BRDA:743,47,1,0
BRDA:755,48,0,3
BRDA:755,48,1,11
BRDA:765,49,0,11
BRDA:765,49,1,11
BRDA:772,50,0,0
BRDA:772,50,1,11
BRDA:780,51,0,0
BRDA:780,51,1,11
BRDA:786,52,0,14
BRDA:786,52,1,0
BRDA:798,53,0,6
BRDA:798,53,1,8
BRDA:813,54,0,0
BRDA:813,54,1,14
BRDA:816,55,0,14
BRDA:816,55,1,0
BRDA:831,56,0,0
BRDA:831,56,1,14
BRDA:847,57,0,1
BRDA:847,57,1,13
BRDA:850,58,0,14
BRDA:850,58,1,2
BRDA:851,59,0,14
BRDA:851,59,1,11
BRDA:865,60,0,3
BRDA:865,60,1,11
BRDA:881,61,0,0
BRDA:881,61,1,11
BRDA:888,62,0,0
BRDA:888,62,1,11
BRDA:894,63,0,14
BRDA:894,63,1,0
BRDA:906,64,0,0
BRDA:906,64,1,14
BRDA:910,65,0,0
BRDA:910,65,1,14
BRDA:914,66,0,14
BRDA:914,66,1,0
BRDA:933,67,0,0
BRDA:933,67,1,14
BRDA:950,68,0,0
BRDA:950,68,1,14
BRDA:962,69,0,0
BRDA:962,69,1,14
BRDA:965,70,0,14
BRDA:965,70,1,0
BRDA:1004,71,0,1
BRDA:1004,71,1,13
BRDA:1007,72,0,14
BRDA:1007,72,1,1
BRF:149
BRH:94
end_of_record
TN:
SF:src\app\(app)\admin\sql-views\page.tsx
FN:40,PageAdminSqlViews
FN:50,(anonymous_1)
FN:61,(anonymous_2)
FN:88,(anonymous_3)
FN:110,(anonymous_4)
FN:120,(anonymous_5)
FN:133,(anonymous_6)
FN:146,(anonymous_7)
FN:148,(anonymous_8)
FN:176,(anonymous_9)
FN:176,(anonymous_10)
FN:184,(anonymous_11)
FN:184,(anonymous_12)
FNF:13
FNH:0
FNDA:0,PageAdminSqlViews
FNDA:0,(anonymous_1)
FNDA:0,(anonymous_2)
FNDA:0,(anonymous_3)
FNDA:0,(anonymous_4)
FNDA:0,(anonymous_5)
FNDA:0,(anonymous_6)
FNDA:0,(anonymous_7)
FNDA:0,(anonymous_8)
FNDA:0,(anonymous_9)
FNDA:0,(anonymous_10)
FNDA:0,(anonymous_11)
FNDA:0,(anonymous_12)
DA:1,0
DA:38,0
DA:41,0
DA:42,0
DA:47,0
DA:50,0
DA:53,0
DA:58,0
DA:61,0
DA:68,0
DA:70,0
DA:72,0
DA:89,0
DA:90,0
DA:111,0
DA:112,0
DA:121,0
DA:134,0
DA:147,0
DA:149,0
DA:150,0
DA:176,0
DA:184,0
LF:23
LH:0
BRDA:53,0,0,0
BRDA:53,0,1,0
BRDA:53,0,2,0
BRDA:68,1,0,0
BRDA:68,1,1,0
BRDA:70,2,0,0
BRDA:70,2,1,0
BRDA:114,3,0,0
BRDA:114,3,1,0
BRDA:120,4,0,0
BRDA:120,4,1,0
BRDA:139,5,0,0
BRDA:139,5,1,0
BRDA:139,5,2,0
BRDA:146,6,0,0
BRDA:146,6,1,0
BRDA:152,7,0,0
BRDA:152,7,1,0
BRDA:152,8,0,0
BRDA:152,8,1,0
BRDA:154,9,0,0
BRDA:154,9,1,0
BRDA:147,10,0,0
BRDA:147,10,1,0
BRDA:147,11,0,0
BRDA:147,11,1,0
BRDA:168,12,0,0
BRDA:168,12,1,0
BRDA:177,13,0,0
BRDA:177,13,1,0
BRDA:185,14,0,0
BRDA:185,14,1,0
BRF:32
BRH:0
end_of_record
TN:
SF:src\app\(app)\admin\utilisateurs\page.tsx
FN:59,PageAdminUtilisateurs
FN:70,(anonymous_1)
FN:75,(anonymous_2)
FN:82,(anonymous_3)
FN:102,(anonymous_4)
FN:116,(anonymous_5)
FN:138,(anonymous_6)
FN:148,(anonymous_7)
FN:191,(anonymous_8)
FN:226,(anonymous_9)
FN:260,(anonymous_10)
FN:277,(anonymous_11)
FNF:12
FNH:0
FNDA:0,PageAdminUtilisateurs
FNDA:0,(anonymous_1)
FNDA:0,(anonymous_2)
FNDA:0,(anonymous_3)
FNDA:0,(anonymous_4)
FNDA:0,(anonymous_5)
FNDA:0,(anonymous_6)
FNDA:0,(anonymous_7)
FNDA:0,(anonymous_8)
FNDA:0,(anonymous_9)
FNDA:0,(anonymous_10)
FNDA:0,(anonymous_11)
DA:5,0
DA:60,0
DA:61,0
DA:62,0
DA:63,0
DA:64,0
DA:69,0
DA:71,0
DA:72,0
DA:75,0
DA:76,0
DA:77,0
DA:78,0
DA:79,0
DA:82,0
DA:83,0
DA:84,0
DA:85,0
DA:86,0
DA:87,0
DA:90,0
DA:91,0
DA:94,0
DA:96,0
DA:98,0
DA:102,0
DA:104,0
DA:116,0
DA:138,0
DA:148,0
DA:192,0
DA:226,0
DA:260,0
DA:277,0
LF:34
LH:0
BRDA:83,0,0,0
BRDA:83,0,1,0
BRDA:88,1,0,0
BRDA:88,1,1,0
BRDA:90,2,0,0
BRDA:90,2,1,0
BRDA:94,3,0,0
BRDA:94,3,1,0
BRDA:122,4,0,0
BRDA:122,4,1,0
BRDA:160,5,0,0
BRDA:160,5,1,0
BRDA:162,6,0,0
BRDA:162,6,1,0
BRDA:168,7,0,0
BRDA:168,7,1,0
BRDA:172,8,0,0
BRDA:172,8,1,0
BRDA:172,9,0,0
BRDA:172,9,1,0
BRDA:192,10,0,0
BRDA:192,10,1,0
BRDA:194,11,0,0
BRDA:194,11,1,0
BRDA:195,12,0,0
BRDA:195,12,1,0
BRDA:197,13,0,0
BRDA:197,13,1,0
BRDA:198,14,0,0
BRDA:198,14,1,0
BRDA:207,15,0,0
BRDA:207,15,1,0
BRDA:208,16,0,0
BRDA:208,16,1,0
BRDA:216,17,0,0
BRDA:216,17,1,0
BRDA:227,18,0,0
BRDA:227,18,1,0
BRDA:228,19,0,0
BRDA:228,19,1,0
BRDA:249,20,0,0
BRDA:249,20,1,0
BRDA:265,21,0,0
BRDA:265,21,1,0
BRDA:268,22,0,0
BRDA:268,22,1,0
BRDA:271,23,0,0
BRDA:271,23,1,0
BRDA:283,24,0,0
BRDA:283,24,1,0
BRDA:285,25,0,0
BRDA:285,25,1,0
BRF:52
BRH:0
end_of_record
TN:
SF:src\app\(app)\admin\whatsapp-test\page.tsx
FN:11,PageAdminWhatsappTest
FN:17,(anonymous_1)
FN:59,(anonymous_2)
FN:65,(anonymous_3)
FNF:4
FNH:0
FNDA:0,PageAdminWhatsappTest
FNDA:0,(anonymous_1)
FNDA:0,(anonymous_2)
FNDA:0,(anonymous_3)
DA:1,0
DA:12,0
DA:13,0
DA:14,0
DA:15,0
DA:17,0
DA:18,0
DA:19,0
DA:20,0
DA:21,0
DA:27,0
DA:30,0
DA:32,0
DA:34,0
DA:38,0
DA:59,0
DA:65,0
LF:17
LH:0
BRDA:25,0,0,0
BRDA:25,0,1,0
BRDA:30,1,0,0
BRDA:30,1,1,0
BRDA:67,2,0,0
BRDA:67,2,1,0
BRDA:68,3,0,0
BRDA:68,3,1,0
BRDA:71,4,0,0
BRDA:71,4,1,0
BRDA:72,5,0,0
BRDA:72,5,1,0
BRF:12
BRH:0
end_of_record
TN:
SF:src\app\(app)\avance\page.tsx
FN:32,PageAvance
FN:43,(anonymous_1)
FNF:2
FNH:0
FNDA:0,PageAvance
FNDA:0,(anonymous_1)
DA:1,0
DA:8,0
DA:33,0
DA:44,0
LF:4
LH:0
BRF:0
BRH:0
end_of_record
TN:
SF:src\app\(app)\cuisine\page.tsx
FN:75,PageCuisine
FN:117,(anonymous_1)
FN:239,(anonymous_2)
FN:257,(anonymous_3)
FN:259,(anonymous_4)
FN:271,(anonymous_5)
FNF:6
FNH:3
FNDA:4,PageCuisine
FNDA:4,(anonymous_1)
FNDA:0,(anonymous_2)
FNDA:0,(anonymous_3)
FNDA:0,(anonymous_4)
FNDA:20,(anonymous_5)
DA:5,1
DA:32,1
DA:76,4
DA:81,4
DA:82,4
DA:83,4
DA:84,4
DA:85,4
DA:87,4
DA:119,4
DA:240,0
DA:257,0
DA:259,0
DA:272,20
DA:274,20
LF:15
LH:12
BRDA:81,0,0,4
BRDA:81,0,1,0
BRDA:82,1,0,4
BRDA:82,1,1,0
BRDA:83,2,0,4
BRDA:83,2,1,0
BRDA:84,3,0,4
BRDA:84,3,1,0
BRDA:85,4,0,4
BRDA:85,4,1,0
BRDA:100,5,0,4
BRDA:100,5,1,4
BRDA:114,6,0,4
BRDA:114,6,1,4
BRDA:119,7,0,0
BRDA:119,7,1,4
BRDA:119,8,0,4
BRDA:119,8,1,0
BRDA:154,9,0,4
BRDA:154,9,1,0
BRDA:179,10,0,0
BRDA:179,10,1,4
BRDA:191,11,0,4
BRDA:191,11,1,4
BRDA:207,12,0,4
BRDA:207,12,1,0
BRDA:215,13,0,4
BRDA:215,13,1,0
BRDA:223,14,0,4
BRDA:223,14,1,0
BRDA:229,15,0,4
BRDA:229,15,1,0
BRDA:245,16,0,0
BRDA:245,16,1,0
BRDA:248,17,0,0
BRDA:248,17,1,0
BRDA:250,18,0,0
BRDA:250,18,1,0
BRDA:257,19,0,0
BRDA:257,19,1,0
BRDA:288,20,0,20
BRDA:288,20,1,4
BRDA:288,20,2,0
BRF:43
BRH:21
end_of_record
TN:
SF:src\app\(app)\cuisine\anti-gaspillage\page.tsx
FN:32,couleurScore
FN:38,badgeJours
FN:58,PageAntiGaspillage
FN:60,(anonymous_3)
FN:65,(anonymous_4)
FN:79,(anonymous_5)
FN:92,telechargerImageScore
FN:234,(anonymous_7)
FN:274,(anonymous_8)
FN:283,(anonymous_9)
FN:345,(anonymous_10)
FN:379,(anonymous_11)
FN:384,(anonymous_12)
FNF:13
FNH:7
FNDA:3,couleurScore
FNDA:6,badgeJours
FNDA:3,PageAntiGaspillage
FNDA:0,(anonymous_3)
FNDA:0,(anonymous_4)
FNDA:0,(anonymous_5)
FNDA:0,telechargerImageScore
FNDA:6,(anonymous_7)
FNDA:3,(anonymous_8)
FNDA:3,(anonymous_9)
FNDA:12,(anonymous_10)
FNDA:0,(anonymous_11)
FNDA:0,(anonymous_12)
DA:5,1
DA:33,3
DA:34,0
DA:35,0
DA:39,6
DA:40,3
DA:45,3
DA:46,3
DA:51,0
DA:59,3
DA:60,0
DA:64,3
DA:65,0
DA:69,3
DA:70,0
DA:80,0
DA:88,3
DA:89,3
DA:90,3
DA:93,0
DA:94,0
DA:97,0
DA:98,0
DA:99,0
DA:100,0
DA:101,0
DA:102,0
DA:105,0
DA:106,0
DA:107,0
DA:108,0
DA:109,0
DA:111,0
DA:112,0
DA:113,0
DA:114,0
DA:116,0
DA:117,0
DA:118,0
DA:119,0
DA:120,0
DA:121,0
DA:122,0
DA:124,0
DA:125,0
DA:126,0
DA:128,0
DA:129,0
DA:130,0
DA:132,0
DA:133,0
DA:134,0
DA:135,0
DA:136,0
DA:137,0
DA:140,3
DA:235,6
DA:275,3
DA:284,3
DA:346,12
DA:379,0
DA:385,0
LF:62
LH:17
BRDA:33,0,0,3
BRDA:33,0,1,0
BRDA:34,1,0,0
BRDA:34,1,1,0
BRDA:39,2,0,3
BRDA:39,2,1,3
BRDA:45,3,0,3
BRDA:45,3,1,0
BRDA:69,4,0,0
BRDA:69,4,1,3
BRDA:89,5,0,3
BRDA:89,5,1,0
BRDA:90,6,0,3
BRDA:90,6,1,0
BRDA:93,7,0,0
BRDA:93,7,1,0
BRDA:101,8,0,0
BRDA:101,8,1,0
BRDA:165,9,0,3
BRDA:165,9,1,0
BRDA:166,10,0,3
BRDA:166,10,1,0
BRDA:180,11,0,3
BRDA:180,11,1,0
BRDA:193,12,0,3
BRDA:193,12,1,0
BRDA:206,13,0,3
BRDA:206,13,1,0
BRDA:224,14,0,3
BRDA:224,14,1,0
BRDA:228,15,0,0
BRDA:228,15,1,3
BRDA:242,16,0,0
BRDA:242,16,1,6
BRDA:242,17,0,0
BRDA:242,17,1,0
BRDA:243,18,0,0
BRDA:243,18,1,6
BRDA:268,19,0,0
BRDA:268,19,1,3
BRDA:295,20,0,3
BRDA:295,20,1,3
BRDA:301,21,0,3
BRDA:301,21,1,3
BRDA:316,22,0,3
BRDA:316,22,1,3
BRDA:328,23,0,0
BRDA:328,23,1,3
BRDA:330,24,0,0
BRDA:330,24,1,3
BRDA:335,25,0,0
BRDA:335,25,1,3
BRDA:337,26,0,0
BRDA:337,26,1,3
BRDA:353,27,0,6
BRDA:353,27,1,6
BRDA:355,28,0,6
BRDA:355,28,1,0
BRDA:371,29,0,3
BRDA:371,29,1,3
BRDA:371,29,2,0
BRDA:388,30,0,0
BRDA:388,30,1,0
BRDA:395,31,0,0
BRDA:395,31,1,0
BRDA:395,31,2,0
BRDA:397,32,0,0
BRDA:397,32,1,0
BRDA:401,33,0,0
BRDA:401,33,1,0
BRF:70
BRH:32
end_of_record
TN:
SF:src\app\(app)\cuisine\batch-cooking\page.tsx
FN:73,PageBatchCooking
FN:83,(anonymous_1)
FN:87,(anonymous_2)
FN:95,(anonymous_3)
FN:103,(anonymous_4)
FN:107,(anonymous_5)
FN:110,(anonymous_6)
FN:111,(anonymous_7)
FN:118,(anonymous_8)
FN:124,(anonymous_9)
FN:127,(anonymous_10)
FN:141,(anonymous_11)
FN:154,(anonymous_12)
FN:185,(anonymous_13)
FN:198,(anonymous_14)
FN:207,(anonymous_15)
FN:211,(anonymous_16)
FN:224,(anonymous_17)
FN:229,(anonymous_18)
FN:234,(anonymous_19)
FN:242,(anonymous_20)
FN:277,(anonymous_21)
FN:312,(anonymous_22)
FN:319,(anonymous_23)
FN:320,(anonymous_24)
FN:376,(anonymous_25)
FN:386,(anonymous_26)
FN:397,(anonymous_27)
FN:407,(anonymous_28)
FN:416,(anonymous_29)
FN:437,SessionCard
FNF:31
FNH:7
FNDA:2,PageBatchCooking
FNDA:0,(anonymous_1)
FNDA:0,(anonymous_2)
FNDA:0,(anonymous_3)
FNDA:0,(anonymous_4)
FNDA:0,(anonymous_5)
FNDA:0,(anonymous_6)
FNDA:0,(anonymous_7)
FNDA:0,(anonymous_8)
FNDA:0,(anonymous_9)
FNDA:0,(anonymous_10)
FNDA:0,(anonymous_11)
FNDA:0,(anonymous_12)
FNDA:0,(anonymous_13)
FNDA:0,(anonymous_14)
FNDA:4,(anonymous_15)
FNDA:0,(anonymous_16)
FNDA:6,(anonymous_17)
FNDA:0,(anonymous_18)
FNDA:8,(anonymous_19)
FNDA:4,(anonymous_20)
FNDA:0,(anonymous_21)
FNDA:4,(anonymous_22)
FNDA:0,(anonymous_23)
FNDA:0,(anonymous_24)
FNDA:0,(anonymous_25)
FNDA:0,(anonymous_26)
FNDA:0,(anonymous_27)
FNDA:0,(anonymous_28)
FNDA:0,(anonymous_29)
FNDA:4,SessionCard
DA:5,1
DA:57,1
DA:67,1
DA:74,2
DA:75,2
DA:76,2
DA:77,2
DA:78,2
DA:80,2
DA:82,2
DA:83,0
DA:87,2
DA:96,0
DA:97,0
DA:98,0
DA:99,0
DA:100,0
DA:101,0
DA:103,0
DA:107,2
DA:108,0
DA:110,0
DA:111,0
DA:115,2
DA:117,2
DA:118,0
DA:122,2
DA:124,2
DA:125,0
DA:128,0
DA:129,0
DA:130,0
DA:132,0
DA:139,2
DA:141,0
DA:143,2
DA:154,0
DA:186,0
DA:198,0
DA:208,4
DA:211,0
DA:225,6
DA:229,0
DA:234,8
DA:243,4
DA:277,0
DA:312,4
DA:319,0
DA:321,0
DA:377,0
DA:378,0
DA:386,0
DA:397,0
DA:407,0
DA:416,0
DA:444,4
DA:446,4
DA:452,4
LF:58
LH:26
BRDA:91,0,0,0
BRDA:91,0,1,0
BRDA:92,1,0,0
BRDA:92,1,1,0
BRDA:115,2,0,2
BRDA:115,2,1,0
BRDA:122,3,0,2
BRDA:122,3,1,0
BRDA:129,4,0,0
BRDA:129,4,1,0
BRDA:139,5,0,2
BRDA:139,5,1,0
BRDA:169,6,0,2
BRDA:169,6,1,2
BRDA:183,7,0,0
BRDA:183,7,1,2
BRDA:189,8,0,0
BRDA:189,8,1,2
BRDA:220,9,0,2
BRDA:220,9,1,0
BRDA:227,10,0,2
BRDA:227,10,1,4
BRDA:232,11,0,6
BRDA:232,11,1,4
BRDA:243,12,0,0
BRDA:243,12,1,4
BRDA:248,13,0,4
BRDA:248,13,1,0
BRDA:252,14,0,4
BRDA:252,14,1,0
BRDA:257,15,0,4
BRDA:257,15,1,0
BRDA:260,16,0,0
BRDA:260,16,1,0
BRDA:263,17,0,4
BRDA:263,17,1,0
BRDA:264,18,0,0
BRDA:264,18,1,0
BRDA:266,19,0,0
BRDA:266,19,1,0
BRDA:271,20,0,4
BRDA:271,20,1,0
BRDA:271,21,0,4
BRDA:271,21,1,4
BRDA:279,22,0,0
BRDA:279,22,1,0
BRDA:290,23,0,2
BRDA:290,23,1,0
BRDA:312,24,0,0
BRDA:312,24,1,2
BRDA:312,25,0,4
BRDA:312,25,1,4
BRDA:319,26,0,0
BRDA:319,26,1,0
BRDA:327,27,0,0
BRDA:327,27,1,0
BRDA:327,28,0,0
BRDA:327,28,1,0
BRDA:327,29,0,0
BRDA:327,29,1,0
BRDA:327,30,0,0
BRDA:327,30,1,0
BRDA:330,31,0,0
BRDA:330,31,1,0
BRDA:336,32,0,0
BRDA:336,32,1,0
BRDA:337,33,0,0
BRDA:337,33,1,0
BRDA:338,34,0,0
BRDA:338,34,1,0
BRDA:340,35,0,0
BRDA:340,35,1,0
BRDA:378,36,0,0
BRDA:378,36,1,0
BRDA:422,37,0,2
BRDA:422,37,1,2
BRDA:424,38,0,2
BRDA:424,38,1,0
BRDA:444,39,0,4
BRDA:444,39,1,4
BRDA:446,40,0,0
BRDA:446,40,1,4
BRDA:448,41,0,0
BRDA:448,41,1,4
BRDA:458,42,0,4
BRDA:458,42,1,4
BRDA:477,43,0,0
BRDA:477,43,1,4
BRDA:479,44,0,4
BRDA:479,44,1,4
BRDA:485,45,0,4
BRDA:485,45,1,0
BRDA:488,46,0,0
BRDA:488,46,1,0
BRDA:494,47,0,4
BRDA:494,47,1,0
BRF:96
BRH:38
end_of_record
TN:
SF:src\app\(app)\cuisine\batch-cooking\[id]\page.tsx
FN:47,PageDetailBatch
FN:54,(anonymous_1)
FN:59,(anonymous_2)
FN:61,(anonymous_3)
FN:72,(anonymous_4)
FN:84,(anonymous_5)
FN:94,(anonymous_6)
FN:103,(anonymous_7)
FN:188,(anonymous_8)
FN:212,(anonymous_9)
FN:240,(anonymous_10)
FNF:11
FNH:0
FNDA:0,PageDetailBatch
FNDA:0,(anonymous_1)
FNDA:0,(anonymous_2)
FNDA:0,(anonymous_3)
FNDA:0,(anonymous_4)
FNDA:0,(anonymous_5)
FNDA:0,(anonymous_6)
FNDA:0,(anonymous_7)
FNDA:0,(anonymous_8)
FNDA:0,(anonymous_9)
FNDA:0,(anonymous_10)
DA:5,0
DA:33,0
DA:40,0
DA:48,0
DA:49,0
DA:50,0
DA:51,0
DA:53,0
DA:54,0
DA:59,0
DA:60,0
DA:61,0
DA:64,0
DA:65,0
DA:73,0
DA:81,0
DA:82,0
DA:84,0
DA:93,0
DA:94,0
DA:95,0
DA:99,0
DA:103,0
DA:189,0
DA:213,0
DA:241,0
LF:26
LH:0
BRDA:60,0,0,0
BRDA:60,0,1,0
BRDA:64,1,0,0
BRDA:64,1,1,0
BRDA:81,2,0,0
BRDA:81,2,1,0
BRDA:93,3,0,0
BRDA:93,3,1,0
BRDA:95,4,0,0
BRDA:95,4,1,0
BRDA:111,5,0,0
BRDA:111,5,1,0
BRDA:114,6,0,0
BRDA:114,6,1,0
BRDA:116,7,0,0
BRDA:116,7,1,0
BRDA:121,8,0,0
BRDA:121,8,1,0
BRDA:127,9,0,0
BRDA:127,9,1,0
BRDA:159,10,0,0
BRDA:159,10,1,0
BRDA:178,11,0,0
BRDA:178,11,1,0
BRDA:199,12,0,0
BRDA:199,12,1,0
BRDA:216,13,0,0
BRDA:216,13,1,0
BRDA:219,14,0,0
BRDA:219,14,1,0
BRDA:229,15,0,0
BRDA:229,15,1,0
BRDA:234,16,0,0
BRDA:234,16,1,0
BRDA:245,17,0,0
BRDA:245,17,1,0
BRDA:245,17,2,0
BRDA:254,18,0,0
BRDA:254,18,1,0
BRDA:256,19,0,0
BRDA:256,19,1,0
BRDA:260,20,0,0
BRDA:260,20,1,0
BRDA:260,21,0,0
BRDA:260,21,1,0
BRDA:262,22,0,0
BRDA:262,22,1,0
BRDA:264,23,0,0
BRDA:264,23,1,0
BRDA:276,24,0,0
BRDA:276,24,1,0
BRF:51
BRH:0
end_of_record
TN:
SF:src\app\(app)\cuisine\courses\page.tsx
FN:73,grouperParCategorie
FN:82,PageCourses
FN:95,(anonymous_2)
FN:103,ouvrirQrPartage
FN:110,(anonymous_4)
FN:121,telechargerQr
FN:139,(anonymous_6)
FN:146,(anonymous_7)
FN:164,(anonymous_8)
FN:175,(anonymous_9)
FN:176,(anonymous_10)
FN:177,(anonymous_11)
FN:187,(anonymous_12)
FN:201,(anonymous_13)
FN:204,(anonymous_14)
FN:210,(anonymous_15)
FN:214,(anonymous_16)
FN:218,(anonymous_17)
FN:224,(anonymous_18)
FN:228,(anonymous_19)
FN:232,(anonymous_20)
FN:233,(anonymous_21)
FN:237,(anonymous_22)
FN:240,(anonymous_23)
FN:241,(anonymous_24)
FN:245,(anonymous_25)
FN:248,(anonymous_26)
FN:253,(anonymous_27)
FN:258,(anonymous_28)
FN:263,(anonymous_29)
FN:270,(anonymous_30)
FN:276,(anonymous_31)
FN:281,(anonymous_32)
FN:283,(anonymous_33)
FN:287,(anonymous_34)
FN:292,(anonymous_35)
FN:298,(anonymous_36)
FN:303,(anonymous_37)
FN:318,(anonymous_38)
FN:332,(anonymous_39)
FN:345,(anonymous_40)
FN:357,(anonymous_41)
FN:380,(anonymous_42)
FN:391,(anonymous_43)
FN:392,(anonymous_44)
FN:395,(anonymous_45)
FN:396,(anonymous_46)
FN:399,(anonymous_47)
FN:412,(anonymous_48)
FN:436,(anonymous_49)
FN:449,(anonymous_50)
FN:449,(anonymous_51)
FN:457,(anonymous_52)
FN:469,(anonymous_53)
FN:500,(anonymous_54)
FN:508,(anonymous_55)
FN:522,(anonymous_56)
FN:532,(anonymous_57)
FN:535,(anonymous_58)
FN:559,(anonymous_59)
FN:563,(anonymous_60)
FN:583,(anonymous_61)
FN:587,(anonymous_62)
FN:638,(anonymous_63)
FN:642,(anonymous_64)
FN:662,(anonymous_65)
FN:689,(anonymous_66)
FN:705,(anonymous_67)
FN:716,(anonymous_68)
FN:724,(anonymous_69)
FN:731,(anonymous_70)
FN:738,(anonymous_71)
FN:739,(anonymous_72)
FN:753,(anonymous_73)
FN:761,(anonymous_74)
FN:789,(anonymous_75)
FN:819,(anonymous_76)
FN:867,(anonymous_77)
FN:882,(anonymous_78)
FN:889,(anonymous_79)
FN:892,(anonymous_80)
FNF:81
FNH:7
FNDA:4,grouperParCategorie
FNDA:4,PageCourses
FNDA:4,(anonymous_2)
FNDA:0,ouvrirQrPartage
FNDA:0,(anonymous_4)
FNDA:0,telechargerQr
FNDA:0,(anonymous_6)
FNDA:0,(anonymous_7)
FNDA:0,(anonymous_8)
FNDA:2,(anonymous_9)
FNDA:0,(anonymous_10)
FNDA:0,(anonymous_11)
FNDA:0,(anonymous_12)
FNDA:0,(anonymous_13)
FNDA:0,(anonymous_14)
FNDA:0,(anonymous_15)
FNDA:0,(anonymous_16)
FNDA:0,(anonymous_17)
FNDA:0,(anonymous_18)
FNDA:0,(anonymous_19)
FNDA:0,(anonymous_20)
FNDA:0,(anonymous_21)
FNDA:0,(anonymous_22)
FNDA:0,(anonymous_23)
FNDA:0,(anonymous_24)
FNDA:0,(anonymous_25)
FNDA:0,(anonymous_26)
FNDA:0,(anonymous_27)
FNDA:0,(anonymous_28)
FNDA:0,(anonymous_29)
FNDA:0,(anonymous_30)
FNDA:0,(anonymous_31)
FNDA:0,(anonymous_32)
FNDA:0,(anonymous_33)
FNDA:0,(anonymous_34)
FNDA:0,(anonymous_35)
FNDA:0,(anonymous_36)
FNDA:0,(anonymous_37)
FNDA:0,(anonymous_38)
FNDA:0,(anonymous_39)
FNDA:0,(anonymous_40)
FNDA:0,(anonymous_41)
FNDA:0,(anonymous_42)
FNDA:0,(anonymous_43)
FNDA:0,(anonymous_44)
FNDA:4,(anonymous_45)
FNDA:4,(anonymous_46)
FNDA:0,(anonymous_47)
FNDA:0,(anonymous_48)
FNDA:0,(anonymous_49)
FNDA:0,(anonymous_50)
FNDA:0,(anonymous_51)
FNDA:0,(anonymous_52)
FNDA:0,(anonymous_53)
FNDA:0,(anonymous_54)
FNDA:0,(anonymous_55)
FNDA:0,(anonymous_56)
FNDA:8,(anonymous_57)
FNDA:0,(anonymous_58)
FNDA:0,(anonymous_59)
FNDA:0,(anonymous_60)
FNDA:0,(anonymous_61)
FNDA:0,(anonymous_62)
FNDA:0,(anonymous_63)
FNDA:0,(anonymous_64)
FNDA:0,(anonymous_65)
FNDA:0,(anonymous_66)
FNDA:0,(anonymous_67)
FNDA:0,(anonymous_68)
FNDA:0,(anonymous_69)
FNDA:0,(anonymous_70)
FNDA:0,(anonymous_71)
FNDA:0,(anonymous_72)
FNDA:0,(anonymous_73)
FNDA:0,(anonymous_74)
FNDA:0,(anonymous_75)
FNDA:0,(anonymous_76)
FNDA:0,(anonymous_77)
FNDA:0,(anonymous_78)
FNDA:0,(anonymous_79)
FNDA:0,(anonymous_80)
DA:5,1
DA:74,4
DA:75,4
DA:76,0
DA:77,0
DA:79,4
DA:83,4
DA:84,4
DA:85,4
DA:86,4
DA:87,4
DA:88,4
DA:89,4
DA:90,4
DA:91,4
DA:93,4
DA:94,4
DA:95,4
DA:96,4
DA:97,4
DA:98,0
DA:100,4
DA:104,0
DA:105,0
DA:106,0
DA:107,0
DA:108,0
DA:109,0
DA:110,0
DA:111,0
DA:112,0
DA:115,0
DA:117,0
DA:122,0
DA:123,0
DA:124,0
DA:125,0
DA:126,0
DA:127,0
DA:128,0
DA:132,4
DA:138,4
DA:139,0
DA:145,4
DA:146,0
DA:152,4
DA:157,4
DA:163,4
DA:166,0
DA:167,0
DA:170,0
DA:175,4
DA:176,2
DA:177,2
DA:178,2
DA:181,4
DA:187,0
DA:201,4
DA:202,0
DA:205,0
DA:206,0
DA:207,0
DA:208,0
DA:210,0
DA:214,4
DA:215,0
DA:219,0
DA:220,0
DA:221,0
DA:222,0
DA:224,0
DA:228,4
DA:229,0
DA:232,0
DA:233,0
DA:237,4
DA:238,0
DA:240,0
DA:241,0
DA:245,4
DA:249,0
DA:250,0
DA:251,0
DA:253,0
DA:257,4
DA:259,0
DA:260,0
DA:262,0
DA:263,0
DA:267,0
DA:271,0
DA:272,0
DA:273,0
DA:276,0
DA:280,4
DA:282,0
DA:283,0
DA:284,0
DA:286,0
DA:287,0
DA:289,0
DA:293,0
DA:294,0
DA:295,0
DA:298,0
DA:302,4
DA:304,0
DA:305,0
DA:308,0
DA:309,0
DA:312,0
DA:313,0
DA:314,0
DA:315,0
DA:317,0
DA:318,0
DA:330,0
DA:331,0
DA:332,0
DA:337,0
DA:339,0
DA:346,0
DA:347,0
DA:348,0
DA:349,0
DA:351,0
DA:352,0
DA:354,0
DA:357,0
DA:367,4
DA:376,4
DA:381,0
DA:384,0
DA:385,0
DA:386,0
DA:390,4
DA:391,4
DA:392,4
DA:395,4
DA:396,4
DA:399,4
DA:403,0
DA:404,0
DA:405,0
DA:406,0
DA:407,0
DA:408,0
DA:412,0
DA:413,0
DA:415,0
DA:416,0
DA:417,0
DA:419,0
DA:420,0
DA:424,4
DA:436,0
DA:449,0
DA:457,0
DA:469,0
DA:501,0
DA:502,0
DA:508,0
DA:523,0
DA:533,8
DA:535,0
DA:560,0
DA:564,0
DA:584,0
DA:588,0
DA:638,0
DA:642,0
DA:662,0
DA:690,0
DA:691,0
DA:693,0
DA:706,0
DA:717,0
DA:724,0
DA:732,0
DA:738,0
DA:739,0
DA:754,0
DA:761,0
DA:790,0
DA:819,0
DA:867,0
DA:882,0
DA:890,0
DA:891,0
DA:892,0
DA:893,0
DA:894,0
LF:192
LH:48
BRDA:76,0,0,0
BRDA:76,0,1,0
BRDA:94,1,0,4
BRDA:94,1,1,0
BRDA:97,2,0,0
BRDA:97,2,1,4
BRDA:104,3,0,0
BRDA:104,3,1,0
BRDA:111,4,0,0
BRDA:111,4,1,0
BRDA:122,5,0,0
BRDA:122,5,1,0
BRDA:122,6,0,0
BRDA:122,6,1,0
BRDA:148,7,0,4
BRDA:148,7,1,0
BRDA:176,8,0,2
BRDA:176,8,1,2
BRDA:177,9,0,2
BRDA:177,9,1,2
BRDA:191,10,0,0
BRDA:191,10,1,0
BRDA:195,11,0,4
BRDA:195,11,1,4
BRDA:259,12,0,0
BRDA:259,12,1,0
BRDA:259,13,0,0
BRDA:259,13,1,0
BRDA:272,14,0,0
BRDA:272,14,1,0
BRDA:282,15,0,0
BRDA:282,15,1,0
BRDA:284,16,0,0
BRDA:284,16,1,0
BRDA:294,17,0,0
BRDA:294,17,1,0
BRDA:304,18,0,0
BRDA:304,18,1,0
BRDA:312,19,0,0
BRDA:312,19,1,0
BRDA:313,20,0,0
BRDA:313,20,1,0
BRDA:330,21,0,0
BRDA:330,21,1,0
BRDA:348,22,0,0
BRDA:348,22,1,0
BRDA:351,23,0,0
BRDA:351,23,1,0
BRDA:384,24,0,0
BRDA:384,24,1,0
BRDA:390,25,0,4
BRDA:390,25,1,4
BRDA:403,26,0,0
BRDA:403,26,1,0
BRDA:407,27,0,0
BRDA:407,27,1,0
BRDA:411,28,0,0
BRDA:411,28,1,0
BRDA:415,29,0,0
BRDA:415,29,1,0
BRDA:419,30,0,0
BRDA:419,30,1,0
BRDA:431,31,0,4
BRDA:431,31,1,0
BRDA:437,32,0,0
BRDA:437,32,1,0
BRDA:458,33,0,0
BRDA:458,33,1,0
BRDA:458,33,2,0
BRDA:460,34,0,0
BRDA:460,34,1,0
BRDA:470,35,0,0
BRDA:470,35,1,0
BRDA:470,35,2,0
BRDA:472,36,0,0
BRDA:472,36,1,0
BRDA:502,37,0,0
BRDA:502,37,1,0
BRDA:513,38,0,4
BRDA:513,38,1,4
BRDA:520,39,0,0
BRDA:520,39,1,4
BRDA:526,40,0,0
BRDA:526,40,1,4
BRDA:537,41,0,0
BRDA:537,41,1,8
BRDA:552,42,0,4
BRDA:552,42,1,0
BRDA:552,42,2,0
BRDA:552,42,3,0
BRDA:564,43,0,0
BRDA:564,43,1,0
BRDA:577,44,0,4
BRDA:577,44,1,0
BRDA:577,44,2,0
BRDA:577,44,3,0
BRDA:593,45,0,0
BRDA:593,45,1,0
BRDA:593,45,2,0
BRDA:607,46,0,0
BRDA:607,46,1,0
BRDA:626,47,0,4
BRDA:626,47,1,4
BRDA:628,48,0,4
BRDA:628,48,1,0
BRDA:636,49,0,4
BRDA:636,49,1,0
BRDA:651,50,0,4
BRDA:651,50,1,0
BRDA:677,51,0,0
BRDA:677,51,1,0
BRDA:683,52,0,0
BRDA:683,52,1,0
BRDA:687,53,0,0
BRDA:687,53,1,0
BRDA:690,54,0,0
BRDA:690,54,1,0
BRDA:697,55,0,0
BRDA:697,55,1,0
BRDA:703,56,0,0
BRDA:703,56,1,0
BRDA:709,57,0,0
BRDA:709,57,1,0
BRDA:725,58,0,0
BRDA:725,58,1,0
BRDA:747,59,0,0
BRDA:747,59,1,0
BRDA:776,60,0,4
BRDA:776,60,1,0
BRDA:776,60,2,0
BRDA:776,60,3,0
BRDA:797,61,0,0
BRDA:797,61,1,0
BRDA:798,62,0,0
BRDA:798,62,1,0
BRDA:799,63,0,0
BRDA:799,63,1,0
BRDA:802,64,0,0
BRDA:802,64,1,0
BRDA:829,65,0,4
BRDA:829,65,1,0
BRDA:872,66,0,4
BRDA:872,66,1,0
BRDA:891,67,0,0
BRDA:891,67,1,0
BRDA:893,68,0,0
BRDA:893,68,1,0
BRDA:908,69,0,0
BRDA:908,69,1,4
BRDA:910,70,0,0
BRDA:910,70,1,4
BRF:151
BRH:29
end_of_record
TN:
SF:src\app\(app)\cuisine\feedback\page.tsx
FN:24,FeedbackSemainePage
FN:31,(anonymous_1)
FN:39,(anonymous_2)
FN:43,(anonymous_3)
FN:46,(anonymous_4)
FN:47,(anonymous_5)
FN:53,(anonymous_6)
FN:54,(anonymous_7)
FN:60,(anonymous_8)
FN:61,(anonymous_9)
FN:80,(anonymous_10)
FN:106,(anonymous_11)
FN:127,(anonymous_12)
FN:134,(anonymous_13)
FN:137,(anonymous_14)
FN:159,(anonymous_15)
FN:170,(anonymous_16)
FNF:17
FNH:0
FNDA:0,FeedbackSemainePage
FNDA:0,(anonymous_1)
FNDA:0,(anonymous_2)
FNDA:0,(anonymous_3)
FNDA:0,(anonymous_4)
FNDA:0,(anonymous_5)
FNDA:0,(anonymous_6)
FNDA:0,(anonymous_7)
FNDA:0,(anonymous_8)
FNDA:0,(anonymous_9)
FNDA:0,(anonymous_10)
FNDA:0,(anonymous_11)
FNDA:0,(anonymous_12)
FNDA:0,(anonymous_13)
FNDA:0,(anonymous_14)
FNDA:0,(anonymous_15)
FNDA:0,(anonymous_16)
DA:5,0
DA:25,0
DA:26,0
DA:29,0
DA:32,0
DA:33,0
DA:38,0
DA:40,0
DA:41,0
DA:43,0
DA:46,0
DA:47,0
DA:53,0
DA:54,0
DA:60,0
DA:61,0
DA:72,0
DA:73,0
DA:80,0
DA:87,0
DA:107,0
DA:108,0
DA:109,0
DA:111,0
DA:127,0
DA:135,0
DA:137,0
DA:159,0
DA:170,0
LF:29
LH:0
BRDA:56,0,0,0
BRDA:56,0,1,0
BRDA:66,1,0,0
BRDA:66,1,1,0
BRDA:67,2,0,0
BRDA:67,2,1,0
BRDA:72,3,0,0
BRDA:72,3,1,0
BRDA:99,4,0,0
BRDA:99,4,1,0
BRDA:104,5,0,0
BRDA:104,5,1,0
BRDA:104,6,0,0
BRDA:104,6,1,0
BRDA:108,7,0,0
BRDA:108,7,1,0
BRDA:109,8,0,0
BRDA:109,8,1,0
BRDA:125,9,0,0
BRDA:125,9,1,0
BRDA:129,10,0,0
BRDA:129,10,1,0
BRDA:142,11,0,0
BRDA:142,11,1,0
BRDA:153,12,0,0
BRDA:153,12,1,0
BRDA:158,13,0,0
BRDA:158,13,1,0
BRDA:171,14,0,0
BRDA:171,14,1,0
BRDA:173,15,0,0
BRDA:173,15,1,0
BRF:32
BRH:0
end_of_record
TN:
SF:src\app\(app)\cuisine\frigo\page.tsx
FN:3,PageFrigo
FNF:1
FNH:0
FNDA:0,PageFrigo
DA:4,0
LF:1
LH:0
BRF:0
BRH:0
end_of_record
TN:
SF:src\app\(app)\cuisine\inventaire\page.tsx
FN:107,PageInventaire
FN:121,(anonymous_1)
FN:130,(anonymous_2)
FN:133,(anonymous_3)
FN:139,(anonymous_4)
FN:143,(anonymous_5)
FN:146,(anonymous_6)
FN:147,(anonymous_7)
FN:151,(anonymous_8)
FN:154,(anonymous_9)
FN:158,(anonymous_10)
FN:164,(anonymous_11)
FN:168,(anonymous_12)
FN:171,(anonymous_13)
FN:177,(anonymous_14)
FN:181,importerArticlesSelectionnes
FN:183,(anonymous_16)
FN:191,basculerSelectionOCR
FN:192,(anonymous_18)
FN:200,toutSelectionner
FN:205,(anonymous_20)
FN:209,importerStockDepuisScanner
FN:246,ouvrirSelecteurPhoto
FN:250,(anonymous_23)
FN:267,(anonymous_24)
FN:289,(anonymous_25)
FN:303,(anonymous_26)
FN:324,(anonymous_27)
FN:336,(anonymous_28)
FN:341,(anonymous_29)
FN:385,(anonymous_30)
FN:402,(anonymous_31)
FN:412,(anonymous_32)
FN:420,(anonymous_33)
FN:430,(anonymous_34)
FN:440,(anonymous_35)
FN:449,(anonymous_36)
FN:472,(anonymous_37)
FN:492,(anonymous_38)
FN:501,(anonymous_39)
FN:526,(anonymous_40)
FN:564,(anonymous_41)
FN:574,(anonymous_42)
FN:601,(anonymous_43)
FN:618,(anonymous_44)
FN:628,(anonymous_45)
FN:636,EtatBadge
FN:687,estProduitSaisonnier
FN:691,(anonymous_48)
FN:694,BadgesOFF
FNF:50
FNH:12
FNDA:6,PageInventaire
FNDA:0,(anonymous_1)
FNDA:0,(anonymous_2)
FNDA:0,(anonymous_3)
FNDA:0,(anonymous_4)
FNDA:0,(anonymous_5)
FNDA:0,(anonymous_6)
FNDA:0,(anonymous_7)
FNDA:0,(anonymous_8)
FNDA:0,(anonymous_9)
FNDA:0,(anonymous_10)
FNDA:0,(anonymous_11)
FNDA:0,(anonymous_12)
FNDA:0,(anonymous_13)
FNDA:0,(anonymous_14)
FNDA:0,importerArticlesSelectionnes
FNDA:0,(anonymous_16)
FNDA:0,basculerSelectionOCR
FNDA:0,(anonymous_18)
FNDA:0,toutSelectionner
FNDA:0,(anonymous_20)
FNDA:0,importerStockDepuisScanner
FNDA:0,ouvrirSelecteurPhoto
FNDA:0,(anonymous_23)
FNDA:12,(anonymous_24)
FNDA:0,(anonymous_25)
FNDA:0,(anonymous_26)
FNDA:0,(anonymous_27)
FNDA:0,(anonymous_28)
FNDA:0,(anonymous_29)
FNDA:30,(anonymous_30)
FNDA:30,(anonymous_31)
FNDA:0,(anonymous_32)
FNDA:300,(anonymous_33)
FNDA:120,(anonymous_34)
FNDA:0,(anonymous_35)
FNDA:0,(anonymous_36)
FNDA:60,(anonymous_37)
FNDA:0,(anonymous_38)
FNDA:0,(anonymous_39)
FNDA:0,(anonymous_40)
FNDA:0,(anonymous_41)
FNDA:30,(anonymous_42)
FNDA:0,(anonymous_43)
FNDA:0,(anonymous_44)
FNDA:0,(anonymous_45)
FNDA:12,EtatBadge
FNDA:12,estProduitSaisonnier
FNDA:96,(anonymous_48)
FNDA:12,BadgesOFF
DA:5,1
DA:79,1
DA:87,1
DA:100,1
DA:108,6
DA:109,6
DA:110,6
DA:111,6
DA:112,6
DA:113,6
DA:114,6
DA:115,6
DA:116,6
DA:118,6
DA:120,6
DA:121,0
DA:125,6
DA:130,6
DA:131,0
DA:134,0
DA:135,0
DA:136,0
DA:137,0
DA:139,0
DA:143,6
DA:144,0
DA:146,0
DA:147,0
DA:151,6
DA:152,0
DA:155,0
DA:156,0
DA:158,0
DA:159,0
DA:161,0
DA:164,0
DA:168,6
DA:169,0
DA:172,0
DA:173,0
DA:174,0
DA:175,0
DA:177,0
DA:182,0
DA:183,0
DA:184,0
DA:185,0
DA:186,0
DA:188,0
DA:192,0
DA:193,0
DA:194,0
DA:195,0
DA:196,0
DA:201,0
DA:202,0
DA:203,0
DA:205,0
DA:213,0
DA:214,0
DA:215,0
DA:216,0
DA:217,0
DA:220,0
DA:222,0
DA:223,0
DA:224,0
DA:225,0
DA:234,0
DA:235,0
DA:236,0
DA:239,0
DA:241,0
DA:242,0
DA:247,0
DA:248,0
DA:249,0
DA:250,0
DA:251,0
DA:252,0
DA:254,0
DA:261,6
DA:267,6
DA:268,12
DA:269,0
DA:270,12
DA:271,12
DA:272,12
DA:273,12
DA:274,12
DA:277,6
DA:279,6
DA:289,0
DA:303,0
DA:324,0
DA:337,0
DA:341,0
DA:386,30
DA:387,30
DA:388,30
DA:403,30
DA:412,0
DA:421,300
DA:431,120
DA:441,0
DA:449,0
DA:473,60
DA:492,0
DA:501,0
DA:526,0
DA:566,0
DA:567,0
DA:575,30
DA:601,0
DA:618,0
DA:628,0
DA:637,12
DA:638,0
DA:643,12
DA:644,0
DA:649,12
DA:656,1
DA:664,1
DA:672,1
DA:688,12
DA:689,12
DA:690,12
DA:691,96
DA:695,12
DA:697,12
DA:698,0
DA:709,12
DA:710,0
DA:711,0
DA:712,0
DA:723,12
DA:724,0
DA:725,0
DA:726,0
DA:737,12
DA:738,0
DA:739,0
DA:750,12
DA:751,0
LF:144
LH:54
BRDA:155,0,0,0
BRDA:155,0,1,0
BRDA:182,1,0,0
BRDA:182,1,1,0
BRDA:184,2,0,0
BRDA:184,2,1,0
BRDA:194,3,0,0
BRDA:194,3,1,0
BRDA:201,4,0,0
BRDA:201,4,1,0
BRDA:202,5,0,0
BRDA:202,5,1,0
BRDA:218,6,0,0
BRDA:218,6,1,0
BRDA:222,7,0,0
BRDA:222,7,1,0
BRDA:225,8,0,0
BRDA:225,8,1,0
BRDA:234,9,0,0
BRDA:234,9,1,0
BRDA:236,10,0,0
BRDA:236,10,1,0
BRDA:241,11,0,0
BRDA:241,11,1,0
BRDA:252,12,0,0
BRDA:252,12,1,0
BRDA:267,13,0,6
BRDA:267,13,1,0
BRDA:268,14,0,0
BRDA:268,14,1,12
BRDA:268,15,0,12
BRDA:268,15,1,0
BRDA:270,16,0,0
BRDA:270,16,1,12
BRDA:270,17,0,12
BRDA:270,17,1,0
BRDA:271,18,0,0
BRDA:271,18,1,12
BRDA:271,19,0,12
BRDA:271,19,1,0
BRDA:272,20,0,0
BRDA:272,20,1,12
BRDA:272,21,0,12
BRDA:272,21,1,0
BRDA:273,22,0,0
BRDA:273,22,1,12
BRDA:273,23,0,12
BRDA:273,23,1,0
BRDA:273,23,2,0
BRDA:277,24,0,6
BRDA:277,24,1,0
BRDA:296,25,0,0
BRDA:296,25,1,6
BRDA:311,26,0,6
BRDA:311,26,1,0
BRDA:311,26,2,0
BRDA:333,27,0,0
BRDA:333,27,1,0
BRDA:345,28,0,0
BRDA:345,28,1,0
BRDA:357,29,0,0
BRDA:357,29,1,0
BRDA:359,30,0,0
BRDA:359,30,1,0
BRDA:368,31,0,6
BRDA:368,31,1,0
BRDA:373,32,0,0
BRDA:373,32,1,0
BRDA:387,33,0,30
BRDA:387,33,1,0
BRDA:392,34,0,30
BRDA:392,34,1,6
BRDA:392,34,2,6
BRDA:438,35,0,0
BRDA:438,35,1,30
BRDA:444,36,0,0
BRDA:444,36,1,30
BRDA:476,37,0,60
BRDA:476,37,1,0
BRDA:478,38,0,60
BRDA:478,38,1,0
BRDA:480,39,0,60
BRDA:480,39,1,0
BRDA:530,40,0,6
BRDA:530,40,1,0
BRDA:544,41,0,6
BRDA:544,41,1,0
BRDA:606,42,0,6
BRDA:606,42,1,0
BRDA:615,43,0,6
BRDA:615,43,1,0
BRDA:637,44,0,0
BRDA:637,44,1,12
BRDA:643,45,0,0
BRDA:643,45,1,12
BRDA:689,46,0,12
BRDA:689,46,1,0
BRDA:697,47,0,0
BRDA:697,47,1,12
BRDA:709,48,0,0
BRDA:709,48,1,12
BRDA:711,49,0,0
BRDA:711,49,1,0
BRDA:723,50,0,0
BRDA:723,50,1,12
BRDA:725,51,0,0
BRDA:725,51,1,0
BRDA:737,52,0,0
BRDA:737,52,1,12
BRDA:738,53,0,0
BRDA:738,53,1,0
BRDA:742,54,0,0
BRDA:742,54,1,0
BRDA:742,55,0,0
BRDA:742,55,1,0
BRDA:750,56,0,12
BRDA:750,56,1,0
BRF:117
BRH:36
end_of_record
TN:
SF:src\app\(app)\cuisine\ma-semaine\page.tsx
FN:75,getLundiDeSemaine
FN:84,ApplianceIcons
FN:92,(anonymous_2)
FN:101,JulesRow
FN:128,MaSemainePage
FN:139,(anonymous_5)
FN:145,(anonymous_6)
FN:151,(anonymous_7)
FN:157,(anonymous_8)
FN:163,(anonymous_9)
FN:166,(anonymous_10)
FN:170,(anonymous_11)
FN:174,(anonymous_12)
FN:177,(anonymous_13)
FN:181,(anonymous_14)
FN:185,(anonymous_15)
FN:199,(anonymous_16)
FN:203,(anonymous_17)
FN:207,(anonymous_18)
FN:210,(anonymous_19)
FN:214,(anonymous_20)
FN:225,(anonymous_21)
FN:232,(anonymous_22)
FN:235,(anonymous_23)
FN:242,(anonymous_24)
FN:248,(anonymous_25)
FN:282,(anonymous_26)
FN:292,(anonymous_27)
FN:350,(anonymous_28)
FN:389,(anonymous_29)
FN:398,(anonymous_30)
FN:403,(anonymous_31)
FN:443,(anonymous_32)
FN:453,(anonymous_33)
FN:483,(anonymous_34)
FN:497,(anonymous_35)
FN:517,(anonymous_36)
FN:531,(anonymous_37)
FN:596,(anonymous_38)
FN:609,(anonymous_39)
FN:618,(anonymous_40)
FNF:41
FNH:0
FNDA:0,getLundiDeSemaine
FNDA:0,ApplianceIcons
FNDA:0,(anonymous_2)
FNDA:0,JulesRow
FNDA:0,MaSemainePage
FNDA:0,(anonymous_5)
FNDA:0,(anonymous_6)
FNDA:0,(anonymous_7)
FNDA:0,(anonymous_8)
FNDA:0,(anonymous_9)
FNDA:0,(anonymous_10)
FNDA:0,(anonymous_11)
FNDA:0,(anonymous_12)
FNDA:0,(anonymous_13)
FNDA:0,(anonymous_14)
FNDA:0,(anonymous_15)
FNDA:0,(anonymous_16)
FNDA:0,(anonymous_17)
FNDA:0,(anonymous_18)
FNDA:0,(anonymous_19)
FNDA:0,(anonymous_20)
FNDA:0,(anonymous_21)
FNDA:0,(anonymous_22)
FNDA:0,(anonymous_23)
FNDA:0,(anonymous_24)
FNDA:0,(anonymous_25)
FNDA:0,(anonymous_26)
FNDA:0,(anonymous_27)
FNDA:0,(anonymous_28)
FNDA:0,(anonymous_29)
FNDA:0,(anonymous_30)
FNDA:0,(anonymous_31)
FNDA:0,(anonymous_32)
FNDA:0,(anonymous_33)
FNDA:0,(anonymous_34)
FNDA:0,(anonymous_35)
FNDA:0,(anonymous_36)
FNDA:0,(anonymous_37)
FNDA:0,(anonymous_38)
FNDA:0,(anonymous_39)
FNDA:0,(anonymous_40)
DA:5,0
DA:48,0
DA:76,0
DA:77,0
DA:78,0
DA:79,0
DA:80,0
DA:81,0
DA:85,0
DA:86,0
DA:87,0
DA:88,0
DA:89,0
DA:90,0
DA:93,0
DA:102,0
DA:103,0
DA:121,0
DA:129,0
DA:130,0
DA:131,0
DA:132,0
DA:133,0
DA:135,0
DA:138,0
DA:139,0
DA:144,0
DA:145,0
DA:150,0
DA:151,0
DA:156,0
DA:157,0
DA:163,0
DA:167,0
DA:168,0
DA:170,0
DA:174,0
DA:178,0
DA:179,0
DA:181,0
DA:185,0
DA:187,0
DA:188,0
DA:189,0
DA:191,0
DA:192,0
DA:193,0
DA:200,0
DA:201,0
DA:203,0
DA:207,0
DA:208,0
DA:211,0
DA:212,0
DA:214,0
DA:219,0
DA:220,0
DA:221,0
DA:222,0
DA:225,0
DA:226,0
DA:227,0
DA:228,0
DA:229,0
DA:230,0
DA:232,0
DA:235,0
DA:236,0
DA:237,0
DA:238,0
DA:239,0
DA:242,0
DA:243,0
DA:244,0
DA:248,0
DA:249,0
DA:250,0
DA:254,0
DA:255,0
DA:257,0
DA:283,0
DA:284,0
DA:285,0
DA:286,0
DA:292,0
DA:350,0
DA:390,0
DA:399,0
DA:403,0
DA:443,0
DA:453,0
DA:484,0
DA:497,0
DA:517,0
DA:531,0
DA:596,0
DA:609,0
DA:618,0
LF:98
LH:0
BRDA:75,0,0,0
BRDA:78,1,0,0
BRDA:78,1,1,0
BRDA:86,2,0,0
BRDA:86,2,1,0
BRDA:87,3,0,0
BRDA:87,3,1,0
BRDA:88,4,0,0
BRDA:88,4,1,0
BRDA:89,5,0,0
BRDA:89,5,1,0
BRDA:102,6,0,0
BRDA:102,6,1,0
BRDA:102,7,0,0
BRDA:102,7,1,0
BRDA:110,8,0,0
BRDA:110,8,1,0
BRDA:111,9,0,0
BRDA:111,9,1,0
BRDA:159,10,0,0
BRDA:159,10,1,0
BRDA:187,11,0,0
BRDA:187,11,1,0
BRDA:188,12,0,0
BRDA:188,12,1,0
BRDA:219,13,0,0
BRDA:219,13,1,0
BRDA:220,14,0,0
BRDA:220,14,1,0
BRDA:221,15,0,0
BRDA:221,15,1,0
BRDA:226,16,0,0
BRDA:226,16,1,0
BRDA:229,17,0,0
BRDA:229,17,1,0
BRDA:229,17,2,0
BRDA:236,18,0,0
BRDA:236,18,1,0
BRDA:237,19,0,0
BRDA:237,19,1,0
BRDA:238,20,0,0
BRDA:238,20,1,0
BRDA:243,21,0,0
BRDA:243,21,1,0
BRDA:243,22,0,0
BRDA:243,22,1,0
BRDA:249,23,0,0
BRDA:249,23,1,0
BRDA:295,24,0,0
BRDA:295,24,1,0
BRDA:297,25,0,0
BRDA:297,25,1,0
BRDA:306,26,0,0
BRDA:306,26,1,0
BRDA:329,27,0,0
BRDA:329,27,1,0
BRDA:331,28,0,0
BRDA:331,28,1,0
BRDA:336,29,0,0
BRDA:336,29,1,0
BRDA:354,30,0,0
BRDA:354,30,1,0
BRDA:367,31,0,0
BRDA:367,31,1,0
BRDA:403,32,0,0
BRDA:403,32,1,0
BRDA:405,33,0,0
BRDA:405,33,1,0
BRDA:409,34,0,0
BRDA:409,34,1,0
BRDA:411,35,0,0
BRDA:411,35,1,0
BRDA:416,36,0,0
BRDA:416,36,1,0
BRDA:418,37,0,0
BRDA:418,37,1,0
BRDA:419,38,0,0
BRDA:419,38,1,0
BRDA:419,38,2,0
BRDA:446,39,0,0
BRDA:446,39,1,0
BRDA:463,40,0,0
BRDA:463,40,1,0
BRDA:465,41,0,0
BRDA:465,41,1,0
BRDA:479,42,0,0
BRDA:479,42,1,0
BRDA:479,42,2,0
BRDA:490,43,0,0
BRDA:490,43,1,0
BRDA:506,44,0,0
BRDA:506,44,1,0
BRDA:508,45,0,0
BRDA:508,45,1,0
BRDA:532,46,0,0
BRDA:532,46,1,0
BRDA:534,47,0,0
BRDA:534,47,1,0
BRDA:547,48,0,0
BRDA:547,48,1,0
BRDA:566,49,0,0
BRDA:566,49,1,0
BRDA:578,50,0,0
BRDA:578,50,1,0
BRDA:582,51,0,0
BRDA:582,51,1,0
BRDA:597,52,0,0
BRDA:597,52,1,0
BRDA:599,53,0,0
BRDA:599,53,1,0
BRDA:606,54,0,0
BRDA:606,54,1,0
BRDA:628,55,0,0
BRDA:628,55,1,0
BRF:114
BRH:0
end_of_record
TN:
SF:src\app\(app)\cuisine\nutrition\page.tsx
FN:45,formatDate
FN:53,pourcentage
FN:57,couleurPct
FN:63,BarreProgression
FN:90,PageNutrition
FN:95,(anonymous_5)
FN:103,(anonymous_6)
FN:107,(anonymous_7)
FN:109,(anonymous_8)
FN:145,(anonymous_9)
FN:145,(anonymous_10)
FN:153,(anonymous_11)
FN:161,(anonymous_12)
FN:161,(anonymous_13)
FN:169,(anonymous_14)
FN:247,(anonymous_15)
FN:252,(anonymous_16)
FN:289,(anonymous_17)
FNF:18
FNH:0
FNDA:0,formatDate
FNDA:0,pourcentage
FNDA:0,couleurPct
FNDA:0,BarreProgression
FNDA:0,PageNutrition
FNDA:0,(anonymous_5)
FNDA:0,(anonymous_6)
FNDA:0,(anonymous_7)
FNDA:0,(anonymous_8)
FNDA:0,(anonymous_9)
FNDA:0,(anonymous_10)
FNDA:0,(anonymous_11)
FNDA:0,(anonymous_12)
FNDA:0,(anonymous_13)
FNDA:0,(anonymous_14)
FNDA:0,(anonymous_15)
FNDA:0,(anonymous_16)
FNDA:0,(anonymous_17)
DA:5,0
DA:38,0
DA:46,0
DA:54,0
DA:58,0
DA:59,0
DA:60,0
DA:74,0
DA:75,0
DA:91,0
DA:94,0
DA:97,0
DA:98,0
DA:99,0
DA:102,0
DA:103,0
DA:107,0
DA:109,0
DA:110,0
DA:111,0
DA:112,0
DA:113,0
DA:121,0
DA:145,0
DA:153,0
DA:161,0
DA:170,0
DA:248,0
DA:253,0
DA:290,0
LF:30
LH:0
BRDA:58,0,0,0
BRDA:58,0,1,0
BRDA:58,1,0,0
BRDA:58,1,1,0
BRDA:59,2,0,0
BRDA:59,2,1,0
BRDA:94,3,0,0
BRDA:94,3,1,0
BRDA:107,4,0,0
BRDA:107,4,1,0
BRDA:132,5,0,0
BRDA:132,5,1,0
BRDA:167,6,0,0
BRDA:167,6,1,0
BRDA:173,7,0,0
BRDA:173,7,1,0
BRDA:233,8,0,0
BRDA:233,8,1,0
BRDA:287,9,0,0
BRDA:287,9,1,0
BRDA:295,10,0,0
BRDA:295,10,1,0
BRDA:297,11,0,0
BRDA:297,11,1,0
BRF:24
BRH:0
end_of_record
TN:
SF:src\app\(app)\cuisine\photo-frigo\page.tsx
FN:77,chargerHistorique
FN:85,sauvegarderHistorique
FN:91,PhotoFrigoPage
FN:100,(anonymous_3)
FN:105,(anonymous_4)
FN:110,(anonymous_5)
FN:119,(anonymous_6)
FN:133,(anonymous_7)
FN:138,(anonymous_8)
FN:140,(anonymous_9)
FN:147,(anonymous_10)
FN:148,(anonymous_11)
FN:153,(anonymous_12)
FN:157,(anonymous_13)
FN:158,(anonymous_14)
FN:162,(anonymous_15)
FN:172,(anonymous_16)
FN:176,(anonymous_17)
FN:183,(anonymous_18)
FN:184,(anonymous_19)
FN:189,(anonymous_20)
FN:213,(anonymous_21)
FN:216,(anonymous_22)
FN:240,(anonymous_23)
FN:276,(anonymous_24)
FN:292,(anonymous_25)
FN:326,(anonymous_26)
FN:342,(anonymous_27)
FN:363,(anonymous_28)
FN:392,(anonymous_29)
FN:407,(anonymous_30)
FN:428,(anonymous_31)
FN:443,(anonymous_32)
FN:448,(anonymous_33)
FN:477,(anonymous_34)
FN:483,(anonymous_35)
FN:485,(anonymous_36)
FNF:37
FNH:5
FNDA:4,chargerHistorique
FNDA:0,sauvegarderHistorique
FNDA:8,PhotoFrigoPage
FNDA:4,(anonymous_3)
FNDA:0,(anonymous_4)
FNDA:0,(anonymous_5)
FNDA:0,(anonymous_6)
FNDA:0,(anonymous_7)
FNDA:0,(anonymous_8)
FNDA:0,(anonymous_9)
FNDA:0,(anonymous_10)
FNDA:0,(anonymous_11)
FNDA:0,(anonymous_12)
FNDA:0,(anonymous_13)
FNDA:0,(anonymous_14)
FNDA:0,(anonymous_15)
FNDA:0,(anonymous_16)
FNDA:0,(anonymous_17)
FNDA:0,(anonymous_18)
FNDA:0,(anonymous_19)
FNDA:0,(anonymous_20)
FNDA:24,(anonymous_21)
FNDA:0,(anonymous_22)
FNDA:8,(anonymous_23)
FNDA:0,(anonymous_24)
FNDA:0,(anonymous_25)
FNDA:0,(anonymous_26)
FNDA:0,(anonymous_27)
FNDA:0,(anonymous_28)
FNDA:0,(anonymous_29)
FNDA:0,(anonymous_30)
FNDA:0,(anonymous_31)
FNDA:0,(anonymous_32)
FNDA:0,(anonymous_33)
FNDA:0,(anonymous_34)
FNDA:0,(anonymous_35)
FNDA:0,(anonymous_36)
DA:1,1
DA:69,1
DA:75,1
DA:78,4
DA:79,4
DA:81,0
DA:86,0
DA:87,0
DA:88,0
DA:92,8
DA:93,8
DA:94,8
DA:95,8
DA:96,8
DA:97,8
DA:98,8
DA:100,8
DA:101,4
DA:104,8
DA:106,0
DA:107,0
DA:108,0
DA:109,0
DA:110,0
DA:111,0
DA:116,0
DA:120,0
DA:121,0
DA:127,0
DA:128,0
DA:129,0
DA:133,0
DA:137,8
DA:139,0
DA:140,0
DA:144,0
DA:147,0
DA:148,0
DA:152,8
DA:154,0
DA:157,0
DA:158,0
DA:162,8
DA:163,0
DA:164,0
DA:165,0
DA:166,0
DA:167,0
DA:169,0
DA:170,0
DA:171,0
DA:172,0
DA:173,0
DA:176,8
DA:177,0
DA:178,0
DA:179,0
DA:180,0
DA:183,8
DA:184,0
DA:185,0
DA:186,0
DA:187,0
DA:189,0
DA:191,0
DA:195,8
DA:214,24
DA:216,0
DA:240,8
DA:276,0
DA:292,0
DA:326,0
DA:343,0
DA:363,0
DA:393,0
DA:408,0
DA:429,0
DA:444,0
DA:449,0
DA:478,0
DA:483,0
DA:485,0
LF:82
LH:23
BRDA:79,0,0,4
BRDA:79,0,1,4
BRDA:98,1,0,8
BRDA:98,1,1,0
BRDA:106,2,0,0
BRDA:106,2,1,0
BRDA:139,3,0,0
BRDA:139,3,1,0
BRDA:142,4,0,0
BRDA:142,4,1,0
BRDA:142,5,0,0
BRDA:142,5,1,0
BRDA:164,6,0,0
BRDA:164,6,1,0
BRDA:165,7,0,0
BRDA:165,7,1,0
BRDA:180,8,0,0
BRDA:180,8,1,0
BRDA:185,9,0,0
BRDA:185,9,1,0
BRDA:186,10,0,0
BRDA:186,10,1,0
BRDA:218,11,0,8
BRDA:218,11,1,16
BRDA:239,12,0,8
BRDA:239,12,1,0
BRDA:257,13,0,0
BRDA:257,13,1,8
BRDA:290,14,0,8
BRDA:290,14,1,0
BRDA:296,15,0,0
BRDA:296,15,1,0
BRDA:313,16,0,8
BRDA:313,16,1,0
BRDA:322,17,0,0
BRDA:322,17,1,0
BRDA:322,17,2,0
BRDA:329,18,0,0
BRDA:329,18,1,0
BRDA:340,19,0,0
BRDA:340,19,1,0
BRDA:348,20,0,0
BRDA:348,20,1,0
BRDA:354,21,0,0
BRDA:354,21,1,0
BRDA:381,22,0,0
BRDA:381,22,1,0
BRDA:397,23,0,0
BRDA:397,23,1,0
BRDA:403,24,0,0
BRDA:403,24,1,0
BRDA:432,25,0,0
BRDA:432,25,1,0
BRDA:456,26,0,0
BRDA:456,26,1,0
BRDA:467,27,0,8
BRDA:467,27,1,0
BRF:57
BRH:10
end_of_record
TN:
SF:src\app\(app)\cuisine\planning\page.tsx
FN:87,getLundiDeSemaine
FN:96,getDatesDeSemaine
FN:107,PagePlanning
FN:136,(anonymous_3)
FN:141,(anonymous_4)
FN:147,(anonymous_5)
FN:153,(anonymous_6)
FN:158,(anonymous_7)
FN:170,(anonymous_8)
FN:182,(anonymous_9)
FN:190,(anonymous_10)
FN:191,(anonymous_11)
FN:192,(anonymous_12)
FN:197,(anonymous_13)
FN:200,(anonymous_14)
FN:206,(anonymous_15)
FN:211,(anonymous_16)
FN:215,(anonymous_17)
FN:218,(anonymous_18)
FN:234,(anonymous_19)
FN:238,(anonymous_20)
FN:242,(anonymous_21)
FN:253,(anonymous_22)
FN:258,(anonymous_23)
FN:262,(anonymous_24)
FN:277,(anonymous_25)
FN:282,(anonymous_26)
FN:287,(anonymous_27)
FN:299,trouverRepas
FN:300,(anonymous_29)
FN:303,ouvrirDialogue
FN:312,(anonymous_31)
FN:342,(anonymous_32)
FN:355,(anonymous_33)
FN:359,(anonymous_34)
FN:391,(anonymous_35)
FN:398,(anonymous_36)
FN:406,(anonymous_37)
FN:408,(anonymous_38)
FN:410,(anonymous_39)
FN:420,(anonymous_40)
FN:430,(anonymous_41)
FN:432,(anonymous_42)
FN:434,(anonymous_43)
FN:445,(anonymous_44)
FN:454,(anonymous_45)
FN:459,(anonymous_46)
FN:469,(anonymous_47)
FN:469,(anonymous_48)
FN:478,(anonymous_49)
FN:488,(anonymous_50)
FN:515,(anonymous_51)
FN:521,(anonymous_52)
FN:551,(anonymous_53)
FN:565,(anonymous_54)
FN:571,(anonymous_55)
FN:580,(anonymous_56)
FN:584,(anonymous_57)
FN:616,(anonymous_58)
FN:628,(anonymous_59)
FN:652,(anonymous_60)
FN:662,(anonymous_61)
FN:721,(anonymous_62)
FN:722,(anonymous_63)
FN:725,(anonymous_64)
FN:743,(anonymous_65)
FN:751,(anonymous_66)
FN:762,(anonymous_67)
FN:770,(anonymous_68)
FN:773,(anonymous_69)
FN:804,(anonymous_70)
FN:810,(anonymous_71)
FN:816,(anonymous_72)
FN:862,(anonymous_73)
FN:872,(anonymous_74)
FN:876,(anonymous_75)
FN:912,(anonymous_76)
FN:924,(anonymous_77)
FN:936,(anonymous_78)
FN:940,(anonymous_79)
FN:966,(anonymous_80)
FN:994,(anonymous_81)
FNF:82
FNH:10
FNDA:2,getLundiDeSemaine
FNDA:2,getDatesDeSemaine
FNDA:2,PagePlanning
FNDA:0,(anonymous_3)
FNDA:0,(anonymous_4)
FNDA:0,(anonymous_5)
FNDA:0,(anonymous_6)
FNDA:0,(anonymous_7)
FNDA:0,(anonymous_8)
FNDA:2,(anonymous_9)
FNDA:2,(anonymous_10)
FNDA:0,(anonymous_11)
FNDA:0,(anonymous_12)
FNDA:0,(anonymous_13)
FNDA:0,(anonymous_14)
FNDA:0,(anonymous_15)
FNDA:0,(anonymous_16)
FNDA:0,(anonymous_17)
FNDA:0,(anonymous_18)
FNDA:0,(anonymous_19)
FNDA:0,(anonymous_20)
FNDA:0,(anonymous_21)
FNDA:0,(anonymous_22)
FNDA:0,(anonymous_23)
FNDA:0,(anonymous_24)
FNDA:0,(anonymous_25)
FNDA:0,(anonymous_26)
FNDA:2,(anonymous_27)
FNDA:56,trouverRepas
FNDA:0,(anonymous_29)
FNDA:0,ouvrirDialogue
FNDA:0,(anonymous_31)
FNDA:0,(anonymous_32)
FNDA:2,(anonymous_33)
FNDA:0,(anonymous_34)
FNDA:0,(anonymous_35)
FNDA:0,(anonymous_36)
FNDA:0,(anonymous_37)
FNDA:0,(anonymous_38)
FNDA:0,(anonymous_39)
FNDA:0,(anonymous_40)
FNDA:0,(anonymous_41)
FNDA:0,(anonymous_42)
FNDA:0,(anonymous_43)
FNDA:0,(anonymous_44)
FNDA:0,(anonymous_45)
FNDA:0,(anonymous_46)
FNDA:0,(anonymous_47)
FNDA:0,(anonymous_48)
FNDA:0,(anonymous_49)
FNDA:0,(anonymous_50)
FNDA:0,(anonymous_51)
FNDA:14,(anonymous_52)
FNDA:56,(anonymous_53)
FNDA:0,(anonymous_54)
FNDA:0,(anonymous_55)
FNDA:0,(anonymous_56)
FNDA:0,(anonymous_57)
FNDA:0,(anonymous_58)
FNDA:0,(anonymous_59)
FNDA:0,(anonymous_60)
FNDA:0,(anonymous_61)
FNDA:0,(anonymous_62)
FNDA:0,(anonymous_63)
FNDA:0,(anonymous_64)
FNDA:0,(anonymous_65)
FNDA:0,(anonymous_66)
FNDA:0,(anonymous_67)
FNDA:0,(anonymous_68)
FNDA:0,(anonymous_69)
FNDA:0,(anonymous_70)
FNDA:0,(anonymous_71)
FNDA:0,(anonymous_72)
FNDA:0,(anonymous_73)
FNDA:0,(anonymous_74)
FNDA:0,(anonymous_75)
FNDA:0,(anonymous_76)
FNDA:0,(anonymous_77)
FNDA:0,(anonymous_78)
FNDA:0,(anonymous_79)
FNDA:0,(anonymous_80)
FNDA:0,(anonymous_81)
DA:5,1
DA:79,1
DA:80,1
DA:88,2
DA:89,2
DA:90,2
DA:91,2
DA:92,2
DA:93,2
DA:97,2
DA:98,2
DA:99,2
DA:100,14
DA:101,14
DA:102,14
DA:104,2
DA:108,2
DA:109,2
DA:110,2
DA:111,2
DA:112,2
DA:113,2
DA:117,2
DA:118,2
DA:119,2
DA:120,2
DA:121,2
DA:122,2
DA:123,2
DA:124,2
DA:125,2
DA:127,2
DA:128,2
DA:129,2
DA:130,2
DA:131,2
DA:132,2
DA:135,2
DA:136,0
DA:140,2
DA:141,0
DA:146,2
DA:147,0
DA:152,2
DA:153,0
DA:157,2
DA:158,0
DA:163,2
DA:169,2
DA:172,0
DA:173,0
DA:176,0
DA:181,2
DA:182,2
DA:183,2
DA:184,2
DA:185,0
DA:187,2
DA:190,2
DA:191,2
DA:192,2
DA:193,2
DA:197,2
DA:198,0
DA:201,0
DA:202,0
DA:203,0
DA:204,0
DA:206,0
DA:210,2
DA:212,0
DA:213,0
DA:215,0
DA:218,2
DA:235,0
DA:236,0
DA:238,0
DA:242,2
DA:254,0
DA:255,0
DA:256,0
DA:258,0
DA:262,2
DA:264,0
DA:265,0
DA:266,0
DA:269,0
DA:270,0
DA:271,0
DA:278,0
DA:279,0
DA:280,0
DA:282,0
DA:287,2
DA:288,2
DA:289,2
DA:290,2
DA:291,0
DA:292,0
DA:293,0
DA:296,2
DA:300,56
DA:304,0
DA:305,0
DA:306,0
DA:307,0
DA:308,0
DA:311,2
DA:313,0
DA:315,0
DA:316,0
DA:317,0
DA:318,0
DA:321,0
DA:322,0
DA:330,0
DA:331,0
DA:332,0
DA:334,0
DA:336,0
DA:342,2
DA:344,0
DA:345,0
DA:355,2
DA:356,2
DA:357,2
DA:358,0
DA:359,0
DA:361,0
DA:366,2
DA:371,2
DA:376,2
DA:391,0
DA:398,0
DA:407,0
DA:408,0
DA:410,0
DA:421,0
DA:422,0
DA:431,0
DA:432,0
DA:434,0
DA:445,0
DA:455,0
DA:456,0
DA:457,0
DA:459,0
DA:469,0
DA:478,0
DA:488,0
DA:516,0
DA:522,14
DA:524,14
DA:526,14
DA:552,56
DA:554,56
DA:557,56
DA:566,0
DA:567,0
DA:568,0
DA:571,0
DA:581,0
DA:582,0
DA:584,0
DA:616,0
DA:628,0
DA:653,0
DA:662,0
DA:721,0
DA:722,0
DA:725,0
DA:743,0
DA:752,0
DA:753,0
DA:754,0
DA:763,0
DA:771,0
DA:773,0
DA:804,0
DA:810,0
DA:817,0
DA:818,0
DA:863,0
DA:872,0
DA:877,0
DA:878,0
DA:913,0
DA:925,0
DA:936,0
DA:941,0
DA:942,0
DA:967,0
DA:968,0
DA:995,0
DA:996,0
LF:195
LH:78
BRDA:90,0,0,0
BRDA:90,0,1,2
BRDA:158,1,0,2
BRDA:158,1,1,2
BRDA:159,2,0,0
BRDA:159,2,1,0
BRDA:181,3,0,2
BRDA:181,3,1,0
BRDA:184,4,0,0
BRDA:184,4,1,2
BRDA:191,5,0,2
BRDA:191,5,1,0
BRDA:192,6,0,2
BRDA:192,6,1,0
BRDA:222,7,0,0
BRDA:222,7,1,0
BRDA:224,8,0,0
BRDA:224,8,1,0
BRDA:224,9,0,0
BRDA:224,9,1,0
BRDA:227,10,0,0
BRDA:227,10,1,0
BRDA:228,11,0,0
BRDA:228,11,1,0
BRDA:245,12,0,0
BRDA:245,12,1,0
BRDA:248,13,0,0
BRDA:248,13,1,0
BRDA:248,14,0,0
BRDA:248,14,1,0
BRDA:264,15,0,0
BRDA:264,15,1,0
BRDA:265,16,0,0
BRDA:265,16,1,0
BRDA:289,17,0,2
BRDA:289,17,1,0
BRDA:291,18,0,0
BRDA:291,18,1,0
BRDA:291,18,2,0
BRDA:292,19,0,0
BRDA:292,19,1,0
BRDA:313,20,0,0
BRDA:313,20,1,0
BRDA:315,21,0,0
BRDA:315,21,1,0
BRDA:315,21,2,0
BRDA:316,22,0,0
BRDA:316,22,1,0
BRDA:316,23,0,0
BRDA:316,23,1,0
BRDA:326,24,0,0
BRDA:326,24,1,0
BRDA:344,25,0,0
BRDA:344,25,1,0
BRDA:356,26,0,0
BRDA:356,26,1,2
BRDA:357,27,0,2
BRDA:357,27,1,0
BRDA:361,28,0,0
BRDA:361,28,1,0
BRDA:362,29,0,0
BRDA:362,29,1,0
BRDA:383,30,0,2
BRDA:383,30,1,0
BRDA:389,31,0,2
BRDA:389,31,1,0
BRDA:396,32,0,0
BRDA:396,32,1,2
BRDA:407,33,0,0
BRDA:407,33,1,0
BRDA:431,34,0,0
BRDA:431,34,1,0
BRDA:449,35,0,0
BRDA:449,35,1,2
BRDA:455,36,0,0
BRDA:455,36,1,0
BRDA:483,37,0,0
BRDA:483,37,1,2
BRDA:507,38,0,0
BRDA:507,38,1,2
BRDA:508,39,0,0
BRDA:508,39,1,0
BRDA:510,40,0,0
BRDA:510,40,1,0
BRDA:513,41,0,0
BRDA:513,41,1,2
BRDA:529,42,0,2
BRDA:529,42,1,12
BRDA:542,43,0,14
BRDA:542,43,1,2
BRDA:554,44,0,56
BRDA:554,44,1,0
BRDA:555,45,0,0
BRDA:555,45,1,0
BRDA:555,45,2,0
BRDA:561,46,0,0
BRDA:561,46,1,56
BRDA:566,47,0,0
BRDA:566,47,1,0
BRDA:576,48,0,0
BRDA:576,48,1,56
BRDA:588,49,0,0
BRDA:588,49,1,0
BRDA:588,49,2,0
BRDA:590,50,0,0
[...]
BRDA:417,22,0,0
BRDA:417,22,1,0
BRDA:491,23,0,0
BRDA:492,24,0,0
BRDA:493,25,0,0
BRDA:494,26,0,0
BRDA:503,27,0,0
BRDA:503,27,1,0
BRDA:517,28,0,0
BRDA:517,28,1,0
BRDA:521,29,0,0
BRDA:521,29,1,0
BRDA:533,30,0,0
BRDA:533,30,1,0
BRDA:542,31,0,0
BRDA:543,32,0,0
BRDA:549,33,0,0
BRDA:549,33,1,0
BRDA:557,34,0,0
BRDA:557,34,1,0
BRDA:585,35,0,0
BRDA:602,36,0,0
BRDA:602,36,1,0
BRDA:650,37,0,0
BRDA:651,38,0,0
BRDA:652,39,0,0
BRDA:660,40,0,0
BRDA:660,40,1,0
BRF:67
BRH:0
end_of_record
TN:
SF:src\composants\ui\skeleton.tsx
FN:3,Skeleton
FNF:1
FNH:1
FNDA:40,Skeleton
DA:4,40
LF:1
LH:1
BRF:0
BRH:0
end_of_record
TN:
SF:src\composants\ui\slider.tsx
FN:18,(anonymous_0)
FN:36,handleChange
FN:37,(anonymous_2)
FN:64,(anonymous_3)
FNF:4
FNH:0
FNDA:0,(anonymous_0)
FNDA:0,handleChange
FNDA:0,(anonymous_2)
FNDA:0,(anonymous_3)
DA:1,1
DA:18,1
DA:33,0
DA:34,0
DA:37,0
DA:38,0
DA:39,0
DA:42,0
DA:44,0
DA:64,0
DA:79,1
LF:11
LH:3
BRDA:23,0,0,0
BRDA:24,1,0,0
BRDA:25,2,0,0
BRDA:26,3,0,0
BRDA:34,4,0,0
BRDA:34,4,1,0
BRDA:37,5,0,0
BRDA:37,5,1,0
BRF:8
BRH:0
end_of_record
TN:
SF:src\composants\ui\sonner.tsx
FN:7,(anonymous_0)
FNF:1
FNH:0
FNDA:0,(anonymous_0)
DA:1,0
DA:7,0
DA:8,0
DA:10,0
LF:4
LH:0
BRDA:8,0,0,0
BRF:1
BRH:0
end_of_record
TN:
SF:src\composants\ui\switch.tsx
FN:12,(anonymous_0)
FN:22,(anonymous_1)
FNF:2
FNH:1
FNDA:19,(anonymous_0)
FNDA:0,(anonymous_1)
DA:1,8
DA:12,8
DA:14,19
DA:23,0
DA:24,0
DA:48,8
LF:6
LH:4
BRDA:13,0,0,19
BRDA:20,1,0,15
BRDA:20,1,1,4
BRDA:23,2,0,0
BRDA:23,2,1,0
BRDA:30,3,0,15
BRDA:30,3,1,4
BRDA:36,4,0,15
BRDA:36,4,1,4
BRDA:40,5,0,15
BRDA:40,5,1,4
BRF:11
BRH:9
end_of_record
TN:
SF:src\composants\ui\table.tsx
FN:7,Table
FN:22,TableHeader
FN:32,TableBody
FN:42,TableFooter
FN:55,TableRow
FN:68,TableHead
FN:82,TableCell
FN:95,TableCaption
FNF:8
FNH:6
FNDA:36,Table
FNDA:36,TableHeader
FNDA:36,TableBody
FNDA:0,TableFooter
FNDA:84,TableRow
FNDA:192,TableHead
FNDA:284,TableCell
FNDA:0,TableCaption
DA:1,6
DA:8,36
DA:23,36
DA:33,36
DA:43,0
DA:56,84
DA:69,192
DA:83,284
DA:99,0
LF:9
LH:7
BRF:0
BRH:0
end_of_record
TN:
SF:src\composants\ui\tabs.tsx
FN:9,Tabs
FN:42,TabsList
FN:58,TabsTrigger
FN:77,TabsContent
FNF:4
FNH:4
FNDA:55,Tabs
FNDA:55,TabsList
FNDA:188,TabsTrigger
FNDA:176,TabsContent
DA:1,14
DA:14,55
DA:27,14
DA:48,55
DA:62,188
DA:81,176
LF:6
LH:6
BRDA:11,0,0,55
BRDA:44,1,0,55
BRF:2
BRH:2
end_of_record
TN:
SF:src\composants\ui\textarea.tsx
FN:5,Textarea
FNF:1
FNH:1
FNDA:89,Textarea
DA:6,89
LF:1
LH:1
BRF:0
BRH:0
end_of_record
TN:
SF:src\composants\ui\tooltip.tsx
FN:8,TooltipProvider
FN:21,Tooltip
FN:27,TooltipTrigger
FN:33,TooltipContent
FNF:4
FNH:1
FNDA:4,TooltipProvider
FNDA:0,Tooltip
FNDA:0,TooltipTrigger
FNDA:0,TooltipContent
DA:1,4
DA:12,4
DA:24,0
DA:30,0
DA:39,0
LF:5
LH:2
BRDA:9,0,0,4
BRDA:35,1,0,0
BRF:2
BRH:1
end_of_record
TN:
SF:src\crochets\use-mobile.ts
FN:5,useIsMobile
FN:8,(anonymous_1)
FN:10,(anonymous_2)
FN:15,(anonymous_3)
FNF:4
FNH:0
FNDA:0,useIsMobile
FNDA:0,(anonymous_1)
FNDA:0,(anonymous_2)
FNDA:0,(anonymous_3)
DA:3,0
DA:6,0
DA:8,0
DA:9,0
DA:10,0
DA:11,0
DA:13,0
DA:14,0
DA:15,0
DA:18,0
LF:10
LH:0
BRF:0
BRH:0
end_of_record
TN:
SF:src\crochets\utiliser-api.ts
FN:21,utiliserRequete
FN:45,utiliserMutation
FN:51,(anonymous_2)
FN:60,utiliserInvalidation
FN:62,(anonymous_4)
FN:69,utiliserMutationAvecInvalidation
FN:77,(anonymous_6)
FN:92,utiliserRequetePaginee
FN:100,(anonymous_8)
FNF:9
FNH:5
FNDA:210,utiliserRequete
FNDA:45,utiliserMutation
FNDA:0,(anonymous_2)
FNDA:3,utiliserInvalidation
FNDA:0,(anonymous_4)
FNDA:1,utiliserMutationAvecInvalidation
FNDA:1,(anonymous_6)
FNDA:0,utiliserRequetePaginee
FNDA:0,(anonymous_8)
DA:5,13
DA:26,210
DA:33,210
DA:49,45
DA:51,0
DA:61,3
DA:62,3
DA:74,1
DA:75,1
DA:78,1
DA:79,2
DA:81,1
DA:98,0
DA:100,0
LF:14
LH:11
BRDA:51,0,0,0
BRDA:51,0,1,0
BRF:2
BRH:0
end_of_record
TN:
SF:src\crochets\utiliser-auth.ts
FN:15,utiliserAuth
FN:20,(anonymous_1)
FN:25,(anonymous_2)
FN:34,(anonymous_3)
FNF:4
FNH:3
FNDA:20,utiliserAuth
FNDA:11,(anonymous_1)
FNDA:0,(anonymous_2)
FNDA:1,(anonymous_3)
DA:5,6
DA:16,20
DA:20,20
DA:21,11
DA:22,11
DA:23,0
DA:26,0
DA:27,0
DA:29,11
DA:30,11
DA:34,20
DA:35,1
DA:36,1
DA:39,20
LF:14
LH:11
BRDA:22,0,0,0
BRDA:22,0,1,11
BRDA:22,1,0,11
BRDA:22,1,1,0
BRDA:29,2,0,11
BRDA:29,2,1,0
BRF:6
BRH:3
end_of_record
TN:
SF:src\crochets\utiliser-auto-completion-maison.ts
FN:13,utiliserAutoCompletionMaison
FN:16,(anonymous_1)
FNF:2
FNH:0
FNDA:0,utiliserAutoCompletionMaison
FNDA:0,(anonymous_1)
DA:14,0
DA:16,0
DA:21,0
DA:22,0
DA:23,0
DA:24,0
DA:25,0
DA:27,0
DA:28,0
DA:29,0
DA:30,0
DA:35,0
DA:39,0
LF:13
LH:0
BRDA:21,0,0,0
BRDA:21,0,1,0
BRDA:27,1,0,0
BRDA:27,1,1,0
BRDA:29,2,0,0
BRDA:29,2,1,0
BRF:6
BRH:0
end_of_record
TN:
SF:src\crochets\utiliser-crud.ts
FN:29,utiliserDialogCrud
FN:40,(anonymous_1)
FN:46,(anonymous_2)
FN:52,(anonymous_3)
FN:70,(anonymous_4)
FNF:5
FNH:4
FNDA:6,utiliserDialogCrud
FNDA:1,(anonymous_1)
FNDA:2,(anonymous_2)
FNDA:1,(anonymous_3)
FNDA:0,(anonymous_4)
DA:5,2
DA:37,6
DA:38,6
DA:40,6
DA:41,1
DA:42,1
DA:43,1
DA:46,6
DA:47,2
DA:48,2
DA:49,2
DA:52,6
DA:53,1
DA:54,1
DA:55,1
DA:58,6
DA:71,0
DA:72,0
DA:73,0
DA:75,0
DA:76,0
DA:77,0
DA:79,0
LF:23
LH:16
BRDA:65,0,0,1
BRDA:65,0,1,5
BRDA:71,1,0,0
BRDA:71,1,1,0
BRDA:71,2,0,0
BRDA:71,2,1,0
BRDA:75,3,0,0
BRDA:75,3,1,0
BRDA:75,4,0,0
BRDA:75,4,1,0
BRDA:75,4,2,0
BRF:11
BRH:2
end_of_record
TN:
SF:src\crochets\utiliser-delai.ts
FN:13,utiliserDelai
FN:16,(anonymous_1)
FN:17,(anonymous_2)
FN:18,(anonymous_3)
FNF:4
FNH:0
FNDA:0,utiliserDelai
FNDA:0,(anonymous_1)
FNDA:0,(anonymous_2)
FNDA:0,(anonymous_3)
DA:5,0
DA:14,0
DA:16,0
DA:17,0
DA:18,0
DA:21,0
LF:6
LH:0
BRDA:13,0,0,0
BRF:1
BRH:0
end_of_record
TN:
SF:src\crochets\utiliser-dialog-crud.ts
FNF:0
FNH:0
LF:0
LH:0
BRF:0
BRH:0
end_of_record
TN:
SF:src\crochets\utiliser-hors-ligne.ts
FN:9,utiliserHorsLigne
FN:13,(anonymous_1)
FN:16,(anonymous_2)
FN:17,(anonymous_3)
FN:22,(anonymous_4)
FN:29,(anonymous_5)
FN:35,(anonymous_6)
FN:38,(anonymous_7)
FN:46,(anonymous_8)
FN:55,(anonymous_9)
FN:58,(anonymous_10)
FN:61,(anonymous_11)
FN:73,(anonymous_12)
FN:76,(anonymous_13)
FNF:14
FNH:0
FNDA:0,utiliserHorsLigne
FNDA:0,(anonymous_1)
FNDA:0,(anonymous_2)
FNDA:0,(anonymous_3)
FNDA:0,(anonymous_4)
FNDA:0,(anonymous_5)
FNDA:0,(anonymous_6)
FNDA:0,(anonymous_7)
FNDA:0,(anonymous_8)
FNDA:0,(anonymous_9)
FNDA:0,(anonymous_10)
FNDA:0,(anonymous_11)
FNDA:0,(anonymous_12)
FNDA:0,(anonymous_13)
DA:1,0
DA:10,0
DA:11,0
DA:13,0
DA:14,0
DA:16,0
DA:17,0
DA:19,0
DA:20,0
DA:22,0
DA:23,0
DA:24,0
DA:29,0
DA:30,0
DA:31,0
DA:32,0
DA:35,0
DA:36,0
DA:37,0
DA:38,0
DA:39,0
DA:40,0
DA:41,0
DA:42,0
DA:44,0
DA:45,0
DA:46,0
DA:49,0
DA:53,0
DA:54,0
DA:55,0
DA:58,0
DA:59,0
DA:61,0
DA:62,0
DA:63,0
DA:64,0
DA:65,0
DA:67,0
DA:68,0
DA:72,0
DA:73,0
DA:76,0
DA:77,0
DA:78,0
DA:79,0
DA:80,0
DA:85,0
LF:48
LH:0
BRDA:30,0,0,0
BRDA:30,0,1,0
BRDA:40,1,0,0
BRDA:40,1,1,0
BRDA:59,2,0,0
BRDA:59,2,1,0
BRDA:63,3,0,0
BRDA:63,3,1,0
BRDA:64,4,0,0
BRDA:64,4,1,0
BRDA:65,5,0,0
BRDA:65,5,1,0
BRDA:67,6,0,0
BRDA:67,6,1,0
BRDA:77,7,0,0
BRDA:77,7,1,0
BRDA:77,8,0,0
BRDA:77,8,1,0
BRDA:79,9,0,0
BRDA:79,9,1,0
BRF:20
BRH:0
end_of_record
TN:
SF:src\crochets\utiliser-mode-invites.ts
FN:20,nettoyerTexte
FN:24,normaliserContexteModeInvites
FN:32,(anonymous_2)
FN:37,utiliserModeInvites
FN:45,(anonymous_4)
FN:51,(anonymous_5)
FN:60,(anonymous_6)
FNF:7
FNH:3
FNDA:6,nettoyerTexte
FNDA:6,normaliserContexteModeInvites
FNDA:0,(anonymous_2)
FNDA:6,utiliserModeInvites
FNDA:0,(anonymous_4)
FNDA:0,(anonymous_5)
FNDA:0,(anonymous_6)
DA:1,2
DA:13,2
DA:21,6
DA:27,6
DA:32,0
DA:38,6
DA:43,6
DA:45,6
DA:51,0
DA:52,0
DA:53,0
DA:54,0
DA:60,6
DA:61,0
DA:64,6
LF:15
LH:9
BRDA:29,0,0,6
BRDA:29,0,1,6
BRDA:29,1,0,6
BRDA:29,1,1,0
BRDA:30,2,0,6
BRDA:30,2,1,0
BRDA:32,3,0,6
BRDA:32,3,1,0
BRDA:53,4,0,0
BRDA:53,4,1,0
BRF:10
BRH:5
end_of_record
TN:
SF:src\crochets\utiliser-notifications-jeux.ts
FN:12,useNotificationsJeux
FN:13,(anonymous_1)
FN:23,(anonymous_2)
FN:34,(anonymous_3)
FN:49,(anonymous_4)
FN:61,(anonymous_5)
FN:71,(anonymous_6)
FN:76,(anonymous_7)
FN:86,demanderPermissionNotificationsJeux
FNF:9
FNH:0
FNDA:0,useNotificationsJeux
FNDA:0,(anonymous_1)
FNDA:0,(anonymous_2)
FNDA:0,(anonymous_3)
FNDA:0,(anonymous_4)
FNDA:0,(anonymous_5)
FNDA:0,(anonymous_6)
FNDA:0,(anonymous_7)
FNDA:0,demanderPermissionNotificationsJeux
DA:1,1
DA:13,0
DA:14,0
DA:15,0
DA:18,0
DA:19,0
DA:24,0
DA:29,0
DA:30,0
DA:35,0
DA:41,0
DA:44,0
DA:45,0
DA:50,0
DA:56,0
DA:57,0
DA:62,0
DA:71,0
DA:72,0
DA:74,0
DA:76,0
DA:77,0
DA:87,0
DA:88,0
DA:89,0
DA:92,0
DA:93,0
DA:96,0
DA:97,0
DA:98,0
DA:101,0
DA:102,0
DA:103,0
DA:104,0
DA:106,0
DA:107,0
LF:36
LH:1
BRDA:14,0,0,0
BRDA:14,0,1,0
BRDA:18,1,0,0
BRDA:18,1,1,0
BRDA:24,2,0,0
BRDA:24,2,1,0
BRDA:29,3,0,0
BRDA:29,3,1,0
BRDA:35,4,0,0
BRDA:35,4,1,0
BRDA:41,5,0,0
BRDA:41,5,1,0
BRDA:41,6,0,0
BRDA:41,6,1,0
BRDA:50,7,0,0
BRDA:50,7,1,0
BRDA:53,8,0,0
BRDA:53,8,1,0
BRDA:54,9,0,0
BRDA:54,9,1,0
BRDA:56,10,0,0
BRDA:56,10,1,0
BRDA:62,11,0,0
BRDA:62,11,1,0
BRDA:72,12,0,0
BRDA:72,12,1,0
BRDA:87,13,0,0
BRDA:87,13,1,0
BRDA:92,14,0,0
BRDA:92,14,1,0
BRDA:96,15,0,0
BRDA:96,15,1,0
BRDA:102,16,0,0
BRDA:102,16,1,0
BRF:34
BRH:0
end_of_record
TN:
SF:src\crochets\utiliser-reconnaissance-vocale.ts
FN:47,utiliserReconnaissanceVocale
FN:69,(anonymous_1)
FN:86,(anonymous_2)
FN:100,(anonymous_3)
FN:111,(anonymous_4)
FN:123,(anonymous_5)
FN:132,(anonymous_6)
FN:137,(anonymous_7)
FN:144,(anonymous_8)
FN:145,(anonymous_9)
FNF:10
FNH:3
FNDA:8,utiliserReconnaissanceVocale
FNDA:0,(anonymous_1)
FNDA:0,(anonymous_2)
FNDA:0,(anonymous_3)
FNDA:0,(anonymous_4)
FNDA:0,(anonymous_5)
FNDA:0,(anonymous_6)
FNDA:0,(anonymous_7)
FNDA:6,(anonymous_8)
FNDA:6,(anonymous_9)
DA:1,2
DA:55,8
DA:57,8
DA:58,8
DA:59,8
DA:61,8
DA:62,8
DA:63,8
DA:66,8
DA:69,8
DA:70,0
DA:71,0
DA:72,0
DA:75,0
DA:78,0
DA:80,0
DA:82,0
DA:83,0
DA:84,0
DA:86,0
DA:87,0
DA:88,0
DA:90,0
DA:91,0
DA:92,0
DA:93,0
DA:95,0
DA:99,0
DA:100,0
DA:101,0
DA:102,0
DA:103,0
DA:105,0
DA:111,0
DA:112,0
DA:119,0
DA:120,0
DA:123,0
DA:124,0
DA:127,0
DA:128,0
DA:129,0
DA:132,8
DA:133,0
DA:134,0
DA:137,8
DA:138,0
DA:139,0
DA:140,0
DA:144,8
DA:145,6
DA:146,6
DA:150,8
LF:53
LH:16
BRDA:48,0,0,8
BRDA:51,1,0,8
BRDA:52,2,0,8
BRDA:53,3,0,8
BRDA:66,4,0,8
BRDA:66,4,1,8
BRDA:66,4,2,8
BRDA:70,5,0,0
BRDA:70,5,1,0
BRDA:78,6,0,0
BRDA:78,6,1,0
BRDA:92,7,0,0
BRDA:92,7,1,0
BRDA:99,8,0,0
BRDA:99,8,1,0
BRDA:101,9,0,0
BRDA:101,9,1,0
BRDA:105,10,0,0
BRDA:105,10,1,0
BRDA:119,11,0,0
BRDA:119,11,1,0
BRF:21
BRH:7
end_of_record
TN:
SF:src\crochets\utiliser-stockage-local.ts
FN:13,utiliserStockageLocal
FN:14,(anonymous_1)
FN:24,(anonymous_2)
FN:32,(anonymous_3)
FNF:4
FNH:3
FNDA:32,utiliserStockageLocal
FNDA:18,(anonymous_1)
FNDA:18,(anonymous_2)
FNDA:0,(anonymous_3)
DA:5,4
DA:14,32
DA:15,18
DA:16,18
DA:17,18
DA:18,18
DA:20,0
DA:24,32
DA:25,18
DA:26,18
DA:32,32
DA:33,0
DA:34,0
DA:37,32
LF:14
LH:11
BRDA:15,0,0,0
BRDA:15,0,1,18
BRDA:18,1,0,11
BRDA:18,1,1,7
BRF:4
BRH:3
end_of_record
TN:
SF:src\crochets\utiliser-synthese-vocale.ts
FN:12,utiliserSyntheseVocale
FN:15,(anonymous_1)
FN:20,(anonymous_2)
FN:32,(anonymous_3)
FN:33,(anonymous_4)
FN:34,(anonymous_5)
FN:42,(anonymous_6)
FNF:7
FNH:0
FNDA:0,utiliserSyntheseVocale
FNDA:0,(anonymous_1)
FNDA:0,(anonymous_2)
FNDA:0,(anonymous_3)
FNDA:0,(anonymous_4)
FNDA:0,(anonymous_5)
FNDA:0,(anonymous_6)
DA:1,0
DA:13,0
DA:15,0
DA:16,0
DA:20,0
DA:22,0
DA:23,0
DA:26,0
DA:27,0
DA:28,0
DA:29,0
DA:30,0
DA:32,0
DA:33,0
DA:34,0
DA:36,0
DA:37,0
DA:42,0
DA:43,0
DA:44,0
DA:46,0
DA:47,0
DA:50,0
LF:23
LH:0
BRDA:12,0,0,0
BRDA:16,1,0,0
BRDA:16,1,1,0
BRDA:22,2,0,0
BRDA:22,2,1,0
BRDA:22,3,0,0
BRDA:22,3,1,0
BRDA:27,4,0,0
BRDA:27,4,1,0
BRDA:28,5,0,0
BRDA:28,5,1,0
BRDA:29,6,0,0
BRDA:29,6,1,0
BRDA:30,7,0,0
BRDA:30,7,1,0
BRDA:43,8,0,0
BRDA:43,8,1,0
BRF:17
BRH:0
end_of_record
TN:
SF:src\crochets\utiliser-websocket-courses.ts
FN:29,useWebSocketCourses
FN:47,(anonymous_1)
FN:53,(anonymous_2)
FN:58,(anonymous_3)
FN:63,(anonymous_4)
FN:68,(anonymous_5)
FN:71,connect
FN:76,(anonymous_7)
FN:81,(anonymous_8)
FN:90,(anonymous_9)
FN:91,(anonymous_10)
FN:97,(anonymous_11)
FN:98,(anonymous_12)
FN:112,(anonymous_13)
FN:121,(anonymous_14)
FN:129,(anonymous_15)
FN:135,(anonymous_16)
FNF:17
FNH:0
FNDA:0,useWebSocketCourses
FNDA:0,(anonymous_1)
FNDA:0,(anonymous_2)
FNDA:0,(anonymous_3)
FNDA:0,(anonymous_4)
FNDA:0,(anonymous_5)
FNDA:0,connect
FNDA:0,(anonymous_7)
FNDA:0,(anonymous_8)
FNDA:0,(anonymous_9)
FNDA:0,(anonymous_10)
FNDA:0,(anonymous_11)
FNDA:0,(anonymous_12)
FNDA:0,(anonymous_13)
FNDA:0,(anonymous_14)
FNDA:0,(anonymous_15)
FNDA:0,(anonymous_16)
DA:25,0
DA:26,0
DA:27,0
DA:36,0
DA:37,0
DA:38,0
DA:39,0
DA:40,0
DA:42,0
DA:43,0
DA:44,0
DA:45,0
DA:47,0
DA:48,0
DA:49,0
DA:53,0
DA:54,0
DA:58,0
DA:59,0
DA:63,0
DA:64,0
DA:68,0
DA:69,0
DA:72,0
DA:73,0
DA:74,0
DA:76,0
DA:77,0
DA:78,0
DA:81,0
DA:82,0
DA:83,0
DA:85,0
DA:86,0
DA:87,0
DA:88,0
DA:89,0
DA:90,0
DA:91,0
DA:92,0
DA:93,0
DA:94,0
DA:96,0
DA:97,0
DA:98,0
DA:99,0
DA:100,0
DA:102,0
DA:105,0
DA:112,0
DA:113,0
DA:114,0
DA:115,0
DA:116,0
DA:117,0
DA:121,0
DA:122,0
DA:126,0
DA:129,0
DA:130,0
DA:131,0
DA:135,0
DA:136,0
DA:137,0
DA:138,0
DA:139,0
DA:140,0
DA:144,0
LF:68
LH:0
BRDA:25,0,0,0
BRDA:25,0,1,0
BRDA:31,1,0,0
BRDA:32,2,0,0
BRDA:47,3,0,0
BRDA:48,4,0,0
BRDA:48,4,1,0
BRDA:69,5,0,0
BRDA:69,5,1,0
BRDA:85,6,0,0
BRDA:85,6,1,0
BRDA:85,7,0,0
BRDA:85,7,1,0
BRDA:89,8,0,0
BRDA:89,8,1,0
BRDA:91,9,0,0
BRDA:91,9,1,0
BRDA:96,10,0,0
BRDA:96,10,1,0
BRDA:102,11,0,0
BRDA:102,11,1,0
BRDA:115,12,0,0
BRDA:115,12,1,0
BRDA:130,13,0,0
BRDA:130,13,1,0
BRF:25
BRH:0
end_of_record
TN:
SF:src\crochets\utiliser-websocket.ts
FN:58,utiliserWebSocket
FN:84,(anonymous_1)
FN:88,(anonymous_2)
FN:95,(anonymous_3)
FN:97,(anonymous_4)
FN:104,(anonymous_5)
FN:114,(anonymous_6)
FN:121,(anonymous_7)
FN:132,(anonymous_8)
FN:133,(anonymous_9)
FN:142,(anonymous_10)
FN:143,(anonymous_11)
FN:163,(anonymous_12)
FN:183,(anonymous_13)
FN:191,(anonymous_14)
FN:198,(anonymous_15)
FN:204,(anonymous_16)
FN:227,(anonymous_17)
FN:233,(anonymous_18)
FN:246,(anonymous_19)
FN:261,(anonymous_20)
FNF:21
FNH:7
FNDA:5,utiliserWebSocket
FNDA:5,(anonymous_1)
FNDA:3,(anonymous_2)
FNDA:0,(anonymous_3)
FNDA:0,(anonymous_4)
FNDA:2,(anonymous_5)
FNDA:0,(anonymous_6)
FNDA:0,(anonymous_7)
FNDA:0,(anonymous_8)
FNDA:0,(anonymous_9)
FNDA:0,(anonymous_10)
FNDA:0,(anonymous_11)
FNDA:0,(anonymous_12)
FNDA:0,(anonymous_13)
FNDA:3,(anonymous_14)
FNDA:0,(anonymous_15)
FNDA:0,(anonymous_16)
FNDA:3,(anonymous_17)
FNDA:3,(anonymous_18)
FNDA:0,(anonymous_19)
FNDA:0,(anonymous_20)
DA:1,1
DA:68,5
DA:69,5
DA:70,5
DA:71,5
DA:72,5
DA:74,5
DA:75,5
DA:76,5
DA:77,5
DA:78,5
DA:79,5
DA:80,5
DA:81,5
DA:84,5
DA:85,5
DA:88,5
DA:89,3
DA:90,0
DA:91,0
DA:95,5
DA:96,0
DA:97,0
DA:98,0
DA:99,0
DA:104,5
DA:105,2
DA:108,2
DA:109,0
DA:112,2
DA:114,2
DA:115,0
DA:116,0
DA:117,0
DA:118,0
DA:121,2
DA:122,0
DA:123,0
DA:124,0
DA:127,0
DA:129,0
DA:130,0
DA:132,0
DA:133,0
DA:140,0
DA:142,0
DA:143,0
DA:145,0
DA:148,0
DA:150,0
DA:154,0
DA:155,0
DA:156,0
DA:163,2
DA:164,0
DA:165,0
DA:168,0
DA:169,0
DA:170,0
DA:171,0
DA:172,0
DA:174,0
DA:175,0
DA:176,0
DA:178,0
DA:179,0
DA:183,2
DA:184,0
DA:187,2
DA:191,5
DA:192,3
DA:193,0
DA:194,0
DA:198,5
DA:199,0
DA:200,0
DA:202,0
DA:204,0
DA:205,0
DA:206,0
DA:207,0
DA:208,0
DA:209,0
DA:210,0
DA:211,0
DA:212,0
DA:213,0
DA:214,0
DA:222,0
DA:223,0
DA:227,5
DA:228,3
DA:229,2
DA:230,2
DA:233,3
DA:234,3
DA:235,3
DA:236,3
DA:237,0
DA:239,3
DA:240,2
DA:241,2
DA:246,5
DA:247,0
DA:249,0
DA:251,0
DA:252,0
DA:253,0
DA:255,0
DA:257,0
DA:263,0
DA:267,0
DA:271,5
LF:113
LH:44
BRDA:60,0,0,5
BRDA:61,1,0,5
BRDA:62,2,0,5
BRDA:63,3,0,5
BRDA:64,4,0,5
BRDA:65,5,0,5
BRDA:66,6,0,5
BRDA:89,7,0,0
BRDA:89,7,1,3
BRDA:98,8,0,0
BRDA:98,8,1,0
BRDA:105,9,0,0
BRDA:105,9,1,2
BRDA:108,10,0,0
BRDA:108,10,1,2
BRDA:127,11,0,0
BRDA:127,11,1,0
BRDA:127,11,2,0
BRDA:127,11,3,0
BRDA:127,11,4,0
BRDA:129,12,0,0
BRDA:129,12,1,0
BRDA:155,13,0,0
BRDA:155,13,1,0
BRDA:168,14,0,0
BRDA:168,14,1,0
BRDA:172,15,0,0
BRDA:172,15,1,0
BRDA:192,16,0,0
BRDA:192,16,1,3
BRDA:199,17,0,0
BRDA:199,17,1,0
BRDA:207,18,0,0
BRDA:207,18,1,0
BRDA:209,19,0,0
BRDA:209,19,1,0
BRDA:210,20,0,0
BRDA:210,20,1,0
BRDA:211,21,0,0
BRDA:211,21,1,0
BRDA:214,22,0,0
BRDA:214,22,1,0
BRDA:228,23,0,2
BRDA:228,23,1,1
BRDA:236,24,0,0
BRDA:236,24,1,3
BRDA:239,25,0,2
BRDA:239,25,1,1
BRDA:247,26,0,0
BRDA:247,26,1,0
BRDA:255,27,0,0
BRDA:255,27,1,0
BRDA:255,28,0,0
BRDA:255,28,1,0
BRF:54
BRH:16
end_of_record
TN:
SF:src\magasins\store-auth.ts
FN:17,(anonymous_0)
FN:21,(anonymous_1)
FN:23,(anonymous_2)
FN:24,(anonymous_3)
FNF:4
FNH:4
FNDA:7,(anonymous_0)
FNDA:17,(anonymous_1)
FNDA:4,(anonymous_2)
FNDA:13,(anonymous_3)
DA:17,7
DA:22,17
DA:23,4
DA:25,13
LF:4
LH:4
BRF:0
BRH:0
end_of_record
TN:
SF:src\magasins\store-maison.ts
FN:34,(anonymous_0)
FN:39,(anonymous_1)
FN:40,(anonymous_2)
FN:53,(anonymous_3)
FN:54,(anonymous_4)
FN:60,(anonymous_5)
FN:61,(anonymous_6)
FN:68,(anonymous_7)
FN:69,(anonymous_8)
FN:71,(anonymous_9)
FN:72,(anonymous_10)
FN:74,(anonymous_11)
FN:78,(anonymous_12)
FN:83,(anonymous_13)
FNF:14
FNH:0
FNDA:0,(anonymous_0)
FNDA:0,(anonymous_1)
FNDA:0,(anonymous_2)
FNDA:0,(anonymous_3)
FNDA:0,(anonymous_4)
FNDA:0,(anonymous_5)
FNDA:0,(anonymous_6)
FNDA:0,(anonymous_7)
FNDA:0,(anonymous_8)
FNDA:0,(anonymous_9)
FNDA:0,(anonymous_10)
FNDA:0,(anonymous_11)
FNDA:0,(anonymous_12)
FNDA:0,(anonymous_13)
DA:33,0
DA:35,0
DA:40,0
DA:54,0
DA:55,0
DA:56,0
DA:57,0
DA:61,0
DA:69,0
DA:72,0
DA:74,0
DA:78,0
DA:83,0
LF:13
LH:0
BRDA:73,0,0,0
BRDA:73,0,1,0
BRF:2
BRH:0
end_of_record
TN:
SF:src\magasins\store-notifications.ts
FN:28,chargerPrefs
FN:56,(anonymous_1)
FN:60,(anonymous_2)
FN:62,(anonymous_3)
FN:69,(anonymous_4)
FN:70,(anonymous_5)
FN:71,(anonymous_6)
FN:76,(anonymous_7)
FN:77,(anonymous_8)
FN:77,(anonymous_9)
FN:78,(anonymous_10)
FN:79,(anonymous_11)
FN:80,(anonymous_12)
FNF:13
FNH:13
FNDA:2,chargerPrefs
FNDA:2,(anonymous_1)
FNDA:22,(anonymous_2)
FNDA:22,(anonymous_3)
FNDA:2,(anonymous_4)
FNDA:2,(anonymous_5)
FNDA:2,(anonymous_6)
FNDA:2,(anonymous_7)
FNDA:2,(anonymous_8)
FNDA:2,(anonymous_9)
FNDA:15,(anonymous_10)
FNDA:2,(anonymous_11)
FNDA:2,(anonymous_12)
DA:7,2
DA:26,2
DA:29,2
DA:30,0
DA:33,2
DA:34,2
DA:35,2
DA:36,2
DA:38,0
DA:43,0
DA:47,2
DA:48,2
DA:50,0
DA:54,2
DA:56,2
DA:61,22
DA:62,22
DA:66,22
DA:67,22
DA:68,22
DA:69,17
DA:70,2
DA:71,2
DA:77,2
DA:78,15
DA:80,2
DA:81,2
DA:92,2
DA:93,2
DA:96,2
LF:30
LH:26
BRDA:29,0,0,0
BRDA:29,0,1,2
BRDA:35,1,0,2
BRDA:35,1,1,0
BRDA:43,2,0,0
BRDA:43,2,1,0
BRDA:43,3,0,0
BRDA:43,3,1,0
BRDA:43,3,2,0
BRDA:47,4,0,0
BRDA:47,4,1,0
BRDA:67,5,0,22
BRDA:67,5,1,5
BRDA:68,6,0,17
BRDA:68,6,1,5
BRDA:83,7,0,2
BRDA:83,7,1,0
BRDA:83,8,0,2
BRDA:83,8,1,2
BRDA:83,8,2,2
BRDA:87,9,0,1
BRDA:87,9,1,1
BRDA:92,10,0,2
BRDA:92,10,1,0
BRF:24
BRH:13
end_of_record
TN:
SF:src\magasins\store-ui.ts
FN:21,(anonymous_0)
FN:26,(anonymous_1)
FN:26,(anonymous_2)
FN:27,(anonymous_3)
FN:28,(anonymous_4)
FN:28,(anonymous_5)
FN:29,(anonymous_6)
FN:30,(anonymous_7)
FN:35,(anonymous_8)
FNF:9
FNH:9
FNDA:4,(anonymous_0)
FNDA:5,(anonymous_1)
FNDA:5,(anonymous_2)
FNDA:4,(anonymous_3)
FNDA:2,(anonymous_4)
FNDA:2,(anonymous_5)
FNDA:2,(anonymous_6)
FNDA:8,(anonymous_7)
FNDA:33,(anonymous_8)
DA:20,4
DA:22,4
DA:26,5
DA:27,4
DA:28,2
DA:29,2
DA:30,8
DA:35,33
LF:8
LH:8
BRF:0
BRH:0
end_of_record
TN:
SF:src\types\anti-gaspillage.ts
FNF:0
FNH:0
LF:0
LH:0
BRF:0
BRH:0
end_of_record
TN:
SF:src\types\api.ts
FNF:0
FNH:0
LF:0
LH:0
BRF:0
BRH:0
end_of_record
TN:
SF:src\types\batch-cooking.ts
FNF:0
FNH:0
LF:0
LH:0
BRF:0
BRH:0
end_of_record
TN:
SF:src\types\courses.ts
FNF:0
FNH:0
LF:0
LH:0
BRF:0
BRH:0
end_of_record
TN:
SF:src\types\famille.ts
FNF:0
FNH:0
LF:0
LH:0
BRF:0
BRH:0
end_of_record
TN:
SF:src\types\habitat.ts
FNF:0
FNH:0
LF:0
LH:0
BRF:0
BRH:0
end_of_record
TN:
SF:src\types\ia_avancee.ts
FNF:0
FNH:0
LF:0
LH:0
BRF:0
BRH:0
end_of_record
TN:
SF:src\types\inventaire.ts
FNF:0
FNH:0
LF:0
LH:0
BRF:0
BRH:0
end_of_record
TN:
SF:src\types\jeux.ts
FNF:0
FNH:0
LF:0
LH:0
BRF:0
BRH:0
end_of_record
TN:
SF:src\types\maison.ts
FNF:0
FNH:0
LF:0
LH:0
BRF:0
BRH:0
end_of_record
TN:
SF:src\types\outils.ts
FNF:0
FNH:0
LF:0
LH:0
BRF:0
BRH:0
end_of_record
TN:
SF:src\types\planning.ts
FNF:0
FNH:0
LF:0
LH:0
BRF:0
BRH:0
end_of_record
TN:
SF:src\types\recettes.ts
FNF:0
FNH:0
LF:0
LH:0
BRF:0
BRH:0
end_of_record
