TN:
SF:src\app\(app)\page.tsx
FN:72,(anonymous_0)
FN:73,(anonymous_1)
FN:76,(anonymous_2)
FN:80,(anonymous_3)
FN:81,(anonymous_4)
FN:84,(anonymous_5)
FN:88,(anonymous_6)
FN:89,(anonymous_7)
FN:92,(anonymous_8)
FN:96,(anonymous_9)
FN:97,(anonymous_10)
FN:100,(anonymous_11)
FN:173,obtenirStyleActionDashboard
FN:187,PageAccueil
FN:202,(anonymous_14)
FN:212,(anonymous_15)
FN:242,(anonymous_16)
FN:247,(anonymous_17)
FN:268,obtenirLundiCourant
FN:277,(anonymous_19)
FN:286,(anonymous_20)
FN:288,(anonymous_21)
FN:295,(anonymous_22)
FN:297,(anonymous_23)
FN:303,(anonymous_24)
FN:305,(anonymous_25)
FN:311,(anonymous_26)
FN:314,(anonymous_27)
FN:323,(anonymous_28)
FN:331,(anonymous_29)
FN:334,(anonymous_30)
FN:337,(anonymous_31)
FN:344,(anonymous_32)
FN:371,(anonymous_33)
FN:374,(anonymous_34)
FN:381,(anonymous_35)
FN:389,(anonymous_36)
FN:396,(anonymous_37)
FN:406,(anonymous_38)
FN:410,(anonymous_39)
FN:418,(anonymous_40)
FN:440,(anonymous_41)
FN:444,(anonymous_42)
FN:447,chargerMeteo
FN:467,(anonymous_44)
FN:472,(anonymous_45)
FN:476,(anonymous_46)
FN:481,(anonymous_47)
FN:484,(anonymous_48)
FN:498,classeTour
FN:505,terminerOnboarding
FN:510,basculerWidget
FN:537,(anonymous_52)
FN:537,(anonymous_53)
FN:546,(anonymous_54)
FN:567,(anonymous_55)
FN:572,(anonymous_56)
FN:587,(anonymous_57)
FN:595,(anonymous_58)
FN:637,(anonymous_59)
FN:658,(anonymous_60)
FN:688,(anonymous_61)
FN:692,(anonymous_62)
FN:703,(anonymous_63)
FN:707,(anonymous_64)
FN:720,(anonymous_65)
FN:770,(anonymous_66)
FN:819,(anonymous_67)
FN:849,(anonymous_68)
FN:927,(anonymous_69)
FN:1008,(anonymous_70)
FN:1106,(anonymous_71)
FN:1133,(anonymous_72)
FN:1138,(anonymous_73)
FN:1165,(anonymous_74)
FN:1184,(anonymous_75)
FN:1207,(anonymous_76)
FN:1258,(anonymous_77)
FN:1260,(anonymous_78)
FN:1339,(anonymous_79)
FN:1339,(anonymous_80)
FN:1344,(anonymous_81)
FN:1344,(anonymous_82)
FN:1360,LoaderCard
FN:1369,CarteMetrique
FN:1425,extraireArticleDepuisRappel
FN:1438,RappelCard
FNF:87
FNH:36
FNDA:1,(anonymous_0)
FNDA:0,(anonymous_1)
FNDA:8,(anonymous_2)
FNDA:1,(anonymous_3)
FNDA:0,(anonymous_4)
FNDA:32,(anonymous_5)
FNDA:1,(anonymous_6)
FNDA:1,(anonymous_7)
FNDA:8,(anonymous_8)
FNDA:0,(anonymous_9)
FNDA:0,(anonymous_10)
FNDA:0,(anonymous_11)
FNDA:8,obtenirStyleActionDashboard
FNDA:8,PageAccueil
FNDA:0,(anonymous_14)
FNDA:0,(anonymous_15)
FNDA:0,(anonymous_16)
FNDA:16,(anonymous_17)
FNDA:0,obtenirLundiCourant
FNDA:4,(anonymous_19)
FNDA:4,(anonymous_20)
FNDA:4,(anonymous_21)
FNDA:4,(anonymous_22)
FNDA:4,(anonymous_23)
FNDA:4,(anonymous_24)
FNDA:4,(anonymous_25)
FNDA:0,(anonymous_26)
FNDA:0,(anonymous_27)
FNDA:0,(anonymous_28)
FNDA:0,(anonymous_29)
FNDA:0,(anonymous_30)
FNDA:0,(anonymous_31)
FNDA:0,(anonymous_32)
FNDA:0,(anonymous_33)
FNDA:0,(anonymous_34)
FNDA:0,(anonymous_35)
FNDA:0,(anonymous_36)
FNDA:0,(anonymous_37)
FNDA:0,(anonymous_38)
FNDA:0,(anonymous_39)
FNDA:8,(anonymous_40)
FNDA:4,(anonymous_41)
FNDA:4,(anonymous_42)
FNDA:4,chargerMeteo
FNDA:4,(anonymous_44)
FNDA:4,(anonymous_45)
FNDA:0,(anonymous_46)
FNDA:4,(anonymous_47)
FNDA:4,(anonymous_48)
FNDA:32,classeTour
FNDA:0,terminerOnboarding
FNDA:0,basculerWidget
FNDA:0,(anonymous_52)
FNDA:0,(anonymous_53)
FNDA:0,(anonymous_54)
FNDA:0,(anonymous_55)
FNDA:0,(anonymous_56)
FNDA:0,(anonymous_57)
FNDA:0,(anonymous_58)
FNDA:0,(anonymous_59)
FNDA:0,(anonymous_60)
FNDA:0,(anonymous_61)
FNDA:8,(anonymous_62)
FNDA:0,(anonymous_63)
FNDA:8,(anonymous_64)
FNDA:8,(anonymous_65)
FNDA:8,(anonymous_66)
FNDA:8,(anonymous_67)
FNDA:0,(anonymous_68)
FNDA:8,(anonymous_69)
FNDA:0,(anonymous_70)
FNDA:8,(anonymous_71)
FNDA:0,(anonymous_72)
FNDA:0,(anonymous_73)
FNDA:0,(anonymous_74)
FNDA:0,(anonymous_75)
FNDA:0,(anonymous_76)
FNDA:16,(anonymous_77)
FNDA:24,(anonymous_78)
FNDA:0,(anonymous_79)
FNDA:0,(anonymous_80)
FNDA:0,(anonymous_81)
FNDA:0,(anonymous_82)
FNDA:0,LoaderCard
FNDA:32,CarteMetrique
FNDA:0,extraireArticleDepuisRappel
FNDA:0,RappelCard
DA:5,1
DA:72,1
DA:73,1
DA:76,8
DA:80,1
DA:81,1
DA:84,32
DA:88,1
DA:89,1
DA:92,8
DA:96,1
DA:97,0
DA:100,0
DA:104,1
DA:145,1
DA:174,8
DA:175,8
DA:176,8
DA:178,0
DA:179,0
DA:181,0
DA:182,0
DA:184,0
DA:188,8
DA:189,8
DA:190,8
DA:191,8
DA:192,8
DA:193,8
DA:194,8
DA:198,8
DA:199,8
DA:200,8
DA:203,0
DA:204,0
DA:207,8
DA:211,8
DA:212,0
DA:215,8
DA:219,8
DA:223,8
DA:228,8
DA:232,8
DA:237,8
DA:241,8
DA:242,0
DA:247,8
DA:248,16
DA:251,8
DA:252,8
DA:253,8
DA:254,8
DA:255,8
DA:256,8
DA:257,8
DA:258,8
DA:259,8
DA:260,8
DA:262,8
DA:263,8
DA:269,0
DA:270,0
DA:271,0
DA:272,0
DA:273,0
DA:274,0
DA:277,8
DA:278,4
DA:286,8
DA:287,4
DA:288,4
DA:289,4
DA:290,4
DA:291,4
DA:295,8
DA:296,4
DA:297,4
DA:298,4
DA:300,4
DA:303,8
DA:304,4
DA:305,4
DA:306,4
DA:308,4
DA:311,8
DA:312,0
DA:320,8
DA:329,8
DA:331,0
DA:335,0
DA:338,0
DA:343,8
DA:345,0
DA:351,0
DA:353,0
DA:354,0
DA:357,0
DA:360,0
DA:361,0
DA:364,0
DA:372,0
DA:375,0
DA:380,8
DA:382,0
DA:383,0
DA:384,0
DA:386,0
DA:390,0
DA:395,8
DA:397,0
DA:398,0
DA:399,0
DA:403,0
DA:407,0
DA:408,0
DA:411,0
DA:416,8
DA:418,8
DA:419,8
DA:420,0
DA:423,8
DA:424,8
DA:425,8
DA:428,0
DA:429,0
DA:430,0
DA:431,0
DA:432,0
DA:435,0
DA:436,0
DA:437,0
DA:440,8
DA:441,4
DA:444,8
DA:445,4
DA:448,4
DA:449,4
DA:450,4
DA:451,0
DA:452,0
DA:453,4
DA:454,0
DA:462,0
DA:466,4
DA:467,4
DA:468,4
DA:472,8
DA:473,4
DA:474,0
DA:476,4
DA:477,0
DA:478,0
DA:481,4
DA:484,8
DA:485,4
DA:486,4
DA:489,0
DA:490,0
DA:491,0
DA:492,0
DA:496,8
DA:499,32
DA:500,32
DA:502,0
DA:506,0
DA:507,0
DA:511,0
DA:512,0
DA:513,0
DA:514,0
DA:515,0
DA:522,8
DA:537,0
DA:547,0
DA:548,0
DA:568,0
DA:572,0
DA:588,0
DA:589,0
DA:596,0
DA:638,0
DA:659,0
DA:688,0
DA:693,8
DA:703,0
DA:708,8
DA:722,8
DA:725,8
DA:729,8
DA:771,8
DA:820,8
DA:850,0
DA:928,8
DA:1008,0
DA:1107,8
DA:1134,0
DA:1138,0
DA:1166,0
DA:1167,0
DA:1168,0
DA:1171,0
DA:1185,0
DA:1186,0
DA:1187,0
DA:1199,0
DA:1200,0
DA:1203,0
DA:1208,0
DA:1209,0
DA:1258,16
DA:1261,24
DA:1339,0
DA:1344,0
DA:1361,0
DA:1386,32
DA:1418,1
DA:1426,0
DA:1427,0
DA:1429,0
DA:1430,0
DA:1431,0
DA:1432,0
DA:1433,0
DA:1435,0
DA:1447,0
DA:1448,0
LF:226
LH:114
BRDA:174,0,0,8
BRDA:174,0,1,0
BRDA:175,1,0,8
BRDA:175,1,1,0
BRDA:175,2,0,8
BRDA:175,2,1,8
BRDA:175,2,2,8
BRDA:178,3,0,0
BRDA:178,3,1,0
BRDA:178,4,0,0
BRDA:178,4,1,0
BRDA:181,5,0,0
BRDA:181,5,1,0
BRDA:247,6,0,8
BRDA:247,6,1,0
BRDA:248,7,0,16
BRDA:248,7,1,8
BRDA:271,8,0,0
BRDA:271,8,1,0
BRDA:281,9,0,4
BRDA:281,9,1,0
BRDA:287,10,0,4
BRDA:287,10,1,0
BRDA:289,11,0,4
BRDA:289,11,1,0
BRDA:289,12,0,0
BRDA:289,12,1,0
BRDA:290,13,0,4
BRDA:290,13,1,0
BRDA:290,14,0,0
BRDA:290,14,1,0
BRDA:291,15,0,4
BRDA:291,15,1,4
BRDA:297,16,0,4
BRDA:297,16,1,0
BRDA:298,17,0,4
BRDA:298,17,1,0
BRDA:305,18,0,4
BRDA:305,18,1,0
BRDA:306,19,0,4
BRDA:306,19,1,0
BRDA:353,20,0,0
BRDA:353,20,1,0
BRDA:360,21,0,0
BRDA:360,21,1,0
BRDA:383,22,0,0
BRDA:383,22,1,0
BRDA:416,23,0,8
BRDA:416,23,1,8
BRDA:419,24,0,0
BRDA:419,24,1,8
BRDA:424,25,0,8
BRDA:424,25,1,0
BRDA:429,26,0,0
BRDA:429,26,1,0
BRDA:450,27,0,4
BRDA:450,27,1,0
BRDA:453,28,0,0
BRDA:453,28,1,4
BRDA:453,29,0,4
BRDA:453,29,1,0
BRDA:455,30,0,0
BRDA:455,30,1,0
BRDA:456,31,0,4
BRDA:456,31,1,0
BRDA:457,32,0,4
BRDA:457,32,1,0
BRDA:458,33,0,4
BRDA:458,33,1,0
BRDA:459,34,0,4
BRDA:459,34,1,0
BRDA:462,35,0,0
BRDA:462,35,1,0
BRDA:473,36,0,0
BRDA:473,36,1,4
BRDA:473,37,0,4
BRDA:473,37,1,4
BRDA:485,38,0,4
BRDA:485,38,1,0
BRDA:491,39,0,0
BRDA:491,39,1,0
BRDA:499,40,0,32
BRDA:499,40,1,0
BRDA:499,41,0,32
BRDA:499,41,1,0
BRDA:517,42,0,0
BRDA:517,42,1,0
BRDA:528,43,0,8
BRDA:528,43,1,0
BRDA:556,44,0,8
BRDA:556,44,1,0
BRDA:604,45,0,8
BRDA:604,45,1,8
BRDA:604,45,2,0
BRDA:627,46,0,8
BRDA:627,46,1,8
BRDA:627,46,2,8
BRDA:627,46,3,0
BRDA:650,47,0,8
BRDA:650,47,1,8
BRDA:650,47,2,8
BRDA:650,47,3,0
BRDA:673,48,0,8
BRDA:673,48,1,8
BRDA:715,49,0,0
BRDA:715,49,1,8
BRDA:715,50,0,8
BRDA:715,50,1,8
BRDA:717,51,0,0
BRDA:717,51,1,8
BRDA:722,52,0,8
BRDA:722,52,1,0
BRDA:723,53,0,0
BRDA:723,53,1,0
BRDA:723,54,0,0
BRDA:723,54,1,0
BRDA:723,55,0,0
BRDA:723,55,1,0
BRDA:725,56,0,8
BRDA:725,56,1,0
BRDA:725,57,0,8
BRDA:725,57,1,8
BRDA:739,58,0,8
BRDA:739,58,1,0
BRDA:741,59,0,8
BRDA:741,59,1,0
BRDA:744,60,0,8
BRDA:744,60,1,0
BRDA:757,61,0,8
BRDA:757,61,1,8
BRDA:757,61,2,8
BRDA:783,62,0,8
BRDA:783,62,1,0
BRDA:798,63,0,8
BRDA:798,63,1,8
BRDA:798,63,2,8
BRDA:817,64,0,8
BRDA:817,64,1,8
BRDA:829,65,0,8
BRDA:829,65,1,8
BRDA:829,65,2,0
BRDA:840,66,0,0
BRDA:840,66,1,0
BRDA:846,67,0,0
BRDA:846,67,1,0
BRDA:859,68,0,8
BRDA:859,68,1,8
BRDA:859,68,2,8
BRDA:869,69,0,8
BRDA:869,69,1,0
BRDA:886,70,0,8
BRDA:886,70,1,8
BRDA:889,71,0,8
BRDA:889,71,1,0
BRDA:897,72,0,8
BRDA:897,72,1,8
BRDA:897,72,2,8
BRDA:939,73,0,8
BRDA:939,73,1,8
BRDA:944,74,0,8
BRDA:944,74,1,0
BRDA:949,75,0,8
BRDA:949,75,1,0
BRDA:950,76,0,8
BRDA:950,76,1,0
BRDA:951,77,0,8
BRDA:951,77,1,0
BRDA:956,78,0,8
BRDA:956,78,1,0
BRDA:961,79,0,8
BRDA:961,79,1,0
BRDA:962,80,0,8
BRDA:962,80,1,0
BRDA:963,81,0,8
BRDA:963,81,1,0
BRDA:968,82,0,8
BRDA:968,82,1,0
BRDA:973,83,0,8
BRDA:973,83,1,0
BRDA:974,84,0,8
BRDA:974,84,1,0
BRDA:975,85,0,8
BRDA:975,85,1,0
BRDA:980,86,0,8
BRDA:980,86,1,0
BRDA:984,87,0,8
BRDA:984,87,1,0
BRDA:986,88,0,8
BRDA:986,88,1,0
BRDA:987,89,0,8
BRDA:987,89,1,0
BRDA:988,90,0,8
BRDA:988,90,1,0
BRDA:996,91,0,8
BRDA:996,91,1,8
BRDA:1011,92,0,0
BRDA:1011,92,1,8
BRDA:1074,93,0,8
BRDA:1074,93,1,8
BRDA:1074,93,2,8
BRDA:1095,94,0,8
BRDA:1095,94,1,0
BRDA:1095,95,0,8
BRDA:1095,95,1,8
BRDA:1110,96,0,0
BRDA:1110,96,1,8
BRDA:1123,97,0,8
BRDA:1123,97,1,8
BRDA:1123,97,2,8
BRDA:1123,97,3,0
BRDA:1141,98,0,0
BRDA:1141,98,1,0
BRDA:1152,99,0,8
BRDA:1152,99,1,8
BRDA:1162,100,0,8
BRDA:1162,100,1,0
BRDA:1173,101,0,0
BRDA:1173,101,1,0
BRDA:1176,102,0,0
BRDA:1176,102,1,0
BRDA:1182,103,0,0
BRDA:1182,103,1,0
BRDA:1183,104,0,0
BRDA:1183,104,1,0
BRDA:1185,105,0,0
BRDA:1185,105,1,0
BRDA:1189,106,0,0
BRDA:1189,106,1,0
BRDA:1194,107,0,0
BRDA:1194,107,1,0
BRDA:1199,108,0,0
BRDA:1199,108,1,0
BRDA:1199,109,0,0
BRDA:1199,109,1,0
BRDA:1200,110,0,0
BRDA:1200,110,1,0
BRDA:1233,111,0,8
BRDA:1233,111,1,8
BRDA:1233,111,2,8
BRDA:1245,112,0,8
BRDA:1245,112,1,0
BRDA:1248,113,0,8
BRDA:1248,113,1,8
BRDA:1249,114,0,8
BRDA:1249,114,1,0
BRDA:1250,115,0,8
BRDA:1250,115,1,0
BRDA:1255,116,0,8
BRDA:1255,116,1,8
BRDA:1285,117,0,8
BRDA:1285,117,1,0
BRDA:1288,118,0,8
BRDA:1288,118,1,0
BRDA:1302,119,0,8
BRDA:1302,119,1,8
BRDA:1302,119,2,8
BRDA:1327,120,0,8
BRDA:1327,120,1,0
BRDA:1343,121,0,0
BRDA:1343,121,1,0
BRDA:1388,122,0,8
BRDA:1388,122,1,24
BRDA:1396,123,0,0
BRDA:1396,123,1,32
BRDA:1400,124,0,8
BRDA:1400,124,1,24
BRDA:1403,125,0,32
BRDA:1403,125,1,32
BRDA:1403,125,2,32
BRDA:1406,126,0,8
BRDA:1406,126,1,24
BRDA:1426,127,0,0
BRDA:1426,127,1,0
BRDA:1429,128,0,0
BRDA:1429,128,1,0
BRDA:1431,129,0,0
BRDA:1431,129,1,0
BRDA:1433,130,0,0
BRDA:1433,130,1,0
BRDA:1447,131,0,0
BRDA:1447,131,1,0
BRDA:1458,132,0,0
BRDA:1458,132,1,0
BRDA:1463,133,0,0
BRDA:1463,133,1,0
BRDA:1463,133,2,0
BRF:286
BRH:140
end_of_record
TN:
SF:src\app\(app)\admin\page.tsx
FN:149,PageAdmin
FN:172,(anonymous_1)
FN:183,(anonymous_2)
FN:191,(anonymous_3)
FN:199,(anonymous_4)
FN:207,(anonymous_5)
FN:215,(anonymous_6)
FN:224,(anonymous_7)
FN:228,(anonymous_8)
FN:247,(anonymous_9)
FN:262,(anonymous_10)
FN:303,(anonymous_11)
FN:316,(anonymous_12)
FN:332,(anonymous_13)
FN:338,(anonymous_14)
FN:357,(anonymous_15)
FN:383,(anonymous_16)
FN:516,(anonymous_17)
FN:541,(anonymous_18)
FN:569,(anonymous_19)
FN:586,(anonymous_20)
FN:612,(anonymous_21)
FN:622,(anonymous_22)
FN:652,(anonymous_23)
FN:687,(anonymous_24)
FN:687,(anonymous_25)
FN:689,(anonymous_26)
FN:689,(anonymous_27)
FN:750,(anonymous_28)
FN:772,(anonymous_29)
FN:783,(anonymous_30)
FN:836,(anonymous_31)
FN:873,(anonymous_32)
FN:900,(anonymous_33)
FN:941,(anonymous_34)
FNF:35
FNH:0
FNDA:0,PageAdmin
FNDA:0,(anonymous_1)
FNDA:0,(anonymous_2)
FNDA:0,(anonymous_3)
FNDA:0,(anonymous_4)
FNDA:0,(anonymous_5)
FNDA:0,(anonymous_6)
FNDA:0,(anonymous_7)
FNDA:0,(anonymous_8)
FNDA:0,(anonymous_9)
FNDA:0,(anonymous_10)
FNDA:0,(anonymous_11)
FNDA:0,(anonymous_12)
FNDA:0,(anonymous_13)
FNDA:0,(anonymous_14)
FNDA:0,(anonymous_15)
FNDA:0,(anonymous_16)
FNDA:0,(anonymous_17)
FNDA:0,(anonymous_18)
FNDA:0,(anonymous_19)
FNDA:0,(anonymous_20)
FNDA:0,(anonymous_21)
FNDA:0,(anonymous_22)
FNDA:0,(anonymous_23)
FNDA:0,(anonymous_24)
FNDA:0,(anonymous_25)
FNDA:0,(anonymous_26)
FNDA:0,(anonymous_27)
FNDA:0,(anonymous_28)
FNDA:0,(anonymous_29)
FNDA:0,(anonymous_30)
FNDA:0,(anonymous_31)
FNDA:0,(anonymous_32)
FNDA:0,(anonymous_33)
FNDA:0,(anonymous_34)
DA:5,0
DA:144,0
DA:150,0
DA:151,0
DA:152,0
DA:153,0
DA:155,0
DA:156,0
DA:157,0
DA:158,0
DA:159,0
DA:161,0
DA:162,0
DA:163,0
DA:164,0
DA:165,0
DA:166,0
DA:167,0
DA:168,0
DA:170,0
DA:173,0
DA:174,0
DA:175,0
DA:176,0
DA:177,0
DA:181,0
DA:184,0
DA:185,0
DA:189,0
DA:192,0
DA:193,0
DA:197,0
DA:200,0
DA:201,0
DA:205,0
DA:208,0
DA:209,0
DA:213,0
DA:216,0
DA:217,0
DA:222,0
DA:224,0
DA:228,0
DA:229,0
DA:230,0
DA:231,0
DA:232,0
DA:237,0
DA:238,0
DA:239,0
DA:241,0
DA:243,0
DA:247,0
DA:248,0
DA:249,0
DA:250,0
DA:251,0
DA:254,0
DA:256,0
DA:258,0
DA:262,0
DA:263,0
DA:264,0
DA:265,0
DA:268,0
DA:269,0
DA:270,0
DA:271,0
DA:276,0
DA:277,0
DA:278,0
DA:279,0
DA:281,0
DA:290,0
DA:291,0
DA:292,0
DA:295,0
DA:297,0
DA:299,0
DA:303,0
DA:304,0
DA:305,0
DA:306,0
DA:307,0
DA:308,0
DA:309,0
DA:310,0
DA:311,0
DA:312,0
DA:313,0
DA:316,0
DA:317,0
DA:318,0
DA:319,0
DA:320,0
DA:321,0
DA:322,0
DA:323,0
DA:324,0
DA:325,0
DA:326,0
DA:329,0
DA:332,0
DA:335,0
DA:338,0
DA:341,0
DA:357,0
DA:384,0
DA:517,0
DA:542,0
DA:570,0
DA:587,0
DA:612,0
DA:622,0
DA:653,0
DA:687,0
DA:689,0
DA:750,0
DA:772,0
DA:783,0
DA:836,0
DA:874,0
DA:900,0
DA:942,0
LF:124
LH:0
BRDA:174,0,0,0
BRDA:174,0,1,0
BRDA:175,1,0,0
BRDA:175,1,1,0
BRDA:234,2,0,0
BRDA:234,2,1,0
BRDA:237,3,0,0
BRDA:237,3,1,0
BRDA:237,4,0,0
BRDA:237,4,1,0
BRDA:254,5,0,0
BRDA:254,5,1,0
BRDA:263,6,0,0
BRDA:263,6,1,0
BRDA:276,7,0,0
BRDA:276,7,1,0
BRDA:278,8,0,0
BRDA:278,8,1,0
BRDA:284,9,0,0
BRDA:284,9,1,0
BRDA:285,10,0,0
BRDA:285,10,1,0
BRDA:287,11,0,0
BRDA:287,11,1,0
BRDA:305,12,0,0
BRDA:305,12,1,0
BRDA:306,13,0,0
BRDA:306,13,1,0
BRDA:318,14,0,0
BRDA:318,14,1,0
BRDA:319,15,0,0
BRDA:319,15,1,0
BRDA:329,16,0,0
BRDA:329,16,1,0
BRDA:332,17,0,0
BRDA:332,17,1,0
BRDA:335,18,0,0
BRDA:335,18,1,0
BRDA:401,19,0,0
BRDA:401,19,1,0
BRDA:410,20,0,0
BRDA:410,20,1,0
BRDA:411,21,0,0
BRDA:411,21,1,0
BRDA:423,22,0,0
BRDA:423,22,1,0
BRDA:457,23,0,0
BRDA:457,23,1,0
BRDA:467,24,0,0
BRDA:467,24,1,0
BRDA:494,25,0,0
BRDA:494,25,1,0
BRDA:502,26,0,0
BRDA:502,26,1,0
BRDA:503,27,0,0
BRDA:503,27,1,0
BRDA:503,28,0,0
BRDA:503,28,1,0
BRDA:520,29,0,0
BRDA:520,29,1,0
BRDA:525,30,0,0
BRDA:525,30,1,0
BRDA:538,31,0,0
BRDA:538,31,1,0
BRDA:545,32,0,0
BRDA:545,32,1,0
BRDA:549,33,0,0
BRDA:549,33,1,0
BRDA:550,34,0,0
BRDA:550,34,1,0
BRDA:558,35,0,0
BRDA:558,35,1,0
BRDA:558,35,2,0
BRDA:558,35,3,0
BRDA:601,36,0,0
BRDA:601,36,1,0
BRDA:634,37,0,0
BRDA:634,37,1,0
BRDA:636,38,0,0
BRDA:636,38,1,0
BRDA:636,39,0,0
BRDA:636,39,1,0
BRDA:662,40,0,0
BRDA:662,40,1,0
BRDA:664,41,0,0
BRDA:664,41,1,0
BRDA:666,42,0,0
BRDA:666,42,1,0
BRDA:668,43,0,0
BRDA:668,43,1,0
BRDA:668,44,0,0
BRDA:668,44,1,0
BRDA:673,45,0,0
BRDA:673,45,1,0
BRDA:653,46,0,0
BRDA:653,46,1,0
BRDA:680,47,0,0
BRDA:680,47,1,0
BRDA:764,48,0,0
BRDA:764,48,1,0
BRDA:788,49,0,0
BRDA:788,49,1,0
BRDA:796,50,0,0
BRDA:796,50,1,0
BRDA:806,51,0,0
BRDA:806,51,1,0
BRDA:840,52,0,0
BRDA:840,52,1,0
BRDA:847,53,0,0
BRDA:847,53,1,0
BRDA:873,54,0,0
BRDA:873,54,1,0
BRDA:905,55,0,0
BRDA:905,55,1,0
BRDA:906,56,0,0
BRDA:906,56,1,0
BRDA:909,57,0,0
BRDA:909,57,1,0
BRDA:920,58,0,0
BRDA:920,58,1,0
BRDA:928,59,0,0
BRDA:928,59,1,0
BRDA:928,60,0,0
BRDA:928,60,1,0
BRDA:944,61,0,0
BRDA:944,61,1,0
BRDA:946,62,0,0
BRDA:946,62,1,0
BRDA:951,63,0,0
BRDA:951,63,1,0
BRDA:952,64,0,0
BRDA:952,64,1,0
BRDA:956,65,0,0
BRDA:956,65,1,0
BRF:134
BRH:0
end_of_record
TN:
SF:src\app\(app)\admin\automations\page.tsx
FN:11,PageAdminAutomations
FN:17,(anonymous_1)
FN:18,(anonymous_2)
FN:22,(anonymous_3)
FN:55,(anonymous_4)
FN:68,(anonymous_5)
FN:80,(anonymous_6)
FNF:7
FNH:0
FNDA:0,PageAdminAutomations
FNDA:0,(anonymous_1)
FNDA:0,(anonymous_2)
FNDA:0,(anonymous_3)
FNDA:0,(anonymous_4)
FNDA:0,(anonymous_5)
FNDA:0,(anonymous_6)
DA:1,0
DA:12,0
DA:13,0
DA:15,0
DA:17,0
DA:18,0
DA:22,0
DA:23,0
DA:24,0
DA:25,0
DA:26,0
DA:27,0
DA:28,0
DA:29,0
DA:32,0
DA:34,0
DA:38,0
DA:56,0
DA:68,0
DA:80,0
LF:20
LH:0
BRDA:18,0,0,0
BRDA:18,0,1,0
BRDA:27,1,0,0
BRDA:27,1,1,0
BRDA:28,2,0,0
BRDA:28,2,1,0
BRDA:54,3,0,0
BRDA:54,3,1,0
BRDA:71,4,0,0
BRDA:71,4,1,0
BRDA:83,5,0,0
BRDA:83,5,1,0
BRDA:93,6,0,0
BRDA:93,6,1,0
BRDA:93,6,2,0
BRDA:96,7,0,0
BRDA:96,7,1,0
BRF:17
BRH:0
end_of_record
TN:
SF:src\app\(app)\admin\cache\page.tsx
FN:12,PageAdminCache
FN:19,(anonymous_1)
FN:33,(anonymous_2)
FN:79,(anonymous_3)
FN:82,(anonymous_4)
FN:86,(anonymous_5)
FNF:6
FNH:0
FNDA:0,PageAdminCache
FNDA:0,(anonymous_1)
FNDA:0,(anonymous_2)
FNDA:0,(anonymous_3)
FNDA:0,(anonymous_4)
FNDA:0,(anonymous_5)
DA:1,0
DA:13,0
DA:14,0
DA:15,0
DA:17,0
DA:19,0
DA:20,0
DA:21,0
DA:22,0
DA:23,0
DA:24,0
DA:25,0
DA:27,0
DA:29,0
DA:33,0
DA:34,0
DA:35,0
DA:36,0
DA:37,0
DA:38,0
DA:39,0
DA:41,0
DA:43,0
DA:47,0
DA:79,0
DA:82,0
DA:86,0
LF:27
LH:0
BRDA:23,0,0,0
BRDA:23,0,1,0
BRDA:63,1,0,0
BRDA:63,1,1,0
BRDA:66,2,0,0
BRDA:66,2,1,0
BRDA:83,3,0,0
BRDA:83,3,1,0
BRDA:90,4,0,0
BRDA:90,4,1,0
BRF:10
BRH:0
end_of_record
TN:
SF:src\app\(app)\admin\console\page.tsx
FN:27,PageAdminConsole
FN:35,(anonymous_1)
FN:39,(anonymous_2)
FN:45,(anonymous_3)
FN:55,(anonymous_4)
FN:60,(anonymous_5)
FN:78,(anonymous_6)
FN:107,(anonymous_7)
FN:132,(anonymous_8)
FN:145,(anonymous_9)
FN:202,(anonymous_10)
FN:222,(anonymous_11)
FN:240,(anonymous_12)
FN:245,(anonymous_13)
FN:247,(anonymous_14)
FNF:15
FNH:0
FNDA:0,PageAdminConsole
FNDA:0,(anonymous_1)
FNDA:0,(anonymous_2)
FNDA:0,(anonymous_3)
FNDA:0,(anonymous_4)
FNDA:0,(anonymous_5)
FNDA:0,(anonymous_6)
FNDA:0,(anonymous_7)
FNDA:0,(anonymous_8)
FNDA:0,(anonymous_9)
FNDA:0,(anonymous_10)
FNDA:0,(anonymous_11)
FNDA:0,(anonymous_12)
FNDA:0,(anonymous_13)
FNDA:0,(anonymous_14)
DA:5,0
DA:28,0
DA:29,0
DA:30,0
DA:31,0
DA:32,0
DA:33,0
DA:35,0
DA:36,0
DA:39,0
DA:40,0
DA:41,0
DA:45,0
DA:46,0
DA:47,0
DA:49,0
DA:50,0
DA:51,0
DA:53,0
DA:54,0
DA:55,0
DA:60,0
DA:73,0
DA:74,0
DA:78,0
DA:80,0
DA:81,0
DA:82,0
DA:83,0
DA:84,0
DA:86,0
DA:89,0
DA:90,0
DA:92,0
DA:93,0
DA:94,0
DA:95,0
DA:96,0
DA:97,0
DA:99,0
DA:100,0
DA:107,0
DA:108,0
DA:109,0
DA:111,0
DA:133,0
DA:146,0
DA:175,0
DA:203,0
DA:222,0
DA:241,0
DA:246,0
DA:247,0
LF:53
LH:0
BRDA:40,0,0,0
BRDA:40,0,1,0
BRDA:47,1,0,0
BRDA:47,1,1,0
BRDA:47,2,0,0
BRDA:47,2,1,0
BRDA:67,3,0,0
BRDA:67,3,1,0
BRDA:80,4,0,0
BRDA:80,4,1,0
BRDA:82,5,0,0
BRDA:82,5,1,0
BRDA:84,6,0,0
BRDA:84,6,1,0
BRDA:86,7,0,0
BRDA:86,7,1,0
BRDA:92,8,0,0
BRDA:92,8,1,0
BRDA:94,9,0,0
BRDA:94,9,1,0
BRDA:122,10,0,0
BRDA:122,10,1,0
BRDA:125,11,0,0
BRDA:125,11,1,0
BRDA:130,12,0,0
BRDA:130,12,1,0
BRDA:130,12,2,0
BRDA:143,13,0,0
BRDA:143,13,1,0
BRDA:143,13,2,0
BRDA:153,14,0,0
BRDA:153,14,1,0
BRDA:153,14,2,0
BRDA:159,15,0,0
BRDA:159,15,1,0
BRDA:159,15,2,0
BRDA:165,16,0,0
BRDA:165,16,1,0
BRDA:165,16,2,0
BRDA:194,17,0,0
BRDA:194,17,1,0
BRDA:205,18,0,0
BRDA:205,18,1,0
BRDA:229,19,0,0
BRDA:229,19,1,0
BRDA:230,20,0,0
BRDA:230,20,1,0
BRF:47
BRH:0
end_of_record
TN:
SF:src\app\(app)\admin\events\page.tsx
FN:20,PageAdminEvents
FN:29,(anonymous_1)
FN:33,(anonymous_2)
FN:52,(anonymous_3)
FN:69,(anonymous_4)
FN:103,(anonymous_5)
FN:127,(anonymous_6)
FN:132,(anonymous_7)
FN:139,(anonymous_8)
FN:157,(anonymous_9)
FN:172,(anonymous_10)
FN:184,(anonymous_11)
FNF:12
FNH:0
FNDA:0,PageAdminEvents
FNDA:0,(anonymous_1)
FNDA:0,(anonymous_2)
FNDA:0,(anonymous_3)
FNDA:0,(anonymous_4)
FNDA:0,(anonymous_5)
FNDA:0,(anonymous_6)
FNDA:0,(anonymous_7)
FNDA:0,(anonymous_8)
FNDA:0,(anonymous_9)
FNDA:0,(anonymous_10)
FNDA:0,(anonymous_11)
DA:1,0
DA:21,0
DA:22,0
DA:23,0
DA:24,0
DA:25,0
DA:26,0
DA:27,0
DA:29,0
DA:33,0
DA:34,0
DA:35,0
DA:36,0
DA:37,0
DA:38,0
DA:43,0
DA:44,0
DA:46,0
DA:48,0
DA:52,0
DA:53,0
DA:54,0
DA:55,0
DA:56,0
DA:57,0
DA:61,0
DA:63,0
DA:65,0
DA:69,0
DA:70,0
DA:71,0
DA:72,0
DA:73,0
DA:74,0
DA:79,0
DA:81,0
DA:85,0
DA:103,0
DA:127,0
DA:132,0
DA:139,0
DA:157,0
DA:173,0
DA:184,0
LF:44
LH:0
BRDA:37,0,0,0
BRDA:37,0,1,0
BRDA:104,1,0,0
BRDA:104,1,1,0
BRDA:143,2,0,0
BRDA:143,2,1,0
BRDA:144,3,0,0
BRDA:144,3,1,0
BRDA:147,4,0,0
BRDA:147,4,1,0
BRDA:148,5,0,0
BRDA:148,5,1,0
BRDA:165,6,0,0
BRDA:165,6,1,0
BRDA:166,7,0,0
BRDA:166,7,1,0
BRDA:172,8,0,0
BRDA:172,8,1,0
BRDA:176,9,0,0
BRDA:176,9,1,0
BRDA:187,10,0,0
BRDA:187,10,1,0
BRF:22
BRH:0
end_of_record
TN:
SF:src\app\(app)\admin\feature-flags\page.tsx
FN:12,PageAdminFeatureFlags
FN:19,(anonymous_1)
FN:26,(anonymous_2)
FN:27,(anonymous_3)
FN:30,(anonymous_4)
FN:44,(anonymous_5)
FN:47,(anonymous_6)
FN:71,(anonymous_7)
FN:74,(anonymous_8)
FN:84,(anonymous_9)
FNF:10
FNH:0
FNDA:0,PageAdminFeatureFlags
FNDA:0,(anonymous_1)
FNDA:0,(anonymous_2)
FNDA:0,(anonymous_3)
FNDA:0,(anonymous_4)
FNDA:0,(anonymous_5)
FNDA:0,(anonymous_6)
FNDA:0,(anonymous_7)
FNDA:0,(anonymous_8)
FNDA:0,(anonymous_9)
DA:1,0
DA:13,0
DA:14,0
DA:15,0
DA:17,0
DA:19,0
DA:20,0
DA:21,0
DA:23,0
DA:26,0
DA:27,0
DA:30,0
DA:31,0
DA:32,0
DA:33,0
DA:34,0
DA:35,0
DA:36,0
DA:38,0
DA:40,0
DA:44,0
DA:45,0
DA:46,0
DA:47,0
DA:48,0
DA:50,0
DA:54,0
DA:72,0
DA:74,0
DA:84,0
LF:30
LH:0
BRDA:20,0,0,0
BRDA:20,0,1,0
BRDA:23,1,0,0
BRDA:23,1,1,0
BRDA:48,2,0,0
BRDA:48,2,1,0
BRDA:67,3,0,0
BRDA:67,3,1,0
BRDA:70,4,0,0
BRDA:70,4,1,0
BRDA:79,5,0,0
BRDA:79,5,1,0
BRDA:89,6,0,0
BRDA:89,6,1,0
BRF:14
BRH:0
end_of_record
TN:
SF:src\app\(app)\admin\ia-metrics\page.tsx
FN:9,PageAdminIAMetrics
FN:25,(anonymous_1)
FNF:2
FNH:0
FNDA:0,PageAdminIAMetrics
FNDA:0,(anonymous_1)
DA:1,0
DA:10,0
DA:12,0
DA:13,0
DA:15,0
DA:25,0
LF:6
LH:0
BRDA:12,0,0,0
BRDA:12,0,1,0
BRDA:13,1,0,0
BRDA:13,1,1,0
BRDA:13,1,2,0
BRDA:31,2,0,0
BRDA:31,2,1,0
BRDA:55,3,0,0
BRDA:55,3,1,0
BRDA:63,4,0,0
BRDA:63,4,1,0
BRDA:75,5,0,0
BRDA:75,5,1,0
BRF:13
BRH:0
end_of_record
TN:
SF:src\app\(app)\admin\jobs\page.tsx
FN:107,obtenirTokenAdmin
FN:112,obtenirWsAdminBaseUrl
FN:118,formaterDate
FN:127,PageAdminJobs
FN:146,(anonymous_4)
FN:157,(anonymous_5)
FN:158,(anonymous_6)
FN:159,(anonymous_7)
FN:160,(anonymous_8)
FN:169,(anonymous_9)
FN:175,(anonymous_10)
FN:184,(anonymous_11)
FN:198,(anonymous_12)
FN:217,(anonymous_13)
FN:220,(anonymous_14)
FN:228,(anonymous_15)
FN:229,(anonymous_16)
FN:232,(anonymous_17)
FN:235,(anonymous_18)
FN:235,(anonymous_19)
FN:237,(anonymous_20)
FN:238,(anonymous_21)
FN:238,(anonymous_22)
FN:242,(anonymous_23)
FN:261,(anonymous_24)
FN:279,(anonymous_25)
FN:296,(anonymous_26)
FN:297,(anonymous_27)
FN:300,(anonymous_28)
FN:304,(anonymous_29)
FN:308,(anonymous_30)
FN:310,(anonymous_31)
FN:316,(anonymous_32)
FN:343,(anonymous_33)
FN:351,(anonymous_34)
FN:356,(anonymous_35)
FN:391,(anonymous_36)
FN:409,(anonymous_37)
FN:409,(anonymous_38)
FN:413,(anonymous_39)
FN:438,(anonymous_40)
FN:458,(anonymous_41)
FN:495,(anonymous_42)
FN:572,(anonymous_43)
FN:572,(anonymous_44)
FN:575,(anonymous_45)
FN:587,(anonymous_46)
FN:632,(anonymous_47)
FN:672,(anonymous_48)
FN:679,(anonymous_49)
FN:698,(anonymous_50)
FN:706,(anonymous_51)
FN:713,(anonymous_52)
FN:746,(anonymous_53)
FN:762,(anonymous_54)
FN:789,(anonymous_55)
FN:789,(anonymous_56)
FN:797,(anonymous_57)
FN:797,(anonymous_58)
FNF:59
FNH:0
FNDA:0,obtenirTokenAdmin
FNDA:0,obtenirWsAdminBaseUrl
FNDA:0,formaterDate
FNDA:0,PageAdminJobs
FNDA:0,(anonymous_4)
FNDA:0,(anonymous_5)
FNDA:0,(anonymous_6)
FNDA:0,(anonymous_7)
FNDA:0,(anonymous_8)
FNDA:0,(anonymous_9)
FNDA:0,(anonymous_10)
FNDA:0,(anonymous_11)
FNDA:0,(anonymous_12)
FNDA:0,(anonymous_13)
FNDA:0,(anonymous_14)
FNDA:0,(anonymous_15)
FNDA:0,(anonymous_16)
FNDA:0,(anonymous_17)
FNDA:0,(anonymous_18)
FNDA:0,(anonymous_19)
FNDA:0,(anonymous_20)
FNDA:0,(anonymous_21)
FNDA:0,(anonymous_22)
FNDA:0,(anonymous_23)
FNDA:0,(anonymous_24)
FNDA:0,(anonymous_25)
FNDA:0,(anonymous_26)
FNDA:0,(anonymous_27)
FNDA:0,(anonymous_28)
FNDA:0,(anonymous_29)
FNDA:0,(anonymous_30)
FNDA:0,(anonymous_31)
FNDA:0,(anonymous_32)
FNDA:0,(anonymous_33)
FNDA:0,(anonymous_34)
FNDA:0,(anonymous_35)
FNDA:0,(anonymous_36)
FNDA:0,(anonymous_37)
FNDA:0,(anonymous_38)
FNDA:0,(anonymous_39)
FNDA:0,(anonymous_40)
FNDA:0,(anonymous_41)
FNDA:0,(anonymous_42)
FNDA:0,(anonymous_43)
FNDA:0,(anonymous_44)
FNDA:0,(anonymous_45)
FNDA:0,(anonymous_46)
FNDA:0,(anonymous_47)
FNDA:0,(anonymous_48)
FNDA:0,(anonymous_49)
FNDA:0,(anonymous_50)
FNDA:0,(anonymous_51)
FNDA:0,(anonymous_52)
FNDA:0,(anonymous_53)
FNDA:0,(anonymous_54)
FNDA:0,(anonymous_55)
FNDA:0,(anonymous_56)
FNDA:0,(anonymous_57)
FNDA:0,(anonymous_58)
DA:5,0
DA:108,0
DA:109,0
DA:113,0
DA:114,0
DA:115,0
DA:119,0
DA:120,0
DA:121,0
DA:123,0
DA:128,0
DA:129,0
DA:130,0
DA:131,0
DA:132,0
DA:133,0
DA:134,0
DA:135,0
DA:136,0
DA:137,0
DA:138,0
DA:139,0
DA:140,0
DA:141,0
DA:142,0
DA:143,0
DA:144,0
DA:146,0
DA:147,0
DA:148,0
DA:149,0
DA:150,0
DA:153,0
DA:157,0
DA:158,0
DA:159,0
DA:160,0
DA:161,0
DA:162,0
DA:164,0
DA:165,0
DA:166,0
DA:167,0
DA:169,0
DA:175,0
DA:176,0
DA:183,0
DA:185,0
DA:188,0
DA:199,0
DA:207,0
DA:214,0
DA:217,0
DA:220,0
DA:221,0
DA:222,0
DA:223,0
DA:224,0
DA:225,0
DA:228,0
DA:229,0
DA:230,0
DA:231,0
DA:232,0
DA:234,0
DA:235,0
DA:237,0
DA:238,0
DA:242,0
DA:243,0
DA:244,0
DA:245,0
DA:250,0
DA:251,0
DA:252,0
DA:253,0
DA:255,0
DA:257,0
DA:261,0
DA:262,0
DA:263,0
DA:264,0
DA:268,0
DA:269,0
DA:270,0
DA:271,0
DA:273,0
DA:275,0
DA:279,0
DA:280,0
DA:281,0
DA:282,0
DA:286,0
DA:287,0
DA:288,0
DA:290,0
DA:292,0
DA:296,0
DA:297,0
DA:298,0
DA:299,0
DA:300,0
DA:304,0
DA:308,0
DA:309,0
DA:310,0
DA:311,0
DA:312,0
DA:316,0
DA:317,0
DA:318,0
DA:319,0
DA:320,0
DA:321,0
DA:322,0
DA:324,0
DA:328,0
DA:343,0
DA:351,0
DA:356,0
DA:392,0
DA:393,0
DA:394,0
DA:395,0
DA:396,0
DA:409,0
DA:413,0
DA:438,0
DA:458,0
DA:496,0
DA:572,0
DA:575,0
DA:588,0
DA:633,0
DA:673,0
DA:674,0
DA:680,0
DA:681,0
DA:699,0
DA:700,0
DA:707,0
DA:708,0
DA:714,0
DA:715,0
DA:716,0
DA:717,0
DA:718,0
DA:747,0
DA:763,0
DA:764,0
DA:765,0
DA:766,0
DA:768,0
DA:789,0
DA:797,0
LF:155
LH:0
BRDA:108,0,0,0
BRDA:108,0,1,0
BRDA:109,1,0,0
BRDA:109,1,1,0
BRDA:113,2,0,0
BRDA:113,2,1,0
BRDA:114,3,0,0
BRDA:114,3,1,0
BRDA:119,4,0,0
BRDA:119,4,1,0
BRDA:148,5,0,0
BRDA:148,5,1,0
BRDA:161,6,0,0
BRDA:161,6,1,0
BRDA:166,7,0,0
BRDA:166,7,1,0
BRDA:166,8,0,0
BRDA:166,8,1,0
BRDA:202,9,0,0
BRDA:202,9,1,0
BRDA:203,10,0,0
BRDA:203,10,1,0
BRDA:204,11,0,0
BRDA:204,11,1,0
BRDA:205,12,0,0
BRDA:205,12,1,0
BRDA:221,13,0,0
BRDA:221,13,1,0
BRDA:222,14,0,0
BRDA:222,14,1,0
BRDA:223,15,0,0
BRDA:223,15,1,0
BRDA:224,16,0,0
BRDA:224,16,1,0
BRDA:311,17,0,0
BRDA:311,17,1,0
BRDA:311,18,0,0
BRDA:311,18,1,0
BRDA:318,19,0,0
BRDA:318,19,1,0
BRDA:365,20,0,0
BRDA:365,20,1,0
BRDA:369,21,0,0
BRDA:369,21,1,0
BRDA:374,22,0,0
BRDA:374,22,1,0
BRDA:374,23,0,0
BRDA:374,23,1,0
BRDA:392,24,0,0
BRDA:392,24,1,0
BRDA:393,25,0,0
BRDA:393,25,1,0
BRDA:395,26,0,0
BRDA:395,26,1,0
BRDA:408,27,0,0
BRDA:408,27,1,0
BRDA:424,28,0,0
BRDA:424,28,1,0
BRDA:426,29,0,0
BRDA:426,29,1,0
BRDA:442,30,0,0
BRDA:442,30,1,0
BRDA:451,31,0,0
BRDA:451,31,1,0
BRDA:453,32,0,0
BRDA:453,32,1,0
BRDA:461,33,0,0
BRDA:461,33,1,0
BRDA:463,34,0,0
BRDA:463,34,1,0
BRDA:465,35,0,0
BRDA:465,35,1,0
BRDA:471,36,0,0
BRDA:471,36,1,0
BRDA:473,37,0,0
BRDA:473,37,1,0
BRDA:475,38,0,0
BRDA:475,38,1,0
BRDA:483,39,0,0
BRDA:483,39,1,0
BRDA:486,40,0,0
BRDA:486,40,1,0
BRDA:486,41,0,0
BRDA:486,41,1,0
BRDA:499,42,0,0
BRDA:499,42,1,0
BRDA:504,43,0,0
BRDA:504,43,1,0
BRDA:536,44,0,0
BRDA:536,44,1,0
BRDA:540,45,0,0
BRDA:540,45,1,0
BRDA:544,46,0,0
BRDA:544,46,1,0
BRDA:549,47,0,0
BRDA:549,47,1,0
BRDA:569,48,0,0
BRDA:569,48,1,0
BRDA:570,49,0,0
BRDA:570,49,1,0
BRDA:573,50,0,0
BRDA:573,50,1,0
BRDA:581,51,0,0
BRDA:581,51,1,0
BRDA:583,52,0,0
BRDA:583,52,1,0
BRDA:591,53,0,0
BRDA:591,53,1,0
BRDA:591,54,0,0
BRDA:591,54,1,0
BRDA:613,55,0,0
BRDA:613,55,1,0
BRDA:618,56,0,0
BRDA:618,56,1,0
BRDA:618,57,0,0
BRDA:618,57,1,0
BRDA:638,58,0,0
BRDA:638,58,1,0
BRDA:639,59,0,0
BRDA:639,59,1,0
BRDA:641,60,0,0
BRDA:641,60,1,0
BRDA:644,61,0,0
BRDA:644,61,1,0
BRDA:646,62,0,0
BRDA:646,62,1,0
BRDA:725,63,0,0
BRDA:725,63,1,0
BRDA:730,64,0,0
BRDA:730,64,1,0
BRDA:730,65,0,0
BRDA:730,65,1,0
BRDA:753,66,0,0
BRDA:753,66,1,0
BRDA:756,67,0,0
BRDA:756,67,1,0
BRDA:756,67,2,0
BRF:137
BRH:0
end_of_record
TN:
SF:src\app\(app)\admin\logs\page.tsx
FN:82,getWsBaseUrl
FN:88,getAuthToken
FN:100,PageAdminLogs
FN:110,(anonymous_3)
FN:111,(anonymous_4)
FN:118,(anonymous_5)
FN:125,(anonymous_6)
FN:126,(anonymous_7)
FN:129,(anonymous_8)
FN:131,(anonymous_9)
FN:132,(anonymous_10)
FN:136,(anonymous_11)
FN:145,(anonymous_12)
FN:152,(anonymous_13)
FN:153,(anonymous_14)
FN:155,(anonymous_15)
FN:157,(anonymous_16)
FN:158,(anonymous_17)
FN:170,(anonymous_18)
FN:173,(anonymous_19)
FN:179,(anonymous_20)
FN:185,(anonymous_21)
FN:198,(anonymous_22)
FN:200,(anonymous_23)
FN:252,(anonymous_24)
FN:252,(anonymous_25)
FN:264,(anonymous_26)
FN:282,(anonymous_27)
FN:291,(anonymous_28)
FN:302,(anonymous_29)
FN:315,(anonymous_30)
FN:410,(anonymous_31)
FNF:32
FNH:0
FNDA:0,getWsBaseUrl
FNDA:0,getAuthToken
FNDA:0,PageAdminLogs
FNDA:0,(anonymous_3)
FNDA:0,(anonymous_4)
FNDA:0,(anonymous_5)
FNDA:0,(anonymous_6)
FNDA:0,(anonymous_7)
FNDA:0,(anonymous_8)
FNDA:0,(anonymous_9)
FNDA:0,(anonymous_10)
FNDA:0,(anonymous_11)
FNDA:0,(anonymous_12)
FNDA:0,(anonymous_13)
FNDA:0,(anonymous_14)
FNDA:0,(anonymous_15)
FNDA:0,(anonymous_16)
FNDA:0,(anonymous_17)
FNDA:0,(anonymous_18)
FNDA:0,(anonymous_19)
FNDA:0,(anonymous_20)
FNDA:0,(anonymous_21)
FNDA:0,(anonymous_22)
FNDA:0,(anonymous_23)
FNDA:0,(anonymous_24)
FNDA:0,(anonymous_25)
FNDA:0,(anonymous_26)
FNDA:0,(anonymous_27)
FNDA:0,(anonymous_28)
FNDA:0,(anonymous_29)
FNDA:0,(anonymous_30)
FNDA:0,(anonymous_31)
DA:6,0
DA:66,0
DA:74,0
DA:83,0
DA:84,0
DA:85,0
DA:89,0
DA:90,0
DA:91,0
DA:92,0
DA:93,0
DA:94,0
DA:97,0
DA:101,0
DA:102,0
DA:103,0
DA:104,0
DA:105,0
DA:106,0
DA:107,0
DA:108,0
DA:109,0
DA:110,0
DA:111,0
DA:112,0
DA:113,0
DA:115,0
DA:116,0
DA:118,0
DA:119,0
DA:120,0
DA:122,0
DA:123,0
DA:125,0
DA:126,0
DA:127,0
DA:129,0
DA:131,0
DA:132,0
DA:133,0
DA:134,0
DA:135,0
DA:136,0
DA:140,0
DA:143,0
DA:145,0
DA:146,0
DA:147,0
DA:149,0
DA:150,0
DA:152,0
DA:153,0
DA:154,0
DA:155,0
DA:157,0
DA:158,0
DA:159,0
DA:160,0
DA:161,0
DA:165,0
DA:168,0
DA:170,0
DA:171,0
DA:172,0
DA:173,0
DA:174,0
DA:175,0
DA:179,0
DA:180,0
DA:181,0
DA:185,0
DA:186,0
DA:187,0
DA:188,0
DA:189,0
DA:190,0
DA:195,0
DA:198,0
DA:199,0
DA:200,0
DA:202,0
DA:203,0
DA:204,0
DA:205,0
DA:206,0
DA:207,0
DA:208,0
DA:211,0
DA:252,0
DA:264,0
DA:282,0
DA:292,0
DA:303,0
DA:304,0
DA:316,0
DA:411,0
LF:96
LH:0
BRDA:83,0,0,0
BRDA:83,0,1,0
BRDA:84,1,0,0
BRDA:84,1,1,0
BRDA:89,2,0,0
BRDA:89,2,1,0
BRDA:92,3,0,0
BRDA:92,3,1,0
BRDA:94,4,0,0
BRDA:94,4,1,0
BRDA:120,5,0,0
BRDA:120,5,1,0
BRDA:133,6,0,0
BRDA:133,6,1,0
BRDA:147,7,0,0
BRDA:147,7,1,0
BRDA:180,8,0,0
BRDA:180,8,1,0
BRDA:180,9,0,0
BRDA:180,9,1,0
BRDA:187,10,0,0
BRDA:187,10,1,0
BRDA:188,11,0,0
BRDA:188,11,1,0
BRDA:191,12,0,0
BRDA:191,12,1,0
BRDA:234,13,0,0
BRDA:234,13,1,0
BRDA:254,14,0,0
BRDA:254,14,1,0
BRDA:259,15,0,0
BRDA:259,15,1,0
BRDA:308,16,0,0
BRDA:308,16,1,0
BRDA:310,17,0,0
BRDA:310,17,1,0
BRDA:318,18,0,0
BRDA:318,18,1,0
BRDA:321,19,0,0
BRDA:321,19,1,0
BRDA:329,20,0,0
BRDA:329,20,1,0
BRDA:346,21,0,0
BRDA:346,21,1,0
BRDA:361,22,0,0
BRDA:361,22,1,0
BRDA:376,23,0,0
BRDA:376,23,1,0
BRDA:384,24,0,0
BRDA:384,24,1,0
BRDA:390,25,0,0
BRDA:390,25,1,0
BRDA:396,26,0,0
BRDA:396,26,1,0
BRDA:408,27,0,0
BRDA:408,27,1,0
BRDA:416,28,0,0
BRDA:416,28,1,0
BRDA:434,29,0,0
BRDA:434,29,1,0
BRDA:442,30,0,0
BRDA:442,30,1,0
BRF:62
BRH:0
end_of_record
TN:
SF:src\app\(app)\admin\notifications\page.tsx
FN:52,PageAdminNotifications
FN:69,(anonymous_1)
FN:73,(anonymous_2)
FN:77,(anonymous_3)
FN:81,(anonymous_4)
FN:97,(anonymous_5)
FN:111,(anonymous_6)
FN:120,(anonymous_7)
FN:138,(anonymous_8)
FN:166,(anonymous_9)
FN:172,(anonymous_10)
FN:207,(anonymous_11)
FN:225,(anonymous_12)
FN:235,(anonymous_13)
FN:247,(anonymous_14)
FN:318,(anonymous_15)
FN:322,(anonymous_16)
FN:347,(anonymous_17)
FN:359,(anonymous_18)
FN:371,(anonymous_19)
FN:389,(anonymous_20)
FN:395,(anonymous_21)
FN:398,(anonymous_22)
FN:419,(anonymous_23)
FN:428,(anonymous_24)
FN:447,(anonymous_25)
FN:467,(anonymous_26)
FN:503,(anonymous_27)
FN:533,(anonymous_28)
FNF:29
FNH:0
FNDA:0,PageAdminNotifications
FNDA:0,(anonymous_1)
FNDA:0,(anonymous_2)
FNDA:0,(anonymous_3)
FNDA:0,(anonymous_4)
FNDA:0,(anonymous_5)
FNDA:0,(anonymous_6)
FNDA:0,(anonymous_7)
FNDA:0,(anonymous_8)
FNDA:0,(anonymous_9)
FNDA:0,(anonymous_10)
FNDA:0,(anonymous_11)
FNDA:0,(anonymous_12)
FNDA:0,(anonymous_13)
FNDA:0,(anonymous_14)
FNDA:0,(anonymous_15)
FNDA:0,(anonymous_16)
FNDA:0,(anonymous_17)
FNDA:0,(anonymous_18)
FNDA:0,(anonymous_19)
FNDA:0,(anonymous_20)
FNDA:0,(anonymous_21)
FNDA:0,(anonymous_22)
FNDA:0,(anonymous_23)
FNDA:0,(anonymous_24)
FNDA:0,(anonymous_25)
FNDA:0,(anonymous_26)
FNDA:0,(anonymous_27)
FNDA:0,(anonymous_28)
DA:5,0
DA:53,0
DA:54,0
DA:55,0
DA:56,0
DA:57,0
DA:58,0
DA:59,0
DA:60,0
DA:61,0
DA:62,0
DA:63,0
DA:64,0
DA:65,0
DA:66,0
DA:68,0
DA:69,0
DA:72,0
DA:73,0
DA:76,0
DA:77,0
DA:81,0
DA:82,0
DA:83,0
DA:84,0
DA:87,0
DA:88,0
DA:90,0
DA:91,0
DA:93,0
DA:94,0
DA:95,0
DA:96,0
DA:97,0
DA:108,0
DA:110,0
DA:111,0
DA:116,0
DA:120,0
DA:121,0
DA:122,0
DA:123,0
DA:126,0
DA:127,0
DA:129,0
DA:130,0
DA:136,0
DA:137,0
DA:138,0
DA:149,0
DA:151,0
DA:153,0
DA:157,0
DA:164,0
DA:166,0
DA:167,0
DA:168,0
DA:169,0
DA:172,0
DA:173,0
DA:174,0
DA:179,0
DA:180,0
DA:183,0
DA:207,0
DA:225,0
DA:235,0
DA:247,0
DA:319,0
DA:323,0
DA:348,0
DA:360,0
DA:372,0
DA:373,0
DA:374,0
DA:390,0
DA:395,0
DA:398,0
DA:419,0
DA:429,0
DA:448,0
DA:449,0
DA:450,0
DA:451,0
DA:453,0
DA:468,0
DA:469,0
DA:470,0
DA:471,0
DA:473,0
DA:504,0
DA:534,0
LF:92
LH:0
BRDA:82,0,0,0
BRDA:82,0,1,0
BRDA:91,1,0,0
BRDA:91,1,1,0
BRDA:91,2,0,0
BRDA:91,2,1,0
BRDA:95,3,0,0
BRDA:95,3,1,0
BRDA:108,4,0,0
BRDA:108,4,1,0
BRDA:121,5,0,0
BRDA:121,5,1,0
BRDA:133,6,0,0
BRDA:133,6,1,0
BRDA:136,7,0,0
BRDA:136,7,1,0
BRDA:136,8,0,0
BRDA:136,8,1,0
BRDA:143,9,0,0
BRDA:143,9,1,0
BRDA:149,10,0,0
BRDA:149,10,1,0
BRDA:164,11,0,0
BRDA:164,11,1,0
BRDA:167,12,0,0
BRDA:167,12,1,0
BRDA:173,13,0,0
BRDA:173,13,1,0
BRDA:179,14,0,0
BRDA:179,14,1,0
BRDA:240,15,0,0
BRDA:240,15,1,0
BRDA:254,16,0,0
BRDA:254,16,1,0
BRDA:263,17,0,0
BRDA:263,17,1,0
BRDA:271,18,0,0
BRDA:271,18,1,0
BRDA:274,19,0,0
BRDA:274,19,1,0
BRDA:279,20,0,0
BRDA:279,20,1,0
BRDA:288,21,0,0
BRDA:288,21,1,0
BRDA:289,22,0,0
BRDA:289,22,1,0
BRDA:293,23,0,0
BRDA:293,23,1,0
BRDA:347,24,0,0
BRDA:347,24,1,0
BRDA:359,25,0,0
BRDA:359,25,1,0
BRDA:403,26,0,0
BRDA:403,26,1,0
BRDA:404,27,0,0
BRDA:404,27,1,0
BRDA:418,28,0,0
BRDA:418,28,1,0
BRDA:424,29,0,0
BRDA:424,29,1,0
BRDA:439,30,0,0
BRDA:439,30,1,0
BRDA:457,31,0,0
BRDA:457,31,1,0
BRDA:477,32,0,0
BRDA:477,32,1,0
BRDA:493,33,0,0
BRDA:493,33,1,0
BRDA:509,34,0,0
BRDA:509,34,1,0
BRDA:533,35,0,0
BRDA:533,35,1,0
BRDA:538,36,0,0
BRDA:538,36,1,0
BRDA:544,37,0,0
BRDA:544,37,1,0
BRF:76
BRH:0
end_of_record
TN:
SF:src\app\(app)\admin\notifications-queue\page.tsx
FN:10,PageAdminNotificationsQueue
FN:14,(anonymous_1)
FN:18,(anonymous_2)
FN:32,(anonymous_3)
FN:56,(anonymous_4)
FN:69,(anonymous_5)
FN:78,(anonymous_6)
FN:91,(anonymous_7)
FNF:8
FNH:0
FNDA:0,PageAdminNotificationsQueue
FNDA:0,(anonymous_1)
FNDA:0,(anonymous_2)
FNDA:0,(anonymous_3)
FNDA:0,(anonymous_4)
FNDA:0,(anonymous_5)
FNDA:0,(anonymous_6)
FNDA:0,(anonymous_7)
DA:1,0
DA:11,0
DA:12,0
DA:14,0
DA:18,0
DA:19,0
DA:20,0
DA:21,0
DA:22,0
DA:23,0
DA:24,0
DA:26,0
DA:28,0
DA:32,0
DA:33,0
DA:34,0
DA:35,0
DA:36,0
DA:37,0
DA:38,0
DA:40,0
DA:42,0
DA:46,0
DA:56,0
DA:70,0
DA:78,0
DA:91,0
LF:27
LH:0
BRDA:65,0,0,0
BRDA:65,0,1,0
BRDA:68,1,0,0
BRDA:68,1,1,0
BRDA:69,2,0,0
BRDA:69,2,1,0
BRDA:73,3,0,0
BRDA:73,3,1,0
BRDA:81,4,0,0
BRDA:81,4,1,0
BRDA:94,5,0,0
BRDA:94,5,1,0
BRDA:104,6,0,0
BRDA:104,6,1,0
BRF:14
BRH:0
end_of_record
TN:
SF:src\app\(app)\admin\scheduler\page.tsx
FN:68,categoriserJob
FN:100,formaterDate
FN:109,tempRestant
FN:125,PageAdminScheduler
FN:134,(anonymous_4)
FN:135,(anonymous_5)
FN:138,(anonymous_6)
FN:140,(anonymous_7)
FN:146,(anonymous_8)
FN:150,(anonymous_9)
FN:157,(anonymous_10)
FN:163,(anonymous_11)
FN:169,(anonymous_12)
FN:170,(anonymous_13)
FN:173,(anonymous_14)
FN:174,(anonymous_15)
FN:177,(anonymous_16)
FN:178,(anonymous_17)
FN:178,(anonymous_18)
FN:180,(anonymous_19)
FN:181,(anonymous_20)
FN:181,(anonymous_21)
FN:185,(anonymous_22)
FN:186,(anonymous_23)
FN:203,(anonymous_24)
FN:217,(anonymous_25)
FN:240,(anonymous_26)
FN:261,(anonymous_27)
FN:276,(anonymous_28)
FN:285,(anonymous_29)
FN:287,(anonymous_30)
FN:315,(anonymous_31)
FN:353,(anonymous_32)
FNF:33
FNH:0
FNDA:0,categoriserJob
FNDA:0,formaterDate
FNDA:0,tempRestant
FNDA:0,PageAdminScheduler
FNDA:0,(anonymous_4)
FNDA:0,(anonymous_5)
FNDA:0,(anonymous_6)
FNDA:0,(anonymous_7)
FNDA:0,(anonymous_8)
FNDA:0,(anonymous_9)
FNDA:0,(anonymous_10)
FNDA:0,(anonymous_11)
FNDA:0,(anonymous_12)
FNDA:0,(anonymous_13)
FNDA:0,(anonymous_14)
FNDA:0,(anonymous_15)
FNDA:0,(anonymous_16)
FNDA:0,(anonymous_17)
FNDA:0,(anonymous_18)
FNDA:0,(anonymous_19)
FNDA:0,(anonymous_20)
FNDA:0,(anonymous_21)
FNDA:0,(anonymous_22)
FNDA:0,(anonymous_23)
FNDA:0,(anonymous_24)
FNDA:0,(anonymous_25)
FNDA:0,(anonymous_26)
FNDA:0,(anonymous_27)
FNDA:0,(anonymous_28)
FNDA:0,(anonymous_29)
FNDA:0,(anonymous_30)
FNDA:0,(anonymous_31)
FNDA:0,(anonymous_32)
DA:5,0
DA:69,0
DA:70,0
DA:71,0
DA:72,0
DA:73,0
DA:74,0
DA:75,0
DA:76,0
DA:77,0
DA:78,0
DA:79,0
DA:80,0
DA:81,0
DA:82,0
DA:83,0
DA:84,0
DA:85,0
DA:88,0
DA:101,0
DA:102,0
DA:103,0
DA:105,0
DA:110,0
DA:111,0
DA:112,0
DA:113,0
DA:114,0
DA:115,0
DA:116,0
DA:117,0
DA:118,0
DA:119,0
DA:121,0
DA:126,0
DA:127,0
DA:128,0
DA:133,0
DA:135,0
DA:138,0
DA:139,0
DA:140,0
DA:146,0
DA:147,0
DA:148,0
DA:149,0
DA:150,0
DA:152,0
DA:156,0
DA:157,0
DA:159,0
DA:163,0
DA:164,0
DA:165,0
DA:166,0
DA:168,0
DA:169,0
DA:170,0
DA:173,0
DA:174,0
DA:175,0
DA:176,0
DA:177,0
DA:178,0
DA:180,0
DA:181,0
DA:185,0
DA:186,0
DA:187,0
DA:190,0
DA:203,0
DA:217,0
DA:241,0
DA:261,0
DA:276,0
DA:286,0
DA:287,0
DA:316,0
DA:353,0
LF:79
LH:0
BRDA:69,0,0,0
BRDA:69,0,1,0
BRDA:69,1,0,0
BRDA:69,1,1,0
BRDA:69,1,2,0
BRDA:69,1,3,0
BRDA:69,1,4,0
BRDA:69,1,5,0
BRDA:71,2,0,0
BRDA:71,2,1,0
BRDA:71,3,0,0
BRDA:71,3,1,0
BRDA:71,3,2,0
BRDA:71,3,3,0
BRDA:71,3,4,0
BRDA:71,3,5,0
BRDA:71,3,6,0
BRDA:71,3,7,0
BRDA:71,3,8,0
BRDA:71,3,9,0
BRDA:73,4,0,0
BRDA:73,4,1,0
BRDA:73,5,0,0
BRDA:73,5,1,0
BRDA:73,5,2,0
BRDA:73,5,3,0
BRDA:73,5,4,0
BRDA:73,5,5,0
BRDA:73,5,6,0
BRDA:73,5,7,0
BRDA:75,6,0,0
BRDA:75,6,1,0
BRDA:75,7,0,0
BRDA:75,7,1,0
BRDA:75,7,2,0
BRDA:75,7,3,0
BRDA:77,8,0,0
BRDA:77,8,1,0
BRDA:77,9,0,0
BRDA:77,9,1,0
BRDA:79,10,0,0
BRDA:79,10,1,0
BRDA:79,11,0,0
BRDA:79,11,1,0
BRDA:79,11,2,0
BRDA:79,11,3,0
BRDA:79,11,4,0
BRDA:81,12,0,0
BRDA:81,12,1,0
BRDA:81,13,0,0
BRDA:81,13,1,0
BRDA:81,13,2,0
BRDA:81,13,3,0
BRDA:81,13,4,0
BRDA:83,14,0,0
BRDA:83,14,1,0
BRDA:83,15,0,0
BRDA:83,15,1,0
BRDA:83,15,2,0
BRDA:83,15,3,0
BRDA:83,15,4,0
BRDA:83,15,5,0
BRDA:83,15,6,0
BRDA:83,15,7,0
BRDA:101,16,0,0
BRDA:101,16,1,0
BRDA:110,17,0,0
BRDA:110,17,1,0
BRDA:114,18,0,0
BRDA:114,18,1,0
BRDA:115,19,0,0
BRDA:115,19,1,0
BRDA:117,20,0,0
BRDA:117,20,1,0
BRDA:117,21,0,0
BRDA:117,21,1,0
BRDA:139,22,0,0
BRDA:139,22,1,0
BRDA:148,23,0,0
BRDA:148,23,1,0
BRDA:152,24,0,0
BRDA:152,24,1,0
BRDA:156,25,0,0
BRDA:156,25,1,0
BRDA:166,26,0,0
BRDA:166,26,1,0
BRDA:243,27,0,0
BRDA:243,27,1,0
BRDA:294,28,0,0
BRDA:294,28,1,0
BRDA:358,29,0,0
BRDA:358,29,1,0
BRDA:360,30,0,0
BRDA:360,30,1,0
BRDA:362,31,0,0
BRDA:362,31,1,0
BRF:96
BRH:0
end_of_record
TN:
SF:src\app\(app)\admin\services\page.tsx
FN:92,PageAdminServices
FN:121,(anonymous_1)
FN:137,(anonymous_2)
FN:147,(anonymous_3)
FN:177,(anonymous_4)
FN:187,(anonymous_5)
FN:193,(anonymous_6)
FN:197,(anonymous_7)
FN:203,(anonymous_8)
FN:209,(anonymous_9)
FN:217,(anonymous_10)
FN:218,(anonymous_11)
FN:219,(anonymous_12)
FN:220,(anonymous_13)
FN:231,(anonymous_14)
FN:234,(anonymous_15)
FN:247,(anonymous_16)
FN:259,(anonymous_17)
FN:284,(anonymous_18)
FN:299,(anonymous_19)
FN:314,(anonymous_20)
FN:328,(anonymous_21)
FN:344,(anonymous_22)
FN:360,(anonymous_23)
FN:374,(anonymous_24)
FN:387,(anonymous_25)
FN:403,(anonymous_26)
FN:419,(anonymous_27)
FN:435,(anonymous_28)
FN:455,(anonymous_29)
FN:472,(anonymous_30)
FN:607,(anonymous_31)
FN:607,(anonymous_32)
FN:649,(anonymous_33)
FN:697,(anonymous_34)
FN:723,(anonymous_35)
FN:748,(anonymous_36)
FN:776,(anonymous_37)
FN:803,(anonymous_38)
FN:814,(anonymous_39)
FN:822,(anonymous_40)
FN:846,(anonymous_41)
FN:852,(anonymous_42)
FN:852,(anonymous_43)
FN:873,(anonymous_44)
FN:886,(anonymous_45)
FN:934,(anonymous_46)
FN:944,(anonymous_47)
FN:951,(anonymous_48)
FN:977,(anonymous_49)
FN:984,(anonymous_50)
FN:988,(anonymous_51)
FN:1008,(anonymous_52)
FN:1036,(anonymous_53)
FN:1063,(anonymous_54)
FN:1078,(anonymous_55)
FN:1103,(anonymous_56)
FNF:57
FNH:0
FNDA:0,PageAdminServices
FNDA:0,(anonymous_1)
FNDA:0,(anonymous_2)
FNDA:0,(anonymous_3)
FNDA:0,(anonymous_4)
FNDA:0,(anonymous_5)
FNDA:0,(anonymous_6)
FNDA:0,(anonymous_7)
FNDA:0,(anonymous_8)
FNDA:0,(anonymous_9)
FNDA:0,(anonymous_10)
FNDA:0,(anonymous_11)
FNDA:0,(anonymous_12)
FNDA:0,(anonymous_13)
FNDA:0,(anonymous_14)
FNDA:0,(anonymous_15)
FNDA:0,(anonymous_16)
FNDA:0,(anonymous_17)
FNDA:0,(anonymous_18)
FNDA:0,(anonymous_19)
FNDA:0,(anonymous_20)
FNDA:0,(anonymous_21)
FNDA:0,(anonymous_22)
FNDA:0,(anonymous_23)
FNDA:0,(anonymous_24)
FNDA:0,(anonymous_25)
FNDA:0,(anonymous_26)
FNDA:0,(anonymous_27)
FNDA:0,(anonymous_28)
FNDA:0,(anonymous_29)
FNDA:0,(anonymous_30)
FNDA:0,(anonymous_31)
FNDA:0,(anonymous_32)
FNDA:0,(anonymous_33)
FNDA:0,(anonymous_34)
FNDA:0,(anonymous_35)
FNDA:0,(anonymous_36)
FNDA:0,(anonymous_37)
FNDA:0,(anonymous_38)
FNDA:0,(anonymous_39)
FNDA:0,(anonymous_40)
FNDA:0,(anonymous_41)
FNDA:0,(anonymous_42)
FNDA:0,(anonymous_43)
FNDA:0,(anonymous_44)
FNDA:0,(anonymous_45)
FNDA:0,(anonymous_46)
FNDA:0,(anonymous_47)
FNDA:0,(anonymous_48)
FNDA:0,(anonymous_49)
FNDA:0,(anonymous_50)
FNDA:0,(anonymous_51)
FNDA:0,(anonymous_52)
FNDA:0,(anonymous_53)
FNDA:0,(anonymous_54)
FNDA:0,(anonymous_55)
FNDA:0,(anonymous_56)
DA:5,0
DA:93,0
DA:94,0
DA:95,0
DA:96,0
DA:97,0
DA:99,0
DA:100,0
DA:102,0
DA:103,0
DA:104,0
DA:106,0
DA:107,0
DA:108,0
DA:109,0
DA:110,0
DA:112,0
DA:113,0
DA:115,0
DA:116,0
DA:117,0
DA:118,0
DA:119,0
DA:120,0
DA:121,0
DA:122,0
DA:123,0
DA:124,0
DA:125,0
DA:126,0
DA:127,0
DA:128,0
DA:129,0
DA:130,0
DA:131,0
DA:136,0
DA:138,0
DA:141,0
DA:146,0
DA:148,0
DA:151,0
DA:156,0
DA:161,0
DA:166,0
DA:171,0
DA:176,0
DA:177,0
DA:185,0
DA:187,0
DA:192,0
DA:193,0
DA:197,0
DA:198,0
DA:199,0
DA:203,0
DA:204,0
DA:205,0
DA:209,0
DA:210,0
DA:211,0
DA:213,0
DA:214,0
DA:215,0
DA:217,0
DA:218,0
DA:219,0
DA:220,0
DA:221,0
DA:222,0
DA:223,0
DA:224,0
DA:231,0
DA:234,0
DA:235,0
DA:236,0
DA:237,0
DA:238,0
DA:239,0
DA:240,0
DA:241,0
DA:242,0
DA:243,0
DA:244,0
DA:247,0
DA:248,0
DA:249,0
DA:250,0
DA:251,0
DA:252,0
DA:253,0
DA:254,0
DA:255,0
DA:256,0
DA:259,0
DA:260,0
DA:261,0
DA:262,0
DA:263,0
DA:267,0
DA:272,0
DA:273,0
DA:274,0
DA:275,0
DA:276,0
DA:278,0
DA:280,0
DA:284,0
DA:285,0
DA:286,0
DA:287,0
DA:288,0
DA:289,0
DA:290,0
DA:291,0
DA:293,0
DA:295,0
DA:299,0
DA:300,0
DA:301,0
DA:302,0
DA:303,0
DA:304,0
DA:305,0
DA:306,0
DA:308,0
DA:310,0
DA:314,0
DA:315,0
DA:316,0
DA:317,0
DA:318,0
DA:319,0
DA:320,0
DA:322,0
DA:324,0
DA:328,0
DA:329,0
DA:330,0
DA:331,0
DA:332,0
DA:333,0
DA:334,0
DA:335,0
DA:336,0
DA:338,0
DA:340,0
DA:344,0
DA:345,0
DA:346,0
DA:347,0
DA:348,0
DA:349,0
DA:350,0
DA:351,0
DA:352,0
DA:354,0
DA:356,0
DA:360,0
DA:361,0
DA:362,0
DA:363,0
DA:364,0
DA:365,0
DA:366,0
DA:368,0
DA:370,0
DA:374,0
DA:375,0
DA:376,0
DA:377,0
DA:378,0
DA:379,0
DA:381,0
DA:383,0
DA:387,0
DA:388,0
DA:389,0
DA:390,0
DA:395,0
DA:397,0
DA:399,0
DA:403,0
DA:404,0
DA:405,0
DA:406,0
DA:411,0
DA:413,0
DA:415,0
DA:419,0
DA:420,0
DA:421,0
DA:422,0
DA:424,0
DA:425,0
DA:426,0
DA:427,0
DA:429,0
DA:431,0
DA:435,0
DA:436,0
DA:437,0
DA:438,0
DA:439,0
DA:440,0
DA:441,0
DA:442,0
DA:443,0
DA:444,0
DA:445,0
DA:446,0
DA:447,0
DA:449,0
DA:451,0
DA:455,0
DA:456,0
DA:457,0
DA:458,0
DA:459,0
DA:460,0
DA:461,0
DA:463,0
DA:464,0
DA:466,0
DA:468,0
DA:472,0
DA:473,0
DA:474,0
DA:476,0
DA:477,0
DA:479,0
DA:482,0
DA:483,0
DA:484,0
DA:485,0
DA:487,0
DA:607,0
DA:650,0
DA:698,0
DA:724,0
DA:749,0
DA:776,0
DA:804,0
DA:814,0
DA:822,0
DA:847,0
DA:852,0
DA:873,0
DA:886,0
DA:935,0
DA:944,0
DA:951,0
DA:977,0
DA:984,0
DA:988,0
DA:1008,0
DA:1036,0
DA:1063,0
DA:1078,0
DA:1103,0
LF:259
LH:0
BRDA:141,0,0,0
BRDA:141,0,1,0
BRDA:187,1,0,0
BRDA:187,1,1,0
BRDA:198,2,0,0
BRDA:198,2,1,0
BRDA:204,3,0,0
BRDA:204,3,1,0
BRDA:210,4,0,0
BRDA:210,4,1,0
BRDA:211,5,0,0
BRDA:211,5,1,0
BRDA:213,6,0,0
BRDA:213,6,1,0
BRDA:223,7,0,0
BRDA:223,7,1,0
BRDA:289,8,0,0
BRDA:289,8,1,0
BRDA:304,9,0,0
BRDA:304,9,1,0
BRDA:365,10,0,0
BRDA:365,10,1,0
BRDA:379,11,0,0
BRDA:379,11,1,0
BRDA:392,12,0,0
BRDA:392,12,1,0
BRDA:409,13,0,0
BRDA:409,13,1,0
BRDA:420,14,0,0
BRDA:420,14,1,0
BRDA:427,15,0,0
BRDA:427,15,1,0
BRDA:460,16,0,0
BRDA:460,16,1,0
BRDA:460,17,0,0
BRDA:460,17,1,0
BRDA:473,18,0,0
BRDA:473,18,1,0
BRDA:473,19,0,0
BRDA:473,19,1,0
BRDA:473,19,2,0
BRDA:476,20,0,0
BRDA:476,20,1,0
BRDA:476,21,0,0
BRDA:476,21,1,0
BRDA:482,22,0,0
BRDA:482,22,1,0
BRDA:483,23,0,0
BRDA:483,23,1,0
BRDA:484,24,0,0
BRDA:484,24,1,0
BRDA:485,25,0,0
BRDA:485,25,1,0
BRDA:504,26,0,0
BRDA:504,26,1,0
BRDA:520,27,0,0
BRDA:520,27,1,0
BRDA:539,28,0,0
BRDA:539,28,1,0
BRDA:556,29,0,0
BRDA:556,29,1,0
BRDA:557,30,0,0
BRDA:557,30,1,0
BRDA:570,31,0,0
BRDA:570,31,1,0
BRDA:597,32,0,0
BRDA:597,32,1,0
BRDA:599,33,0,0
BRDA:599,33,1,0
BRDA:605,34,0,0
BRDA:605,34,1,0
BRDA:609,35,0,0
BRDA:609,35,1,0
BRDA:614,36,0,0
BRDA:614,36,1,0
BRDA:635,37,0,0
BRDA:635,37,1,0
BRDA:666,38,0,0
BRDA:666,38,1,0
BRDA:677,39,0,0
BRDA:677,39,1,0
BRDA:677,40,0,0
BRDA:677,40,1,0
BRDA:681,41,0,0
BRDA:681,41,1,0
BRDA:686,42,0,0
BRDA:686,42,1,0
BRDA:686,43,0,0
BRDA:686,43,1,0
BRDA:700,44,0,0
BRDA:700,44,1,0
BRDA:701,45,0,0
BRDA:701,45,1,0
BRDA:713,46,0,0
BRDA:713,46,1,0
BRDA:741,47,0,0
BRDA:741,47,1,0
BRDA:741,47,2,0
BRDA:741,47,3,0
BRDA:751,48,0,0
BRDA:751,48,1,0
BRDA:757,49,0,0
BRDA:757,49,1,0
BRDA:780,50,0,0
BRDA:780,50,1,0
BRDA:784,51,0,0
BRDA:784,51,1,0
BRDA:788,52,0,0
BRDA:788,52,1,0
BRDA:800,53,0,0
BRDA:800,53,1,0
BRDA:810,54,0,0
BRDA:810,54,1,0
BRDA:817,55,0,0
BRDA:817,55,1,0
BRDA:825,56,0,0
BRDA:825,56,1,0
BRDA:831,57,0,0
BRDA:831,57,1,0
BRDA:843,58,0,0
BRDA:843,58,1,0
BRDA:858,59,0,0
BRDA:858,59,1,0
BRDA:861,60,0,0
BRDA:861,60,1,0
BRDA:876,61,0,0
BRDA:876,61,1,0
BRDA:892,62,0,0
BRDA:892,62,1,0
BRDA:895,63,0,0
BRDA:895,63,1,0
BRDA:896,64,0,0
BRDA:896,64,1,0
BRDA:902,65,0,0
BRDA:902,65,1,0
BRDA:931,66,0,0
BRDA:931,66,1,0
BRDA:947,67,0,0
BRDA:947,67,1,0
BRDA:954,68,0,0
BRDA:954,68,1,0
BRDA:960,69,0,0
BRDA:960,69,1,0
BRDA:985,70,0,0
BRDA:985,70,1,0
BRDA:989,71,0,0
BRDA:989,71,1,0
BRDA:993,72,0,0
BRDA:993,72,1,0
BRDA:1012,73,0,0
BRDA:1012,73,1,0
BRDA:1029,74,0,0
BRDA:1029,74,1,0
BRDA:1041,75,0,0
BRDA:1041,75,1,0
BRDA:1044,76,0,0
BRDA:1044,76,1,0
BRDA:1084,77,0,0
BRDA:1084,77,1,0
BRDA:1107,78,0,0
BRDA:1107,78,1,0
BRDA:1110,79,0,0
BRDA:1110,79,1,0
BRF:163
BRH:0
end_of_record
TN:
SF:src\app\(app)\admin\sql-views\page.tsx
FN:40,PageAdminSqlViews
FN:50,(anonymous_1)
FN:61,(anonymous_2)
FN:88,(anonymous_3)
FN:110,(anonymous_4)
FN:120,(anonymous_5)
FN:133,(anonymous_6)
FN:146,(anonymous_7)
FN:148,(anonymous_8)
FN:176,(anonymous_9)
FN:176,(anonymous_10)
FN:184,(anonymous_11)
FN:184,(anonymous_12)
FNF:13
FNH:0
FNDA:0,PageAdminSqlViews
FNDA:0,(anonymous_1)
FNDA:0,(anonymous_2)
FNDA:0,(anonymous_3)
FNDA:0,(anonymous_4)
FNDA:0,(anonymous_5)
FNDA:0,(anonymous_6)
FNDA:0,(anonymous_7)
FNDA:0,(anonymous_8)
FNDA:0,(anonymous_9)
FNDA:0,(anonymous_10)
FNDA:0,(anonymous_11)
FNDA:0,(anonymous_12)
DA:1,0
DA:38,0
DA:41,0
DA:42,0
DA:47,0
DA:50,0
DA:53,0
DA:58,0
DA:61,0
DA:68,0
DA:70,0
DA:72,0
DA:89,0
DA:90,0
DA:111,0
DA:112,0
DA:121,0
DA:134,0
DA:147,0
DA:149,0
DA:150,0
DA:176,0
DA:184,0
LF:23
LH:0
BRDA:53,0,0,0
BRDA:53,0,1,0
BRDA:53,0,2,0
BRDA:68,1,0,0
BRDA:68,1,1,0
BRDA:70,2,0,0
BRDA:70,2,1,0
BRDA:114,3,0,0
BRDA:114,3,1,0
BRDA:120,4,0,0
BRDA:120,4,1,0
BRDA:139,5,0,0
BRDA:139,5,1,0
BRDA:139,5,2,0
BRDA:146,6,0,0
BRDA:146,6,1,0
BRDA:152,7,0,0
BRDA:152,7,1,0
BRDA:152,8,0,0
BRDA:152,8,1,0
BRDA:154,9,0,0
BRDA:154,9,1,0
BRDA:147,10,0,0
BRDA:147,10,1,0
BRDA:147,11,0,0
BRDA:147,11,1,0
BRDA:168,12,0,0
BRDA:168,12,1,0
BRDA:177,13,0,0
BRDA:177,13,1,0
BRDA:185,14,0,0
BRDA:185,14,1,0
BRF:32
BRH:0
end_of_record
TN:
SF:src\app\(app)\admin\telegram-test\page.tsx
FN:11,PageAdminTelegramTest
FN:17,(anonymous_1)
FN:59,(anonymous_2)
FN:65,(anonymous_3)
FNF:4
FNH:0
FNDA:0,PageAdminTelegramTest
FNDA:0,(anonymous_1)
FNDA:0,(anonymous_2)
FNDA:0,(anonymous_3)
DA:1,0
DA:12,0
DA:13,0
DA:14,0
DA:15,0
DA:17,0
DA:18,0
DA:19,0
DA:20,0
DA:21,0
DA:27,0
DA:30,0
DA:32,0
DA:34,0
DA:38,0
DA:59,0
DA:65,0
LF:17
LH:0
BRDA:25,0,0,0
BRDA:25,0,1,0
BRDA:30,1,0,0
BRDA:30,1,1,0
BRDA:67,2,0,0
BRDA:67,2,1,0
BRDA:68,3,0,0
BRDA:68,3,1,0
BRDA:71,4,0,0
BRDA:71,4,1,0
BRDA:72,5,0,0
BRDA:72,5,1,0
BRF:12
BRH:0
end_of_record
TN:
SF:src\app\(app)\admin\utilisateurs\page.tsx
FN:59,PageAdminUtilisateurs
FN:70,(anonymous_1)
FN:75,(anonymous_2)
FN:82,(anonymous_3)
FN:102,(anonymous_4)
FN:116,(anonymous_5)
FN:138,(anonymous_6)
FN:148,(anonymous_7)
FN:191,(anonymous_8)
FN:226,(anonymous_9)
FN:260,(anonymous_10)
FN:277,(anonymous_11)
FNF:12
FNH:0
FNDA:0,PageAdminUtilisateurs
FNDA:0,(anonymous_1)
FNDA:0,(anonymous_2)
FNDA:0,(anonymous_3)
FNDA:0,(anonymous_4)
FNDA:0,(anonymous_5)
FNDA:0,(anonymous_6)
FNDA:0,(anonymous_7)
FNDA:0,(anonymous_8)
FNDA:0,(anonymous_9)
FNDA:0,(anonymous_10)
FNDA:0,(anonymous_11)
DA:5,0
DA:60,0
DA:61,0
DA:62,0
DA:63,0
DA:64,0
DA:69,0
DA:71,0
DA:72,0
DA:75,0
DA:76,0
DA:77,0
DA:78,0
DA:79,0
DA:82,0
DA:83,0
DA:84,0
DA:85,0
DA:86,0
DA:87,0
DA:90,0
DA:91,0
DA:94,0
DA:96,0
DA:98,0
DA:102,0
DA:104,0
DA:116,0
DA:138,0
DA:148,0
DA:192,0
DA:226,0
DA:260,0
DA:277,0
LF:34
LH:0
BRDA:83,0,0,0
BRDA:83,0,1,0
BRDA:88,1,0,0
BRDA:88,1,1,0
BRDA:90,2,0,0
BRDA:90,2,1,0
BRDA:94,3,0,0
BRDA:94,3,1,0
BRDA:122,4,0,0
BRDA:122,4,1,0
BRDA:160,5,0,0
BRDA:160,5,1,0
BRDA:162,6,0,0
BRDA:162,6,1,0
BRDA:168,7,0,0
BRDA:168,7,1,0
BRDA:172,8,0,0
BRDA:172,8,1,0
BRDA:172,9,0,0
BRDA:172,9,1,0
BRDA:192,10,0,0
BRDA:192,10,1,0
BRDA:194,11,0,0
BRDA:194,11,1,0
BRDA:195,12,0,0
BRDA:195,12,1,0
BRDA:197,13,0,0
BRDA:197,13,1,0
BRDA:198,14,0,0
BRDA:198,14,1,0
BRDA:207,15,0,0
BRDA:207,15,1,0
BRDA:208,16,0,0
BRDA:208,16,1,0
BRDA:216,17,0,0
BRDA:216,17,1,0
BRDA:227,18,0,0
BRDA:227,18,1,0
BRDA:228,19,0,0
BRDA:228,19,1,0
BRDA:249,20,0,0
BRDA:249,20,1,0
BRDA:265,21,0,0
BRDA:265,21,1,0
BRDA:268,22,0,0
BRDA:268,22,1,0
BRDA:271,23,0,0
BRDA:271,23,1,0
BRDA:283,24,0,0
BRDA:283,24,1,0
BRDA:285,25,0,0
BRDA:285,25,1,0
BRF:52
BRH:0
end_of_record
TN:
SF:src\app\(app)\avance\page.tsx
FN:43,PageAvance
FN:53,(anonymous_1)
FN:63,(anonymous_2)
FN:69,(anonymous_3)
FN:70,(anonymous_4)
FN:89,(anonymous_5)
FN:125,(anonymous_6)
FN:152,(anonymous_7)
FN:179,(anonymous_8)
FN:196,(anonymous_9)
FNF:10
FNH:0
FNDA:0,PageAvance
FNDA:0,(anonymous_1)
FNDA:0,(anonymous_2)
FNDA:0,(anonymous_3)
FNDA:0,(anonymous_4)
FNDA:0,(anonymous_5)
FNDA:0,(anonymous_6)
FNDA:0,(anonymous_7)
FNDA:0,(anonymous_8)
FNDA:0,(anonymous_9)
DA:1,0
DA:19,0
DA:44,0
DA:46,0
DA:51,0
DA:53,0
DA:56,0
DA:61,0
DA:64,0
DA:68,0
DA:69,0
DA:71,0
DA:72,0
DA:77,0
DA:79,0
DA:90,0
DA:126,0
DA:153,0
DA:180,0
DA:196,0
LF:20
LH:0
BRDA:71,0,0,0
BRDA:71,0,1,0
BRDA:71,1,0,0
BRDA:71,1,1,0
BRDA:124,2,0,0
BRDA:124,2,1,0
BRDA:128,3,0,0
BRDA:128,3,1,0
BRDA:134,4,0,0
BRDA:134,4,1,0
BRDA:135,5,0,0
BRDA:135,5,1,0
BRDA:137,6,0,0
BRDA:137,6,1,0
BRDA:151,7,0,0
BRDA:151,7,1,0
BRDA:174,8,0,0
BRDA:174,8,1,0
BRDA:174,9,0,0
BRDA:174,9,1,0
BRDA:175,10,0,0
BRDA:175,10,1,0
BRDA:177,11,0,0
BRDA:177,11,1,0
BRF:24
BRH:0
end_of_record
TN:
SF:src\app\(app)\cuisine\page.tsx
FN:76,PageCuisine
FN:139,(anonymous_1)
FN:247,(anonymous_2)
FN:265,(anonymous_3)
FN:267,(anonymous_4)
FN:279,(anonymous_5)
FNF:6
FNH:0
FNDA:0,PageCuisine
FNDA:0,(anonymous_1)
FNDA:0,(anonymous_2)
FNDA:0,(anonymous_3)
FNDA:0,(anonymous_4)
FNDA:0,(anonymous_5)
DA:5,0
DA:33,0
DA:77,0
DA:82,0
DA:83,0
DA:84,0
DA:85,0
DA:87,0
DA:141,0
DA:248,0
DA:265,0
DA:267,0
DA:280,0
DA:282,0
LF:14
LH:0
BRDA:82,0,0,0
BRDA:82,0,1,0
BRDA:83,1,0,0
BRDA:83,1,1,0
BRDA:84,2,0,0
BRDA:84,2,1,0
BRDA:85,3,0,0
BRDA:85,3,1,0
BRDA:122,4,0,0
BRDA:122,4,1,0
BRDA:136,5,0,0
BRDA:136,5,1,0
BRDA:141,6,0,0
BRDA:141,6,1,0
BRDA:141,7,0,0
BRDA:141,7,1,0
BRDA:176,8,0,0
BRDA:176,8,1,0
BRDA:201,9,0,0
BRDA:201,9,1,0
BRDA:213,10,0,0
BRDA:213,10,1,0
BRDA:231,11,0,0
BRDA:231,11,1,0
BRDA:237,12,0,0
BRDA:237,12,1,0
BRDA:253,13,0,0
BRDA:253,13,1,0
BRDA:256,14,0,0
BRDA:256,14,1,0
BRDA:258,15,0,0
BRDA:258,15,1,0
BRDA:265,16,0,0
BRDA:265,16,1,0
BRDA:296,17,0,0
BRDA:296,17,1,0
BRDA:296,17,2,0
BRF:37
BRH:0
end_of_record
TN:
SF:src\app\(app)\cuisine\anti-gaspillage\page.tsx
FN:32,couleurScore
FN:38,badgeJours
FN:58,PageAntiGaspillage
FN:60,(anonymous_3)
FN:65,(anonymous_4)
FN:79,(anonymous_5)
FN:92,telechargerImageScore
FN:234,(anonymous_7)
FN:274,(anonymous_8)
FN:283,(anonymous_9)
FN:345,(anonymous_10)
FN:379,(anonymous_11)
FN:384,(anonymous_12)
FNF:13
FNH:7
FNDA:3,couleurScore
FNDA:6,badgeJours
FNDA:3,PageAntiGaspillage
FNDA:0,(anonymous_3)
FNDA:0,(anonymous_4)
FNDA:0,(anonymous_5)
FNDA:0,telechargerImageScore
FNDA:6,(anonymous_7)
FNDA:3,(anonymous_8)
FNDA:3,(anonymous_9)
FNDA:12,(anonymous_10)
FNDA:0,(anonymous_11)
FNDA:0,(anonymous_12)
DA:5,1
DA:33,3
DA:34,0
DA:35,0
DA:39,6
DA:40,3
DA:45,3
DA:46,3
DA:51,0
DA:59,3
DA:60,0
DA:64,3
DA:65,0
DA:69,3
DA:70,0
DA:80,0
DA:88,3
DA:89,3
DA:90,3
DA:93,0
DA:94,0
DA:97,0
DA:98,0
DA:99,0
DA:100,0
DA:101,0
DA:102,0
DA:105,0
DA:106,0
DA:107,0
DA:108,0
DA:109,0
DA:111,0
DA:112,0
DA:113,0
DA:114,0
DA:116,0
DA:117,0
DA:118,0
DA:119,0
DA:120,0
DA:121,0
DA:122,0
DA:124,0
DA:125,0
DA:126,0
DA:128,0
DA:129,0
DA:130,0
DA:132,0
DA:133,0
DA:134,0
DA:135,0
DA:136,0
DA:137,0
DA:140,3
DA:235,6
DA:275,3
DA:284,3
DA:346,12
DA:379,0
DA:385,0
LF:62
LH:17
BRDA:33,0,0,3
BRDA:33,0,1,0
BRDA:34,1,0,0
BRDA:34,1,1,0
BRDA:39,2,0,3
BRDA:39,2,1,3
BRDA:45,3,0,3
BRDA:45,3,1,0
BRDA:69,4,0,0
BRDA:69,4,1,3
BRDA:89,5,0,3
BRDA:89,5,1,0
BRDA:90,6,0,3
BRDA:90,6,1,0
BRDA:93,7,0,0
BRDA:93,7,1,0
BRDA:101,8,0,0
BRDA:101,8,1,0
BRDA:165,9,0,3
BRDA:165,9,1,0
BRDA:166,10,0,3
BRDA:166,10,1,0
BRDA:180,11,0,3
BRDA:180,11,1,0
BRDA:193,12,0,3
BRDA:193,12,1,0
BRDA:206,13,0,3
BRDA:206,13,1,0
BRDA:224,14,0,3
BRDA:224,14,1,0
BRDA:228,15,0,0
BRDA:228,15,1,3
BRDA:242,16,0,0
BRDA:242,16,1,6
BRDA:242,17,0,0
BRDA:242,17,1,0
BRDA:243,18,0,0
BRDA:243,18,1,6
BRDA:268,19,0,0
BRDA:268,19,1,3
BRDA:295,20,0,3
BRDA:295,20,1,3
BRDA:301,21,0,3
BRDA:301,21,1,3
BRDA:316,22,0,3
BRDA:316,22,1,3
BRDA:328,23,0,0
BRDA:328,23,1,3
BRDA:330,24,0,0
BRDA:330,24,1,3
BRDA:335,25,0,0
BRDA:335,25,1,3
BRDA:337,26,0,0
BRDA:337,26,1,3
BRDA:353,27,0,6
BRDA:353,27,1,6
BRDA:355,28,0,6
BRDA:355,28,1,0
BRDA:371,29,0,3
BRDA:371,29,1,3
BRDA:371,29,2,0
BRDA:388,30,0,0
BRDA:388,30,1,0
BRDA:395,31,0,0
BRDA:395,31,1,0
BRDA:395,31,2,0
BRDA:397,32,0,0
BRDA:397,32,1,0
BRDA:401,33,0,0
BRDA:401,33,1,0
BRF:70
BRH:32
end_of_record
TN:
SF:src\app\(app)\cuisine\batch-cooking\page.tsx
FN:76,classeProgression
FN:94,PageBatchCooking
FN:104,(anonymous_2)
FN:108,(anonymous_3)
FN:116,(anonymous_4)
FN:124,(anonymous_5)
FN:128,(anonymous_6)
FN:131,(anonymous_7)
FN:132,(anonymous_8)
FN:139,(anonymous_9)
FN:145,(anonymous_10)
FN:148,(anonymous_11)
FN:162,(anonymous_12)
FN:184,(anonymous_13)
FN:229,(anonymous_14)
FN:239,(anonymous_15)
FN:247,(anonymous_16)
FN:251,(anonymous_17)
FN:264,(anonymous_18)
FN:269,(anonymous_19)
FN:274,(anonymous_20)
FN:282,(anonymous_21)
FN:317,(anonymous_22)
FN:351,(anonymous_23)
FN:358,(anonymous_24)
FN:359,(anonymous_25)
FN:411,(anonymous_26)
FN:421,(anonymous_27)
FN:432,(anonymous_28)
FN:442,(anonymous_29)
FN:451,(anonymous_30)
FN:472,SessionCard
FNF:32
FNH:7
FNDA:0,classeProgression
FNDA:2,PageBatchCooking
FNDA:0,(anonymous_2)
FNDA:0,(anonymous_3)
FNDA:0,(anonymous_4)
FNDA:0,(anonymous_5)
FNDA:0,(anonymous_6)
FNDA:0,(anonymous_7)
FNDA:0,(anonymous_8)
FNDA:0,(anonymous_9)
FNDA:0,(anonymous_10)
FNDA:0,(anonymous_11)
FNDA:0,(anonymous_12)
FNDA:0,(anonymous_13)
FNDA:0,(anonymous_14)
FNDA:0,(anonymous_15)
FNDA:4,(anonymous_16)
FNDA:0,(anonymous_17)
FNDA:6,(anonymous_18)
FNDA:0,(anonymous_19)
FNDA:8,(anonymous_20)
FNDA:4,(anonymous_21)
FNDA:0,(anonymous_22)
FNDA:4,(anonymous_23)
FNDA:0,(anonymous_24)
FNDA:0,(anonymous_25)
FNDA:0,(anonymous_26)
FNDA:0,(anonymous_27)
FNDA:0,(anonymous_28)
FNDA:0,(anonymous_29)
FNDA:0,(anonymous_30)
FNDA:4,SessionCard
DA:5,1
DA:60,1
DA:70,1
DA:77,0
DA:78,0
DA:91,0
DA:95,2
DA:96,2
DA:97,2
DA:98,2
DA:99,2
DA:101,2
DA:103,2
DA:104,0
DA:108,2
DA:117,0
DA:118,0
DA:119,0
DA:120,0
DA:121,0
DA:122,0
DA:124,0
DA:128,2
DA:129,0
DA:131,0
DA:132,0
DA:136,2
DA:138,2
DA:139,0
DA:143,2
DA:145,2
DA:146,0
DA:149,0
DA:150,0
DA:151,0
DA:153,0
DA:160,2
DA:162,0
DA:164,2
DA:165,0
DA:173,2
DA:184,0
DA:230,0
DA:239,0
DA:248,4
DA:251,0
DA:265,6
DA:269,0
DA:274,8
DA:283,4
DA:317,0
DA:351,4
DA:358,0
DA:360,0
DA:412,0
DA:413,0
DA:421,0
DA:432,0
DA:442,0
DA:451,0
DA:479,4
DA:481,4
DA:487,4
LF:63
LH:27
BRDA:91,0,0,0
BRDA:91,0,1,0
BRDA:112,1,0,0
BRDA:112,1,1,0
BRDA:113,2,0,0
BRDA:113,2,1,0
BRDA:136,3,0,2
BRDA:136,3,1,0
BRDA:143,4,0,2
BRDA:143,4,1,0
BRDA:150,5,0,0
BRDA:150,5,1,0
BRDA:160,6,0,2
BRDA:160,6,1,0
BRDA:164,7,0,0
BRDA:164,7,1,2
BRDA:164,8,0,2
BRDA:164,8,1,0
BRDA:190,9,0,2
BRDA:190,9,1,2
BRDA:213,10,0,2
BRDA:213,10,1,2
BRDA:227,11,0,0
BRDA:227,11,1,2
BRDA:233,12,0,0
BRDA:233,12,1,2
BRDA:260,13,0,2
BRDA:260,13,1,0
BRDA:267,14,0,2
BRDA:267,14,1,4
BRDA:272,15,0,6
BRDA:272,15,1,4
BRDA:283,16,0,0
BRDA:283,16,1,4
BRDA:288,17,0,4
BRDA:288,17,1,0
BRDA:292,18,0,4
BRDA:292,18,1,0
BRDA:297,19,0,4
BRDA:297,19,1,0
BRDA:300,20,0,0
BRDA:300,20,1,0
BRDA:303,21,0,4
BRDA:303,21,1,0
BRDA:304,22,0,0
BRDA:304,22,1,0
BRDA:306,23,0,0
BRDA:306,23,1,0
BRDA:311,24,0,4
BRDA:311,24,1,0
BRDA:311,25,0,4
BRDA:311,25,1,4
BRDA:319,26,0,0
BRDA:319,26,1,0
BRDA:330,27,0,2
BRDA:330,27,1,0
BRDA:351,28,0,0
BRDA:351,28,1,2
BRDA:351,29,0,4
BRDA:351,29,1,4
BRDA:358,30,0,0
BRDA:358,30,1,0
BRDA:366,31,0,0
BRDA:366,31,1,0
BRDA:366,32,0,0
BRDA:366,32,1,0
BRDA:366,33,0,0
BRDA:366,33,1,0
BRDA:366,34,0,0
BRDA:366,34,1,0
BRDA:369,35,0,0
BRDA:369,35,1,0
BRDA:375,36,0,0
BRDA:375,36,1,0
BRDA:376,37,0,0
BRDA:376,37,1,0
BRDA:377,38,0,0
BRDA:377,38,1,0
BRDA:379,39,0,0
BRDA:379,39,1,0
BRDA:413,40,0,0
BRDA:413,40,1,0
BRDA:457,41,0,2
BRDA:457,41,1,2
BRDA:459,42,0,2
BRDA:459,42,1,0
BRDA:479,43,0,4
BRDA:479,43,1,4
BRDA:481,44,0,0
BRDA:481,44,1,4
BRDA:483,45,0,0
BRDA:483,45,1,4
BRDA:493,46,0,4
BRDA:493,46,1,4
BRDA:512,47,0,0
BRDA:512,47,1,4
BRDA:514,48,0,4
BRDA:514,48,1,4
BRDA:520,49,0,4
BRDA:520,49,1,0
BRDA:523,50,0,0
BRDA:523,50,1,0
BRDA:529,51,0,4
BRDA:529,51,1,0
BRF:104
BRH:42
end_of_record
TN:
SF:src\app\(app)\cuisine\batch-cooking\[id]\page.tsx
FN:47,PageDetailBatch
FN:54,(anonymous_1)
FN:59,(anonymous_2)
FN:61,(anonymous_3)
FN:72,(anonymous_4)
FN:84,(anonymous_5)
FN:94,(anonymous_6)
FN:103,(anonymous_7)
FN:188,(anonymous_8)
FN:212,(anonymous_9)
FN:240,(anonymous_10)
FNF:11
FNH:0
FNDA:0,PageDetailBatch
FNDA:0,(anonymous_1)
FNDA:0,(anonymous_2)
FNDA:0,(anonymous_3)
FNDA:0,(anonymous_4)
FNDA:0,(anonymous_5)
FNDA:0,(anonymous_6)
FNDA:0,(anonymous_7)
FNDA:0,(anonymous_8)
FNDA:0,(anonymous_9)
FNDA:0,(anonymous_10)
DA:5,0
DA:33,0
DA:40,0
DA:48,0
DA:49,0
DA:50,0
DA:51,0
DA:53,0
DA:54,0
DA:59,0
DA:60,0
DA:61,0
DA:64,0
DA:65,0
DA:73,0
DA:81,0
DA:82,0
DA:84,0
DA:93,0
DA:94,0
DA:95,0
DA:99,0
DA:103,0
DA:189,0
DA:213,0
DA:241,0
LF:26
LH:0
BRDA:60,0,0,0
BRDA:60,0,1,0
BRDA:64,1,0,0
BRDA:64,1,1,0
BRDA:81,2,0,0
BRDA:81,2,1,0
BRDA:93,3,0,0
BRDA:93,3,1,0
BRDA:95,4,0,0
BRDA:95,4,1,0
BRDA:111,5,0,0
BRDA:111,5,1,0
BRDA:114,6,0,0
BRDA:114,6,1,0
BRDA:116,7,0,0
BRDA:116,7,1,0
BRDA:121,8,0,0
BRDA:121,8,1,0
BRDA:127,9,0,0
BRDA:127,9,1,0
BRDA:159,10,0,0
BRDA:159,10,1,0
BRDA:178,11,0,0
BRDA:178,11,1,0
BRDA:199,12,0,0
BRDA:199,12,1,0
BRDA:216,13,0,0
BRDA:216,13,1,0
BRDA:219,14,0,0
BRDA:219,14,1,0
BRDA:229,15,0,0
BRDA:229,15,1,0
BRDA:234,16,0,0
BRDA:234,16,1,0
BRDA:245,17,0,0
BRDA:245,17,1,0
BRDA:245,17,2,0
BRDA:254,18,0,0
BRDA:254,18,1,0
BRDA:256,19,0,0
BRDA:256,19,1,0
BRDA:260,20,0,0
BRDA:260,20,1,0
BRDA:260,21,0,0
BRDA:260,21,1,0
BRDA:262,22,0,0
BRDA:262,22,1,0
BRDA:264,23,0,0
BRDA:264,23,1,0
BRDA:276,24,0,0
BRDA:276,24,1,0
BRF:51
BRH:0
end_of_record
TN:
SF:src\app\(app)\cuisine\comparateur-prix\page.tsx
FN:18,iconeVariation
FN:26,LigneIngredient
FN:87,ComparateurPrixPage
FN:91,(anonymous_3)
FN:113,(anonymous_4)
FN:116,(anonymous_5)
FN:127,(anonymous_6)
FN:145,(anonymous_7)
FN:180,(anonymous_8)
FN:194,(anonymous_9)
FNF:10
FNH:0
FNDA:0,iconeVariation
FNDA:0,LigneIngredient
FNDA:0,ComparateurPrixPage
FNDA:0,(anonymous_3)
FNDA:0,(anonymous_4)
FNDA:0,(anonymous_5)
FNDA:0,(anonymous_6)
FNDA:0,(anonymous_7)
FNDA:0,(anonymous_8)
FNDA:0,(anonymous_9)
DA:6,0
DA:19,0
DA:20,0
DA:21,0
DA:22,0
DA:23,0
DA:27,0
DA:29,0
DA:31,0
DA:88,0
DA:90,0
DA:91,0
DA:96,0
DA:98,0
DA:114,0
DA:116,0
DA:127,0
DA:146,0
DA:181,0
DA:195,0
LF:20
LH:0
BRDA:19,0,0,0
BRDA:19,0,1,0
BRDA:19,1,0,0
BRDA:19,1,1,0
BRDA:19,1,2,0
BRDA:21,2,0,0
BRDA:21,2,1,0
BRDA:21,3,0,0
BRDA:21,3,1,0
BRDA:29,4,0,0
BRDA:29,4,1,0
BRDA:29,5,0,0
BRDA:29,5,1,0
BRDA:37,6,0,0
BRDA:37,6,1,0
BRDA:45,7,0,0
BRDA:45,7,1,0
BRDA:55,8,0,0
BRDA:55,8,1,0
BRDA:67,9,0,0
BRDA:67,9,1,0
BRDA:67,10,0,0
BRDA:67,10,1,0
BRDA:69,11,0,0
BRDA:69,11,1,0
BRDA:69,12,0,0
BRDA:69,12,1,0
BRDA:77,13,0,0
BRDA:77,13,1,0
BRDA:96,14,0,0
BRDA:96,14,1,0
BRDA:118,15,0,0
BRDA:118,15,1,0
BRDA:128,16,0,0
BRDA:128,16,1,0
BRDA:135,17,0,0
BRDA:135,17,1,0
BRDA:135,17,2,0
BRDA:140,18,0,0
BRDA:140,18,1,0
BRDA:140,19,0,0
BRDA:140,19,1,0
BRDA:162,20,0,0
BRDA:162,20,1,0
BRDA:173,21,0,0
BRDA:173,21,1,0
BRDA:173,21,2,0
BRDA:178,22,0,0
BRDA:178,22,1,0
BRDA:184,23,0,0
BRDA:184,23,1,0
BRDA:184,24,0,0
BRDA:184,24,1,0
BRF:53
BRH:0
end_of_record
TN:
SF:src\app\(app)\cuisine\courses\page.tsx
FN:37,PageCourses
FN:112,(anonymous_1)
FN:117,(anonymous_2)
FN:126,(anonymous_3)
FN:128,(anonymous_4)
FN:128,(anonymous_5)
FN:131,(anonymous_6)
FN:137,(anonymous_7)
FN:138,(anonymous_8)
FN:139,(anonymous_9)
FN:146,(anonymous_10)
FN:148,(anonymous_11)
FN:151,(anonymous_12)
FN:152,(anonymous_13)
FN:156,(anonymous_14)
FN:157,(anonymous_15)
FN:161,(anonymous_16)
FN:162,(anonymous_17)
FN:172,(anonymous_18)
FN:177,(anonymous_19)
FN:190,(anonymous_20)
FN:196,(anonymous_21)
FN:197,(anonymous_22)
FN:213,(anonymous_23)
FN:219,(anonymous_24)
FN:267,(anonymous_25)
FN:280,(anonymous_26)
FN:281,(anonymous_27)
FN:296,(anonymous_28)
FN:308,(anonymous_29)
FN:308,(anonymous_30)
FN:316,(anonymous_31)
FN:316,(anonymous_32)
FN:325,(anonymous_33)
FN:343,(anonymous_34)
FN:424,(anonymous_35)
FN:426,(anonymous_36)
FN:427,(anonymous_37)
FN:460,(anonymous_38)
FN:461,(anonymous_39)
FN:468,(anonymous_40)
FN:469,(anonymous_41)
FN:471,(anonymous_42)
FN:475,(anonymous_43)
FN:478,(anonymous_44)
FN:479,(anonymous_45)
FN:480,(anonymous_46)
FN:481,(anonymous_47)
FN:499,(anonymous_48)
FN:504,(anonymous_49)
FN:514,(anonymous_50)
FN:517,(anonymous_51)
FNF:52
FNH:0
FNDA:0,PageCourses
FNDA:0,(anonymous_1)
FNDA:0,(anonymous_2)
FNDA:0,(anonymous_3)
FNDA:0,(anonymous_4)
FNDA:0,(anonymous_5)
FNDA:0,(anonymous_6)
FNDA:0,(anonymous_7)
FNDA:0,(anonymous_8)
FNDA:0,(anonymous_9)
FNDA:0,(anonymous_10)
FNDA:0,(anonymous_11)
FNDA:0,(anonymous_12)
FNDA:0,(anonymous_13)
FNDA:0,(anonymous_14)
FNDA:0,(anonymous_15)
FNDA:0,(anonymous_16)
FNDA:0,(anonymous_17)
FNDA:0,(anonymous_18)
FNDA:0,(anonymous_19)
FNDA:0,(anonymous_20)
FNDA:0,(anonymous_21)
FNDA:0,(anonymous_22)
FNDA:0,(anonymous_23)
FNDA:0,(anonymous_24)
FNDA:0,(anonymous_25)
FNDA:0,(anonymous_26)
FNDA:0,(anonymous_27)
FNDA:0,(anonymous_28)
FNDA:0,(anonymous_29)
FNDA:0,(anonymous_30)
FNDA:0,(anonymous_31)
FNDA:0,(anonymous_32)
FNDA:0,(anonymous_33)
FNDA:0,(anonymous_34)
FNDA:0,(anonymous_35)
FNDA:0,(anonymous_36)
FNDA:0,(anonymous_37)
FNDA:0,(anonymous_38)
FNDA:0,(anonymous_39)
FNDA:0,(anonymous_40)
FNDA:0,(anonymous_41)
FNDA:0,(anonymous_42)
FNDA:0,(anonymous_43)
FNDA:0,(anonymous_44)
FNDA:0,(anonymous_45)
FNDA:0,(anonymous_46)
FNDA:0,(anonymous_47)
FNDA:0,(anonymous_48)
FNDA:0,(anonymous_49)
FNDA:0,(anonymous_50)
FNDA:0,(anonymous_51)
DA:5,0
DA:102,0
DA:106,0
DA:107,0
DA:108,0
DA:109,0
DA:111,0
DA:112,0
DA:117,0
DA:118,0
DA:119,0
DA:120,0
DA:121,0
DA:123,0
DA:126,0
DA:127,0
DA:128,0
DA:131,0
DA:137,0
DA:138,0
DA:139,0
DA:140,0
DA:146,0
DA:147,0
DA:148,0
DA:151,0
DA:152,0
DA:156,0
DA:157,0
DA:161,0
DA:162,0
DA:164,0
DA:165,0
DA:166,0
DA:172,0
DA:173,0
DA:177,0
DA:178,0
DA:179,0
DA:180,0
DA:181,0
DA:182,0
DA:184,0
DA:186,0
DA:190,0
DA:191,0
DA:192,0
DA:193,0
DA:196,0
DA:197,0
DA:198,0
DA:199,0
DA:201,0
DA:202,0
DA:205,0
DA:206,0
DA:210,0
DA:211,0
DA:213,0
DA:214,0
DA:215,0
DA:219,0
DA:220,0
DA:222,0
DA:223,0
DA:225,0
DA:226,0
DA:238,0
DA:239,0
DA:242,0
DA:243,0
DA:246,0
DA:256,0
DA:267,0
DA:281,0
DA:282,0
DA:296,0
DA:308,0
DA:316,0
DA:325,0
DA:343,0
DA:424,0
DA:426,0
DA:428,0
DA:460,0
DA:462,0
DA:463,0
DA:465,0
DA:468,0
DA:469,0
DA:472,0
DA:473,0
DA:475,0
DA:478,0
DA:479,0
DA:480,0
DA:481,0
DA:499,0
DA:504,0
DA:515,0
DA:516,0
DA:517,0
DA:518,0
DA:519,0
DA:521,0
LF:105
LH:0
BRDA:111,0,0,0
BRDA:120,1,0,0
BRDA:120,1,1,0
BRDA:121,2,0,0
BRDA:121,2,1,0
BRDA:133,3,0,0
BRDA:133,3,1,0
BRDA:147,4,0,0
BRDA:147,4,1,0
BRDA:164,5,0,0
BRDA:164,5,1,0
BRDA:178,6,0,0
BRDA:178,6,1,0
BRDA:192,7,0,0
BRDA:192,7,1,0
BRDA:199,8,0,0
BRDA:199,8,1,0
BRDA:201,9,0,0
BRDA:201,9,1,0
BRDA:203,10,0,0
BRDA:203,10,1,0
BRDA:203,11,0,0
BRDA:203,11,1,0
BRDA:205,12,0,0
BRDA:205,12,1,0
BRDA:220,13,0,0
BRDA:220,13,1,0
BRDA:223,14,0,0
BRDA:223,14,1,0
BRDA:225,15,0,0
BRDA:225,15,1,0
BRDA:246,16,0,0
BRDA:246,16,1,0
BRDA:248,17,0,0
BRDA:248,17,1,0
BRDA:250,18,0,0
BRDA:250,18,1,0
BRDA:252,19,0,0
BRDA:252,19,1,0
BRDA:254,20,0,0
BRDA:254,20,1,0
BRDA:264,21,0,0
BRDA:264,21,1,0
BRDA:266,22,0,0
BRDA:266,22,1,0
BRDA:268,23,0,0
BRDA:268,23,1,0
BRDA:278,24,0,0
BRDA:278,24,1,0
BRDA:285,25,0,0
BRDA:285,25,1,0
BRDA:297,26,0,0
BRDA:297,26,1,0
BRDA:327,27,0,0
BRDA:327,27,1,0
BRDA:327,27,2,0
BRDA:327,27,3,0
BRDA:333,28,0,0
BRDA:333,28,1,0
BRDA:345,29,0,0
BRDA:345,29,1,0
BRDA:345,29,2,0
BRDA:345,29,3,0
BRDA:351,30,0,0
BRDA:351,30,1,0
BRDA:365,31,0,0
BRDA:365,31,1,0
BRDA:367,32,0,0
BRDA:367,32,1,0
BRDA:384,33,0,0
BRDA:384,33,1,0
BRDA:396,34,0,0
BRDA:396,34,1,0
BRDA:432,35,0,0
BRDA:432,35,1,0
BRDA:432,35,2,0
BRDA:462,36,0,0
BRDA:462,36,1,0
BRDA:472,37,0,0
BRDA:472,37,1,0
BRDA:486,38,0,0
BRDA:486,38,1,0
BRDA:486,38,2,0
BRDA:486,38,3,0
BRDA:490,39,0,0
BRDA:490,39,1,0
BRDA:516,40,0,0
BRDA:516,40,1,0
BRDA:518,41,0,0
BRDA:518,41,1,0
BRF:90
BRH:0
end_of_record
TN:
SF:src\app\(app)\cuisine\feedback\page.tsx
FN:24,FeedbackSemainePage
FN:31,(anonymous_1)
FN:39,(anonymous_2)
FN:43,(anonymous_3)
FN:46,(anonymous_4)
FN:47,(anonymous_5)
FN:53,(anonymous_6)
FN:54,(anonymous_7)
FN:60,(anonymous_8)
FN:61,(anonymous_9)
FN:80,(anonymous_10)
FN:106,(anonymous_11)
FN:127,(anonymous_12)
FN:134,(anonymous_13)
FN:137,(anonymous_14)
FN:159,(anonymous_15)
FN:170,(anonymous_16)
FNF:17
FNH:0
FNDA:0,FeedbackSemainePage
FNDA:0,(anonymous_1)
FNDA:0,(anonymous_2)
FNDA:0,(anonymous_3)
FNDA:0,(anonymous_4)
FNDA:0,(anonymous_5)
FNDA:0,(anonymous_6)
FNDA:0,(anonymous_7)
FNDA:0,(anonymous_8)
FNDA:0,(anonymous_9)
FNDA:0,(anonymous_10)
FNDA:0,(anonymous_11)
FNDA:0,(anonymous_12)
FNDA:0,(anonymous_13)
FNDA:0,(anonymous_14)
FNDA:0,(anonymous_15)
FNDA:0,(anonymous_16)
DA:5,0
DA:25,0
DA:26,0
DA:29,0
DA:32,0
DA:33,0
DA:38,0
DA:40,0
DA:41,0
DA:43,0
DA:46,0
DA:47,0
DA:53,0
DA:54,0
DA:60,0
DA:61,0
DA:72,0
DA:73,0
DA:80,0
DA:87,0
DA:107,0
DA:108,0
DA:109,0
DA:111,0
DA:127,0
DA:135,0
DA:137,0
DA:159,0
DA:170,0
LF:29
LH:0
BRDA:56,0,0,0
BRDA:56,0,1,0
BRDA:66,1,0,0
BRDA:66,1,1,0
BRDA:67,2,0,0
BRDA:67,2,1,0
BRDA:72,3,0,0
BRDA:72,3,1,0
BRDA:99,4,0,0
BRDA:99,4,1,0
BRDA:104,5,0,0
BRDA:104,5,1,0
BRDA:104,6,0,0
BRDA:104,6,1,0
BRDA:108,7,0,0
BRDA:108,7,1,0
BRDA:109,8,0,0
BRDA:109,8,1,0
BRDA:125,9,0,0
BRDA:125,9,1,0
BRDA:129,10,0,0
BRDA:129,10,1,0
BRDA:142,11,0,0
BRDA:142,11,1,0
BRDA:153,12,0,0
BRDA:153,12,1,0
BRDA:158,13,0,0
BRDA:158,13,1,0
BRDA:171,14,0,0
BRDA:171,14,1,0
BRDA:173,15,0,0
BRDA:173,15,1,0
BRF:32
BRH:0
end_of_record
TN:
SF:src\app\(app)\cuisine\frigo\page.tsx
FN:3,PageFrigo
FNF:1
FNH:0
FNDA:0,PageFrigo
DA:4,0
LF:1
LH:0
BRF:0
BRH:0
end_of_record
TN:
SF:src\app\(app)\cuisine\inventaire\page.tsx
FN:114,PageInventaire
FN:129,(anonymous_1)
FN:138,(anonymous_2)
FN:145,(anonymous_3)
FN:158,(anonymous_4)
FN:161,(anonymous_5)
FN:167,(anonymous_6)
FN:171,(anonymous_7)
FN:174,(anonymous_8)
FN:175,(anonymous_9)
FN:178,(anonymous_10)
FN:181,(anonymous_11)
FN:182,(anonymous_12)
FN:187,(anonymous_13)
FN:190,(anonymous_14)
FN:194,(anonymous_15)
FN:200,(anonymous_16)
FN:204,(anonymous_17)
FN:207,(anonymous_18)
FN:213,(anonymous_19)
FN:217,importerArticlesSelectionnes
FN:219,(anonymous_21)
FN:227,basculerSelectionOCR
FN:228,(anonymous_23)
FN:236,toutSelectionner
FN:241,(anonymous_25)
FN:245,importerStockDepuisScanner
FN:282,ouvrirSelecteurPhoto
FN:286,(anonymous_28)
FN:303,(anonymous_29)
FN:315,(anonymous_30)
FN:339,(anonymous_31)
FN:358,(anonymous_32)
FN:379,(anonymous_33)
FN:391,(anonymous_34)
FN:396,(anonymous_35)
FN:483,(anonymous_36)
FN:500,(anonymous_37)
FN:510,(anonymous_38)
FN:518,(anonymous_39)
FN:528,(anonymous_40)
FN:538,(anonymous_41)
FN:550,(anonymous_42)
FN:576,(anonymous_43)
FN:596,(anonymous_44)
FN:605,(anonymous_45)
FN:630,(anonymous_46)
FN:668,(anonymous_47)
FN:678,(anonymous_48)
FN:705,(anonymous_49)
FN:722,(anonymous_50)
FN:732,(anonymous_51)
FN:740,EtatBadge
FN:791,estProduitSaisonnier
FN:795,(anonymous_54)
FN:798,BadgesOFF
FNF:56
FNH:14
FNDA:10,PageInventaire
FNDA:0,(anonymous_1)
FNDA:16,(anonymous_2)
FNDA:0,(anonymous_3)
FNDA:0,(anonymous_4)
FNDA:0,(anonymous_5)
FNDA:0,(anonymous_6)
FNDA:0,(anonymous_7)
FNDA:0,(anonymous_8)
FNDA:0,(anonymous_9)
FNDA:0,(anonymous_10)
FNDA:0,(anonymous_11)
FNDA:0,(anonymous_12)
FNDA:0,(anonymous_13)
FNDA:0,(anonymous_14)
FNDA:0,(anonymous_15)
FNDA:0,(anonymous_16)
FNDA:0,(anonymous_17)
FNDA:0,(anonymous_18)
FNDA:0,(anonymous_19)
FNDA:0,importerArticlesSelectionnes
FNDA:0,(anonymous_21)
FNDA:0,basculerSelectionOCR
FNDA:0,(anonymous_23)
FNDA:0,toutSelectionner
FNDA:0,(anonymous_25)
FNDA:0,importerStockDepuisScanner
FNDA:0,ouvrirSelecteurPhoto
FNDA:0,(anonymous_28)
FNDA:16,(anonymous_29)
FNDA:16,(anonymous_30)
FNDA:0,(anonymous_31)
FNDA:0,(anonymous_32)
FNDA:0,(anonymous_33)
FNDA:0,(anonymous_34)
FNDA:0,(anonymous_35)
FNDA:50,(anonymous_36)
FNDA:50,(anonymous_37)
FNDA:0,(anonymous_38)
FNDA:500,(anonymous_39)
FNDA:200,(anonymous_40)
FNDA:0,(anonymous_41)
FNDA:0,(anonymous_42)
FNDA:80,(anonymous_43)
FNDA:0,(anonymous_44)
FNDA:0,(anonymous_45)
FNDA:0,(anonymous_46)
FNDA:0,(anonymous_47)
FNDA:50,(anonymous_48)
FNDA:0,(anonymous_49)
FNDA:0,(anonymous_50)
FNDA:0,(anonymous_51)
FNDA:16,EtatBadge
FNDA:16,estProduitSaisonnier
FNDA:128,(anonymous_54)
FNDA:16,BadgesOFF
DA:5,1
DA:86,1
DA:94,1
DA:107,1
DA:115,10
DA:116,10
DA:117,10
DA:118,10
DA:119,10
DA:120,10
DA:121,10
DA:122,10
DA:123,10
DA:125,10
DA:126,10
DA:128,10
DA:129,0
DA:133,10
DA:138,10
DA:139,16
DA:144,10
DA:145,0
DA:158,10
DA:159,0
DA:162,0
DA:163,0
DA:164,0
DA:165,0
DA:167,0
DA:171,10
DA:172,0
DA:174,0
DA:175,0
DA:178,10
DA:179,0
DA:181,0
DA:182,0
DA:187,10
DA:188,0
DA:191,0
DA:192,0
DA:194,0
DA:195,0
DA:197,0
DA:200,0
DA:204,10
DA:205,0
DA:208,0
DA:209,0
DA:210,0
DA:211,0
DA:213,0
DA:218,0
DA:219,0
DA:220,0
DA:221,0
DA:222,0
DA:224,0
DA:228,0
DA:229,0
DA:230,0
DA:231,0
DA:232,0
DA:237,0
DA:238,0
DA:239,0
DA:241,0
DA:249,0
DA:250,0
DA:251,0
DA:252,0
DA:253,0
DA:256,0
DA:258,0
DA:259,0
DA:260,0
DA:261,0
DA:270,0
DA:271,0
DA:272,0
DA:275,0
DA:277,0
DA:278,0
DA:283,0
DA:284,0
DA:285,0
DA:286,0
DA:287,0
DA:288,0
DA:290,0
DA:297,10
DA:303,10
DA:304,16
DA:305,0
DA:306,16
DA:307,16
DA:308,16
DA:309,16
DA:310,16
DA:313,10
DA:314,10
DA:315,16
DA:329,10
DA:339,0
DA:358,0
DA:379,0
DA:392,0
DA:396,0
DA:484,50
DA:485,50
DA:486,50
DA:501,50
DA:510,0
DA:519,500
DA:529,200
DA:539,0
DA:550,0
DA:577,80
DA:596,0
DA:605,0
DA:630,0
DA:670,0
DA:671,0
DA:679,50
DA:705,0
DA:722,0
DA:732,0
DA:741,16
DA:742,0
DA:747,16
DA:748,0
DA:753,16
DA:760,1
DA:768,1
DA:776,1
DA:792,16
DA:793,16
DA:794,16
DA:795,128
DA:799,16
DA:801,16
DA:802,0
DA:813,16
DA:814,0
DA:815,0
DA:816,0
DA:827,16
DA:828,0
DA:829,0
DA:830,0
DA:841,16
DA:842,0
DA:843,0
DA:854,16
DA:855,0
LF:155
LH:61
BRDA:138,0,0,10
BRDA:138,0,1,0
BRDA:139,1,0,16
BRDA:139,1,1,16
BRDA:139,1,2,16
BRDA:140,2,0,16
BRDA:140,2,1,0
BRDA:145,3,0,10
BRDA:145,3,1,10
BRDA:148,4,0,0
BRDA:148,4,1,0
BRDA:149,5,0,0
BRDA:149,5,1,0
BRDA:191,6,0,0
BRDA:191,6,1,0
BRDA:218,7,0,0
BRDA:218,7,1,0
BRDA:220,8,0,0
BRDA:220,8,1,0
BRDA:230,9,0,0
BRDA:230,9,1,0
BRDA:237,10,0,0
BRDA:237,10,1,0
BRDA:238,11,0,0
BRDA:238,11,1,0
BRDA:254,12,0,0
BRDA:254,12,1,0
BRDA:258,13,0,0
BRDA:258,13,1,0
BRDA:261,14,0,0
BRDA:261,14,1,0
BRDA:270,15,0,0
BRDA:270,15,1,0
BRDA:272,16,0,0
BRDA:272,16,1,0
BRDA:277,17,0,0
BRDA:277,17,1,0
BRDA:288,18,0,0
BRDA:288,18,1,0
BRDA:303,19,0,10
BRDA:303,19,1,0
BRDA:304,20,0,0
BRDA:304,20,1,16
BRDA:304,21,0,16
BRDA:304,21,1,0
BRDA:306,22,0,0
BRDA:306,22,1,16
BRDA:306,23,0,16
BRDA:306,23,1,0
BRDA:307,24,0,0
BRDA:307,24,1,16
BRDA:307,25,0,16
BRDA:307,25,1,0
BRDA:308,26,0,0
BRDA:308,26,1,16
BRDA:308,27,0,16
BRDA:308,27,1,0
BRDA:309,28,0,0
BRDA:309,28,1,16
BRDA:309,29,0,16
BRDA:309,29,1,0
BRDA:309,29,2,0
BRDA:313,30,0,10
BRDA:313,30,1,0
BRDA:314,31,0,10
BRDA:314,31,1,0
BRDA:316,32,0,16
BRDA:316,32,1,16
BRDA:318,33,0,16
BRDA:318,33,1,0
BRDA:320,34,0,16
BRDA:320,34,1,0
BRDA:321,35,0,16
BRDA:321,35,1,0
BRDA:324,36,0,0
BRDA:324,36,1,16
BRDA:324,37,0,0
BRDA:324,37,1,16
BRDA:325,38,0,16
BRDA:325,38,1,16
BRDA:326,39,0,16
BRDA:326,39,1,16
BRDA:346,40,0,0
BRDA:346,40,1,10
BRDA:366,41,0,10
BRDA:366,41,1,0
BRDA:366,41,2,0
BRDA:388,42,0,0
BRDA:388,42,1,0
BRDA:400,43,0,0
BRDA:400,43,1,0
BRDA:412,44,0,0
BRDA:412,44,1,0
BRDA:414,45,0,0
BRDA:414,45,1,0
BRDA:423,46,0,10
BRDA:423,46,1,0
BRDA:428,47,0,0
BRDA:428,47,1,0
BRDA:437,48,0,10
BRDA:437,48,1,0
BRDA:437,48,2,0
BRDA:466,49,0,10
BRDA:466,49,1,8
BRDA:485,50,0,50
BRDA:485,50,1,0
BRDA:490,51,0,50
BRDA:490,51,1,10
BRDA:490,51,2,8
BRDA:536,52,0,0
BRDA:536,52,1,50
BRDA:542,53,0,10
BRDA:542,53,1,40
BRDA:580,54,0,80
BRDA:580,54,1,0
BRDA:582,55,0,80
BRDA:582,55,1,0
BRDA:584,56,0,80
BRDA:584,56,1,0
BRDA:634,57,0,10
BRDA:634,57,1,0
BRDA:648,58,0,10
BRDA:648,58,1,0
BRDA:710,59,0,10
BRDA:710,59,1,0
BRDA:719,60,0,10
BRDA:719,60,1,0
BRDA:741,61,0,0
BRDA:741,61,1,16
BRDA:747,62,0,0
BRDA:747,62,1,16
BRDA:793,63,0,16
BRDA:793,63,1,0
BRDA:801,64,0,0
BRDA:801,64,1,16
BRDA:813,65,0,0
BRDA:813,65,1,16
BRDA:815,66,0,0
BRDA:815,66,1,0
BRDA:827,67,0,0
BRDA:827,67,1,16
BRDA:829,68,0,0
BRDA:829,68,1,0
BRDA:841,69,0,0
BRDA:841,69,1,16
BRDA:842,70,0,0
BRDA:842,70,1,0
BRDA:846,71,0,0
BRDA:846,71,1,0
BRDA:846,72,0,0
BRDA:846,72,1,0
BRDA:854,73,0,16
BRDA:854,73,1,0
BRF:153
BRH:59
end_of_record
TN:
SF:src\app\(app)\cuisine\ma-semaine\page.tsx
FN:77,getLundiDeSemaine
FN:86,ApplianceIcons
FN:94,(anonymous_2)
FN:103,JulesRow
FN:130,MaSemainePage
FN:141,(anonymous_5)
FN:147,(anonymous_6)
FN:153,(anonymous_7)
FN:159,(anonymous_8)
FN:165,(anonymous_9)
FN:168,(anonymous_10)
FN:172,(anonymous_11)
FN:176,(anonymous_12)
FN:179,(anonymous_13)
FN:183,(anonymous_14)
FN:187,(anonymous_15)
FN:201,(anonymous_16)
FN:205,(anonymous_17)
FN:209,(anonymous_18)
FN:215,(anonymous_19)
FN:219,(anonymous_20)
FN:230,(anonymous_21)
FN:237,(anonymous_22)
FN:240,(anonymous_23)
FN:247,(anonymous_24)
FN:292,(anonymous_25)
FN:298,(anonymous_26)
FN:339,(anonymous_27)
FN:349,(anonymous_28)
FN:412,(anonymous_29)
FN:422,(anonymous_30)
FN:462,(anonymous_31)
FN:471,(anonymous_32)
FN:504,(anonymous_33)
FN:514,(anonymous_34)
FN:544,(anonymous_35)
FN:558,(anonymous_36)
FN:578,(anonymous_37)
FN:592,(anonymous_38)
FN:657,(anonymous_39)
FN:670,(anonymous_40)
FN:679,(anonymous_41)
FNF:42
FNH:0
FNDA:0,getLundiDeSemaine
FNDA:0,ApplianceIcons
FNDA:0,(anonymous_2)
FNDA:0,JulesRow
FNDA:0,MaSemainePage
FNDA:0,(anonymous_5)
FNDA:0,(anonymous_6)
FNDA:0,(anonymous_7)
FNDA:0,(anonymous_8)
FNDA:0,(anonymous_9)
FNDA:0,(anonymous_10)
FNDA:0,(anonymous_11)
FNDA:0,(anonymous_12)
FNDA:0,(anonymous_13)
FNDA:0,(anonymous_14)
FNDA:0,(anonymous_15)
FNDA:0,(anonymous_16)
FNDA:0,(anonymous_17)
FNDA:0,(anonymous_18)
FNDA:0,(anonymous_19)
FNDA:0,(anonymous_20)
FNDA:0,(anonymous_21)
FNDA:0,(anonymous_22)
FNDA:0,(anonymous_23)
FNDA:0,(anonymous_24)
FNDA:0,(anonymous_25)
FNDA:0,(anonymous_26)
FNDA:0,(anonymous_27)
FNDA:0,(anonymous_28)
FNDA:0,(anonymous_29)
FNDA:0,(anonymous_30)
FNDA:0,(anonymous_31)
FNDA:0,(anonymous_32)
FNDA:0,(anonymous_33)
FNDA:0,(anonymous_34)
FNDA:0,(anonymous_35)
FNDA:0,(anonymous_36)
FNDA:0,(anonymous_37)
FNDA:0,(anonymous_38)
FNDA:0,(anonymous_39)
FNDA:0,(anonymous_40)
FNDA:0,(anonymous_41)
DA:5,0
DA:50,0
DA:78,0
DA:79,0
DA:80,0
DA:81,0
DA:82,0
DA:83,0
DA:87,0
DA:88,0
DA:89,0
DA:90,0
DA:91,0
DA:92,0
DA:95,0
DA:104,0
DA:105,0
DA:123,0
DA:131,0
DA:132,0
DA:133,0
DA:134,0
DA:135,0
DA:137,0
DA:140,0
DA:141,0
DA:146,0
DA:147,0
DA:152,0
DA:153,0
DA:158,0
DA:159,0
DA:165,0
DA:169,0
DA:170,0
DA:172,0
DA:176,0
DA:180,0
DA:181,0
DA:183,0
DA:187,0
DA:189,0
DA:190,0
DA:191,0
DA:193,0
DA:194,0
DA:195,0
DA:202,0
DA:203,0
DA:205,0
DA:209,0
DA:211,0
DA:212,0
DA:216,0
DA:217,0
DA:219,0
DA:224,0
DA:225,0
DA:226,0
DA:227,0
DA:230,0
DA:231,0
DA:232,0
DA:233,0
DA:234,0
DA:235,0
DA:237,0
DA:240,0
DA:241,0
DA:242,0
DA:243,0
DA:244,0
DA:247,0
DA:248,0
DA:292,0
DA:293,0
DA:294,0
DA:298,0
DA:299,0
DA:300,0
DA:304,0
DA:305,0
DA:307,0
DA:340,0
DA:341,0
DA:342,0
DA:343,0
DA:349,0
DA:413,0
DA:414,0
DA:415,0
DA:416,0
DA:422,0
DA:463,0
DA:472,0
DA:504,0
DA:514,0
DA:545,0
DA:558,0
DA:578,0
DA:592,0
DA:657,0
DA:670,0
DA:679,0
LF:104
LH:0
BRDA:77,0,0,0
BRDA:80,1,0,0
BRDA:80,1,1,0
BRDA:88,2,0,0
BRDA:88,2,1,0
BRDA:89,3,0,0
BRDA:89,3,1,0
BRDA:90,4,0,0
BRDA:90,4,1,0
BRDA:91,5,0,0
BRDA:91,5,1,0
BRDA:104,6,0,0
BRDA:104,6,1,0
BRDA:104,7,0,0
BRDA:104,7,1,0
BRDA:112,8,0,0
BRDA:112,8,1,0
BRDA:113,9,0,0
BRDA:113,9,1,0
BRDA:161,10,0,0
BRDA:161,10,1,0
BRDA:189,11,0,0
BRDA:189,11,1,0
BRDA:190,12,0,0
BRDA:190,12,1,0
BRDA:211,13,0,0
BRDA:211,13,1,0
BRDA:224,14,0,0
BRDA:224,14,1,0
BRDA:225,15,0,0
BRDA:225,15,1,0
BRDA:226,16,0,0
BRDA:226,16,1,0
BRDA:231,17,0,0
BRDA:231,17,1,0
BRDA:234,18,0,0
BRDA:234,18,1,0
BRDA:234,18,2,0
BRDA:241,19,0,0
BRDA:241,19,1,0
BRDA:242,20,0,0
BRDA:242,20,1,0
BRDA:243,21,0,0
BRDA:243,21,1,0
BRDA:251,22,0,0
BRDA:251,22,1,0
BRDA:252,23,0,0
BRDA:252,23,1,0
BRDA:260,24,0,0
BRDA:260,24,1,0
BRDA:261,25,0,0
BRDA:261,25,1,0
BRDA:267,26,0,0
BRDA:267,26,1,0
BRDA:268,27,0,0
BRDA:268,27,1,0
BRDA:274,28,0,0
BRDA:274,28,1,0
BRDA:275,29,0,0
BRDA:275,29,1,0
BRDA:293,30,0,0
BRDA:293,30,1,0
BRDA:293,31,0,0
BRDA:293,31,1,0
BRDA:299,32,0,0
BRDA:299,32,1,0
BRDA:352,33,0,0
BRDA:352,33,1,0
BRDA:354,34,0,0
BRDA:354,34,1,0
BRDA:363,35,0,0
BRDA:363,35,1,0
BRDA:386,36,0,0
BRDA:386,36,1,0
BRDA:388,37,0,0
BRDA:388,37,1,0
BRDA:393,38,0,0
BRDA:393,38,1,0
BRDA:411,39,0,0
BRDA:411,39,1,0
BRDA:420,40,0,0
BRDA:420,40,1,0
BRDA:427,41,0,0
BRDA:427,41,1,0
BRDA:440,42,0,0
BRDA:440,42,1,0
BRDA:477,43,0,0
BRDA:477,43,1,0
BRDA:480,44,0,0
BRDA:480,44,1,0
BRDA:480,44,2,0
BRDA:507,45,0,0
BRDA:507,45,1,0
BRDA:524,46,0,0
BRDA:524,46,1,0
BRDA:526,47,0,0
BRDA:526,47,1,0
BRDA:540,48,0,0
BRDA:540,48,1,0
BRDA:540,48,2,0
BRDA:551,49,0,0
BRDA:551,49,1,0
BRDA:567,50,0,0
BRDA:567,50,1,0
BRDA:569,51,0,0
BRDA:569,51,1,0
BRDA:593,52,0,0
BRDA:593,52,1,0
BRDA:595,53,0,0
BRDA:595,53,1,0
BRDA:608,54,0,0
BRDA:608,54,1,0
BRDA:627,55,0,0
BRDA:627,55,1,0
BRDA:639,56,0,0
BRDA:639,56,1,0
BRDA:643,57,0,0
BRDA:643,57,1,0
BRDA:658,58,0,0
BRDA:658,58,1,0
BRDA:660,59,0,0
BRDA:660,59,1,0
BRDA:667,60,0,0
BRDA:667,60,1,0
BRDA:689,61,0,0
BRDA:689,61,1,0
BRF:126
BRH:0
end_of_record
TN:
SF:src\app\(app)\cuisine\nutrition\page.tsx
FN:47,formatDate
FN:55,pourcentage
FN:59,couleurPct
FN:65,BarreProgression
FN:92,PageNutrition
FN:97,(anonymous_5)
FN:105,(anonymous_6)
FN:109,(anonymous_7)
FN:111,(anonymous_8)
FN:147,(anonymous_9)
FN:147,(anonymous_10)
FN:155,(anonymous_11)
FN:163,(anonymous_12)
FN:163,(anonymous_13)
FN:171,(anonymous_14)
FN:258,(anonymous_15)
FN:263,(anonymous_16)
FN:300,(anonymous_17)
FNF:18
FNH:0
FNDA:0,formatDate
FNDA:0,pourcentage
FNDA:0,couleurPct
FNDA:0,BarreProgression
FNDA:0,PageNutrition
FNDA:0,(anonymous_5)
FNDA:0,(anonymous_6)
FNDA:0,(anonymous_7)
FNDA:0,(anonymous_8)
FNDA:0,(anonymous_9)
FNDA:0,(anonymous_10)
FNDA:0,(anonymous_11)
FNDA:0,(anonymous_12)
FNDA:0,(anonymous_13)
FNDA:0,(anonymous_14)
FNDA:0,(anonymous_15)
FNDA:0,(anonymous_16)
FNDA:0,(anonymous_17)
DA:5,0
DA:40,0
DA:48,0
DA:56,0
DA:60,0
DA:61,0
DA:62,0
DA:76,0
DA:77,0
DA:93,0
DA:96,0
DA:99,0
DA:100,0
[...]
FN:603,(anonymous_77)
FN:608,(anonymous_78)
FN:617,(anonymous_79)
FN:621,(anonymous_80)
FN:626,importerDepuisScanner
FN:640,(anonymous_82)
FN:652,ouvrirQrPartage
FN:661,(anonymous_84)
FN:674,telechargerQr
FNF:86
FNH:0
FNDA:0,grouperParCategorie
FNDA:0,utiliserPageCourses
FNDA:0,(anonymous_2)
FNDA:0,(anonymous_3)
FNDA:0,(anonymous_4)
FNDA:0,(anonymous_5)
FNDA:0,(anonymous_6)
FNDA:0,(anonymous_7)
FNDA:0,(anonymous_8)
FNDA:0,(anonymous_9)
FNDA:0,(anonymous_10)
FNDA:0,(anonymous_11)
FNDA:0,(anonymous_12)
FNDA:0,(anonymous_13)
FNDA:0,(anonymous_14)
FNDA:0,(anonymous_15)
FNDA:0,(anonymous_16)
FNDA:0,(anonymous_17)
FNDA:0,(anonymous_18)
FNDA:0,(anonymous_19)
FNDA:0,(anonymous_20)
FNDA:0,(anonymous_21)
FNDA:0,(anonymous_22)
FNDA:0,(anonymous_23)
FNDA:0,(anonymous_24)
FNDA:0,(anonymous_25)
FNDA:0,(anonymous_26)
FNDA:0,(anonymous_27)
FNDA:0,(anonymous_28)
FNDA:0,(anonymous_29)
FNDA:0,(anonymous_30)
FNDA:0,(anonymous_31)
FNDA:0,(anonymous_32)
FNDA:0,(anonymous_33)
FNDA:0,(anonymous_34)
FNDA:0,(anonymous_35)
FNDA:0,(anonymous_36)
FNDA:0,(anonymous_37)
FNDA:0,(anonymous_38)
FNDA:0,(anonymous_39)
FNDA:0,(anonymous_40)
FNDA:0,(anonymous_41)
FNDA:0,(anonymous_42)
FNDA:0,(anonymous_43)
FNDA:0,(anonymous_44)
FNDA:0,(anonymous_45)
FNDA:0,(anonymous_46)
FNDA:0,(anonymous_47)
FNDA:0,(anonymous_48)
FNDA:0,(anonymous_49)
FNDA:0,(anonymous_50)
FNDA:0,(anonymous_51)
FNDA:0,(anonymous_52)
FNDA:0,(anonymous_53)
FNDA:0,(anonymous_54)
FNDA:0,(anonymous_55)
FNDA:0,(anonymous_56)
FNDA:0,(anonymous_57)
FNDA:0,(anonymous_58)
FNDA:0,(anonymous_59)
FNDA:0,(anonymous_60)
FNDA:0,(anonymous_61)
FNDA:0,(anonymous_62)
FNDA:0,(anonymous_63)
FNDA:0,(anonymous_64)
FNDA:0,(anonymous_65)
FNDA:0,(anonymous_66)
FNDA:0,(anonymous_67)
FNDA:0,(anonymous_68)
FNDA:0,(anonymous_69)
FNDA:0,(anonymous_70)
FNDA:0,(anonymous_71)
FNDA:0,(anonymous_72)
FNDA:0,(anonymous_73)
FNDA:0,(anonymous_74)
FNDA:0,(anonymous_75)
FNDA:0,(anonymous_76)
FNDA:0,(anonymous_77)
FNDA:0,(anonymous_78)
FNDA:0,(anonymous_79)
FNDA:0,(anonymous_80)
FNDA:0,importerDepuisScanner
FNDA:0,(anonymous_82)
FNDA:0,ouvrirQrPartage
FNDA:0,(anonymous_84)
FNDA:0,telechargerQr
DA:37,0
DA:38,0
DA:39,0
DA:40,0
DA:42,0
DA:49,0
DA:52,0
DA:53,0
DA:54,0
DA:55,0
DA:56,0
DA:57,0
DA:58,0
DA:59,0
DA:60,0
DA:61,0
DA:62,0
DA:64,0
DA:65,0
DA:66,0
DA:68,0
DA:69,0
DA:70,0
DA:71,0
DA:72,0
DA:74,0
DA:77,0
DA:82,0
DA:83,0
DA:88,0
DA:89,0
DA:94,0
DA:99,0
DA:105,0
DA:108,0
DA:109,0
DA:112,0
DA:117,0
DA:118,0
DA:119,0
DA:120,0
DA:123,0
DA:129,0
DA:142,0
DA:143,0
DA:146,0
DA:147,0
DA:148,0
DA:149,0
DA:151,0
DA:161,0
DA:166,0
DA:169,0
DA:170,0
DA:173,0
DA:174,0
DA:176,0
DA:177,0
DA:179,0
DA:180,0
DA:182,0
DA:192,0
DA:193,0
DA:194,0
DA:196,0
DA:203,0
DA:204,0
DA:205,0
DA:207,0
DA:208,0
DA:214,0
DA:217,0
DA:218,0
DA:219,0
DA:220,0
DA:223,0
DA:224,0
DA:226,0
DA:227,0
DA:229,0
DA:234,0
DA:235,0
DA:239,0
DA:240,0
DA:243,0
DA:244,0
DA:246,0
DA:247,0
DA:249,0
DA:250,0
DA:252,0
DA:253,0
DA:254,0
DA:256,0
DA:257,0
DA:258,0
DA:261,0
DA:264,0
DA:270,0
DA:271,0
DA:272,0
DA:274,0
DA:275,0
DA:281,0
DA:283,0
DA:285,0
DA:286,0
DA:288,0
DA:289,0
DA:291,0
DA:296,0
DA:297,0
DA:300,0
DA:301,0
DA:304,0
DA:305,0
DA:307,0
DA:308,0
DA:310,0
DA:311,0
DA:313,0
DA:314,0
DA:315,0
DA:317,0
DA:318,0
DA:319,0
DA:321,0
DA:323,0
DA:329,0
DA:330,0
DA:331,0
DA:333,0
DA:334,0
DA:335,0
DA:337,0
DA:344,0
DA:347,0
DA:348,0
DA:350,0
DA:351,0
DA:357,0
DA:359,0
DA:360,0
DA:362,0
DA:363,0
DA:364,0
DA:368,0
DA:369,0
DA:370,0
DA:371,0
DA:372,0
DA:375,0
DA:379,0
DA:381,0
DA:382,0
DA:383,0
DA:385,0
DA:389,0
DA:390,0
DA:391,0
DA:392,0
DA:393,0
DA:396,0
DA:400,0
DA:404,0
DA:405,0
DA:406,0
DA:408,0
DA:412,0
DA:416,0
DA:417,0
DA:418,0
DA:420,0
DA:421,0
DA:422,0
DA:424,0
DA:428,0
DA:432,0
DA:434,0
DA:435,0
DA:437,0
DA:438,0
DA:440,0
DA:444,0
DA:445,0
DA:446,0
DA:449,0
DA:453,0
DA:455,0
DA:456,0
DA:458,0
DA:459,0
DA:461,0
DA:462,0
DA:464,0
DA:468,0
DA:469,0
DA:470,0
DA:473,0
DA:477,0
DA:479,0
DA:480,0
DA:483,0
DA:484,0
DA:486,0
DA:487,0
DA:488,0
DA:489,0
DA:491,0
DA:492,0
DA:504,0
DA:505,0
DA:506,0
DA:509,0
DA:511,0
DA:518,0
DA:519,0
DA:520,0
DA:521,0
DA:523,0
DA:524,0
DA:526,0
DA:529,0
DA:538,0
DA:543,0
DA:547,0
DA:548,0
DA:549,0
DA:551,0
DA:552,0
DA:556,0
DA:557,0
DA:558,0
DA:560,0
DA:561,0
DA:562,0
DA:563,0
DA:564,0
DA:566,0
DA:568,0
DA:572,0
DA:573,0
DA:576,0
DA:577,0
DA:579,0
DA:583,0
DA:584,0
DA:585,0
DA:586,0
DA:587,0
DA:591,0
DA:595,0
DA:596,0
DA:603,0
DA:609,0
DA:610,0
DA:617,0
DA:618,0
DA:621,0
DA:622,0
DA:627,0
DA:628,0
DA:630,0
DA:631,0
DA:632,0
DA:633,0
DA:634,0
DA:636,0
DA:640,0
DA:641,0
DA:643,0
DA:644,0
DA:645,0
DA:647,0
DA:648,0
DA:653,0
DA:654,0
DA:656,0
DA:657,0
DA:658,0
DA:659,0
DA:660,0
DA:661,0
DA:662,0
DA:663,0
DA:665,0
DA:668,0
DA:670,0
DA:675,0
DA:676,0
DA:678,0
DA:679,0
DA:680,0
DA:681,0
DA:682,0
DA:683,0
DA:686,0
LF:297
LH:0
BRDA:39,0,0,0
BRDA:39,0,1,0
BRDA:68,1,0,0
BRDA:68,1,1,0
BRDA:71,2,0,0
BRDA:71,2,1,0
BRDA:91,3,0,0
BRDA:91,3,1,0
BRDA:118,4,0,0
BRDA:118,4,1,0
BRDA:119,5,0,0
BRDA:119,5,1,0
BRDA:133,6,0,0
BRDA:133,6,1,0
BRDA:137,7,0,0
BRDA:137,7,1,0
BRDA:169,8,0,0
BRDA:169,8,1,0
BRDA:193,9,0,0
BRDA:193,9,1,0
BRDA:204,10,0,0
BRDA:204,10,1,0
BRDA:208,11,0,0
BRDA:208,11,1,0
BRDA:223,12,0,0
BRDA:223,12,1,0
BRDA:226,13,0,0
BRDA:226,13,1,0
BRDA:226,14,0,0
BRDA:226,14,1,0
BRDA:239,15,0,0
BRDA:239,15,1,0
BRDA:253,16,0,0
BRDA:253,16,1,0
BRDA:257,17,0,0
BRDA:257,17,1,0
BRDA:257,18,0,0
BRDA:257,18,1,0
BRDA:264,19,0,0
BRDA:264,19,1,0
BRDA:266,20,0,0
BRDA:266,20,1,0
BRDA:271,21,0,0
BRDA:271,21,1,0
BRDA:275,22,0,0
BRDA:275,22,1,0
BRDA:276,23,0,0
BRDA:276,23,1,0
BRDA:285,24,0,0
BRDA:285,24,1,0
BRDA:288,25,0,0
BRDA:288,25,1,0
BRDA:288,26,0,0
BRDA:288,26,1,0
BRDA:300,27,0,0
BRDA:300,27,1,0
BRDA:314,28,0,0
BRDA:314,28,1,0
BRDA:318,29,0,0
BRDA:318,29,1,0
BRDA:325,30,0,0
BRDA:325,30,1,0
BRDA:330,31,0,0
BRDA:330,31,1,0
BRDA:334,32,0,0
BRDA:334,32,1,0
BRDA:347,33,0,0
BRDA:347,33,1,0
BRDA:350,34,0,0
BRDA:350,34,1,0
BRDA:350,35,0,0
BRDA:350,35,1,0
BRDA:359,36,0,0
BRDA:359,36,1,0
BRDA:359,37,0,0
BRDA:359,37,1,0
BRDA:371,38,0,0
BRDA:371,38,1,0
BRDA:392,39,0,0
BRDA:392,39,1,0
BRDA:420,40,0,0
BRDA:420,40,1,0
BRDA:434,41,0,0
BRDA:434,41,1,0
BRDA:434,42,0,0
BRDA:434,42,1,0
BRDA:445,43,0,0
BRDA:445,43,1,0
BRDA:455,44,0,0
BRDA:455,44,1,0
BRDA:459,45,0,0
BRDA:459,45,1,0
BRDA:469,46,0,0
BRDA:469,46,1,0
BRDA:479,47,0,0
BRDA:479,47,1,0
BRDA:486,48,0,0
BRDA:486,48,1,0
BRDA:487,49,0,0
BRDA:487,49,1,0
BRDA:504,50,0,0
BRDA:504,50,1,0
BRDA:520,51,0,0
BRDA:520,51,1,0
BRDA:523,52,0,0
BRDA:523,52,1,0
BRDA:548,53,0,0
BRDA:548,53,1,0
BRDA:556,54,0,0
BRDA:556,54,1,0
BRDA:563,55,0,0
BRDA:563,55,1,0
BRDA:587,56,0,0
BRDA:587,56,1,0
BRDA:595,57,0,0
BRDA:595,57,1,0
BRDA:609,58,0,0
BRDA:609,58,1,0
BRDA:609,59,0,0
BRDA:609,59,1,0
BRDA:613,60,0,0
BRDA:613,60,1,0
BRDA:627,61,0,0
BRDA:627,61,1,0
BRDA:633,62,0,0
BRDA:633,62,1,0
BRDA:639,63,0,0
BRDA:639,63,1,0
BRDA:643,64,0,0
BRDA:643,64,1,0
BRDA:647,65,0,0
BRDA:647,65,1,0
BRDA:653,66,0,0
BRDA:653,66,1,0
BRDA:662,67,0,0
BRDA:662,67,1,0
BRDA:675,68,0,0
BRDA:675,68,1,0
BRDA:675,69,0,0
BRDA:675,69,1,0
BRF:140
BRH:0
end_of_record
TN:
SF:src\crochets\utiliser-raccourcis-page.ts
FN:12,cibleEditable
FN:21,utiliserRaccourcisPage
FN:22,(anonymous_2)
FN:23,(anonymous_3)
FN:28,(anonymous_4)
FN:41,(anonymous_5)
FNF:6
FNH:3
FNDA:0,cibleEditable
FNDA:8,utiliserRaccourcisPage
FNDA:8,(anonymous_2)
FNDA:0,(anonymous_3)
FNDA:0,(anonymous_4)
FNDA:8,(anonymous_5)
DA:1,1
DA:13,0
DA:14,0
DA:17,0
DA:18,0
DA:22,8
DA:23,8
DA:24,0
DA:25,0
DA:28,0
DA:29,0
DA:32,0
DA:33,0
DA:36,0
DA:37,0
DA:40,8
DA:41,8
LF:17
LH:5
BRDA:13,0,0,0
BRDA:13,0,1,0
BRDA:18,1,0,0
BRDA:18,1,1,0
BRDA:18,1,2,0
BRDA:18,1,3,0
BRDA:24,2,0,0
BRDA:24,2,1,0
BRDA:24,3,0,0
BRDA:24,3,1,0
BRDA:24,3,2,0
BRDA:24,3,3,0
BRDA:29,4,0,0
BRDA:29,4,1,0
BRDA:29,4,2,0
BRDA:32,5,0,0
BRDA:32,5,1,0
BRF:17
BRH:0
end_of_record
TN:
SF:src\crochets\utiliser-reconnaissance-vocale.ts
FN:47,utiliserReconnaissanceVocale
FN:69,(anonymous_1)
FN:86,(anonymous_2)
FN:100,(anonymous_3)
FN:111,(anonymous_4)
FN:123,(anonymous_5)
FN:132,(anonymous_6)
FN:137,(anonymous_7)
FN:144,(anonymous_8)
FN:145,(anonymous_9)
FNF:10
FNH:3
FNDA:4,utiliserReconnaissanceVocale
FNDA:0,(anonymous_1)
FNDA:0,(anonymous_2)
FNDA:0,(anonymous_3)
FNDA:0,(anonymous_4)
FNDA:0,(anonymous_5)
FNDA:0,(anonymous_6)
FNDA:0,(anonymous_7)
FNDA:4,(anonymous_8)
FNDA:4,(anonymous_9)
DA:1,1
DA:55,4
DA:57,4
DA:58,4
DA:59,4
DA:61,4
DA:62,4
DA:63,4
DA:66,4
DA:69,4
DA:70,0
DA:71,0
DA:72,0
DA:75,0
DA:78,0
DA:80,0
DA:82,0
DA:83,0
DA:84,0
DA:86,0
DA:87,0
DA:88,0
DA:90,0
DA:91,0
DA:92,0
DA:93,0
DA:95,0
DA:99,0
DA:100,0
DA:101,0
DA:102,0
DA:103,0
DA:105,0
DA:111,0
DA:112,0
DA:119,0
DA:120,0
DA:123,0
DA:124,0
DA:127,0
DA:128,0
DA:129,0
DA:132,4
DA:133,0
DA:134,0
DA:137,4
DA:138,0
DA:139,0
DA:140,0
DA:144,4
DA:145,4
DA:146,4
DA:150,4
LF:53
LH:16
BRDA:48,0,0,4
BRDA:51,1,0,4
BRDA:52,2,0,4
BRDA:53,3,0,4
BRDA:66,4,0,4
BRDA:66,4,1,4
BRDA:66,4,2,4
BRDA:70,5,0,0
BRDA:70,5,1,0
BRDA:78,6,0,0
BRDA:78,6,1,0
BRDA:92,7,0,0
BRDA:92,7,1,0
BRDA:99,8,0,0
BRDA:99,8,1,0
BRDA:101,9,0,0
BRDA:101,9,1,0
BRDA:105,10,0,0
BRDA:105,10,1,0
BRDA:119,11,0,0
BRDA:119,11,1,0
BRF:21
BRH:7
end_of_record
TN:
SF:src\crochets\utiliser-stockage-local.ts
FN:13,utiliserStockageLocal
FN:14,(anonymous_1)
FN:24,(anonymous_2)
FN:32,(anonymous_3)
FNF:4
FNH:4
FNDA:51,utiliserStockageLocal
FNDA:26,(anonymous_1)
FNDA:27,(anonymous_2)
FNDA:1,(anonymous_3)
DA:5,4
DA:14,51
DA:15,26
DA:16,26
DA:17,26
DA:18,26
DA:20,0
DA:24,51
DA:25,27
DA:26,27
DA:32,51
DA:33,1
DA:34,1
DA:37,51
LF:14
LH:13
BRDA:15,0,0,0
BRDA:15,0,1,26
BRDA:18,1,0,16
BRDA:18,1,1,10
BRF:4
BRH:3
end_of_record
TN:
SF:src\crochets\utiliser-suppression-annulable.tsx
FN:15,utiliserSuppressionAnnulable
FN:18,(anonymous_1)
FN:21,(anonymous_2)
FN:29,(anonymous_3)
FN:45,(anonymous_4)
FN:61,(anonymous_5)
FNF:6
FNH:3
FNDA:22,utiliserSuppressionAnnulable
FNDA:13,(anonymous_1)
FNDA:13,(anonymous_2)
FNDA:0,(anonymous_3)
FNDA:0,(anonymous_4)
FNDA:0,(anonymous_5)
DA:1,4
DA:16,22
DA:18,22
DA:19,13
DA:21,13
DA:22,13
DA:23,0
DA:25,13
DA:29,22
DA:39,0
DA:40,0
DA:41,0
DA:42,0
DA:45,0
DA:46,0
DA:47,0
DA:48,0
DA:50,0
DA:54,0
DA:56,0
DA:62,0
DA:63,0
DA:64,0
DA:66,0
DA:67,0
DA:68,0
DA:69,0
DA:77,22
LF:28
LH:9
BRDA:15,0,0,22
BRDA:15,1,0,22
BRDA:40,2,0,0
BRDA:40,2,1,0
BRDA:63,3,0,0
BRDA:63,3,1,0
BRF:6
BRH:2
end_of_record
TN:
SF:src\crochets\utiliser-synthese-vocale.ts
FN:12,utiliserSyntheseVocale
FN:15,(anonymous_1)
FN:20,(anonymous_2)
FN:32,(anonymous_3)
FN:33,(anonymous_4)
FN:34,(anonymous_5)
FN:42,(anonymous_6)
FNF:7
FNH:4
FNDA:4,utiliserSyntheseVocale
FNDA:2,(anonymous_1)
FNDA:1,(anonymous_2)
FNDA:0,(anonymous_3)
FNDA:0,(anonymous_4)
FNDA:0,(anonymous_5)
FNDA:2,(anonymous_6)
DA:1,1
DA:13,4
DA:15,4
DA:16,2
DA:20,4
DA:22,1
DA:23,0
DA:26,1
DA:27,1
DA:28,1
DA:29,1
DA:30,1
DA:32,1
DA:33,1
DA:34,1
DA:36,1
DA:37,1
DA:42,4
DA:43,2
DA:44,0
DA:46,2
DA:47,2
DA:50,4
LF:23
LH:21
BRDA:12,0,0,4
BRDA:16,1,0,2
BRDA:16,1,1,2
BRDA:22,2,0,0
BRDA:22,2,1,1
BRDA:22,3,0,1
BRDA:22,3,1,1
BRDA:27,4,0,1
BRDA:27,4,1,1
BRDA:28,5,0,1
BRDA:28,5,1,0
BRDA:29,6,0,1
BRDA:29,6,1,1
BRDA:30,7,0,1
BRDA:30,7,1,1
BRDA:43,8,0,0
BRDA:43,8,1,2
BRF:17
BRH:14
end_of_record
TN:
SF:src\crochets\utiliser-websocket-courses.ts
FN:30,useWebSocketCourses
FN:48,(anonymous_1)
FN:54,(anonymous_2)
FN:59,(anonymous_3)
FN:64,(anonymous_4)
FN:69,(anonymous_5)
FN:72,connect
FN:77,(anonymous_7)
FN:82,(anonymous_8)
FN:91,(anonymous_9)
FN:92,(anonymous_10)
FN:98,(anonymous_11)
FN:99,(anonymous_12)
FN:113,(anonymous_13)
FN:122,(anonymous_14)
FN:130,(anonymous_15)
FN:136,(anonymous_16)
FNF:17
FNH:15
FNDA:10,useWebSocketCourses
FNDA:4,(anonymous_1)
FNDA:1,(anonymous_2)
FNDA:1,(anonymous_3)
FNDA:1,(anonymous_4)
FNDA:5,(anonymous_5)
FNDA:6,connect
FNDA:3,(anonymous_7)
FNDA:7,(anonymous_8)
FNDA:2,(anonymous_9)
FNDA:3,(anonymous_10)
FNDA:1,(anonymous_11)
FNDA:2,(anonymous_12)
FNDA:1,(anonymous_13)
FNDA:0,(anonymous_14)
FNDA:0,(anonymous_15)
FNDA:5,(anonymous_16)
DA:26,1
DA:27,1
DA:28,1
DA:37,10
DA:38,10
DA:39,10
DA:40,10
DA:41,10
DA:43,10
DA:44,10
DA:45,10
DA:46,10
DA:48,10
DA:49,4
DA:50,4
DA:54,10
DA:55,1
DA:59,10
DA:60,1
DA:64,10
DA:65,1
DA:69,10
DA:70,5
DA:73,6
DA:74,6
DA:75,6
DA:77,6
DA:78,3
DA:79,3
DA:82,6
DA:83,7
DA:84,7
DA:86,7
DA:87,1
DA:88,1
DA:89,1
DA:90,5
DA:91,2
DA:92,3
DA:93,1
DA:94,1
DA:95,2
DA:97,3
DA:98,1
DA:99,2
DA:100,1
DA:101,1
DA:103,2
DA:106,1
DA:113,6
DA:114,1
DA:115,1
DA:116,1
DA:117,1
DA:118,1
DA:122,6
DA:123,0
DA:127,5
DA:130,5
DA:131,0
DA:132,0
DA:136,5
DA:137,5
DA:138,5
DA:139,5
DA:140,5
DA:141,5
DA:145,10
LF:68
LH:65
BRDA:26,0,0,1
BRDA:26,0,1,1
BRDA:32,1,0,10
BRDA:33,2,0,10
BRDA:48,3,0,4
BRDA:49,4,0,4
BRDA:49,4,1,0
BRDA:70,5,0,0
BRDA:70,5,1,5
BRDA:86,6,0,1
BRDA:86,6,1,5
BRDA:86,7,0,7
BRDA:86,7,1,1
BRDA:90,8,0,2
BRDA:90,8,1,3
BRDA:92,9,0,1
BRDA:92,9,1,1
BRDA:97,10,0,1
BRDA:97,10,1,2
BRDA:103,11,0,1
BRDA:103,11,1,1
BRDA:116,12,0,1
BRDA:116,12,1,0
BRDA:131,13,0,0
BRDA:131,13,1,0
BRF:25
BRH:20
end_of_record
TN:
SF:src\crochets\utiliser-websocket.ts
FN:59,utiliserWebSocket
FN:85,(anonymous_1)
FN:89,(anonymous_2)
FN:96,(anonymous_3)
FN:98,(anonymous_4)
FN:105,(anonymous_5)
FN:128,(anonymous_6)
FN:135,(anonymous_7)
FN:146,(anonymous_8)
FN:147,(anonymous_9)
FN:156,(anonymous_10)
FN:157,(anonymous_11)
FN:177,(anonymous_12)
FN:197,(anonymous_13)
FN:207,(anonymous_14)
FN:214,(anonymous_15)
FN:220,(anonymous_16)
FN:243,(anonymous_17)
FN:249,(anonymous_18)
FN:262,(anonymous_19)
FN:277,(anonymous_20)
FNF:21
FNH:19
FNDA:32,utiliserWebSocket
FNDA:31,(anonymous_1)
FNDA:20,(anonymous_2)
FNDA:3,(anonymous_3)
FNDA:0,(anonymous_4)
FNDA:11,(anonymous_5)
FNDA:3,(anonymous_6)
FNDA:4,(anonymous_7)
FNDA:1,(anonymous_8)
FNDA:1,(anonymous_9)
FNDA:1,(anonymous_10)
FNDA:2,(anonymous_11)
FNDA:6,(anonymous_12)
FNDA:5,(anonymous_13)
FNDA:12,(anonymous_14)
FNDA:1,(anonymous_15)
FNDA:1,(anonymous_16)
FNDA:11,(anonymous_17)
FNDA:11,(anonymous_18)
FNDA:4,(anonymous_19)
FNDA:0,(anonymous_20)
DA:1,2
DA:69,32
DA:70,32
DA:71,32
DA:72,32
DA:73,32
DA:75,32
DA:76,32
DA:77,32
DA:78,32
DA:79,32
DA:80,32
DA:81,32
DA:82,32
DA:85,32
DA:86,31
DA:89,32
DA:90,20
DA:91,3
DA:92,3
DA:96,32
DA:97,3
DA:98,3
DA:99,0
DA:100,0
DA:105,32
DA:106,11
DA:108,11
DA:109,0
DA:110,0
DA:111,0
DA:112,0
DA:113,0
DA:115,0
DA:116,0
DA:118,0
DA:122,11
DA:123,1
DA:126,11
DA:128,11
DA:129,3
DA:130,3
DA:131,3
DA:132,3
DA:135,11
DA:136,4
DA:137,4
DA:138,4
DA:141,4
DA:143,1
DA:144,1
DA:146,1
DA:147,1
DA:154,1
DA:156,1
DA:157,2
DA:159,1
DA:162,0
DA:164,1
DA:168,4
DA:169,4
DA:170,1
DA:177,11
DA:178,6
DA:179,6
DA:182,6
DA:183,5
DA:184,5
DA:185,5
DA:186,1
DA:188,1
DA:189,1
DA:190,1
DA:192,0
DA:193,0
DA:197,11
DA:198,5
DA:201,11
DA:207,32
DA:208,12
DA:209,1
DA:210,1
DA:214,32
DA:215,1
DA:216,1
DA:218,1
DA:220,1
DA:221,1
DA:222,1
DA:223,1
DA:224,1
DA:225,1
DA:226,1
DA:227,1
DA:228,1
DA:229,1
DA:230,1
DA:238,1
DA:239,1
DA:243,32
DA:244,11
DA:245,10
DA:246,10
DA:249,11
DA:250,11
DA:251,11
DA:252,11
DA:253,3
DA:255,11
DA:256,10
DA:257,10
DA:262,32
DA:263,4
DA:265,2
DA:267,2
DA:268,1
DA:269,1
DA:271,2
DA:273,1
DA:279,0
DA:283,1
DA:287,32
LF:122
LH:108
BRDA:61,0,0,32
BRDA:62,1,0,32
BRDA:63,2,0,32
BRDA:64,3,0,32
BRDA:65,4,0,32
BRDA:66,5,0,32
BRDA:67,6,0,32
BRDA:90,7,0,3
BRDA:90,7,1,17
BRDA:99,8,0,0
BRDA:99,8,1,0
BRDA:106,9,0,0
BRDA:106,9,1,11
BRDA:108,10,0,0
BRDA:108,10,1,11
BRDA:108,11,0,11
BRDA:108,11,1,11
BRDA:110,12,0,0
BRDA:110,12,1,0
BRDA:122,13,0,1
BRDA:122,13,1,10
BRDA:141,14,0,1
BRDA:141,14,1,1
BRDA:141,14,2,1
BRDA:141,14,3,0
BRDA:141,14,4,1
BRDA:143,15,0,1
BRDA:143,15,1,0
BRDA:169,16,0,1
BRDA:169,16,1,3
BRDA:182,17,0,5
BRDA:182,17,1,1
BRDA:186,18,0,1
BRDA:186,18,1,0
BRDA:208,19,0,1
BRDA:208,19,1,11
BRDA:215,20,0,0
BRDA:215,20,1,1
BRDA:223,21,0,0
BRDA:223,21,1,1
BRDA:225,22,0,1
BRDA:225,22,1,0
BRDA:226,23,0,1
BRDA:226,23,1,0
BRDA:227,24,0,1
BRDA:227,24,1,0
BRDA:230,25,0,1
BRDA:230,25,1,0
BRDA:244,26,0,10
BRDA:244,26,1,1
BRDA:252,27,0,3
BRDA:252,27,1,8
BRDA:255,28,0,10
BRDA:255,28,1,1
BRDA:263,29,0,2
BRDA:263,29,1,2
BRDA:271,30,0,1
BRDA:271,30,1,1
BRDA:271,31,0,2
BRDA:271,31,1,1
BRF:60
BRH:45
end_of_record
TN:
SF:src\magasins\store-auth.ts
FN:17,(anonymous_0)
FN:21,(anonymous_1)
FN:23,(anonymous_2)
FN:24,(anonymous_3)
FNF:4
FNH:4
FNDA:11,(anonymous_0)
FNDA:28,(anonymous_1)
FNDA:4,(anonymous_2)
FNDA:13,(anonymous_3)
DA:17,11
DA:22,28
DA:23,4
DA:25,13
LF:4
LH:4
BRF:0
BRH:0
end_of_record
TN:
SF:src\magasins\store-maison.ts
FN:34,(anonymous_0)
FN:39,(anonymous_1)
FN:40,(anonymous_2)
FN:53,(anonymous_3)
FN:54,(anonymous_4)
FN:60,(anonymous_5)
FN:61,(anonymous_6)
FN:68,(anonymous_7)
FN:69,(anonymous_8)
FN:71,(anonymous_9)
FN:72,(anonymous_10)
FN:74,(anonymous_11)
FN:78,(anonymous_12)
FN:83,(anonymous_13)
FNF:14
FNH:14
FNDA:1,(anonymous_0)
FNDA:5,(anonymous_1)
FNDA:5,(anonymous_2)
FNDA:5,(anonymous_3)
FNDA:5,(anonymous_4)
FNDA:2,(anonymous_5)
FNDA:2,(anonymous_6)
FNDA:1,(anonymous_7)
FNDA:2,(anonymous_8)
FNDA:5,(anonymous_9)
FNDA:5,(anonymous_10)
FNDA:1,(anonymous_11)
FNDA:8,(anonymous_12)
FNDA:25,(anonymous_13)
DA:33,1
DA:35,1
DA:40,5
DA:54,5
DA:55,5
DA:56,5
DA:57,5
DA:61,2
DA:69,2
DA:72,5
DA:74,1
DA:78,8
DA:83,25
LF:13
LH:13
BRDA:73,0,0,1
BRDA:73,0,1,4
BRF:2
BRH:2
end_of_record
TN:
SF:src\magasins\store-notifications.ts
FN:28,chargerPrefs
FN:56,(anonymous_1)
FN:60,(anonymous_2)
FN:62,(anonymous_3)
FN:69,(anonymous_4)
FN:70,(anonymous_5)
FN:71,(anonymous_6)
FN:76,(anonymous_7)
FN:77,(anonymous_8)
FN:77,(anonymous_9)
FN:78,(anonymous_10)
FN:79,(anonymous_11)
FN:80,(anonymous_12)
FN:100,useNotifications
FN:101,(anonymous_14)
FN:103,(anonymous_15)
FNF:16
FNH:13
FNDA:2,chargerPrefs
FNDA:2,(anonymous_1)
FNDA:22,(anonymous_2)
FNDA:22,(anonymous_3)
FNDA:2,(anonymous_4)
FNDA:2,(anonymous_5)
FNDA:2,(anonymous_6)
FNDA:2,(anonymous_7)
FNDA:2,(anonymous_8)
FNDA:2,(anonymous_9)
FNDA:15,(anonymous_10)
FNDA:2,(anonymous_11)
FNDA:2,(anonymous_12)
FNDA:0,useNotifications
FNDA:0,(anonymous_14)
FNDA:0,(anonymous_15)
DA:7,2
DA:26,2
DA:29,2
DA:30,0
DA:33,2
DA:34,2
DA:35,2
DA:36,2
DA:38,0
DA:43,0
DA:47,2
DA:48,2
DA:50,0
DA:54,2
DA:56,2
DA:61,22
DA:62,22
DA:66,22
DA:67,22
DA:68,22
DA:69,17
DA:70,2
DA:71,2
DA:77,2
DA:78,15
DA:80,2
DA:81,2
DA:92,2
DA:93,2
DA:96,2
DA:101,0
DA:103,0
DA:104,0
DA:110,0
LF:34
LH:26
BRDA:29,0,0,0
BRDA:29,0,1,2
BRDA:35,1,0,2
BRDA:35,1,1,0
BRDA:43,2,0,0
BRDA:43,2,1,0
BRDA:43,3,0,0
BRDA:43,3,1,0
BRDA:43,3,2,0
BRDA:47,4,0,0
BRDA:47,4,1,0
BRDA:67,5,0,22
BRDA:67,5,1,5
BRDA:68,6,0,17
BRDA:68,6,1,5
BRDA:83,7,0,2
BRDA:83,7,1,0
BRDA:83,8,0,2
BRDA:83,8,1,2
BRDA:83,8,2,2
BRDA:87,9,0,1
BRDA:87,9,1,1
BRDA:92,10,0,2
BRDA:92,10,1,0
BRDA:103,11,0,0
BRF:25
BRH:13
end_of_record
TN:
SF:src\magasins\store-ui.ts
FN:21,(anonymous_0)
FN:26,(anonymous_1)
FN:26,(anonymous_2)
FN:27,(anonymous_3)
FN:28,(anonymous_4)
FN:28,(anonymous_5)
FN:29,(anonymous_6)
FN:30,(anonymous_7)
FN:35,(anonymous_8)
FNF:9
FNH:9
FNDA:4,(anonymous_0)
FNDA:5,(anonymous_1)
FNDA:5,(anonymous_2)
FNDA:4,(anonymous_3)
FNDA:2,(anonymous_4)
FNDA:2,(anonymous_5)
FNDA:2,(anonymous_6)
FNDA:8,(anonymous_7)
FNDA:33,(anonymous_8)
DA:20,4
DA:22,4
DA:26,5
DA:27,4
DA:28,2
DA:29,2
DA:30,8
DA:35,33
LF:8
LH:8
BRF:0
BRH:0
end_of_record
TN:
SF:src\types\anti-gaspillage.ts
FNF:0
FNH:0
LF:0
LH:0
BRF:0
BRH:0
end_of_record
TN:
SF:src\types\api.ts
FNF:0
FNH:0
LF:0
LH:0
BRF:0
BRH:0
end_of_record
TN:
SF:src\types\batch-cooking.ts
FNF:0
FNH:0
LF:0
LH:0
BRF:0
BRH:0
end_of_record
TN:
SF:src\types\commun.ts
FNF:0
FNH:0
LF:0
LH:0
BRF:0
BRH:0
end_of_record
TN:
SF:src\types\courses.ts
FNF:0
FNH:0
DA:42,0
DA:48,0
LF:2
LH:0
BRF:0
BRH:0
end_of_record
TN:
SF:src\types\famille.ts
FNF:0
FNH:0
LF:0
LH:0
BRF:0
BRH:0
end_of_record
TN:
SF:src\types\habitat.ts
FNF:0
FNH:0
LF:0
LH:0
BRF:0
BRH:0
end_of_record
TN:
SF:src\types\ia-avancee.ts
FNF:0
FNH:0
LF:0
LH:0
BRF:0
BRH:0
end_of_record
TN:
SF:src\types\inventaire.ts
FNF:0
FNH:0
LF:0
LH:0
BRF:0
BRH:0
end_of_record
TN:
SF:src\types\jeux.ts
FNF:0
FNH:0
LF:0
LH:0
BRF:0
BRH:0
end_of_record
TN:
SF:src\types\maison.ts
FNF:0
FNH:0
LF:0
LH:0
BRF:0
BRH:0
end_of_record
TN:
SF:src\types\outils.ts
FNF:0
FNH:0
LF:0
LH:0
BRF:0
BRH:0
end_of_record
TN:
SF:src\types\planning.ts
FNF:0
FNH:0
LF:0
LH:0
BRF:0
BRH:0
end_of_record
TN:
SF:src\types\recettes.ts
FNF:0
FNH:0
LF:0
LH:0
BRF:0
BRH:0
end_of_record
