FAILED tests/services/test_auth_comprehensive.py::TestAuthServicePasswordReset::test_reset_password_empty_email
FAILED tests/services/test_auth_comprehensive.py::TestAuthServiceSession::test_get_current_user_authenticated
FAILED tests/services/test_auth_comprehensive.py::TestAuthServiceSession::test_get_current_user_not_authenticated
FAILED tests/services/test_auth_comprehensive.py::TestAuthServiceSession::test_is_authenticated_false
FAILED tests/services/test_auth_comprehensive.py::TestAuthServicePermissions::test_require_auth_authenticated
FAILED tests/services/test_auth_comprehensive.py::TestAuthServicePermissions::test_require_auth_not_authenticated
FAILED tests/services/test_auth_comprehensive.py::TestAuthServicePermissions::test_require_permission_has_permission
FAILED tests/services/test_auth_comprehensive.py::TestAuthServicePermissions::test_require_permission_not_authenticated
FAILED tests/services/test_auth_comprehensive.py::TestAuthServiceRefresh::test_refresh_session_expired
FAILED tests/services/test_calendar_sync_comprehensive.py::TestCalendarSyncService::test_remove_calendar
FAILED tests/services/test_calendar_sync_comprehensive.py::TestCalendarSyncService::test_remove_nonexistent_calendar
FAILED tests/services/test_calendar_sync_comprehensive.py::TestCalendarSyncService::test_import_from_ical_url_success
FAILED tests/services/test_calendar_sync_comprehensive.py::TestCalendarSyncService::test_import_from_ical_url_network_error
FAILED tests/services/test_calendar_sync_comprehensive.py::TestCalendarSyncService::test_import_from_ical_url_http_error
FAILED tests/services/test_calendar_sync_comprehensive.py::TestGoogleCalendarIntegration::test_get_google_auth_url
FAILED tests/services/test_calendar_sync_comprehensive.py::TestGoogleCalendarIntegration::test_handle_google_callback_success
FAILED tests/services/test_calendar_sync_comprehensive.py::TestCalendarSyncIntegration::test_roundtrip_ical_export_import
FAILED tests/services/test_maison_extended.py::TestBudgetExpensesCreate::test_add_basic_expense
FAILED tests/services/test_maison_extended.py::TestBudgetExpensesCreate::test_add_expense_categories
FAILED tests/services/test_maison_extended.py::TestBudgetExpensesCreate::test_add_recurring_expense
FAILED tests/services/test_maison_extended.py::TestBudgetExpensesCreate::test_add_shared_expense
FAILED tests/services/test_maison_extended.py::TestBudgetExpensesRead::test_get_expenses_this_month
FAILED tests/services/test_maison_extended.py::TestBudgetExpensesRead::test_get_expenses_by_category
FAILED tests/services/test_maison_extended.py::TestBudgetExpensesUpdate::test_update_expense_amount
FAILED tests/services/test_maison_extended.py::TestBudgetExpensesUpdate::test_update_expense_description
FAILED tests/services/test_maison_extended.py::TestBudgetManagement::test_set_monthly_budget
FAILED tests/services/test_maison_extended.py::TestBudgetManagement::test_track_spending_vs_budget
FAILED tests/services/test_maison_extended.py::TestBudgetManagement::test_budget_definition
FAILED tests/services/test_maison_extended.py::TestBudgetManagement::test_budget_summary
FAILED tests/services/test_maison_extended.py::TestBudgetStats::test_total_expenses_month
FAILED tests/services/test_maison_extended.py::TestBudgetStats::test_expenses_by_category
FAILED tests/services/test_maison_extended.py::TestBudgetStats::test_average_spending
FAILED tests/services/test_maison_extended.py::TestBudgetStats::test_highest_expense
FAILED tests/services/test_maison_extended.py::TestBudgetPaymentMethods::test_track_cash_payment
FAILED tests/services/test_maison_extended.py::TestBudgetPaymentMethods::test_track_card_payment
FAILED tests/services/test_maison_extended.py::TestBudgetPaymentMethods::test_track_transfer
FAILED tests/services/test_maison_extended.py::TestBudgetPaymentMethods::test_track_payeur
FAILED tests/services/test_maison_extended.py::TestBudgetIntegration::test_complete_expense_workflow
FAILED tests/services/test_maison_extended.py::TestBudgetIntegration::test_expense_tracking_workflow
FAILED tests/services/test_maison_extended.py::TestBudgetIntegration::test_category_workflow
FAILED tests/services/test_maison_extended.py::TestBudgetEdgeCases::test_very_old_date
FAILED tests/services/test_maison_extended.py::TestBudgetEdgeCases::test_future_date_expense
FAILED tests/services/test_maison_extended.py::TestBudgetEdgeCases::test_large_amount
FAILED tests/services/test_maison_extended.py::TestBudgetEdgeCases::test_special_characters_description
FAILED tests/services/test_maison_extended.py::TestBudgetDelete::test_delete_expense
FAILED tests/services/test_maison_extended.py::TestBudgetDelete::test_delete_nonexistent
FAILED tests/services/test_phase10_planning_real.py::TestPlanningCreation::test_create_planning_via_ia
FAILED tests/services/test_planning_extended.py::TestPlanningCreate::test_create_basic_planning
FAILED tests/services/test_planning_extended.py::TestPlanningCreate::test_create_planning_with_all_fields
FAILED tests/services/test_planning_extended.py::TestPlanningCreate::test_create_ia_generated_planning
FAILED tests/services/test_planning_extended.py::TestPlanningRead::test_get_planning_by_id
FAILED tests/services/test_planning_extended.py::TestPlanningRead::test_get_nonexistent_planning
FAILED tests/services/test_planning_extended.py::TestPlanningRead::test_get_all_plannings
FAILED tests/services/test_planning_extended.py::TestPlanningRead::test_get_plannings_with_pagination
FAILED tests/services/test_planning_extended.py::TestPlanningUpdate::test_update_basic_field
FAILED tests/services/test_planning_extended.py::TestPlanningUpdate::test_update_multiple_fields
FAILED tests/services/test_planning_extended.py::TestPlanningUpdate::test_update_nonexistent_planning
FAILED tests/services/test_planning_extended.py::TestPlanningDelete::test_delete_planning
FAILED tests/services/test_planning_extended.py::TestPlanningDelete::test_delete_nonexistent_planning
FAILED tests/services/test_planning_extended.py::TestPlanningFilters::test_filter_by_date_range
FAILED tests/services/test_planning_extended.py::TestPlanningFilters::test_filter_by_actif
FAILED tests/services/test_planning_extended.py::TestPlanningFilters::test_filter_by_genere_par_ia
FAILED tests/services/test_planning_extended.py::TestPlanningBusinessLogic::test_plannings_today
FAILED tests/services/test_planning_extended.py::TestPlanningBusinessLogic::test_upcoming_plannings
FAILED tests/services/test_planning_extended.py::TestPlanningIntegration::test_complete_crud_workflow
FAILED tests/services/test_planning_extended.py::TestPlanningIntegration::test_bulk_operations
FAILED tests/services/test_planning_extended.py::TestPlanningEdgeCases::test_create_with_past_date
FAILED tests/services/test_tier1_critical.py::TestBudgetServiceCore::test_budget_create_expense
FAILED tests/services/test_tier1_critical.py::TestBudgetAnalysis::test_budget_get_depenses_mois
FAILED tests/services/test_tier1_critical.py::TestPredictionsServiceCore::test_predictions_service_import
FAILED tests/services/test_tier1_critical.py::TestPredictionsServiceCore::test_predictions_service_initialization
SKIPPED [1] tests\services\test_additional_services.py:23: WeatherService non disponible
SKIPPED [1] tests\services\test_additional_services.py:32: Impossible d'initialiser: cannot import name 'WeatherService' from 'src.services.weather' (D:\Projet_streamlit\assistant_matanne\src\services\weather.py)
SKIPPED [1] tests\services\test_additional_services.py:48: WeatherService non disponible
SKIPPED [1] tests\services\test_additional_services.py:64: WeatherService non disponible
SKIPPED [1] tests\services\test_additional_services.py:77: PushNotificationsService non disponible
SKIPPED [1] tests\services\test_additional_services.py:86: Impossible d'initialiser: cannot import name 'PushNotificationsService' from 'src.services.push_notifications' (D:\Projet_streamlit\assistant_matanne\src\services\push_notifications.py)
SKIPPED [1] tests\services\test_additional_services.py:104: Service non disponible
SKIPPED [1] tests\services\test_additional_services.py:120: Service non disponible
SKIPPED [1] tests\services\test_additional_services.py:133: GarminSyncService non disponible
SKIPPED [1] tests\services\test_additional_services.py:142: Impossible d'initialiser: cannot import name 'GarminSyncService' from 'src.services.garmin_sync' (D:\Projet_streamlit\assistant_matanne\src\services\garmin_sync.py)
SKIPPED [1] tests\services\test_additional_services.py:156: Service non disponible
SKIPPED [1] tests\services\test_courses_service.py:82: Mock complexe - Ó revoir
SKIPPED [1] tests\services\test_courses_service.py:152: Mock complexe sur les caches - Ó revoir
SKIPPED [1] tests\services\test_courses_service.py:161: Mock complexe sur les caches - Ó revoir
SKIPPED [1] tests\services\test_courses_service.py: Mocks complexes de BD - Ó amÚliorer ultÚrieurement
SKIPPED [22] tests\services\test_critical_services.py: get_xxx_service() takes 0 arguments but test passes db
SKIPPED [23] tests\services\test_direct_methods.py: Models require temps_preparation and other fields
SKIPPED [68] tests\services\test_domains_coverage.py: Wrong class names: SuggestionIA, PlanningJour, UserPreferences
SKIPPED [32] tests\services\test_inventaire_extended.py: InventaireService() doesn't accept db parameter
SKIPPED [21] tests\services\test_phase10_budget_real.py: Tests for unimplemented budget features (Service(db) constructor doesn't exist)
SKIPPED [24] tests\services\test_phase10_inventory_real.py: Tests for unimplemented inventory features (Service(db) constructor doesn't exist)
SKIPPED [23] tests\services\test_phase11_recipes_shopping.py: Tests for unimplemented recipe/shopping features (Service(db) constructor doesn't exist)
SKIPPED [23] tests\services\test_phase12_edge_cases.py: Tests for unimplemented cross-domain features (Service(db) constructor doesn't exist)
SKIPPED [1] tests\services\test_services_coverage_80_part2.py:502: model_name attribute not set correctly in RapportsPDFService - needs investigation
SKIPPED [1] tests\services\test_services_integration.py:158: FK constraint issues with ArticleInventaire.ingredient_id in test DB
SKIPPED [1] tests\services\test_services_integration.py:195: FK constraint issues with ArticleCourses.ingredient_id in test DB
SKIPPED [1] tests\services\test_services_integration.py:213: FK constraint issues with ArticleCourses.ingredient_id in test DB
SKIPPED [1] tests\services\test_services_integration.py:261: FK constraint issues with ArticleCourses.ingredient_id in test DB
==== 77 failed, 1106 passed, 256 skipped, 5 warnings in 357.66s (0:05:57) =====
