{"meta": {"format": 3, "version": "7.13.2", "timestamp": "2026-02-11T18:48:11.339314", "branch_coverage": true, "show_contexts": false}, "files": {"src\\services\\batch_cooking\\__init__.py": {"executed_lines": [18, 26, 33, 40, 78], "summary": {"covered_lines": 5, "num_statements": 5, "percent_covered": 100.0, "percent_covered_display": "100.00", "missing_lines": 0, "excluded_lines": 0, "percent_statements_covered": 100.0, "percent_statements_covered_display": "100.00", "num_branches": 0, "num_partial_branches": 0, "covered_branches": 0, "missing_branches": 0, "percent_branches_covered": 100.0, "percent_branches_covered_display": "100.00"}, "missing_lines": [], "excluded_lines": [], "executed_branches": [], "missing_branches": [], "functions": {"": {"executed_lines": [18, 26, 33, 40, 78], "summary": {"covered_lines": 5, "num_statements": 5, "percent_covered": 100.0, "percent_covered_display": "100.00", "missing_lines": 0, "excluded_lines": 0, "percent_statements_covered": 100.0, "percent_statements_covered_display": "100.00", "num_branches": 0, "num_partial_branches": 0, "covered_branches": 0, "missing_branches": 0, "percent_branches_covered": 100.0, "percent_branches_covered_display": "100.00"}, "missing_lines": [], "excluded_lines": [], "start_line": 1, "executed_branches": [], "missing_branches": []}}, "classes": {"": {"executed_lines": [18, 26, 33, 40, 78], "summary": {"covered_lines": 5, "num_statements": 5, "percent_covered": 100.0, "percent_covered_display": "100.00", "missing_lines": 0, "excluded_lines": 0, "percent_statements_covered": 100.0, "percent_statements_covered_display": "100.00", "num_branches": 0, "num_partial_branches": 0, "covered_branches": 0, "missing_branches": 0, "percent_branches_covered": 100.0, "percent_branches_covered_display": "100.00"}, "missing_lines": [], "excluded_lines": [], "start_line": 1, "executed_branches": [], "missing_branches": []}}}, "src\\services\\batch_cooking\\constantes.py": {"executed_lines": [8, 11, 24, 27], "summary": {"covered_lines": 4, "num_statements": 4, "percent_covered": 100.0, "percent_covered_display": "100.00", "missing_lines": 0, "excluded_lines": 0, "percent_statements_covered": 100.0, "percent_statements_covered_display": "100.00", "num_branches": 0, "num_partial_branches": 0, "covered_branches": 0, "missing_branches": 0, "percent_branches_covered": 100.0, "percent_branches_covered_display": "100.00"}, "missing_lines": [], "excluded_lines": [], "executed_branches": [], "missing_branches": [], "functions": {"": {"executed_lines": [8, 11, 24, 27], "summary": {"covered_lines": 4, "num_statements": 4, "percent_covered": 100.0, "percent_covered_display": "100.00", "missing_lines": 0, "excluded_lines": 0, "percent_statements_covered": 100.0, "percent_statements_covered_display": "100.00", "num_branches": 0, "num_partial_branches": 0, "covered_branches": 0, "missing_branches": 0, "percent_branches_covered": 100.0, "percent_branches_covered_display": "100.00"}, "missing_lines": [], "excluded_lines": [], "start_line": 1, "executed_branches": [], "missing_branches": []}}, "classes": {"": {"executed_lines": [8, 11, 24, 27], "summary": {"covered_lines": 4, "num_statements": 4, "percent_covered": 100.0, "percent_covered_display": "100.00", "missing_lines": 0, "excluded_lines": 0, "percent_statements_covered": 100.0, "percent_statements_covered_display": "100.00", "num_branches": 0, "num_partial_branches": 0, "covered_branches": 0, "missing_branches": 0, "percent_branches_covered": 100.0, "percent_branches_covered_display": "100.00"}, "missing_lines": [], "excluded_lines": [], "start_line": 1, "executed_branches": [], "missing_branches": []}}}, "src\\services\\batch_cooking\\service.py": {"executed_lines": [15, 16, 17, 19, 21, 22, 23, 24, 25, 26, 39, 40, 42, 43, 45, 48, 60, 61, 62, 75, 76, 77, 78, 80, 81, 83, 91, 92, 93, 94, 96, 97, 98, 109, 110, 111, 112, 114, 115, 116, 117, 118, 119, 120, 121, 122, 123, 124, 125, 127, 128, 131, 133, 134, 140, 141, 142, 143, 155, 156, 157, 158, 160, 170, 171, 172, 190, 191, 192, 205, 206, 209, 211, 223, 224, 225, 228, 230, 231, 233, 234, 235, 237, 238, 239, 241, 244, 245, 247, 248, 251, 253, 254, 256, 257, 258, 265, 271, 272, 274, 277, 278, 279, 282, 283, 284, 285, 288, 294, 295, 298, 300, 301, 307, 308, 309, 316, 317, 318, 320, 321, 334, 337, 339, 340, 342, 343, 345, 346, 347, 349, 350, 351, 353, 354, 355, 357, 358, 360, 361, 363, 364, 365, 367, 368, 369, 371, 372, 373, 376, 377, 379, 380, 382, 383, 385, 386, 387, 389, 390, 391, 393, 394, 396, 397, 399, 400, 406, 407, 408, 409, 416, 418, 419, 421, 423, 424, 425, 427, 428, 438, 439, 440, 454, 467, 468, 469, 472, 474, 475, 477, 478, 479, 486, 487, 488, 490, 492, 493, 496, 498, 499, 505, 507, 508, 509, 524, 525, 526, 529, 530, 531, 532, 533, 535, 547, 548, 556, 601, 603, 616, 617, 618, 654, 655, 656, 719, 726, 729, 732, 733, 734, 738, 741], "summary": {"covered_lines": 234, "num_statements": 281, "percent_covered": 76.98630136986301, "percent_covered_display": "76.99", "missing_lines": 47, "excluded_lines": 0, "percent_statements_covered": 83.27402135231317, "percent_statements_covered_display": "83.27", "num_branches": 84, "num_partial_branches": 7, "covered_branches": 47, "missing_branches": 37, "percent_branches_covered": 55.95238095238095, "percent_branches_covered_display": "55.95"}, "missing_lines": [145, 179, 183, 184, 185, 186, 188, 242, 275, 289, 611, 612, 614, 627, 630, 632, 633, 634, 635, 636, 637, 638, 641, 642, 645, 648, 662, 668, 669, 671, 677, 678, 681, 682, 683, 684, 687, 690, 691, 692, 694, 695, 696, 698, 704, 706, 707], "excluded_lines": [], "executed_branches": [[81, 83], [110, 111], [110, 114], [114, 115], [116, 117], [116, 118], [118, 119], [118, 120], [120, 121], [120, 122], [122, 123], [122, 124], [124, 125], [124, 127], [205, 206], [205, 209], [238, 239], [238, 241], [241, 244], [271, 272], [271, 274], [274, 277], [282, 283], [288, 294], [317, 318], [317, 320], [320, 321], [320, 337], [350, 351], [350, 353], [368, 369], [368, 371], [376, 377], [390, 391], [390, 393], [418, 419], [418, 421], [487, 488], [487, 490], [525, 526], [525, 529], [530, 531], [530, 547], [532, 533], [532, 535], [732, 733], [732, 734]], "missing_branches": [[81, 94], [114, 116], [183, 184], [183, 185], [185, 186], [185, 188], [241, 242], [274, 275], [282, 288], [288, 289], [376, 379], [611, 612], [611, 614], [630, 632], [630, 641], [632, 633], [632, 641], [633, 634], [633, 635], [635, 636], [635, 637], [637, 632], [637, 638], [641, 642], [641, 645], [668, 669], [668, 671], [677, 678], [677, 681], [682, 683], [682, 704], [683, 684], [683, 687], [691, 682], [691, 692], [694, 695], [694, 696]], "functions": {"ServiceBatchCooking.__init__": {"executed_lines": [61, 62], "summary": {"covered_lines": 2, "num_statements": 2, "percent_covered": 100.0, "percent_covered_display": "100.00", "missing_lines": 0, "excluded_lines": 0, "percent_statements_covered": 100.0, "percent_statements_covered_display": "100.00", "num_branches": 0, "num_partial_branches": 0, "covered_branches": 0, "missing_branches": 0, "percent_branches_covered": 100.0, "percent_branches_covered_display": "100.00"}, "missing_lines": [], "excluded_lines": [], "start_line": 60, "executed_branches": [], "missing_branches": []}, "ServiceBatchCooking.get_config": {"executed_lines": [80, 81, 83, 91, 92, 93, 94], "summary": {"covered_lines": 7, "num_statements": 7, "percent_covered": 88.88888888888889, "percent_covered_display": "88.89", "missing_lines": 0, "excluded_lines": 0, "percent_statements_covered": 100.0, "percent_statements_covered_display": "100.00", "num_branches": 2, "num_partial_branches": 1, "covered_branches": 1, "missing_branches": 1, "percent_branches_covered": 50.0, "percent_branches_covered_display": "50.00"}, "missing_lines": [], "excluded_lines": [], "start_line": 78, "executed_branches": [[81, 83]], "missing_branches": [[81, 94]]}, "ServiceBatchCooking.update_config": {"executed_lines": [109, 110, 111, 112, 114, 115, 116, 117, 118, 119, 120, 121, 122, 123, 124, 125, 127, 128, 131, 133, 134], "summary": {"covered_lines": 21, "num_statements": 21, "percent_covered": 97.14285714285714, "percent_covered_display": "97.14", "missing_lines": 0, "excluded_lines": 0, "percent_statements_covered": 100.0, "percent_statements_covered_display": "100.00", "num_branches": 14, "num_partial_branches": 1, "covered_branches": 13, "missing_branches": 1, "percent_branches_covered": 92.85714285714286, "percent_branches_covered_display": "92.86"}, "missing_lines": [], "excluded_lines": [], "start_line": 98, "executed_branches": [[110, 111], [110, 114], [114, 115], [116, 117], [116, 118], [118, 119], [118, 120], [120, 121], [120, 122], [122, 123], [122, 124], [124, 125], [124, 127]], "missing_branches": [[114, 116]]}, "ServiceBatchCooking.obtenir_session": {"executed_lines": [], "summary": {"covered_lines": 0, "num_statements": 1, "percent_covered": 0.0, "percent_covered_display": "0.00", "missing_lines": 1, "excluded_lines": 0, "percent_statements_covered": 0.0, "percent_statements_covered_display": "0.00", "num_branches": 0, "num_partial_branches": 0, "covered_branches": 0, "missing_branches": 0, "percent_branches_covered": 100.0, "percent_branches_covered_display": "100.00"}, "missing_lines": [145], "excluded_lines": [], "start_line": 143, "executed_branches": [], "missing_branches": []}, "ServiceBatchCooking.get_session_active": {"executed_lines": [160], "summary": {"covered_lines": 1, "num_statements": 1, "percent_covered": 100.0, "percent_covered_display": "100.00", "missing_lines": 0, "excluded_lines": 0, "percent_statements_covered": 100.0, "percent_statements_covered_display": "100.00", "num_branches": 0, "num_partial_branches": 0, "covered_branches": 0, "missing_branches": 0, "percent_branches_covered": 100.0, "percent_branches_covered_display": "100.00"}, "missing_lines": [], "excluded_lines": [], "start_line": 158, "executed_branches": [], "missing_branches": []}, "ServiceBatchCooking.obtenir_sessions_planifiees": {"executed_lines": [], "summary": {"covered_lines": 0, "num_statements": 6, "percent_covered": 0.0, "percent_covered_display": "0.00", "missing_lines": 6, "excluded_lines": 0, "percent_statements_covered": 0.0, "percent_statements_covered_display": "0.00", "num_branches": 4, "num_partial_branches": 0, "covered_branches": 0, "missing_branches": 4, "percent_branches_covered": 0.0, "percent_branches_covered_display": "0.00"}, "missing_lines": [179, 183, 184, 185, 186, 188], "excluded_lines": [], "start_line": 172, "executed_branches": [], "missing_branches": [[183, 184], [183, 185], [185, 186], [185, 188]]}, "ServiceBatchCooking.creer_session": {"executed_lines": [205, 206, 209, 211, 223, 224, 225, 228, 230, 231], "summary": {"covered_lines": 10, "num_statements": 10, "percent_covered": 100.0, "percent_covered_display": "100.00", "missing_lines": 0, "excluded_lines": 0, "percent_statements_covered": 100.0, "percent_statements_covered_display": "100.00", "num_branches": 2, "num_partial_branches": 0, "covered_branches": 2, "missing_branches": 0, "percent_branches_covered": 100.0, "percent_branches_covered_display": "100.00"}, "missing_lines": [], "excluded_lines": [], "start_line": 192, "executed_branches": [[205, 206], [205, 209]], "missing_branches": []}, "ServiceBatchCooking.demarrer_session": {"executed_lines": [237, 238, 239, 241, 244, 245, 247, 248, 251, 253, 254], "summary": {"covered_lines": 11, "num_statements": 12, "percent_covered": 87.5, "percent_covered_display": "87.50", "missing_lines": 1, "excluded_lines": 0, "percent_statements_covered": 91.66666666666667, "percent_statements_covered_display": "91.67", "num_branches": 4, "num_partial_branches": 1, "covered_branches": 3, "missing_branches": 1, "percent_branches_covered": 75.0, "percent_branches_covered_display": "75.00"}, "missing_lines": [242], "excluded_lines": [], "start_line": 235, "executed_branches": [[238, 239], [238, 241], [241, 244]], "missing_branches": [[241, 242]]}, "ServiceBatchCooking.terminer_session": {"executed_lines": [265, 271, 272, 274, 277, 278, 279, 282, 283, 284, 285, 288, 294, 295, 298, 300, 301], "summary": {"covered_lines": 17, "num_statements": 19, "percent_covered": 81.48148148148148, "percent_covered_display": "81.48", "missing_lines": 2, "excluded_lines": 0, "percent_statements_covered": 89.47368421052632, "percent_statements_covered_display": "89.47", "num_branches": 8, "num_partial_branches": 3, "covered_branches": 5, "missing_branches": 3, "percent_branches_covered": 62.5, "percent_branches_covered_display": "62.50"}, "missing_lines": [275, 289], "excluded_lines": [], "start_line": 258, "executed_branches": [[271, 272], [271, 274], [274, 277], [282, 283], [288, 294]], "missing_branches": [[274, 275], [282, 288], [288, 289]]}, "ServiceBatchCooking.ajouter_etapes": {"executed_lines": [316, 317, 318, 320, 321, 334, 337, 339, 340, 342, 343], "summary": {"covered_lines": 11, "num_statements": 11, "percent_covered": 100.0, "percent_covered_display": "100.00", "missing_lines": 0, "excluded_lines": 0, "percent_statements_covered": 100.0, "percent_statements_covered_display": "100.00", "num_branches": 4, "num_partial_branches": 0, "covered_branches": 4, "missing_branches": 0, "percent_branches_covered": 100.0, "percent_branches_covered_display": "100.00"}, "missing_lines": [], "excluded_lines": [], "start_line": 309, "executed_branches": [[317, 318], [317, 320], [320, 321], [320, 337]], "missing_branches": []}, "ServiceBatchCooking.demarrer_etape": {"executed_lines": [349, 350, 351, 353, 354, 355, 357, 358, 360, 361], "summary": {"covered_lines": 10, "num_statements": 10, "percent_covered": 100.0, "percent_covered_display": "100.00", "missing_lines": 0, "excluded_lines": 0, "percent_statements_covered": 100.0, "percent_statements_covered_display": "100.00", "num_branches": 2, "num_partial_branches": 0, "covered_branches": 2, "missing_branches": 0, "percent_branches_covered": 100.0, "percent_branches_covered_display": "100.00"}, "missing_lines": [], "excluded_lines": [], "start_line": 347, "executed_branches": [[350, 351], [350, 353]], "missing_branches": []}, "ServiceBatchCooking.terminer_etape": {"executed_lines": [367, 368, 369, 371, 372, 373, 376, 377, 379, 380, 382, 383], "summary": {"covered_lines": 12, "num_statements": 12, "percent_covered": 93.75, "percent_covered_display": "93.75", "missing_lines": 0, "excluded_lines": 0, "percent_statements_covered": 100.0, "percent_statements_covered_display": "100.00", "num_branches": 4, "num_partial_branches": 1, "covered_branches": 3, "missing_branches": 1, "percent_branches_covered": 75.0, "percent_branches_covered_display": "75.00"}, "missing_lines": [], "excluded_lines": [], "start_line": 365, "executed_branches": [[368, 369], [368, 371], [376, 377]], "missing_branches": [[376, 379]]}, "ServiceBatchCooking.passer_etape": {"executed_lines": [389, 390, 391, 393, 394, 396, 397, 399, 400], "summary": {"covered_lines": 9, "num_statements": 9, "percent_covered": 100.0, "percent_covered_display": "100.00", "missing_lines": 0, "excluded_lines": 0, "percent_statements_covered": 100.0, "percent_statements_covered_display": "100.00", "num_branches": 2, "num_partial_branches": 0, "covered_branches": 2, "missing_branches": 0, "percent_branches_covered": 100.0, "percent_branches_covered_display": "100.00"}, "missing_lines": [], "excluded_lines": [], "start_line": 387, "executed_branches": [[390, 391], [390, 393]], "missing_branches": []}, "ServiceBatchCooking.get_preparations": {"executed_lines": [416, 418, 419, 421], "summary": {"covered_lines": 4, "num_statements": 4, "percent_covered": 100.0, "percent_covered_display": "100.00", "missing_lines": 0, "excluded_lines": 0, "percent_statements_covered": 100.0, "percent_statements_covered_display": "100.00", "num_branches": 2, "num_partial_branches": 0, "covered_branches": 2, "missing_branches": 0, "percent_branches_covered": 100.0, "percent_branches_covered_display": "100.00"}, "missing_lines": [], "excluded_lines": [], "start_line": 409, "executed_branches": [[418, 419], [418, 421]], "missing_branches": []}, "ServiceBatchCooking.get_preparations_alertes": {"executed_lines": [427, 428], "summary": {"covered_lines": 2, "num_statements": 2, "percent_covered": 100.0, "percent_covered_display": "100.00", "missing_lines": 0, "excluded_lines": 0, "percent_statements_covered": 100.0, "percent_statements_covered_display": "100.00", "num_branches": 0, "num_partial_branches": 0, "covered_branches": 0, "missing_branches": 0, "percent_branches_covered": 100.0, "percent_branches_covered_display": "100.00"}, "missing_lines": [], "excluded_lines": [], "start_line": 425, "executed_branches": [], "missing_branches": []}, "ServiceBatchCooking.creer_preparation": {"executed_lines": [454, 467, 468, 469, 472, 474, 475], "summary": {"covered_lines": 7, "num_statements": 7, "percent_covered": 100.0, "percent_covered_display": "100.00", "missing_lines": 0, "excluded_lines": 0, "percent_statements_covered": 100.0, "percent_statements_covered_display": "100.00", "num_branches": 0, "num_partial_branches": 0, "covered_branches": 0, "missing_branches": 0, "percent_branches_covered": 100.0, "percent_branches_covered_display": "100.00"}, "missing_lines": [], "excluded_lines": [], "start_line": 440, "executed_branches": [], "missing_branches": []}, "ServiceBatchCooking.consommer_preparation": {"executed_lines": [486, 487, 488, 490, 492, 493, 496, 498, 499], "summary": {"covered_lines": 9, "num_statements": 9, "percent_covered": 100.0, "percent_covered_display": "100.00", "missing_lines": 0, "excluded_lines": 0, "percent_statements_covered": 100.0, "percent_statements_covered_display": "100.00", "num_branches": 2, "num_partial_branches": 0, "covered_branches": 2, "missing_branches": 0, "percent_branches_covered": 100.0, "percent_branches_covered_display": "100.00"}, "missing_lines": [], "excluded_lines": [], "start_line": 479, "executed_branches": [[487, 488], [487, 490]], "missing_branches": []}, "ServiceBatchCooking.generer_plan_ia": {"executed_lines": [524, 525, 526, 529, 530, 531, 532, 533, 535, 547, 548, 556, 601, 603], "summary": {"covered_lines": 14, "num_statements": 17, "percent_covered": 80.0, "percent_covered_display": "80.00", "missing_lines": 3, "excluded_lines": 0, "percent_statements_covered": 82.3529411764706, "percent_statements_covered_display": "82.35", "num_branches": 8, "num_partial_branches": 0, "covered_branches": 6, "missing_branches": 2, "percent_branches_covered": 75.0, "percent_branches_covered_display": "75.00"}, "missing_lines": [611, 612, 614], "excluded_lines": [], "start_line": 509, "executed_branches": [[525, 526], [525, 529], [530, 531], [530, 547], [532, 533], [532, 535]], "missing_branches": [[611, 612], [611, 614]]}, "ServiceBatchCooking.suggerer_recettes_batch": {"executed_lines": [], "summary": {"covered_lines": 0, "num_statements": 13, "percent_covered": 0.0, "percent_covered_display": "0.00", "missing_lines": 13, "excluded_lines": 0, "percent_statements_covered": 0.0, "percent_statements_covered_display": "0.00", "num_branches": 12, "num_partial_branches": 0, "covered_branches": 0, "missing_branches": 12, "percent_branches_covered": 0.0, "percent_branches_covered_display": "0.00"}, "missing_lines": [627, 630, 632, 633, 634, 635, 636, 637, 638, 641, 642, 645, 648], "excluded_lines": [], "start_line": 618, "executed_branches": [], "missing_branches": [[630, 632], [630, 641], [632, 633], [632, 641], [633, 634], [633, 635], [635, 636], [635, 637], [637, 632], [637, 638], [641, 642], [641, 645]]}, "ServiceBatchCooking.attribuer_preparations_planning": {"executed_lines": [], "summary": {"covered_lines": 0, "num_statements": 21, "percent_covered": 0.0, "percent_covered_display": "0.00", "missing_lines": 21, "excluded_lines": 0, "percent_statements_covered": 0.0, "percent_statements_covered_display": "0.00", "num_branches": 12, "num_partial_branches": 0, "covered_branches": 0, "missing_branches": 12, "percent_branches_covered": 0.0, "percent_branches_covered_display": "0.00"}, "missing_lines": [662, 668, 669, 671, 677, 678, 681, 682, 683, 684, 687, 690, 691, 692, 694, 695, 696, 698, 704, 706, 707], "excluded_lines": [], "start_line": 656, "executed_branches": [], "missing_branches": [[668, 669], [668, 671], [677, 678], [677, 681], [682, 683], [682, 704], [683, 684], [683, 687], [691, 682], [691, 692], [694, 695], [694, 696]]}, "obtenir_service_batch_cooking": {"executed_lines": [732, 733, 734], "summary": {"covered_lines": 3, "num_statements": 3, "percent_covered": 100.0, "percent_covered_display": "100.00", "missing_lines": 0, "excluded_lines": 0, "percent_statements_covered": 100.0, "percent_statements_covered_display": "100.00", "num_branches": 2, "num_partial_branches": 0, "covered_branches": 2, "missing_branches": 0, "percent_branches_covered": 100.0, "percent_branches_covered_display": "100.00"}, "missing_lines": [], "excluded_lines": [], "start_line": 729, "executed_branches": [[732, 733], [732, 734]], "missing_branches": []}, "": {"executed_lines": [15, 16, 17, 19, 21, 22, 23, 24, 25, 26, 39, 40, 42, 43, 45, 48, 60, 75, 76, 77, 78, 96, 97, 98, 140, 141, 142, 143, 155, 156, 157, 158, 170, 171, 172, 190, 191, 192, 233, 234, 235, 256, 257, 258, 307, 308, 309, 345, 346, 347, 363, 364, 365, 385, 386, 387, 406, 407, 408, 409, 423, 424, 425, 438, 439, 440, 477, 478, 479, 505, 507, 508, 509, 616, 617, 618, 654, 655, 656, 719, 726, 729, 738, 741], "summary": {"covered_lines": 84, "num_statements": 84, "percent_covered": 100.0, "percent_covered_display": "100.00", "missing_lines": 0, "excluded_lines": 0, "percent_statements_covered": 100.0, "percent_statements_covered_display": "100.00", "num_branches": 0, "num_partial_branches": 0, "covered_branches": 0, "missing_branches": 0, "percent_branches_covered": 100.0, "percent_branches_covered_display": "100.00"}, "missing_lines": [], "excluded_lines": [], "start_line": 1, "executed_branches": [], "missing_branches": []}}, "classes": {"ServiceBatchCooking": {"executed_lines": [61, 62, 80, 81, 83, 91, 92, 93, 94, 109, 110, 111, 112, 114, 115, 116, 117, 118, 119, 120, 121, 122, 123, 124, 125, 127, 128, 131, 133, 134, 160, 205, 206, 209, 211, 223, 224, 225, 228, 230, 231, 237, 238, 239, 241, 244, 245, 247, 248, 251, 253, 254, 265, 271, 272, 274, 277, 278, 279, 282, 283, 284, 285, 288, 294, 295, 298, 300, 301, 316, 317, 318, 320, 321, 334, 337, 339, 340, 342, 343, 349, 350, 351, 353, 354, 355, 357, 358, 360, 361, 367, 368, 369, 371, 372, 373, 376, 377, 379, 380, 382, 383, 389, 390, 391, 393, 394, 396, 397, 399, 400, 416, 418, 419, 421, 427, 428, 454, 467, 468, 469, 472, 474, 475, 486, 487, 488, 490, 492, 493, 496, 498, 499, 524, 525, 526, 529, 530, 531, 532, 533, 535, 547, 548, 556, 601, 603], "summary": {"covered_lines": 147, "num_statements": 194, "percent_covered": 69.56521739130434, "percent_covered_display": "69.57", "missing_lines": 47, "excluded_lines": 0, "percent_statements_covered": 75.77319587628865, "percent_statements_covered_display": "75.77", "num_branches": 82, "num_partial_branches": 7, "covered_branches": 45, "missing_branches": 37, "percent_branches_covered": 54.8780487804878, "percent_branches_covered_display": "54.88"}, "missing_lines": [145, 179, 183, 184, 185, 186, 188, 242, 275, 289, 611, 612, 614, 627, 630, 632, 633, 634, 635, 636, 637, 638, 641, 642, 645, 648, 662, 668, 669, 671, 677, 678, 681, 682, 683, 684, 687, 690, 691, 692, 694, 695, 696, 698, 704, 706, 707], "excluded_lines": [], "start_line": 48, "executed_branches": [[81, 83], [110, 111], [110, 114], [114, 115], [116, 117], [116, 118], [118, 119], [118, 120], [120, 121], [120, 122], [122, 123], [122, 124], [124, 125], [124, 127], [205, 206], [205, 209], [238, 239], [238, 241], [241, 244], [271, 272], [271, 274], [274, 277], [282, 283], [288, 294], [317, 318], [317, 320], [320, 321], [320, 337], [350, 351], [350, 353], [368, 369], [368, 371], [376, 377], [390, 391], [390, 393], [418, 419], [418, 421], [487, 488], [487, 490], [525, 526], [525, 529], [530, 531], [530, 547], [532, 533], [532, 535]], "missing_branches": [[81, 94], [114, 116], [183, 184], [183, 185], [185, 186], [185, 188], [241, 242], [274, 275], [282, 288], [288, 289], [376, 379], [611, 612], [611, 614], [630, 632], [630, 641], [632, 633], [632, 641], [633, 634], [633, 635], [635, 636], [635, 637], [637, 632], [637, 638], [641, 642], [641, 645], [668, 669], [668, 671], [677, 678], [677, 681], [682, 683], [682, 704], [683, 684], [683, 687], [691, 682], [691, 692], [694, 695], [694, 696]]}, "": {"executed_lines": [15, 16, 17, 19, 21, 22, 23, 24, 25, 26, 39, 40, 42, 43, 45, 48, 60, 75, 76, 77, 78, 96, 97, 98, 140, 141, 142, 143, 155, 156, 157, 158, 170, 171, 172, 190, 191, 192, 233, 234, 235, 256, 257, 258, 307, 308, 309, 345, 346, 347, 363, 364, 365, 385, 386, 387, 406, 407, 408, 409, 423, 424, 425, 438, 439, 440, 477, 478, 479, 505, 507, 508, 509, 616, 617, 618, 654, 655, 656, 719, 726, 729, 732, 733, 734, 738, 741], "summary": {"covered_lines": 87, "num_statements": 87, "percent_covered": 100.0, "percent_covered_display": "100.00", "missing_lines": 0, "excluded_lines": 0, "percent_statements_covered": 100.0, "percent_statements_covered_display": "100.00", "num_branches": 2, "num_partial_branches": 0, "covered_branches": 2, "missing_branches": 0, "percent_branches_covered": 100.0, "percent_branches_covered_display": "100.00"}, "missing_lines": [], "excluded_lines": [], "start_line": 1, "executed_branches": [[732, 733], [732, 734]], "missing_branches": []}}}, "src\\services\\batch_cooking\\types.py": {"executed_lines": [7, 10, 12, 13, 14, 15, 16, 17, 18, 19, 20, 21, 24, 26, 27, 28, 29, 30, 33, 35, 36, 37, 38, 39, 42], "summary": {"covered_lines": 25, "num_statements": 25, "percent_covered": 100.0, "percent_covered_display": "100.00", "missing_lines": 0, "excluded_lines": 0, "percent_statements_covered": 100.0, "percent_statements_covered_display": "100.00", "num_branches": 0, "num_partial_branches": 0, "covered_branches": 0, "missing_branches": 0, "percent_branches_covered": 100.0, "percent_branches_covered_display": "100.00"}, "missing_lines": [], "excluded_lines": [], "executed_branches": [], "missing_branches": [], "functions": {"": {"executed_lines": [7, 10, 12, 13, 14, 15, 16, 17, 18, 19, 20, 21, 24, 26, 27, 28, 29, 30, 33, 35, 36, 37, 38, 39, 42], "summary": {"covered_lines": 25, "num_statements": 25, "percent_covered": 100.0, "percent_covered_display": "100.00", "missing_lines": 0, "excluded_lines": 0, "percent_statements_covered": 100.0, "percent_statements_covered_display": "100.00", "num_branches": 0, "num_partial_branches": 0, "covered_branches": 0, "missing_branches": 0, "percent_branches_covered": 100.0, "percent_branches_covered_display": "100.00"}, "missing_lines": [], "excluded_lines": [], "start_line": 1, "executed_branches": [], "missing_branches": []}}, "classes": {"EtapeBatchIA": {"executed_lines": [], "summary": {"covered_lines": 0, "num_statements": 0, "percent_covered": 100.0, "percent_covered_display": "100.00", "missing_lines": 0, "excluded_lines": 0, "percent_statements_covered": 100.0, "percent_statements_covered_display": "100.00", "num_branches": 0, "num_partial_branches": 0, "covered_branches": 0, "missing_branches": 0, "percent_branches_covered": 100.0, "percent_branches_covered_display": "100.00"}, "missing_lines": [], "excluded_lines": [], "start_line": 10, "executed_branches": [], "missing_branches": []}, "SessionBatchIA": {"executed_lines": [], "summary": {"covered_lines": 0, "num_statements": 0, "percent_covered": 100.0, "percent_covered_display": "100.00", "missing_lines": 0, "excluded_lines": 0, "percent_statements_covered": 100.0, "percent_statements_covered_display": "100.00", "num_branches": 0, "num_partial_branches": 0, "covered_branches": 0, "missing_branches": 0, "percent_branches_covered": 100.0, "percent_branches_covered_display": "100.00"}, "missing_lines": [], "excluded_lines": [], "start_line": 24, "executed_branches": [], "missing_branches": []}, "PreparationIA": {"executed_lines": [], "summary": {"covered_lines": 0, "num_statements": 0, "percent_covered": 100.0, "percent_covered_display": "100.00", "missing_lines": 0, "excluded_lines": 0, "percent_statements_covered": 100.0, "percent_statements_covered_display": "100.00", "num_branches": 0, "num_partial_branches": 0, "covered_branches": 0, "missing_branches": 0, "percent_branches_covered": 100.0, "percent_branches_covered_display": "100.00"}, "missing_lines": [], "excluded_lines": [], "start_line": 33, "executed_branches": [], "missing_branches": []}, "": {"executed_lines": [7, 10, 12, 13, 14, 15, 16, 17, 18, 19, 20, 21, 24, 26, 27, 28, 29, 30, 33, 35, 36, 37, 38, 39, 42], "summary": {"covered_lines": 25, "num_statements": 25, "percent_covered": 100.0, "percent_covered_display": "100.00", "missing_lines": 0, "excluded_lines": 0, "percent_statements_covered": 100.0, "percent_statements_covered_display": "100.00", "num_branches": 0, "num_partial_branches": 0, "covered_branches": 0, "missing_branches": 0, "percent_branches_covered": 100.0, "percent_branches_covered_display": "100.00"}, "missing_lines": [], "excluded_lines": [], "start_line": 1, "executed_branches": [], "missing_branches": []}}}, "src\\services\\batch_cooking\\utils.py": {"executed_lines": [8, 9, 11, 19, 28, 31, 42, 43, 46, 47, 48, 49, 50, 51, 52, 55, 56, 57, 59, 62, 64, 67, 77, 78, 80, 81, 84, 94, 95, 96, 104, 113, 116, 125, 126, 129, 138, 139, 142, 151, 152, 155, 164, 165, 167, 168, 171, 180, 188, 197, 198, 199, 202, 211, 212, 213, 214, 215, 218, 227, 228, 231, 242, 245, 255, 256, 258, 259, 260, 261, 271, 296, 297, 303, 305, 318, 327, 328, 330, 344, 357, 358, 359, 362, 375, 376, 378, 379, 381, 389, 399, 402, 417, 420, 421, 424, 439, 442, 443, 444, 447, 464, 465, 473, 482, 485, 495, 496, 497, 500, 510, 511, 512, 515, 525, 526, 527, 530], "summary": {"covered_lines": 118, "num_statements": 122, "percent_covered": 95.23809523809524, "percent_covered_display": "95.24", "missing_lines": 4, "excluded_lines": 0, "percent_statements_covered": 96.72131147540983, "percent_statements_covered_display": "96.72", "num_branches": 46, "num_partial_branches": 4, "covered_branches": 42, "missing_branches": 4, "percent_branches_covered": 91.30434782608695, "percent_branches_covered_display": "91.30"}, "missing_lines": [263, 298, 418, 440], "excluded_lines": [], "executed_branches": [[42, 43], [42, 46], [47, 48], [47, 55], [50, 51], [50, 52], [56, 57], [56, 64], [57, 59], [57, 62], [77, 78], [77, 80], [164, 165], [164, 167], [197, 198], [197, 199], [212, 213], [212, 215], [213, 212], [213, 214], [255, 256], [255, 258], [258, 259], [260, 258], [260, 261], [297, 303], [327, 328], [327, 330], [357, 358], [357, 359], [375, 376], [375, 378], [378, 379], [378, 381], [417, 420], [439, 442], [495, 496], [495, 497], [510, 511], [510, 512], [525, 526], [525, 527]], "missing_branches": [[258, 263], [297, 298], [417, 418], [439, 440]], "functions": {"calculer_duree_totale_etapes": {"executed_lines": [28], "summary": {"covered_lines": 1, "num_statements": 1, "percent_covered": 100.0, "percent_covered_display": "100.00", "missing_lines": 0, "excluded_lines": 0, "percent_statements_covered": 100.0, "percent_statements_covered_display": "100.00", "num_branches": 0, "num_partial_branches": 0, "covered_branches": 0, "missing_branches": 0, "percent_branches_covered": 100.0, "percent_branches_covered_display": "100.00"}, "missing_lines": [], "excluded_lines": [], "start_line": 19, "executed_branches": [], "missing_branches": []}, "calculer_duree_parallele": {"executed_lines": [42, 43, 46, 47, 48, 49, 50, 51, 52, 55, 56, 57, 59, 62, 64], "summary": {"covered_lines": 15, "num_statements": 15, "percent_covered": 100.0, "percent_covered_display": "100.00", "missing_lines": 0, "excluded_lines": 0, "percent_statements_covered": 100.0, "percent_statements_covered_display": "100.00", "num_branches": 10, "num_partial_branches": 0, "covered_branches": 10, "missing_branches": 0, "percent_branches_covered": 100.0, "percent_branches_covered_display": "100.00"}, "missing_lines": [], "excluded_lines": [], "start_line": 31, "executed_branches": [[42, 43], [42, 46], [47, 48], [47, 55], [50, 51], [50, 52], [56, 57], [56, 64], [57, 59], [57, 62]], "missing_branches": []}, "calculer_duree_reelle": {"executed_lines": [77, 78, 80, 81], "summary": {"covered_lines": 4, "num_statements": 4, "percent_covered": 100.0, "percent_covered_display": "100.00", "missing_lines": 0, "excluded_lines": 0, "percent_statements_covered": 100.0, "percent_statements_covered_display": "100.00", "num_branches": 2, "num_partial_branches": 0, "covered_branches": 2, "missing_branches": 0, "percent_branches_covered": 100.0, "percent_branches_covered_display": "100.00"}, "missing_lines": [], "excluded_lines": [], "start_line": 67, "executed_branches": [[77, 78], [77, 80]], "missing_branches": []}, "estimer_heure_fin": {"executed_lines": [94, 95, 96], "summary": {"covered_lines": 3, "num_statements": 3, "percent_covered": 100.0, "percent_covered_display": "100.00", "missing_lines": 0, "excluded_lines": 0, "percent_statements_covered": 100.0, "percent_statements_covered_display": "100.00", "num_branches": 0, "num_partial_branches": 0, "covered_branches": 0, "missing_branches": 0, "percent_branches_covered": 100.0, "percent_branches_covered_display": "100.00"}, "missing_lines": [], "excluded_lines": [], "start_line": 84, "executed_branches": [], "missing_branches": []}, "obtenir_info_robot": {"executed_lines": [113], "summary": {"covered_lines": 1, "num_statements": 1, "percent_covered": 100.0, "percent_covered_display": "100.00", "missing_lines": 0, "excluded_lines": 0, "percent_statements_covered": 100.0, "percent_statements_covered_display": "100.00", "num_branches": 0, "num_partial_branches": 0, "covered_branches": 0, "missing_branches": 0, "percent_branches_covered": 100.0, "percent_branches_covered_display": "100.00"}, "missing_lines": [], "excluded_lines": [], "start_line": 104, "executed_branches": [], "missing_branches": []}, "obtenir_nom_robot": {"executed_lines": [125, 126], "summary": {"covered_lines": 2, "num_statements": 2, "percent_covered": 100.0, "percent_covered_display": "100.00", "missing_lines": 0, "excluded_lines": 0, "percent_statements_covered": 100.0, "percent_statements_covered_display": "100.00", "num_branches": 0, "num_partial_branches": 0, "covered_branches": 0, "missing_branches": 0, "percent_branches_covered": 100.0, "percent_branches_covered_display": "100.00"}, "missing_lines": [], "excluded_lines": [], "start_line": 116, "executed_branches": [], "missing_branches": []}, "obtenir_emoji_robot": {"executed_lines": [138, 139], "summary": {"covered_lines": 2, "num_statements": 2, "percent_covered": 100.0, "percent_covered_display": "100.00", "missing_lines": 0, "excluded_lines": 0, "percent_statements_covered": 100.0, "percent_statements_covered_display": "100.00", "num_branches": 0, "num_partial_branches": 0, "covered_branches": 0, "missing_branches": 0, "percent_branches_covered": 100.0, "percent_branches_covered_display": "100.00"}, "missing_lines": [], "excluded_lines": [], "start_line": 129, "executed_branches": [], "missing_branches": []}, "est_robot_parallele": {"executed_lines": [151, 152], "summary": {"covered_lines": 2, "num_statements": 2, "percent_covered": 100.0, "percent_covered_display": "100.00", "missing_lines": 0, "excluded_lines": 0, "percent_statements_covered": 100.0, "percent_statements_covered_display": "100.00", "num_branches": 0, "num_partial_branches": 0, "covered_branches": 0, "missing_branches": 0, "percent_branches_covered": 100.0, "percent_branches_covered_display": "100.00"}, "missing_lines": [], "excluded_lines": [], "start_line": 142, "executed_branches": [], "missing_branches": []}, "formater_liste_robots": {"executed_lines": [164, 165, 167, 168], "summary": {"covered_lines": 4, "num_statements": 4, "percent_covered": 100.0, "percent_covered_display": "100.00", "missing_lines": 0, "excluded_lines": 0, "percent_statements_covered": 100.0, "percent_statements_covered_display": "100.00", "num_branches": 2, "num_partial_branches": 0, "covered_branches": 2, "missing_branches": 0, "percent_branches_covered": 100.0, "percent_branches_covered_display": "100.00"}, "missing_lines": [], "excluded_lines": [], "start_line": 155, "executed_branches": [[164, 165], [164, 167]], "missing_branches": []}, "filtrer_robots_paralleles": {"executed_lines": [180], "summary": {"covered_lines": 1, "num_statements": 1, "percent_covered": 100.0, "percent_covered_display": "100.00", "missing_lines": 0, "excluded_lines": 0, "percent_statements_covered": 100.0, "percent_statements_covered_display": "100.00", "num_branches": 0, "num_partial_branches": 0, "covered_branches": 0, "missing_branches": 0, "percent_branches_covered": 100.0, "percent_branches_covered_display": "100.00"}, "missing_lines": [], "excluded_lines": [], "start_line": 171, "executed_branches": [], "missing_branches": []}, "obtenir_nom_jour": {"executed_lines": [197, 198, 199], "summary": {"covered_lines": 3, "num_statements": 3, "percent_covered": 100.0, "percent_covered_display": "100.00", "missing_lines": 0, "excluded_lines": 0, "percent_statements_covered": 100.0, "percent_statements_covered_display": "100.00", "num_branches": 2, "num_partial_branches": 0, "covered_branches": 2, "missing_branches": 0, "percent_branches_covered": 100.0, "percent_branches_covered_display": "100.00"}, "missing_lines": [], "excluded_lines": [], "start_line": 188, "executed_branches": [[197, 198], [197, 199]], "missing_branches": []}, "obtenir_index_jour": {"executed_lines": [211, 212, 213, 214, 215], "summary": {"covered_lines": 5, "num_statements": 5, "percent_covered": 100.0, "percent_covered_display": "100.00", "missing_lines": 0, "excluded_lines": 0, "percent_statements_covered": 100.0, "percent_statements_covered_display": "100.00", "num_branches": 4, "num_partial_branches": 0, "covered_branches": 4, "missing_branches": 0, "percent_branches_covered": 100.0, "percent_branches_covered_display": "100.00"}, "missing_lines": [], "excluded_lines": [], "start_line": 202, "executed_branches": [[212, 213], [212, 215], [213, 212], [213, 214]], "missing_branches": []}, "formater_jours_batch": {"executed_lines": [227, 228], "summary": {"covered_lines": 2, "num_statements": 2, "percent_covered": 100.0, "percent_covered_display": "100.00", "missing_lines": 0, "excluded_lines": 0, "percent_statements_covered": 100.0, "percent_statements_covered_display": "100.00", "num_branches": 0, "num_partial_branches": 0, "covered_branches": 0, "missing_branches": 0, "percent_branches_covered": 100.0, "percent_branches_covered_display": "100.00"}, "missing_lines": [], "excluded_lines": [], "start_line": 218, "executed_branches": [], "missing_branches": []}, "est_jour_batch": {"executed_lines": [242], "summary": {"covered_lines": 1, "num_statements": 1, "percent_covered": 100.0, "percent_covered_display": "100.00", "missing_lines": 0, "excluded_lines": 0, "percent_statements_covered": 100.0, "percent_statements_covered_display": "100.00", "num_branches": 0, "num_partial_branches": 0, "covered_branches": 0, "missing_branches": 0, "percent_branches_covered": 100.0, "percent_branches_covered_display": "100.00"}, "missing_lines": [], "excluded_lines": [], "start_line": 231, "executed_branches": [], "missing_branches": []}, "prochain_jour_batch": {"executed_lines": [255, 256, 258, 259, 260, 261], "summary": {"covered_lines": 6, "num_statements": 7, "percent_covered": 84.61538461538461, "percent_covered_display": "84.62", "missing_lines": 1, "excluded_lines": 0, "percent_statements_covered": 85.71428571428571, "percent_statements_covered_display": "85.71", "num_branches": 6, "num_partial_branches": 1, "covered_branches": 5, "missing_branches": 1, "percent_branches_covered": 83.33333333333333, "percent_branches_covered_display": "83.33"}, "missing_lines": [263], "excluded_lines": [], "start_line": 245, "executed_branches": [[255, 256], [255, 258], [258, 259], [260, 258], [260, 261]], "missing_branches": [[258, 263]]}, "construire_contexte_recette": {"executed_lines": [296, 297, 303, 305], "summary": {"covered_lines": 4, "num_statements": 5, "percent_covered": 71.42857142857143, "percent_covered_display": "71.43", "missing_lines": 1, "excluded_lines": 0, "percent_statements_covered": 80.0, "percent_statements_covered_display": "80.00", "num_branches": 2, "num_partial_branches": 1, "covered_branches": 1, "missing_branches": 1, "percent_branches_covered": 50.0, "percent_branches_covered_display": "50.00"}, "missing_lines": [298], "excluded_lines": [], "start_line": 271, "executed_branches": [[297, 303]], "missing_branches": [[297, 298]]}, "construire_contexte_jules": {"executed_lines": [327, 328, 330], "summary": {"covered_lines": 3, "num_statements": 3, "percent_covered": 100.0, "percent_covered_display": "100.00", "missing_lines": 0, "excluded_lines": 0, "percent_statements_covered": 100.0, "percent_statements_covered_display": "100.00", "num_branches": 2, "num_partial_branches": 0, "covered_branches": 2, "missing_branches": 0, "percent_branches_covered": 100.0, "percent_branches_covered_display": "100.00"}, "missing_lines": [], "excluded_lines": [], "start_line": 318, "executed_branches": [[327, 328], [327, 330]], "missing_branches": []}, "calculer_progression_session": {"executed_lines": [357, 358, 359], "summary": {"covered_lines": 3, "num_statements": 3, "percent_covered": 100.0, "percent_covered_display": "100.00", "missing_lines": 0, "excluded_lines": 0, "percent_statements_covered": 100.0, "percent_statements_covered_display": "100.00", "num_branches": 2, "num_partial_branches": 0, "covered_branches": 2, "missing_branches": 0, "percent_branches_covered": 100.0, "percent_branches_covered_display": "100.00"}, "missing_lines": [], "excluded_lines": [], "start_line": 344, "executed_branches": [[357, 358], [357, 359]], "missing_branches": []}, "calculer_temps_restant": {"executed_lines": [375, 376, 378, 379, 381], "summary": {"covered_lines": 5, "num_statements": 5, "percent_covered": 100.0, "percent_covered_display": "100.00", "missing_lines": 0, "excluded_lines": 0, "percent_statements_covered": 100.0, "percent_statements_covered_display": "100.00", "num_branches": 4, "num_partial_branches": 0, "covered_branches": 4, "missing_branches": 0, "percent_branches_covered": 100.0, "percent_branches_covered_display": "100.00"}, "missing_lines": [], "excluded_lines": [], "start_line": 362, "executed_branches": [[375, 376], [375, 378], [378, 379], [378, 381]], "missing_branches": []}, "calculer_portions_restantes": {"executed_lines": [399], "summary": {"covered_lines": 1, "num_statements": 1, "percent_covered": 100.0, "percent_covered_display": "100.00", "missing_lines": 0, "excluded_lines": 0, "percent_statements_covered": 100.0, "percent_statements_covered_display": "100.00", "num_branches": 0, "num_partial_branches": 0, "covered_branches": 0, "missing_branches": 0, "percent_branches_covered": 100.0, "percent_branches_covered_display": "100.00"}, "missing_lines": [], "excluded_lines": [], "start_line": 389, "executed_branches": [], "missing_branches": []}, "est_preparation_expiree": {"executed_lines": [417, 420, 421], "summary": {"covered_lines": 3, "num_statements": 4, "percent_covered": 66.66666666666667, "percent_covered_display": "66.67", "missing_lines": 1, "excluded_lines": 0, "percent_statements_covered": 75.0, "percent_statements_covered_display": "75.00", "num_branches": 2, "num_partial_branches": 1, "covered_branches": 1, "missing_branches": 1, "percent_branches_covered": 50.0, "percent_branches_covered_display": "50.00"}, "missing_lines": [418], "excluded_lines": [], "start_line": 402, "executed_branches": [[417, 420]], "missing_branches": [[417, 418]]}, "jours_avant_expiration": {"executed_lines": [439, 442, 443, 444], "summary": {"covered_lines": 4, "num_statements": 5, "percent_covered": 71.42857142857143, "percent_covered_display": "71.43", "missing_lines": 1, "excluded_lines": 0, "percent_statements_covered": 80.0, "percent_statements_covered_display": "80.00", "num_branches": 2, "num_partial_branches": 1, "covered_branches": 1, "missing_branches": 1, "percent_branches_covered": 50.0, "percent_branches_covered_display": "50.00"}, "missing_lines": [440], "excluded_lines": [], "start_line": 424, "executed_branches": [[439, 442]], "missing_branches": [[439, 440]]}, "est_preparation_a_risque": {"executed_lines": [464, 465], "summary": {"covered_lines": 2, "num_statements": 2, "percent_covered": 100.0, "percent_covered_display": "100.00", "missing_lines": 0, "excluded_lines": 0, "percent_statements_covered": 100.0, "percent_statements_covered_display": "100.00", "num_branches": 0, "num_partial_branches": 0, "covered_branches": 0, "missing_branches": 0, "percent_branches_covered": 100.0, "percent_branches_covered_display": "100.00"}, "missing_lines": [], "excluded_lines": [], "start_line": 447, "executed_branches": [], "missing_branches": []}, "valider_jours_batch": {"executed_lines": [482], "summary": {"covered_lines": 1, "num_statements": 1, "percent_covered": 100.0, "percent_covered_display": "100.00", "missing_lines": 0, "excluded_lines": 0, "percent_statements_covered": 100.0, "percent_statements_covered_display": "100.00", "num_branches": 0, "num_partial_branches": 0, "covered_branches": 0, "missing_branches": 0, "percent_branches_covered": 100.0, "percent_branches_covered_display": "100.00"}, "missing_lines": [], "excluded_lines": [], "start_line": 473, "executed_branches": [], "missing_branches": []}, "valider_duree": {"executed_lines": [495, 496, 497], "summary": {"covered_lines": 3, "num_statements": 3, "percent_covered": 100.0, "percent_covered_display": "100.00", "missing_lines": 0, "excluded_lines": 0, "percent_statements_covered": 100.0, "percent_statements_covered_display": "100.00", "num_branches": 2, "num_partial_branches": 0, "covered_branches": 2, "missing_branches": 0, "percent_branches_covered": 100.0, "percent_branches_covered_display": "100.00"}, "missing_lines": [], "excluded_lines": [], "start_line": 485, "executed_branches": [[495, 496], [495, 497]], "missing_branches": []}, "valider_portions": {"executed_lines": [510, 511, 512], "summary": {"covered_lines": 3, "num_statements": 3, "percent_covered": 100.0, "percent_covered_display": "100.00", "missing_lines": 0, "excluded_lines": 0, "percent_statements_covered": 100.0, "percent_statements_covered_display": "100.00", "num_branches": 2, "num_partial_branches": 0, "covered_branches": 2, "missing_branches": 0, "percent_branches_covered": 100.0, "percent_branches_covered_display": "100.00"}, "missing_lines": [], "excluded_lines": [], "start_line": 500, "executed_branches": [[510, 511], [510, 512]], "missing_branches": []}, "valider_conservation": {"executed_lines": [525, 526, 527], "summary": {"covered_lines": 3, "num_statements": 3, "percent_covered": 100.0, "percent_covered_display": "100.00", "missing_lines": 0, "excluded_lines": 0, "percent_statements_covered": 100.0, "percent_statements_covered_display": "100.00", "num_branches": 2, "num_partial_branches": 0, "covered_branches": 2, "missing_branches": 0, "percent_branches_covered": 100.0, "percent_branches_covered_display": "100.00"}, "missing_lines": [], "excluded_lines": [], "start_line": 515, "executed_branches": [[525, 526], [525, 527]], "missing_branches": []}, "": {"executed_lines": [8, 9, 11, 19, 31, 67, 84, 104, 116, 129, 142, 155, 171, 188, 202, 218, 231, 245, 271, 318, 344, 362, 389, 402, 424, 447, 473, 485, 500, 515, 530], "summary": {"covered_lines": 31, "num_statements": 31, "percent_covered": 100.0, "percent_covered_display": "100.00", "missing_lines": 0, "excluded_lines": 0, "percent_statements_covered": 100.0, "percent_statements_covered_display": "100.00", "num_branches": 0, "num_partial_branches": 0, "covered_branches": 0, "missing_branches": 0, "percent_branches_covered": 100.0, "percent_branches_covered_display": "100.00"}, "missing_lines": [], "excluded_lines": [], "start_line": 1, "executed_branches": [], "missing_branches": []}}, "classes": {"": {"executed_lines": [8, 9, 11, 19, 28, 31, 42, 43, 46, 47, 48, 49, 50, 51, 52, 55, 56, 57, 59, 62, 64, 67, 77, 78, 80, 81, 84, 94, 95, 96, 104, 113, 116, 125, 126, 129, 138, 139, 142, 151, 152, 155, 164, 165, 167, 168, 171, 180, 188, 197, 198, 199, 202, 211, 212, 213, 214, 215, 218, 227, 228, 231, 242, 245, 255, 256, 258, 259, 260, 261, 271, 296, 297, 303, 305, 318, 327, 328, 330, 344, 357, 358, 359, 362, 375, 376, 378, 379, 381, 389, 399, 402, 417, 420, 421, 424, 439, 442, 443, 444, 447, 464, 465, 473, 482, 485, 495, 496, 497, 500, 510, 511, 512, 515, 525, 526, 527, 530], "summary": {"covered_lines": 118, "num_statements": 122, "percent_covered": 95.23809523809524, "percent_covered_display": "95.24", "missing_lines": 4, "excluded_lines": 0, "percent_statements_covered": 96.72131147540983, "percent_statements_covered_display": "96.72", "num_branches": 46, "num_partial_branches": 4, "covered_branches": 42, "missing_branches": 4, "percent_branches_covered": 91.30434782608695, "percent_branches_covered_display": "91.30"}, "missing_lines": [263, 298, 418, 440], "excluded_lines": [], "start_line": 1, "executed_branches": [[42, 43], [42, 46], [47, 48], [47, 55], [50, 51], [50, 52], [56, 57], [56, 64], [57, 59], [57, 62], [77, 78], [77, 80], [164, 165], [164, 167], [197, 198], [197, 199], [212, 213], [212, 215], [213, 212], [213, 214], [255, 256], [255, 258], [258, 259], [260, 258], [260, 261], [297, 303], [327, 328], [327, 330], [357, 358], [357, 359], [375, 376], [375, 378], [378, 379], [378, 381], [417, 420], [439, 442], [495, 496], [495, 497], [510, 511], [510, 512], [525, 526], [525, 527]], "missing_branches": [[258, 263], [297, 298], [417, 418], [439, 440]]}}}}, "totals": {"covered_lines": 386, "num_statements": 437, "percent_covered": 83.7742504409171, "percent_covered_display": "83.77", "missing_lines": 51, "excluded_lines": 0, "percent_statements_covered": 88.32951945080092, "percent_statements_covered_display": "88.33", "num_branches": 130, "num_partial_branches": 11, "covered_branches": 89, "missing_branches": 41, "percent_branches_covered": 68.46153846153847, "percent_branches_covered_display": "68.46"}}