============================= test session starts =============================
platform win32 -- Python 3.11.8, pytest-9.0.2, pluggy-1.6.0
rootdir: D:\Projet_streamlit\assistant_matanne
configfile: pytest.ini
plugins: anyio-4.12.1, asyncio-1.3.0, cov-7.0.0
asyncio: mode=Mode.STRICT, debug=False, asyncio_default_fixture_loop_scope=function, asyncio_default_test_loop_scope=function
collected 67 items

tests\services\planning\test_global_planning.py ..F.F....FF              [ 16%]
tests\services\planning\test_service.py ..F........F......               [ 43%]
tests\services\planning\test_utils.py .................................. [ 94%]
.F..                                                                     [100%]

=========================== short test summary info ===========================
FAILED tests/services/planning/test_global_planning.py::TestServicePlanningUnifieInit::test_service_temperature_setting
FAILED tests/services/planning/test_global_planning.py::TestServicePlanningUnifieMethods::test_service_name_is_planning
FAILED tests/services/planning/test_global_planning.py::TestServicePlanningUnifieIA::test_service_has_ai_client
FAILED tests/services/planning/test_global_planning.py::TestServicePlanningUnifieIA::test_service_cache_prefix
FAILED tests/services/planning/test_service.py::TestServicePlanningMethods::test_get_planning_returns_none_when_not_found
FAILED tests/services/planning/test_service.py::TestJourPlanning::test_creation_valid
FAILED tests/services/planning/test_utils.py::TestDetermineProteinType::test_determine_protein_type_case_insensitive
======================== 7 failed, 60 passed in 3.09s =========================
