--- Logging error ---
Traceback (most recent call last):
  File "C:\Users\Nemo\AppData\Local\Programs\Python\Python311\Lib\logging\__init__.py", line 1113, in emit
    stream.write(msg + self.terminator)
ValueError: I/O operation on closed file.
Call stack:
  File "<frozen runpy>", line 198, in _run_module_as_main
  File "<frozen runpy>", line 88, in _run_code
  File "C:\Users\Nemo\AppData\Local\Programs\Python\Python311\Lib\site-packages\pytest\__main__.py", line 9, in <module>
    raise SystemExit(pytest.console_main())
  File "C:\Users\Nemo\AppData\Local\Programs\Python\Python311\Lib\site-packages\_pytest\config\__init__.py", line 223, in console_main
    code = main()
  File "C:\Users\Nemo\AppData\Local\Programs\Python\Python311\Lib\site-packages\_pytest\config\__init__.py", line 199, in main
    ret: ExitCode | int = config.hook.pytest_cmdline_main(config=config)
  File "C:\Users\Nemo\AppData\Local\Programs\Python\Python311\Lib\site-packages\pluggy\_hooks.py", line 512, in __call__
    return self._hookexec(self.name, self._hookimpls.copy(), kwargs, firstresult)
  File "C:\Users\Nemo\AppData\Local\Programs\Python\Python311\Lib\site-packages\pluggy\_manager.py", line 120, in _hookexec
    return self._inner_hookexec(hook_name, methods, kwargs, firstresult)
  File "C:\Users\Nemo\AppData\Local\Programs\Python\Python311\Lib\site-packages\pluggy\_callers.py", line 121, in _multicall
    res = hook_impl.function(*args)
  File "C:\Users\Nemo\AppData\Local\Programs\Python\Python311\Lib\site-packages\_pytest\main.py", line 365, in pytest_cmdline_main
    return wrap_session(config, _main)
  File "C:\Users\Nemo\AppData\Local\Programs\Python\Python311\Lib\site-packages\_pytest\main.py", line 353, in wrap_session
    config.hook.pytest_sessionfinish(
  File "C:\Users\Nemo\AppData\Local\Programs\Python\Python311\Lib\site-packages\pluggy\_hooks.py", line 512, in __call__
    return self._hookexec(self.name, self._hookimpls.copy(), kwargs, firstresult)
  File "C:\Users\Nemo\AppData\Local\Programs\Python\Python311\Lib\site-packages\pluggy\_manager.py", line 120, in _hookexec
    return self._inner_hookexec(hook_name, methods, kwargs, firstresult)
  File "C:\Users\Nemo\AppData\Local\Programs\Python\Python311\Lib\site-packages\pluggy\_callers.py", line 121, in _multicall
    res = hook_impl.function(*args)
  File "C:\Users\Nemo\AppData\Local\Programs\Python\Python311\Lib\site-packages\_pytest\runner.py", line 112, in pytest_sessionfinish
    session._setupstate.teardown_exact(None)
  File "C:\Users\Nemo\AppData\Local\Programs\Python\Python311\Lib\site-packages\_pytest\runner.py", line 555, in teardown_exact
    fin()
  File "C:\Users\Nemo\AppData\Local\Programs\Python\Python311\Lib\site-packages\_pytest\fixtures.py", line 1042, in finish
    fin()
  File "C:\Users\Nemo\AppData\Local\Programs\Python\Python311\Lib\site-packages\_pytest\fixtures.py", line 924, in _teardown_yield_fixture
    next(it)
  File "D:\Projet_streamlit\assistant_matanne\tests\conftest.py", line 503, in clear_cache
    _clear_all()
  File "D:\Projet_streamlit\assistant_matanne\tests\conftest.py", line 485, in _clear_all
    Cache.clear()
  File "D:\Projet_streamlit\assistant_matanne\src\core\caching\cache.py", line 152, in clear
    _cache().clear()
  File "D:\Projet_streamlit\assistant_matanne\src\core\caching\orchestrator.py", line 230, in clear
    self.l2.clear()
  File "D:\Projet_streamlit\assistant_matanne\src\core\caching\session.py", line 115, in clear
    self._set_store({})
  File "D:\Projet_streamlit\assistant_matanne\src\core\caching\session.py", line 55, in _set_store
    st.session_state[self.CACHE_KEY] = store
  File "C:\Users\Nemo\AppData\Local\Programs\Python\Python311\Lib\site-packages\streamlit\runtime\metrics_util.py", line 532, in wrapped_func
    result = non_optional_func(*args, **kwargs)
  File "C:\Users\Nemo\AppData\Local\Programs\Python\Python311\Lib\site-packages\streamlit\runtime\state\session_state_proxy.py", line 114, in __setitem__
    get_session_state()[key] = value
  File "C:\Users\Nemo\AppData\Local\Programs\Python\Python311\Lib\site-packages\streamlit\runtime\state\session_state_proxy.py", line 48, in get_session_state
    ctx = get_script_run_ctx()
  File "C:\Users\Nemo\AppData\Local\Programs\Python\Python311\Lib\site-packages\streamlit\runtime\scriptrunner_utils\script_run_context.py", line 276, in get_script_run_ctx
    _LOGGER.warning(
Message: "Thread '%s': missing ScriptRunContext! This warning can be ignored when running in bare mode."
Arguments: ('MainThread',)
--- Logging error ---
Traceback (most recent call last):
  File "C:\Users\Nemo\AppData\Local\Programs\Python\Python311\Lib\logging\__init__.py", line 1113, in emit
    stream.write(msg + self.terminator)
ValueError: I/O operation on closed file.
Call stack:
  File "<frozen runpy>", line 198, in _run_module_as_main
  File "<frozen runpy>", line 88, in _run_code
  File "C:\Users\Nemo\AppData\Local\Programs\Python\Python311\Lib\site-packages\pytest\__main__.py", line 9, in <module>
    raise SystemExit(pytest.console_main())
  File "C:\Users\Nemo\AppData\Local\Programs\Python\Python311\Lib\site-packages\_pytest\config\__init__.py", line 223, in console_main
    code = main()
  File "C:\Users\Nemo\AppData\Local\Programs\Python\Python311\Lib\site-packages\_pytest\config\__init__.py", line 199, in main
    ret: ExitCode | int = config.hook.pytest_cmdline_main(config=config)
  File "C:\Users\Nemo\AppData\Local\Programs\Python\Python311\Lib\site-packages\pluggy\_hooks.py", line 512, in __call__
    return self._hookexec(self.name, self._hookimpls.copy(), kwargs, firstresult)
  File "C:\Users\Nemo\AppData\Local\Programs\Python\Python311\Lib\site-packages\pluggy\_manager.py", line 120, in _hookexec
    return self._inner_hookexec(hook_name, methods, kwargs, firstresult)
  File "C:\Users\Nemo\AppData\Local\Programs\Python\Python311\Lib\site-packages\pluggy\_callers.py", line 121, in _multicall
    res = hook_impl.function(*args)
  File "C:\Users\Nemo\AppData\Local\Programs\Python\Python311\Lib\site-packages\_pytest\main.py", line 365, in pytest_cmdline_main
    return wrap_session(config, _main)
  File "C:\Users\Nemo\AppData\Local\Programs\Python\Python311\Lib\site-packages\_pytest\main.py", line 353, in wrap_session
    config.hook.pytest_sessionfinish(
  File "C:\Users\Nemo\AppData\Local\Programs\Python\Python311\Lib\site-packages\pluggy\_hooks.py", line 512, in __call__
    return self._hookexec(self.name, self._hookimpls.copy(), kwargs, firstresult)
  File "C:\Users\Nemo\AppData\Local\Programs\Python\Python311\Lib\site-packages\pluggy\_manager.py", line 120, in _hookexec
    return self._inner_hookexec(hook_name, methods, kwargs, firstresult)
  File "C:\Users\Nemo\AppData\Local\Programs\Python\Python311\Lib\site-packages\pluggy\_callers.py", line 121, in _multicall
    res = hook_impl.function(*args)
  File "C:\Users\Nemo\AppData\Local\Programs\Python\Python311\Lib\site-packages\_pytest\runner.py", line 112, in pytest_sessionfinish
    session._setupstate.teardown_exact(None)
  File "C:\Users\Nemo\AppData\Local\Programs\Python\Python311\Lib\site-packages\_pytest\runner.py", line 555, in teardown_exact
    fin()
  File "C:\Users\Nemo\AppData\Local\Programs\Python\Python311\Lib\site-packages\_pytest\fixtures.py", line 1042, in finish
    fin()
  File "C:\Users\Nemo\AppData\Local\Programs\Python\Python311\Lib\site-packages\_pytest\fixtures.py", line 924, in _teardown_yield_fixture
    next(it)
  File "D:\Projet_streamlit\assistant_matanne\tests\conftest.py", line 503, in clear_cache
    _clear_all()
  File "D:\Projet_streamlit\assistant_matanne\tests\conftest.py", line 485, in _clear_all
    Cache.clear()
  File "D:\Projet_streamlit\assistant_matanne\src\core\caching\cache.py", line 152, in clear
    _cache().clear()
  File "D:\Projet_streamlit\assistant_matanne\src\core\caching\orchestrator.py", line 230, in clear
    self.l2.clear()
  File "D:\Projet_streamlit\assistant_matanne\src\core\caching\session.py", line 115, in clear
    self._set_store({})
  File "D:\Projet_streamlit\assistant_matanne\src\core\caching\session.py", line 55, in _set_store
    st.session_state[self.CACHE_KEY] = store
  File "C:\Users\Nemo\AppData\Local\Programs\Python\Python311\Lib\site-packages\streamlit\runtime\metrics_util.py", line 532, in wrapped_func
    result = non_optional_func(*args, **kwargs)
  File "C:\Users\Nemo\AppData\Local\Programs\Python\Python311\Lib\site-packages\streamlit\runtime\state\session_state_proxy.py", line 114, in __setitem__
    get_session_state()[key] = value
  File "C:\Users\Nemo\AppData\Local\Programs\Python\Python311\Lib\site-packages\streamlit\runtime\state\safe_session_state.py", line 109, in __setitem__
    self._state[key] = value
  File "C:\Users\Nemo\AppData\Local\Programs\Python\Python311\Lib\site-packages\streamlit\runtime\state\session_state.py", line 537, in __setitem__
    ctx = get_script_run_ctx()
  File "C:\Users\Nemo\AppData\Local\Programs\Python\Python311\Lib\site-packages\streamlit\runtime\scriptrunner_utils\script_run_context.py", line 276, in get_script_run_ctx
    _LOGGER.warning(
Message: "Thread '%s': missing ScriptRunContext! This warning can be ignored when running in bare mode."
Arguments: ('MainThread',)
--- Logging error ---
Traceback (most recent call last):
  File "C:\Users\Nemo\AppData\Local\Programs\Python\Python311\Lib\logging\__init__.py", line 1113, in emit
    stream.write(msg + self.terminator)
ValueError: I/O operation on closed file.
Call stack:
  File "<frozen runpy>", line 198, in _run_module_as_main
  File "<frozen runpy>", line 88, in _run_code
  File "C:\Users\Nemo\AppData\Local\Programs\Python\Python311\Lib\site-packages\pytest\__main__.py", line 9, in <module>
    raise SystemExit(pytest.console_main())
  File "C:\Users\Nemo\AppData\Local\Programs\Python\Python311\Lib\site-packages\_pytest\config\__init__.py", line 223, in console_main
    code = main()
  File "C:\Users\Nemo\AppData\Local\Programs\Python\Python311\Lib\site-packages\_pytest\config\__init__.py", line 199, in main
    ret: ExitCode | int = config.hook.pytest_cmdline_main(config=config)
  File "C:\Users\Nemo\AppData\Local\Programs\Python\Python311\Lib\site-packages\pluggy\_hooks.py", line 512, in __call__
    return self._hookexec(self.name, self._hookimpls.copy(), kwargs, firstresult)
  File "C:\Users\Nemo\AppData\Local\Programs\Python\Python311\Lib\site-packages\pluggy\_manager.py", line 120, in _hookexec
    return self._inner_hookexec(hook_name, methods, kwargs, firstresult)
  File "C:\Users\Nemo\AppData\Local\Programs\Python\Python311\Lib\site-packages\pluggy\_callers.py", line 121, in _multicall
    res = hook_impl.function(*args)
  File "C:\Users\Nemo\AppData\Local\Programs\Python\Python311\Lib\site-packages\_pytest\main.py", line 365, in pytest_cmdline_main
    return wrap_session(config, _main)
  File "C:\Users\Nemo\AppData\Local\Programs\Python\Python311\Lib\site-packages\_pytest\main.py", line 353, in wrap_session
    config.hook.pytest_sessionfinish(
  File "C:\Users\Nemo\AppData\Local\Programs\Python\Python311\Lib\site-packages\pluggy\_hooks.py", line 512, in __call__
    return self._hookexec(self.name, self._hookimpls.copy(), kwargs, firstresult)
  File "C:\Users\Nemo\AppData\Local\Programs\Python\Python311\Lib\site-packages\pluggy\_manager.py", line 120, in _hookexec
    return self._inner_hookexec(hook_name, methods, kwargs, firstresult)
  File "C:\Users\Nemo\AppData\Local\Programs\Python\Python311\Lib\site-packages\pluggy\_callers.py", line 121, in _multicall
    res = hook_impl.function(*args)
  File "C:\Users\Nemo\AppData\Local\Programs\Python\Python311\Lib\site-packages\_pytest\runner.py", line 112, in pytest_sessionfinish
    session._setupstate.teardown_exact(None)
  File "C:\Users\Nemo\AppData\Local\Programs\Python\Python311\Lib\site-packages\_pytest\runner.py", line 555, in teardown_exact
    fin()
  File "C:\Users\Nemo\AppData\Local\Programs\Python\Python311\Lib\site-packages\_pytest\fixtures.py", line 1042, in finish
    fin()
  File "C:\Users\Nemo\AppData\Local\Programs\Python\Python311\Lib\site-packages\_pytest\fixtures.py", line 924, in _teardown_yield_fixture
    next(it)
  File "D:\Projet_streamlit\assistant_matanne\tests\conftest.py", line 503, in clear_cache
    _clear_all()
  File "D:\Projet_streamlit\assistant_matanne\tests\conftest.py", line 485, in _clear_all
    Cache.clear()
  File "D:\Projet_streamlit\assistant_matanne\src\core\caching\cache.py", line 152, in clear
    _cache().clear()
  File "D:\Projet_streamlit\assistant_matanne\src\core\caching\orchestrator.py", line 234, in clear
    logger.info(f"Cache vidé (niveaux: {levels})")
Message: 'Cache vidé (niveaux: all)'
Arguments: ()
--- Logging error ---
Traceback (most recent call last):
  File "C:\Users\Nemo\AppData\Local\Programs\Python\Python311\Lib\logging\__init__.py", line 1113, in emit
    stream.write(msg + self.terminator)
ValueError: I/O operation on closed file.
Call stack:
  File "<frozen runpy>", line 198, in _run_module_as_main
  File "<frozen runpy>", line 88, in _run_code
  File "C:\Users\Nemo\AppData\Local\Programs\Python\Python311\Lib\site-packages\pytest\__main__.py", line 9, in <module>
    raise SystemExit(pytest.console_main())
  File "C:\Users\Nemo\AppData\Local\Programs\Python\Python311\Lib\site-packages\_pytest\config\__init__.py", line 223, in console_main
    code = main()
  File "C:\Users\Nemo\AppData\Local\Programs\Python\Python311\Lib\site-packages\_pytest\config\__init__.py", line 199, in main
    ret: ExitCode | int = config.hook.pytest_cmdline_main(config=config)
  File "C:\Users\Nemo\AppData\Local\Programs\Python\Python311\Lib\site-packages\pluggy\_hooks.py", line 512, in __call__
    return self._hookexec(self.name, self._hookimpls.copy(), kwargs, firstresult)
  File "C:\Users\Nemo\AppData\Local\Programs\Python\Python311\Lib\site-packages\pluggy\_manager.py", line 120, in _hookexec
    return self._inner_hookexec(hook_name, methods, kwargs, firstresult)
  File "C:\Users\Nemo\AppData\Local\Programs\Python\Python311\Lib\site-packages\pluggy\_callers.py", line 121, in _multicall
    res = hook_impl.function(*args)
  File "C:\Users\Nemo\AppData\Local\Programs\Python\Python311\Lib\site-packages\_pytest\main.py", line 365, in pytest_cmdline_main
    return wrap_session(config, _main)
  File "C:\Users\Nemo\AppData\Local\Programs\Python\Python311\Lib\site-packages\_pytest\main.py", line 353, in wrap_session
    config.hook.pytest_sessionfinish(
  File "C:\Users\Nemo\AppData\Local\Programs\Python\Python311\Lib\site-packages\pluggy\_hooks.py", line 512, in __call__
    return self._hookexec(self.name, self._hookimpls.copy(), kwargs, firstresult)
  File "C:\Users\Nemo\AppData\Local\Programs\Python\Python311\Lib\site-packages\pluggy\_manager.py", line 120, in _hookexec
    return self._inner_hookexec(hook_name, methods, kwargs, firstresult)
  File "C:\Users\Nemo\AppData\Local\Programs\Python\Python311\Lib\site-packages\pluggy\_callers.py", line 121, in _multicall
    res = hook_impl.function(*args)
  File "C:\Users\Nemo\AppData\Local\Programs\Python\Python311\Lib\site-packages\_pytest\runner.py", line 112, in pytest_sessionfinish
    session._setupstate.teardown_exact(None)
  File "C:\Users\Nemo\AppData\Local\Programs\Python\Python311\Lib\site-packages\_pytest\runner.py", line 555, in teardown_exact
    fin()
  File "C:\Users\Nemo\AppData\Local\Programs\Python\Python311\Lib\site-packages\_pytest\fixtures.py", line 1042, in finish
    fin()
  File "C:\Users\Nemo\AppData\Local\Programs\Python\Python311\Lib\site-packages\_pytest\fixtures.py", line 924, in _teardown_yield_fixture
    next(it)
  File "D:\Projet_streamlit\assistant_matanne\tests\conftest.py", line 503, in clear_cache
    _clear_all()
  File "D:\Projet_streamlit\assistant_matanne\tests\conftest.py", line 485, in _clear_all
    Cache.clear()
  File "D:\Projet_streamlit\assistant_matanne\src\core\caching\cache.py", line 153, in clear
    logger.info("Cache cleared")
Message: 'Cache cleared'
Arguments: ()
