============================= test session starts =============================
platform win32 -- Python 3.11.8, pytest-9.0.2, pluggy-1.6.0
rootdir: D:\Projet_streamlit\assistant_matanne
configfile: pytest.ini
plugins: anyio-4.12.1, asyncio-1.3.0, cov-7.0.0
asyncio: mode=Mode.STRICT, debug=False, asyncio_default_fixture_loop_scope=function, asyncio_default_test_loop_scope=function
collected 912 items

tests\modules\cuisine\services\test_batch_cooking.py ................... [  2%]
...                                                                      [  2%]
tests\modules\cuisine\test_batch_cooking_detaille_ui.py .                [  2%]
tests\modules\cuisine\test_batch_cooking_logic.py ...................... [  4%]
.....................                                                    [  7%]
tests\modules\cuisine\test_courses_logic.py ..F......................... [ 10%]
.....FF..F.FF........                                                    [ 12%]
tests\modules\cuisine\test_courses_ui.py .                               [ 12%]
tests\modules\cuisine\test_init.py .                                     [ 12%]
tests\modules\cuisine\test_inventaire_logic.py FF....................... [ 15%]
................................                                         [ 19%]
tests\modules\cuisine\test_inventaire_ui.py .                            [ 19%]
tests\modules\cuisine\test_phase2_meals.py ...............               [ 20%]
tests\modules\cuisine\test_phase2_recipes.py ...............             [ 22%]
tests\modules\cuisine\test_planificateur_repas_logic.py .F.............. [ 24%]
...........                                                              [ 25%]
tests\modules\cuisine\test_planning_logic.py FFFFFFFFFFFFFFFFFFFFFFFF    [ 28%]
tests\modules\cuisine\test_recettes_logic.py ..F.........                [ 29%]
tests\modules\cuisine\test_schemas.py ...................                [ 31%]
tests\modules\famille\test_achats_famille_ui.py .                        [ 31%]
tests\modules\famille\test_activites_logic.py .................F..F..... [ 34%]
...F...F...                                                              [ 35%]
tests\modules\famille\test_init.py .                                     [ 35%]
tests\modules\famille\test_phase2_profiles.py ..............             [ 37%]
tests\modules\famille\test_phase2_tracking.py ..............             [ 38%]
tests\modules\famille\test_routines_logic.py .F......................... [ 41%]
.....F....F...F....                                                      [ 43%]
tests\modules\jeux\test_integration.py .....                             [ 44%]
tests\modules\jeux\test_jeux_apis.py ...                                 [ 44%]
tests\modules\jeux\test_loto_logic.py .................                  [ 46%]
tests\modules\jeux\test_setup.py ......                                  [ 47%]
tests\modules\maison\services\test_inventaire.py ..                      [ 47%]
tests\modules\maison\services\test_paris_logic.py ..................     [ 49%]
tests\modules\maison\test_entretien_logic.py .F.......................F. [ 52%]
FF..                                                                     [ 52%]
tests\modules\maison\test_init.py .                                      [ 52%]
tests\modules\maison\test_jardin_logic.py F.F..........................  [ 56%]
tests\modules\maison\test_projets_logic.py F.F................F....F.... [ 59%]
.                                                                        [ 59%]
tests\modules\outils\test_accueil_logic.py ........F..................   [ 62%]
tests\modules\outils\test_barcode_logic.py ........................      [ 65%]
tests\modules\outils\test_parametres.py ..                               [ 65%]
tests\modules\outils\test_parametres_logic.py .......................... [ 68%]
.................                                                        [ 69%]
tests\modules\outils\test_rapports.py ..                                 [ 70%]
tests\modules\outils\test_rapports_logic.py ..........F....F....F....... [ 73%]
......                                                                   [ 73%]
tests\modules\planning\test_calendrier_unifie_logic.py ................. [ 75%]
....................                                                     [ 77%]
tests\modules\planning\test_phase2_events.py ........................... [ 80%]
......                                                                   [ 81%]
tests\modules\planning\test_vue_ensemble.py ..                           [ 81%]
tests\modules\planning\test_vue_ensemble_logic.py ..............FF....F. [ 84%]
.F                                                                       [ 84%]
tests\modules\planning\test_vue_semaine_logic.py ......................  [ 86%]
tests\modules\test_core_workflows.py ..............                      [ 88%]
tests\modules\test_extended_domains.py ................................. [ 91%]
.....                                                                    [ 92%]
tests\modules\test_init.py F                                             [ 92%]
tests\modules\test_modules_accueil.py ..........                         [ 93%]
tests\modules\test_modules_barcode.py ........                           [ 94%]
tests\modules\test_modules_cuisine.py ................                   [ 96%]
tests\modules\test_modules_famille.py ............                       [ 97%]
tests\modules\test_modules_logic.py s........                            [ 98%]
tests\modules\test_modules_planning.py ............                      [100%]

================================== FAILURES ===================================
_________________ TestConstantes.test_rayons_default_non_vide _________________
tests\modules\cuisine\test_courses_logic.py:124: in test_rayons_default_non_vide
    assert "Fruits & LÚgumes" in RAYONS_DEFAULT
E   AssertionError: assert 'Fruits & LÚgumes' in ['Fruits & Legumes', 'Laitier', 'Boulangerie', 'Viandes', 'Poissons', 'Surgeles', ...]
---------------------------- Captured stdout setup ----------------------------
[32mINFO[0m | src.core.cache            | Cache cleared
---------------------------- Captured stderr setup ----------------------------
2026-02-12 20:48:21.339 WARNING streamlit.runtime.scriptrunner_utils.script_run_context: Thread 'MainThread': missing ScriptRunContext! This warning can be ignored when running in bare mode.
2026-02-12 20:48:21.339 WARNING streamlit.runtime.scriptrunner_utils.script_run_context: Thread 'MainThread': missing ScriptRunContext! This warning can be ignored when running in bare mode.
2026-02-12 20:48:21.339 WARNING streamlit.runtime.scriptrunner_utils.script_run_context: Thread 'MainThread': missing ScriptRunContext! This warning can be ignored when running in bare mode.
2026-02-12 20:48:21.339 WARNING streamlit.runtime.scriptrunner_utils.script_run_context: Thread 'MainThread': missing ScriptRunContext! This warning can be ignored when running in bare mode.
2026-02-12 20:48:21.339 WARNING streamlit.runtime.scriptrunner_utils.script_run_context: Thread 'MainThread': missing ScriptRunContext! This warning can be ignored when running in bare mode.
2026-02-12 20:48:21.339 WARNING streamlit.runtime.scriptrunner_utils.script_run_context: Thread 'MainThread': missing ScriptRunContext! This warning can be ignored when running in bare mode.
2026-02-12 20:48:21.339 WARNING streamlit.runtime.scriptrunner_utils.script_run_context: Thread 'MainThread': missing ScriptRunContext! This warning can be ignored when running in bare mode.
2026-02-12 20:48:21.339 WARNING streamlit.runtime.scriptrunner_utils.script_run_context: Thread 'MainThread': missing ScriptRunContext! This warning can be ignored when running in bare mode.
2026-02-12 20:48:21.339 WARNING streamlit.runtime.scriptrunner_utils.script_run_context: Thread 'MainThread': missing ScriptRunContext! This warning can be ignored when running in bare mode.
2026-02-12 20:48:21.339 WARNING streamlit.runtime.scriptrunner_utils.script_run_context: Thread 'MainThread': missing ScriptRunContext! This warning can be ignored when running in bare mode.
2026-02-12 20:48:21.339 WARNING streamlit.runtime.scriptrunner_utils.script_run_context: Thread 'MainThread': missing ScriptRunContext! This warning can be ignored when running in bare mode.
2026-02-12 20:48:21.339 WARNING streamlit.runtime.scriptrunner_utils.script_run_context: Thread 'MainThread': missing ScriptRunContext! This warning can be ignored when running in bare mode.
----------------------------- Captured log setup ------------------------------
INFO     src.core.cache:cache.py:164 Cache cleared
-------------------------- Captured stdout teardown ---------------------------
[32mINFO[0m | src.core.cache            | Cache cleared
-------------------------- Captured stderr teardown ---------------------------
2026-02-12 20:48:21.747 WARNING streamlit.runtime.scriptrunner_utils.script_run_context: Thread 'MainThread': missing ScriptRunContext! This warning can be ignored when running in bare mode.
2026-02-12 20:48:21.747 WARNING streamlit.runtime.scriptrunner_utils.script_run_context: Thread 'MainThread': missing ScriptRunContext! This warning can be ignored when running in bare mode.
2026-02-12 20:48:21.747 WARNING streamlit.runtime.scriptrunner_utils.script_run_context: Thread 'MainThread': missing ScriptRunContext! This warning can be ignored when running in bare mode.
2026-02-12 20:48:21.747 WARNING streamlit.runtime.scriptrunner_utils.script_run_context: Thread 'MainThread': missing ScriptRunContext! This warning can be ignored when running in bare mode.
2026-02-12 20:48:21.747 WARNING streamlit.runtime.scriptrunner_utils.script_run_context: Thread 'MainThread': missing ScriptRunContext! This warning can be ignored when running in bare mode.
2026-02-12 20:48:21.747 WARNING streamlit.runtime.scriptrunner_utils.script_run_context: Thread 'MainThread': missing ScriptRunContext! This warning can be ignored when running in bare mode.
2026-02-12 20:48:21.747 WARNING streamlit.runtime.scriptrunner_utils.script_run_context: Thread 'MainThread': missing ScriptRunContext! This warning can be ignored when running in bare mode.
2026-02-12 20:48:21.747 WARNING streamlit.runtime.scriptrunner_utils.script_run_context: Thread 'MainThread': missing ScriptRunContext! This warning can be ignored when running in bare mode.
2026-02-12 20:48:21.747 WARNING streamlit.runtime.scriptrunner_utils.script_run_context: Thread 'MainThread': missing ScriptRunContext! This warning can be ignored when running in bare mode.
2026-02-12 20:48:21.747 WARNING streamlit.runtime.scriptrunner_utils.script_run_context: Thread 'MainThread': missing ScriptRunContext! This warning can be ignored when running in bare mode.
2026-02-12 20:48:21.747 WARNING streamlit.runtime.scriptrunner_utils.script_run_context: Thread 'MainThread': missing ScriptRunContext! This warning can be ignored when running in bare mode.
2026-02-12 20:48:21.747 WARNING streamlit.runtime.scriptrunner_utils.script_run_context: Thread 'MainThread': missing ScriptRunContext! This warning can be ignored when running in bare mode.
---------------------------- Captured log teardown ----------------------------
INFO     src.core.cache:cache.py:164 Cache cleared
____________ TestValidation.test_valider_article_priorite_invalide ____________
tests\modules\cuisine\test_courses_logic.py:386: in test_valider_article_priorite_invalide
    assert any("PrioritÚ invalide" in e for e in erreurs)
E   assert False
E    +  where False = any(<generator object TestValidation.test_valider_article_priorite_invalide.<locals>.<genexpr> at 0x00000217F7531F20>)
---------------------------- Captured stdout setup ----------------------------
[32mINFO[0m | src.core.cache            | Cache cleared
---------------------------- Captured stderr setup ----------------------------
2026-02-12 20:48:21.873 WARNING streamlit.runtime.scriptrunner_utils.script_run_context: Thread 'MainThread': missing ScriptRunContext! This warning can be ignored when running in bare mode.
2026-02-12 20:48:21.873 WARNING streamlit.runtime.scriptrunner_utils.script_run_context: Thread 'MainThread': missing ScriptRunContext! This warning can be ignored when running in bare mode.
2026-02-12 20:48:21.873 WARNING streamlit.runtime.scriptrunner_utils.script_run_context: Thread 'MainThread': missing ScriptRunContext! This warning can be ignored when running in bare mode.
2026-02-12 20:48:21.873 WARNING streamlit.runtime.scriptrunner_utils.script_run_context: Thread 'MainThread': missing ScriptRunContext! This warning can be ignored when running in bare mode.
2026-02-12 20:48:21.873 WARNING streamlit.runtime.scriptrunner_utils.script_run_context: Thread 'MainThread': missing ScriptRunContext! This warning can be ignored when running in bare mode.
2026-02-12 20:48:21.874 WARNING streamlit.runtime.scriptrunner_utils.script_run_context: Thread 'MainThread': missing ScriptRunContext! This warning can be ignored when running in bare mode.
2026-02-12 20:48:21.874 WARNING streamlit.runtime.scriptrunner_utils.script_run_context: Thread 'MainThread': missing ScriptRunContext! This warning can be ignored when running in bare mode.
2026-02-12 20:48:21.874 WARNING streamlit.runtime.scriptrunner_utils.script_run_context: Thread 'MainThread': missing ScriptRunContext! This warning can be ignored when running in bare mode.
2026-02-12 20:48:21.874 WARNING streamlit.runtime.scriptrunner_utils.script_run_context: Thread 'MainThread': missing ScriptRunContext! This warning can be ignored when running in bare mode.
2026-02-12 20:48:21.874 WARNING streamlit.runtime.scriptrunner_utils.script_run_context: Thread 'MainThread': missing ScriptRunContext! This warning can be ignored when running in bare mode.
2026-02-12 20:48:21.874 WARNING streamlit.runtime.scriptrunner_utils.script_run_context: Thread 'MainThread': missing ScriptRunContext! This warning can be ignored when running in bare mode.
2026-02-12 20:48:21.874 WARNING streamlit.runtime.scriptrunner_utils.script_run_context: Thread 'MainThread': missing ScriptRunContext! This warning can be ignored when running in bare mode.
----------------------------- Captured log setup ------------------------------
INFO     src.core.cache:cache.py:164 Cache cleared
-------------------------- Captured stdout teardown ---------------------------
[32mINFO[0m | src.core.cache            | Cache cleared
-------------------------- Captured stderr teardown ---------------------------
2026-02-12 20:48:21.883 WARNING streamlit.runtime.scriptrunner_utils.script_run_context: Thread 'MainThread': missing ScriptRunContext! This warning can be ignored when running in bare mode.
2026-02-12 20:48:21.883 WARNING streamlit.runtime.scriptrunner_utils.script_run_context: Thread 'MainThread': missing ScriptRunContext! This warning can be ignored when running in bare mode.
2026-02-12 20:48:21.884 WARNING streamlit.runtime.scriptrunner_utils.script_run_context: Thread 'MainThread': missing ScriptRunContext! This warning can be ignored when running in bare mode.
2026-02-12 20:48:21.884 WARNING streamlit.runtime.scriptrunner_utils.script_run_context: Thread 'MainThread': missing ScriptRunContext! This warning can be ignored when running in bare mode.
2026-02-12 20:48:21.884 WARNING streamlit.runtime.scriptrunner_utils.script_run_context: Thread 'MainThread': missing ScriptRunContext! This warning can be ignored when running in bare mode.
2026-02-12 20:48:21.884 WARNING streamlit.runtime.scriptrunner_utils.script_run_context: Thread 'MainThread': missing ScriptRunContext! This warning can be ignored when running in bare mode.
2026-02-12 20:48:21.884 WARNING streamlit.runtime.scriptrunner_utils.script_run_context: Thread 'MainThread': missing ScriptRunContext! This warning can be ignored when running in bare mode.
2026-02-12 20:48:21.884 WARNING streamlit.runtime.scriptrunner_utils.script_run_context: Thread 'MainThread': missing ScriptRunContext! This warning can be ignored when running in bare mode.
2026-02-12 20:48:21.884 WARNING streamlit.runtime.scriptrunner_utils.script_run_context: Thread 'MainThread': missing ScriptRunContext! This warning can be ignored when running in bare mode.
2026-02-12 20:48:21.884 WARNING streamlit.runtime.scriptrunner_utils.script_run_context: Thread 'MainThread': missing ScriptRunContext! This warning can be ignored when running in bare mode.
2026-02-12 20:48:21.884 WARNING streamlit.runtime.scriptrunner_utils.script_run_context: Thread 'MainThread': missing ScriptRunContext! This warning can be ignored when running in bare mode.
2026-02-12 20:48:21.884 WARNING streamlit.runtime.scriptrunner_utils.script_run_context: Thread 'MainThread': missing ScriptRunContext! This warning can be ignored when running in bare mode.
---------------------------- Captured log teardown ----------------------------
INFO     src.core.cache:cache.py:164 Cache cleared
______________ TestValidation.test_valider_article_quantite_zero ______________
tests\modules\cuisine\test_courses_logic.py:396: in test_valider_article_quantite_zero
    assert any("quantitÚ" in e.lower() for e in erreurs)
E   assert False
E    +  where False = any(<generator object TestValidation.test_valider_article_quantite_zero.<locals>.<genexpr> at 0x00000217F751A340>)
---------------------------- Captured stdout setup ----------------------------
[32mINFO[0m | src.core.cache            | Cache cleared
---------------------------- Captured stderr setup ----------------------------
2026-02-12 20:48:21.885 WARNING streamlit.runtime.scriptrunner_utils.script_run_context: Thread 'MainThread': missing ScriptRunContext! This warning can be ignored when running in bare mode.
2026-02-12 20:48:21.885 WARNING streamlit.runtime.scriptrunner_utils.script_run_context: Thread 'MainThread': missing ScriptRunContext! This warning can be ignored when running in bare mode.
2026-02-12 20:48:21.885 WARNING streamlit.runtime.scriptrunner_utils.script_run_context: Thread 'MainThread': missing ScriptRunContext! This warning can be ignored when running in bare mode.
2026-02-12 20:48:21.885 WARNING streamlit.runtime.scriptrunner_utils.script_run_context: Thread 'MainThread': missing ScriptRunContext! This warning can be ignored when running in bare mode.
2026-02-12 20:48:21.885 WARNING streamlit.runtime.scriptrunner_utils.script_run_context: Thread 'MainThread': missing ScriptRunContext! This warning can be ignored when running in bare mode.
2026-02-12 20:48:21.885 WARNING streamlit.runtime.scriptrunner_utils.script_run_context: Thread 'MainThread': missing ScriptRunContext! This warning can be ignored when running in bare mode.
2026-02-12 20:48:21.885 WARNING streamlit.runtime.scriptrunner_utils.script_run_context: Thread 'MainThread': missing ScriptRunContext! This warning can be ignored when running in bare mode.
2026-02-12 20:48:21.885 WARNING streamlit.runtime.scriptrunner_utils.script_run_context: Thread 'MainThread': missing ScriptRunContext! This warning can be ignored when running in bare mode.
2026-02-12 20:48:21.885 WARNING streamlit.runtime.scriptrunner_utils.script_run_context: Thread 'MainThread': missing ScriptRunContext! This warning can be ignored when running in bare mode.
2026-02-12 20:48:21.885 WARNING streamlit.runtime.scriptrunner_utils.script_run_context: Thread 'MainThread': missing ScriptRunContext! This warning can be ignored when running in bare mode.
2026-02-12 20:48:21.886 WARNING streamlit.runtime.scriptrunner_utils.script_run_context: Thread 'MainThread': missing ScriptRunContext! This warning can be ignored when running in bare mode.
2026-02-12 20:48:21.886 WARNING streamlit.runtime.scriptrunner_utils.script_run_context: Thread 'MainThread': missing ScriptRunContext! This warning can be ignored when running in bare mode.
----------------------------- Captured log setup ------------------------------
INFO     src.core.cache:cache.py:164 Cache cleared
-------------------------- Captured stdout teardown ---------------------------
[32mINFO[0m | src.core.cache            | Cache cleared
-------------------------- Captured stderr teardown ---------------------------
2026-02-12 20:48:21.896 WARNING streamlit.runtime.scriptrunner_utils.script_run_context: Thread 'MainThread': missing ScriptRunContext! This warning can be ignored when running in bare mode.
2026-02-12 20:48:21.896 WARNING streamlit.runtime.scriptrunner_utils.script_run_context: Thread 'MainThread': missing ScriptRunContext! This warning can be ignored when running in bare mode.
2026-02-12 20:48:21.896 WARNING streamlit.runtime.scriptrunner_utils.script_run_context: Thread 'MainThread': missing ScriptRunContext! This warning can be ignored when running in bare mode.
2026-02-12 20:48:21.896 WARNING streamlit.runtime.scriptrunner_utils.script_run_context: Thread 'MainThread': missing ScriptRunContext! This warning can be ignored when running in bare mode.
2026-02-12 20:48:21.896 WARNING streamlit.runtime.scriptrunner_utils.script_run_context: Thread 'MainThread': missing ScriptRunContext! This warning can be ignored when running in bare mode.
2026-02-12 20:48:21.896 WARNING streamlit.runtime.scriptrunner_utils.script_run_context: Thread 'MainThread': missing ScriptRunContext! This warning can be ignored when running in bare mode.
2026-02-12 20:48:21.896 WARNING streamlit.runtime.scriptrunner_utils.script_run_context: Thread 'MainThread': missing ScriptRunContext! This warning can be ignored when running in bare mode.
2026-02-12 20:48:21.896 WARNING streamlit.runtime.scriptrunner_utils.script_run_context: Thread 'MainThread': missing ScriptRunContext! This warning can be ignored when running in bare mode.
2026-02-12 20:48:21.896 WARNING streamlit.runtime.scriptrunner_utils.script_run_context: Thread 'MainThread': missing ScriptRunContext! This warning can be ignored when running in bare mode.
2026-02-12 20:48:21.897 WARNING streamlit.runtime.scriptrunner_utils.script_run_context: Thread 'MainThread': missing ScriptRunContext! This warning can be ignored when running in bare mode.
2026-02-12 20:48:21.897 WARNING streamlit.runtime.scriptrunner_utils.script_run_context: Thread 'MainThread': missing ScriptRunContext! This warning can be ignored when running in bare mode.
2026-02-12 20:48:21.897 WARNING streamlit.runtime.scriptrunner_utils.script_run_context: Thread 'MainThread': missing ScriptRunContext! This warning can be ignored when running in bare mode.
---------------------------- Captured log teardown ----------------------------
INFO     src.core.cache:cache.py:164 Cache cleared
______________ TestFormatage.test_formater_article_label_simple _______________
tests\modules\cuisine\test_courses_logic.py:441: in test_formater_article_label_simple
    assert "­ƒö┤" in label
E   AssertionError: assert '\xf0\u0178\u201d\xb4' in '\U0001f534 Tomates (4 kg)'
---------------------------- Captured stdout setup ----------------------------
[32mINFO[0m | src.core.cache            | Cache cleared
---------------------------- Captured stderr setup ----------------------------
2026-02-12 20:48:21.907 WARNING streamlit.runtime.scriptrunner_utils.script_run_context: Thread 'MainThread': missing ScriptRunContext! This warning can be ignored when running in bare mode.
2026-02-12 20:48:21.907 WARNING streamlit.runtime.scriptrunner_utils.script_run_context: Thread 'MainThread': missing ScriptRunContext! This warning can be ignored when running in bare mode.
2026-02-12 20:48:21.907 WARNING streamlit.runtime.scriptrunner_utils.script_run_context: Thread 'MainThread': missing ScriptRunContext! This warning can be ignored when running in bare mode.
2026-02-12 20:48:21.907 WARNING streamlit.runtime.scriptrunner_utils.script_run_context: Thread 'MainThread': missing ScriptRunContext! This warning can be ignored when running in bare mode.
2026-02-12 20:48:21.907 WARNING streamlit.runtime.scriptrunner_utils.script_run_context: Thread 'MainThread': missing ScriptRunContext! This warning can be ignored when running in bare mode.
2026-02-12 20:48:21.907 WARNING streamlit.runtime.scriptrunner_utils.script_run_context: Thread 'MainThread': missing ScriptRunContext! This warning can be ignored when running in bare mode.
2026-02-12 20:48:21.907 WARNING streamlit.runtime.scriptrunner_utils.script_run_context: Thread 'MainThread': missing ScriptRunContext! This warning can be ignored when running in bare mode.
2026-02-12 20:48:21.907 WARNING streamlit.runtime.scriptrunner_utils.script_run_context: Thread 'MainThread': missing ScriptRunContext! This warning can be ignored when running in bare mode.
2026-02-12 20:48:21.907 WARNING streamlit.runtime.scriptrunner_utils.script_run_context: Thread 'MainThread': missing ScriptRunContext! This warning can be ignored when running in bare mode.
2026-02-12 20:48:21.907 WARNING streamlit.runtime.scriptrunner_utils.script_run_context: Thread 'MainThread': missing ScriptRunContext! This warning can be ignored when running in bare mode.
2026-02-12 20:48:21.907 WARNING streamlit.runtime.scriptrunner_utils.script_run_context: Thread 'MainThread': missing ScriptRunContext! This warning can be ignored when running in bare mode.
2026-02-12 20:48:21.907 WARNING streamlit.runtime.scriptrunner_utils.script_run_context: Thread 'MainThread': missing ScriptRunContext! This warning can be ignored when running in bare mode.
----------------------------- Captured log setup ------------------------------
INFO     src.core.cache:cache.py:164 Cache cleared
-------------------------- Captured stdout teardown ---------------------------
[32mINFO[0m | src.core.cache            | Cache cleared
-------------------------- Captured stderr teardown ---------------------------
2026-02-12 20:48:21.917 WARNING streamlit.runtime.scriptrunner_utils.script_run_context: Thread 'MainThread': missing ScriptRunContext! This warning can be ignored when running in bare mode.
2026-02-12 20:48:21.917 WARNING streamlit.runtime.scriptrunner_utils.script_run_context: Thread 'MainThread': missing ScriptRunContext! This warning can be ignored when running in bare mode.
2026-02-12 20:48:21.917 WARNING streamlit.runtime.scriptrunner_utils.script_run_context: Thread 'MainThread': missing ScriptRunContext! This warning can be ignored when running in bare mode.
2026-02-12 20:48:21.917 WARNING streamlit.runtime.scriptrunner_utils.script_run_context: Thread 'MainThread': missing ScriptRunContext! This warning can be ignored when running in bare mode.
2026-02-12 20:48:21.917 WARNING streamlit.runtime.scriptrunner_utils.script_run_context: Thread 'MainThread': missing ScriptRunContext! This warning can be ignored when running in bare mode.
2026-02-12 20:48:21.917 WARNING streamlit.runtime.scriptrunner_utils.script_run_context: Thread 'MainThread': missing ScriptRunContext! This warning can be ignored when running in bare mode.
2026-02-12 20:48:21.917 WARNING streamlit.runtime.scriptrunner_utils.script_run_context: Thread 'MainThread': missing ScriptRunContext! This warning can be ignored when running in bare mode.
2026-02-12 20:48:21.917 WARNING streamlit.runtime.scriptrunner_utils.script_run_context: Thread 'MainThread': missing ScriptRunContext! This warning can be ignored when running in bare mode.
2026-02-12 20:48:21.917 WARNING streamlit.runtime.scriptrunner_utils.script_run_context: Thread 'MainThread': missing ScriptRunContext! This warning can be ignored when running in bare mode.
2026-02-12 20:48:21.917 WARNING streamlit.runtime.scriptrunner_utils.script_run_context: Thread 'MainThread': missing ScriptRunContext! This warning can be ignored when running in bare mode.
2026-02-12 20:48:21.917 WARNING streamlit.runtime.scriptrunner_utils.script_run_context: Thread 'MainThread': missing ScriptRunContext! This warning can be ignored when running in bare mode.
2026-02-12 20:48:21.917 WARNING streamlit.runtime.scriptrunner_utils.script_run_context: Thread 'MainThread': missing ScriptRunContext! This warning can be ignored when running in bare mode.
---------------------------- Captured log teardown ----------------------------
INFO     src.core.cache:cache.py:164 Cache cleared
___________ TestFormatage.test_formater_article_label_suggestion_ia ___________
tests\modules\cuisine\test_courses_logic.py:468: in test_formater_article_label_suggestion_ia
    assert "­ƒƒó" in label
E   AssertionError: assert '\xf0\u0178\u0178\xa2' in '\U0001f7e2 Tomates (4 kg) [SPARKLE]'
---------------------------- Captured stdout setup ----------------------------
[32mINFO[0m | src.core.cache            | Cache cleared
---------------------------- Captured stderr setup ----------------------------
2026-02-12 20:48:21.923 WARNING streamlit.runtime.scriptrunner_utils.script_run_context: Thread 'MainThread': missing ScriptRunContext! This warning can be ignored when running in bare mode.
2026-02-12 20:48:21.923 WARNING streamlit.runtime.scriptrunner_utils.script_run_context: Thread 'MainThread': missing ScriptRunContext! This warning can be ignored when running in bare mode.
2026-02-12 20:48:21.923 WARNING streamlit.runtime.scriptrunner_utils.script_run_context: Thread 'MainThread': missing ScriptRunContext! This warning can be ignored when running in bare mode.
2026-02-12 20:48:21.923 WARNING streamlit.runtime.scriptrunner_utils.script_run_context: Thread 'MainThread': missing ScriptRunContext! This warning can be ignored when running in bare mode.
2026-02-12 20:48:21.923 WARNING streamlit.runtime.scriptrunner_utils.script_run_context: Thread 'MainThread': missing ScriptRunContext! This warning can be ignored when running in bare mode.
2026-02-12 20:48:21.923 WARNING streamlit.runtime.scriptrunner_utils.script_run_context: Thread 'MainThread': missing ScriptRunContext! This warning can be ignored when running in bare mode.
2026-02-12 20:48:21.923 WARNING streamlit.runtime.scriptrunner_utils.script_run_context: Thread 'MainThread': missing ScriptRunContext! This warning can be ignored when running in bare mode.
2026-02-12 20:48:21.923 WARNING streamlit.runtime.scriptrunner_utils.script_run_context: Thread 'MainThread': missing ScriptRunContext! This warning can be ignored when running in bare mode.
2026-02-12 20:48:21.923 WARNING streamlit.runtime.scriptrunner_utils.script_run_context: Thread 'MainThread': missing ScriptRunContext! This warning can be ignored when running in bare mode.
2026-02-12 20:48:21.923 WARNING streamlit.runtime.scriptrunner_utils.script_run_context: Thread 'MainThread': missing ScriptRunContext! This warning can be ignored when running in bare mode.
2026-02-12 20:48:21.923 WARNING streamlit.runtime.scriptrunner_utils.script_run_context: Thread 'MainThread': missing ScriptRunContext! This warning can be ignored when running in bare mode.
2026-02-12 20:48:21.923 WARNING streamlit.runtime.scriptrunner_utils.script_run_context: Thread 'MainThread': missing ScriptRunContext! This warning can be ignored when running in bare mode.
----------------------------- Captured log setup ------------------------------
INFO     src.core.cache:cache.py:164 Cache cleared
-------------------------- Captured stdout teardown ---------------------------
[32mINFO[0m | src.core.cache            | Cache cleared
-------------------------- Captured stderr teardown ---------------------------
2026-02-12 20:48:21.932 WARNING streamlit.runtime.scriptrunner_utils.script_run_context: Thread 'MainThread': missing ScriptRunContext! This warning can be ignored when running in bare mode.
2026-02-12 20:48:21.932 WARNING streamlit.runtime.scriptrunner_utils.script_run_context: Thread 'MainThread': missing ScriptRunContext! This warning can be ignored when running in bare mode.
2026-02-12 20:48:21.933 WARNING streamlit.runtime.scriptrunner_utils.script_run_context: Thread 'MainThread': missing ScriptRunContext! This warning can be ignored when running in bare mode.
2026-02-12 20:48:21.933 WARNING streamlit.runtime.scriptrunner_utils.script_run_context: Thread 'MainThread': missing ScriptRunContext! This warning can be ignored when running in bare mode.
2026-02-12 20:48:21.933 WARNING streamlit.runtime.scriptrunner_utils.script_run_context: Thread 'MainThread': missing ScriptRunContext! This warning can be ignored when running in bare mode.
2026-02-12 20:48:21.933 WARNING streamlit.runtime.scriptrunner_utils.script_run_context: Thread 'MainThread': missing ScriptRunContext! This warning can be ignored when running in bare mode.
2026-02-12 20:48:21.933 WARNING streamlit.runtime.scriptrunner_utils.script_run_context: Thread 'MainThread': missing ScriptRunContext! This warning can be ignored when running in bare mode.
2026-02-12 20:48:21.933 WARNING streamlit.runtime.scriptrunner_utils.script_run_context: Thread 'MainThread': missing ScriptRunContext! This warning can be ignored when running in bare mode.
2026-02-12 20:48:21.933 WARNING streamlit.runtime.scriptrunner_utils.script_run_context: Thread 'MainThread': missing ScriptRunContext! This warning can be ignored when running in bare mode.
2026-02-12 20:48:21.933 WARNING streamlit.runtime.scriptrunner_utils.script_run_context: Thread 'MainThread': missing ScriptRunContext! This warning can be ignored when running in bare mode.
2026-02-12 20:48:21.933 WARNING streamlit.runtime.scriptrunner_utils.script_run_context: Thread 'MainThread': missing ScriptRunContext! This warning can be ignored when running in bare mode.
2026-02-12 20:48:21.933 WARNING streamlit.runtime.scriptrunner_utils.script_run_context: Thread 'MainThread': missing ScriptRunContext! This warning can be ignored when running in bare mode.
---------------------------- Captured log teardown ----------------------------
INFO     src.core.cache:cache.py:164 Cache cleared
________________ TestFormatage.test_formater_liste_impression _________________
tests\modules\cuisine\test_courses_logic.py:478: in test_formater_liste_impression
    assert "FRUITS & L├ëGUMES" in texte
E   AssertionError: assert 'FRUITS & L\xc3\u2030GUMES' in '========================================\\nLISTE DE COURSES\\n========================================\\n\\n\\n[PKG] BOULA... Lait - 1 \\n  \U0001f7e1 [ ] Yaourt - 1 \\n\\n========================================\\nTotal: 5 articles\\nDate: 12/02/2026 20:48'
---------------------------- Captured stdout setup ----------------------------
[32mINFO[0m | src.core.cache            | Cache cleared
---------------------------- Captured stderr setup ----------------------------
2026-02-12 20:48:21.934 WARNING streamlit.runtime.scriptrunner_utils.script_run_context: Thread 'MainThread': missing ScriptRunContext! This warning can be ignored when running in bare mode.
2026-02-12 20:48:21.934 WARNING streamlit.runtime.scriptrunner_utils.script_run_context: Thread 'MainThread': missing ScriptRunContext! This warning can be ignored when running in bare mode.
2026-02-12 20:48:21.934 WARNING streamlit.runtime.scriptrunner_utils.script_run_context: Thread 'MainThread': missing ScriptRunContext! This warning can be ignored when running in bare mode.
2026-02-12 20:48:21.934 WARNING streamlit.runtime.scriptrunner_utils.script_run_context: Thread 'MainThread': missing ScriptRunContext! This warning can be ignored when running in bare mode.
2026-02-12 20:48:21.934 WARNING streamlit.runtime.scriptrunner_utils.script_run_context: Thread 'MainThread': missing ScriptRunContext! This warning can be ignored when running in bare mode.
2026-02-12 20:48:21.934 WARNING streamlit.runtime.scriptrunner_utils.script_run_context: Thread 'MainThread': missing ScriptRunContext! This warning can be ignored when running in bare mode.
2026-02-12 20:48:21.934 WARNING streamlit.runtime.scriptrunner_utils.script_run_context: Thread 'MainThread': missing ScriptRunContext! This warning can be ignored when running in bare mode.
2026-02-12 20:48:21.934 WARNING streamlit.runtime.scriptrunner_utils.script_run_context: Thread 'MainThread': missing ScriptRunContext! This warning can be ignored when running in bare mode.
2026-02-12 20:48:21.934 WARNING streamlit.runtime.scriptrunner_utils.script_run_context: Thread 'MainThread': missing ScriptRunContext! This warning can be ignored when running in bare mode.
2026-02-12 20:48:21.934 WARNING streamlit.runtime.scriptrunner_utils.script_run_context: Thread 'MainThread': missing ScriptRunContext! This warning can be ignored when running in bare mode.
2026-02-12 20:48:21.934 WARNING streamlit.runtime.scriptrunner_utils.script_run_context: Thread 'MainThread': missing ScriptRunContext! This warning can be ignored when running in bare mode.
2026-02-12 20:48:21.934 WARNING streamlit.runtime.scriptrunner_utils.script_run_context: Thread 'MainThread': missing ScriptRunContext! This warning can be ignored when running in bare mode.
----------------------------- Captured log setup ------------------------------
INFO     src.core.cache:cache.py:164 Cache cleared
-------------------------- Captured stdout teardown ---------------------------
[32mINFO[0m | src.core.cache            | Cache cleared
-------------------------- Captured stderr teardown ---------------------------
2026-02-12 20:48:21.945 WARNING streamlit.runtime.scriptrunner_utils.script_run_context: Thread 'MainThread': missing ScriptRunContext! This warning can be ignored when running in bare mode.
2026-02-12 20:48:21.945 WARNING streamlit.runtime.scriptrunner_utils.script_run_context: Thread 'MainThread': missing ScriptRunContext! This warning can be ignored when running in bare mode.
2026-02-12 20:48:21.945 WARNING streamlit.runtime.scriptrunner_utils.script_run_context: Thread 'MainThread': missing ScriptRunContext! This warning can be ignored when running in bare mode.
2026-02-12 20:48:21.945 WARNING streamlit.runtime.scriptrunner_utils.script_run_context: Thread 'MainThread': missing ScriptRunContext! This warning can be ignored when running in bare mode.
2026-02-12 20:48:21.945 WARNING streamlit.runtime.scriptrunner_utils.script_run_context: Thread 'MainThread': missing ScriptRunContext! This warning can be ignored when running in bare mode.
2026-02-12 20:48:21.945 WARNING streamlit.runtime.scriptrunner_utils.script_run_context: Thread 'MainThread': missing ScriptRunContext! This warning can be ignored when running in bare mode.
2026-02-12 20:48:21.945 WARNING streamlit.runtime.scriptrunner_utils.script_run_context: Thread 'MainThread': missing ScriptRunContext! This warning can be ignored when running in bare mode.
2026-02-12 20:48:21.945 WARNING streamlit.runtime.scriptrunner_utils.script_run_context: Thread 'MainThread': missing ScriptRunContext! This warning can be ignored when running in bare mode.
2026-02-12 20:48:21.945 WARNING streamlit.runtime.scriptrunner_utils.script_run_context: Thread 'MainThread': missing ScriptRunContext! This warning can be ignored when running in bare mode.
2026-02-12 20:48:21.945 WARNING streamlit.runtime.scriptrunner_utils.script_run_context: Thread 'MainThread': missing ScriptRunContext! This warning can be ignored when running in bare mode.
2026-02-12 20:48:21.945 WARNING streamlit.runtime.scriptrunner_utils.script_run_context: Thread 'MainThread': missing ScriptRunContext! This warning can be ignored when running in bare mode.
2026-02-12 20:48:21.946 WARNING streamlit.runtime.scriptrunner_utils.script_run_context: Thread 'MainThread': missing ScriptRunContext! This warning can be ignored when running in bare mode.
---------------------------- Captured log teardown ----------------------------
INFO     src.core.cache:cache.py:164 Cache cleared
__________________ TestConstantes.test_emplacements_non_vide __________________
tests\modules\cuisine\test_inventaire_logic.py:36: in test_emplacements_non_vide
    assert "RÚfrigÚrateur" in EMPLACEMENTS
E   AssertionError: assert 'RÚfrigÚrateur' in ['Refrigerateur', 'Congelateur', 'Garde-manger', 'Placard cuisine', 'Cave', 'Autre']
---------------------------- Captured stdout setup ----------------------------
[32mINFO[0m | src.core.cache            | Cache cleared
---------------------------- Captured stderr setup ----------------------------
2026-02-12 20:48:21.989 WARNING streamlit.runtime.scriptrunner_utils.script_run_context: Thread 'MainThread': missing ScriptRunContext! This warning can be ignored when running in bare mode.
2026-02-12 20:48:21.989 WARNING streamlit.runtime.scriptrunner_utils.script_run_context: Thread 'MainThread': missing ScriptRunContext! This warning can be ignored when running in bare mode.
2026-02-12 20:48:21.989 WARNING streamlit.runtime.scriptrunner_utils.script_run_context: Thread 'MainThread': missing ScriptRunContext! This warning can be ignored when running in bare mode.
2026-02-12 20:48:21.989 WARNING streamlit.runtime.scriptrunner_utils.script_run_context: Thread 'MainThread': missing ScriptRunContext! This warning can be ignored when running in bare mode.
2026-02-12 20:48:21.989 WARNING streamlit.runtime.scriptrunner_utils.script_run_context: Thread 'MainThread': missing ScriptRunContext! This warning can be ignored when running in bare mode.
2026-02-12 20:48:21.989 WARNING streamlit.runtime.scriptrunner_utils.script_run_context: Thread 'MainThread': missing ScriptRunContext! This warning can be ignored when running in bare mode.
2026-02-12 20:48:21.989 WARNING streamlit.runtime.scriptrunner_utils.script_run_context: Thread 'MainThread': missing ScriptRunContext! This warning can be ignored when running in bare mode.
2026-02-12 20:48:21.989 WARNING streamlit.runtime.scriptrunner_utils.script_run_context: Thread 'MainThread': missing ScriptRunContext! This warning can be ignored when running in bare mode.
2026-02-12 20:48:21.989 WARNING streamlit.runtime.scriptrunner_utils.script_run_context: Thread 'MainThread': missing ScriptRunContext! This warning can be ignored when running in bare mode.
2026-02-12 20:48:21.989 WARNING streamlit.runtime.scriptrunner_utils.script_run_context: Thread 'MainThread': missing ScriptRunContext! This warning can be ignored when running in bare mode.
2026-02-12 20:48:21.989 WARNING streamlit.runtime.scriptrunner_utils.script_run_context: Thread 'MainThread': missing ScriptRunContext! This warning can be ignored when running in bare mode.
2026-02-12 20:48:21.989 WARNING streamlit.runtime.scriptrunner_utils.script_run_context: Thread 'MainThread': missing ScriptRunContext! This warning can be ignored when running in bare mode.
----------------------------- Captured log setup ------------------------------
INFO     src.core.cache:cache.py:164 Cache cleared
-------------------------- Captured stdout teardown ---------------------------
[32mINFO[0m | src.core.cache            | Cache cleared
-------------------------- Captured stderr teardown ---------------------------
2026-02-12 20:48:21.999 WARNING streamlit.runtime.scriptrunner_utils.script_run_context: Thread 'MainThread': missing ScriptRunContext! This warning can be ignored when running in bare mode.
2026-02-12 20:48:21.999 WARNING streamlit.runtime.scriptrunner_utils.script_run_context: Thread 'MainThread': missing ScriptRunContext! This warning can be ignored when running in bare mode.
2026-02-12 20:48:21.999 WARNING streamlit.runtime.scriptrunner_utils.script_run_context: Thread 'MainThread': missing ScriptRunContext! This warning can be ignored when running in bare mode.
2026-02-12 20:48:21.999 WARNING streamlit.runtime.scriptrunner_utils.script_run_context: Thread 'MainThread': missing ScriptRunContext! This warning can be ignored when running in bare mode.
2026-02-12 20:48:21.999 WARNING streamlit.runtime.scriptrunner_utils.script_run_context: Thread 'MainThread': missing ScriptRunContext! This warning can be ignored when running in bare mode.
2026-02-12 20:48:21.999 WARNING streamlit.runtime.scriptrunner_utils.script_run_context: Thread 'MainThread': missing ScriptRunContext! This warning can be ignored when running in bare mode.
2026-02-12 20:48:21.999 WARNING streamlit.runtime.scriptrunner_utils.script_run_context: Thread 'MainThread': missing ScriptRunContext! This warning can be ignored when running in bare mode.
2026-02-12 20:48:21.999 WARNING streamlit.runtime.scriptrunner_utils.script_run_context: Thread 'MainThread': missing ScriptRunContext! This warning can be ignored when running in bare mode.
2026-02-12 20:48:21.999 WARNING streamlit.runtime.scriptrunner_utils.script_run_context: Thread 'MainThread': missing ScriptRunContext! This warning can be ignored when running in bare mode.
2026-02-12 20:48:21.999 WARNING streamlit.runtime.scriptrunner_utils.script_run_context: Thread 'MainThread': missing ScriptRunContext! This warning can be ignored when running in bare mode.
2026-02-12 20:48:21.999 WARNING streamlit.runtime.scriptrunner_utils.script_run_context: Thread 'MainThread': missing ScriptRunContext! This warning can be ignored when running in bare mode.
2026-02-12 20:48:22.000 WARNING streamlit.runtime.scriptrunner_utils.script_run_context: Thread 'MainThread': missing ScriptRunContext! This warning can be ignored when running in bare mode.
---------------------------- Captured log teardown ----------------------------
INFO     src.core.cache:cache.py:164 Cache cleared
___________________ TestConstantes.test_categories_non_vide ___________________
tests\modules\cuisine\test_inventaire_logic.py:42: in test_categories_non_vide
    assert "Fruits & LÚgumes" in CATEGORIES
E   AssertionError: assert 'Fruits & LÚgumes' in ['Fruits & Legumes', 'Viandes & Poissons', 'Produits laitiers', '╔picerie', 'Surgeles', 'Boissons', ...]
---------------------------- Captured stdout setup ----------------------------
[32mINFO[0m | src.core.cache            | Cache cleared
---------------------------- Captured stderr setup ----------------------------
2026-02-12 20:48:22.000 WARNING streamlit.runtime.scriptrunner_utils.script_run_context: Thread 'MainThread': missing ScriptRunContext! This warning can be ignored when running in bare mode.
2026-02-12 20:48:22.001 WARNING streamlit.runtime.scriptrunner_utils.script_run_context: Thread 'MainThread': missing ScriptRunContext! This warning can be ignored when running in bare mode.
2026-02-12 20:48:22.001 WARNING streamlit.runtime.scriptrunner_utils.script_run_context: Thread 'MainThread': missing ScriptRunContext! This warning can be ignored when running in bare mode.
2026-02-12 20:48:22.001 WARNING streamlit.runtime.scriptrunner_utils.script_run_context: Thread 'MainThread': missing ScriptRunContext! This warning can be ignored when running in bare mode.
2026-02-12 20:48:22.001 WARNING streamlit.runtime.scriptrunner_utils.script_run_context: Thread 'MainThread': missing ScriptRunContext! This warning can be ignored when running in bare mode.
2026-02-12 20:48:22.001 WARNING streamlit.runtime.scriptrunner_utils.script_run_context: Thread 'MainThread': missing ScriptRunContext! This warning can be ignored when running in bare mode.
2026-02-12 20:48:22.001 WARNING streamlit.runtime.scriptrunner_utils.script_run_context: Thread 'MainThread': missing ScriptRunContext! This warning can be ignored when running in bare mode.
2026-02-12 20:48:22.001 WARNING streamlit.runtime.scriptrunner_utils.script_run_context: Thread 'MainThread': missing ScriptRunContext! This warning can be ignored when running in bare mode.
2026-02-12 20:48:22.001 WARNING streamlit.runtime.scriptrunner_utils.script_run_context: Thread 'MainThread': missing ScriptRunContext! This warning can be ignored when running in bare mode.
2026-02-12 20:48:22.001 WARNING streamlit.runtime.scriptrunner_utils.script_run_context: Thread 'MainThread': missing ScriptRunContext! This warning can be ignored when running in bare mode.
2026-02-12 20:48:22.001 WARNING streamlit.runtime.scriptrunner_utils.script_run_context: Thread 'MainThread': missing ScriptRunContext! This warning can be ignored when running in bare mode.
2026-02-12 20:48:22.001 WARNING streamlit.runtime.scriptrunner_utils.script_run_context: Thread 'MainThread': missing ScriptRunContext! This warning can be ignored when running in bare mode.
----------------------------- Captured log setup ------------------------------
INFO     src.core.cache:cache.py:164 Cache cleared
-------------------------- Captured stdout teardown ---------------------------
[32mINFO[0m | src.core.cache            | Cache cleared
-------------------------- Captured stderr teardown ---------------------------
2026-02-12 20:48:22.011 WARNING streamlit.runtime.scriptrunner_utils.script_run_context: Thread 'MainThread': missing ScriptRunContext! This warning can be ignored when running in bare mode.
2026-02-12 20:48:22.011 WARNING streamlit.runtime.scriptrunner_utils.script_run_context: Thread 'MainThread': missing ScriptRunContext! This warning can be ignored when running in bare mode.
2026-02-12 20:48:22.011 WARNING streamlit.runtime.scriptrunner_utils.script_run_context: Thread 'MainThread': missing ScriptRunContext! This warning can be ignored when running in bare mode.
2026-02-12 20:48:22.011 WARNING streamlit.runtime.scriptrunner_utils.script_run_context: Thread 'MainThread': missing ScriptRunContext! This warning can be ignored when running in bare mode.
2026-02-12 20:48:22.012 WARNING streamlit.runtime.scriptrunner_utils.script_run_context: Thread 'MainThread': missing ScriptRunContext! This warning can be ignored when running in bare mode.
2026-02-12 20:48:22.012 WARNING streamlit.runtime.scriptrunner_utils.script_run_context: Thread 'MainThread': missing ScriptRunContext! This warning can be ignored when running in bare mode.
2026-02-12 20:48:22.012 WARNING streamlit.runtime.scriptrunner_utils.script_run_context: Thread 'MainThread': missing ScriptRunContext! This warning can be ignored when running in bare mode.
2026-02-12 20:48:22.012 WARNING streamlit.runtime.scriptrunner_utils.script_run_context: Thread 'MainThread': missing ScriptRunContext! This warning can be ignored when running in bare mode.
2026-02-12 20:48:22.012 WARNING streamlit.runtime.scriptrunner_utils.script_run_context: Thread 'MainThread': missing ScriptRunContext! This warning can be ignored when running in bare mode.
2026-02-12 20:48:22.012 WARNING streamlit.runtime.scriptrunner_utils.script_run_context: Thread 'MainThread': missing ScriptRunContext! This warning can be ignored when running in bare mode.
2026-02-12 20:48:22.012 WARNING streamlit.runtime.scriptrunner_utils.script_run_context: Thread 'MainThread': missing ScriptRunContext! This warning can be ignored when running in bare mode.
2026-02-12 20:48:22.012 WARNING streamlit.runtime.scriptrunner_utils.script_run_context: Thread 'MainThread': missing ScriptRunContext! This warning can be ignored when running in bare mode.
---------------------------- Captured log teardown ----------------------------
INFO     src.core.cache:cache.py:164 Cache cleared
_______________________ TestConstantes.test_types_repas _______________________
tests\modules\cuisine\test_planificateur_repas_logic.py:42: in test_types_repas
    assert "dÚjeuner" in TYPES_REPAS
E   AssertionError: assert 'dÚjeuner' in ['dejeuner', 'd¯ner', 'go¹ter']
---------------------------- Captured stdout setup ----------------------------
[32mINFO[0m | src.core.cache            | Cache cleared
---------------------------- Captured stderr setup ----------------------------
2026-02-12 20:48:22.373 WARNING streamlit.runtime.scriptrunner_utils.script_run_context: Thread 'MainThread': missing ScriptRunContext! This warning can be ignored when running in bare mode.
2026-02-12 20:48:22.373 WARNING streamlit.runtime.scriptrunner_utils.script_run_context: Thread 'MainThread': missing ScriptRunContext! This warning can be ignored when running in bare mode.
2026-02-12 20:48:22.374 WARNING streamlit.runtime.scriptrunner_utils.script_run_context: Thread 'MainThread': missing ScriptRunContext! This warning can be ignored when running in bare mode.
2026-02-12 20:48:22.374 WARNING streamlit.runtime.scriptrunner_utils.script_run_context: Thread 'MainThread': missing ScriptRunContext! This warning can be ignored when running in bare mode.
2026-02-12 20:48:22.374 WARNING streamlit.runtime.scriptrunner_utils.script_run_context: Thread 'MainThread': missing ScriptRunContext! This warning can be ignored when running in bare mode.
2026-02-12 20:48:22.374 WARNING streamlit.runtime.scriptrunner_utils.script_run_context: Thread 'MainThread': missing ScriptRunContext! This warning can be ignored when running in bare mode.
2026-02-12 20:48:22.374 WARNING streamlit.runtime.scriptrunner_utils.script_run_context: Thread 'MainThread': missing ScriptRunContext! This warning can be ignored when running in bare mode.
2026-02-12 20:48:22.374 WARNING streamlit.runtime.scriptrunner_utils.script_run_context: Thread 'MainThread': missing ScriptRunContext! This warning can be ignored when running in bare mode.
2026-02-12 20:48:22.374 WARNING streamlit.runtime.scriptrunner_utils.script_run_context: Thread 'MainThread': missing ScriptRunContext! This warning can be ignored when running in bare mode.
2026-02-12 20:48:22.374 WARNING streamlit.runtime.scriptrunner_utils.script_run_context: Thread 'MainThread': missing ScriptRunContext! This warning can be ignored when running in bare mode.
2026-02-12 20:48:22.374 WARNING streamlit.runtime.scriptrunner_utils.script_run_context: Thread 'MainThread': missing ScriptRunContext! This warning can be ignored when running in bare mode.
2026-02-12 20:48:22.374 WARNING streamlit.runtime.scriptrunner_utils.script_run_context: Thread 'MainThread': missing ScriptRunContext! This warning can be ignored when running in bare mode.
----------------------------- Captured log setup ------------------------------
INFO     src.core.cache:cache.py:164 Cache cleared
-------------------------- Captured stdout teardown ---------------------------
[32mINFO[0m | src.core.cache            | Cache cleared
-------------------------- Captured stderr teardown ---------------------------
2026-02-12 20:48:22.383 WARNING streamlit.runtime.scriptrunner_utils.script_run_context: Thread 'MainThread': missing ScriptRunContext! This warning can be ignored when running in bare mode.
2026-02-12 20:48:22.383 WARNING streamlit.runtime.scriptrunner_utils.script_run_context: Thread 'MainThread': missing ScriptRunContext! This warning can be ignored when running in bare mode.
2026-02-12 20:48:22.383 WARNING streamlit.runtime.scriptrunner_utils.script_run_context: Thread 'MainThread': missing ScriptRunContext! This warning can be ignored when running in bare mode.
2026-02-12 20:48:22.383 WARNING streamlit.runtime.scriptrunner_utils.script_run_context: Thread 'MainThread': missing ScriptRunContext! This warning can be ignored when running in bare mode.
2026-02-12 20:48:22.383 WARNING streamlit.runtime.scriptrunner_utils.script_run_context: Thread 'MainThread': missing ScriptRunContext! This warning can be ignored when running in bare mode.
2026-02-12 20:48:22.383 WARNING streamlit.runtime.scriptrunner_utils.script_run_context: Thread 'MainThread': missing ScriptRunContext! This warning can be ignored when running in bare mode.
2026-02-12 20:48:22.383 WARNING streamlit.runtime.scriptrunner_utils.script_run_context: Thread 'MainThread': missing ScriptRunContext! This warning can be ignored when running in bare mode.
2026-02-12 20:48:22.383 WARNING streamlit.runtime.scriptrunner_utils.script_run_context: Thread 'MainThread': missing ScriptRunContext! This warning can be ignored when running in bare mode.
2026-02-12 20:48:22.383 WARNING streamlit.runtime.scriptrunner_utils.script_run_context: Thread 'MainThread': missing ScriptRunContext! This warning can be ignored when running in bare mode.
2026-02-12 20:48:22.383 WARNING streamlit.runtime.scriptrunner_utils.script_run_context: Thread 'MainThread': missing ScriptRunContext! This warning can be ignored when running in bare mode.
2026-02-12 20:48:22.383 WARNING streamlit.runtime.scriptrunner_utils.script_run_context: Thread 'MainThread': missing ScriptRunContext! This warning can be ignored when running in bare mode.
2026-02-12 20:48:22.383 WARNING streamlit.runtime.scriptrunner_utils.script_run_context: Thread 'MainThread': missing ScriptRunContext! This warning can be ignored when running in bare mode.
---------------------------- Captured log teardown ----------------------------
INFO     src.core.cache:cache.py:164 Cache cleared
________________ TestGetDebutSemaine.test_debut_semaine_lundi _________________
tests\modules\cuisine\test_planning_logic.py:14: in test_debut_semaine_lundi
    from src.modules.cuisine.planning.utils import get_debut_semaine
E   ModuleNotFoundError: No module named 'src.modules.cuisine.planning'
---------------------------- Captured stdout setup ----------------------------
[32mINFO[0m | src.core.cache            | Cache cleared
---------------------------- Captured stderr setup ----------------------------
2026-02-12 20:48:22.493 WARNING streamlit.runtime.scriptrunner_utils.script_run_context: Thread 'MainThread': missing ScriptRunContext! This warning can be ignored when running in bare mode.
2026-02-12 20:48:22.493 WARNING streamlit.runtime.scriptrunner_utils.script_run_context: Thread 'MainThread': missing ScriptRunContext! This warning can be ignored when running in bare mode.
2026-02-12 20:48:22.493 WARNING streamlit.runtime.scriptrunner_utils.script_run_context: Thread 'MainThread': missing ScriptRunContext! This warning can be ignored when running in bare mode.
2026-02-12 20:48:22.493 WARNING streamlit.runtime.scriptrunner_utils.script_run_context: Thread 'MainThread': missing ScriptRunContext! This warning can be ignored when running in bare mode.
2026-02-12 20:48:22.493 WARNING streamlit.runtime.scriptrunner_utils.script_run_context: Thread 'MainThread': missing ScriptRunContext! This warning can be ignored when running in bare mode.
2026-02-12 20:48:22.493 WARNING streamlit.runtime.scriptrunner_utils.script_run_context: Thread 'MainThread': missing ScriptRunContext! This warning can be ignored when running in bare mode.
2026-02-12 20:48:22.493 WARNING streamlit.runtime.scriptrunner_utils.script_run_context: Thread 'MainThread': missing ScriptRunContext! This warning can be ignored when running in bare mode.
2026-02-12 20:48:22.493 WARNING streamlit.runtime.scriptrunner_utils.script_run_context: Thread 'MainThread': missing ScriptRunContext! This warning can be ignored when running in bare mode.
2026-02-12 20:48:22.493 WARNING streamlit.runtime.scriptrunner_utils.script_run_context: Thread 'MainThread': missing ScriptRunContext! This warning can be ignored when running in bare mode.
2026-02-12 20:48:22.493 WARNING streamlit.runtime.scriptrunner_utils.script_run_context: Thread 'MainThread': missing ScriptRunContext! This warning can be ignored when running in bare mode.
2026-02-12 20:48:22.493 WARNING streamlit.runtime.scriptrunner_utils.script_run_context: Thread 'MainThread': missing ScriptRunContext! This warning can be ignored when running in bare mode.
2026-02-12 20:48:22.494 WARNING streamlit.runtime.scriptrunner_utils.script_run_context: Thread 'MainThread': missing ScriptRunContext! This warning can be ignored when running in bare mode.
----------------------------- Captured log setup ------------------------------
INFO     src.core.cache:cache.py:164 Cache cleared
-------------------------- Captured stdout teardown ---------------------------
[32mINFO[0m | src.core.cache            | Cache cleared
-------------------------- Captured stderr teardown ---------------------------
2026-02-12 20:48:22.503 WARNING streamlit.runtime.scriptrunner_utils.script_run_context: Thread 'MainThread': missing ScriptRunContext! This warning can be ignored when running in bare mode.
2026-02-12 20:48:22.503 WARNING streamlit.runtime.scriptrunner_utils.script_run_context: Thread 'MainThread': missing ScriptRunContext! This warning can be ignored when running in bare mode.
2026-02-12 20:48:22.503 WARNING streamlit.runtime.scriptrunner_utils.script_run_context: Thread 'MainThread': missing ScriptRunContext! This warning can be ignored when running in bare mode.
2026-02-12 20:48:22.503 WARNING streamlit.runtime.scriptrunner_utils.script_run_context: Thread 'MainThread': missing ScriptRunContext! This warning can be ignored when running in bare mode.
2026-02-12 20:48:22.503 WARNING streamlit.runtime.scriptrunner_utils.script_run_context: Thread 'MainThread': missing ScriptRunContext! This warning can be ignored when running in bare mode.
2026-02-12 20:48:22.503 WARNING streamlit.runtime.scriptrunner_utils.script_run_context: Thread 'MainThread': missing ScriptRunContext! This warning can be ignored when running in bare mode.
2026-02-12 20:48:22.503 WARNING streamlit.runtime.scriptrunner_utils.script_run_context: Thread 'MainThread': missing ScriptRunContext! This warning can be ignored when running in bare mode.
2026-02-12 20:48:22.503 WARNING streamlit.runtime.scriptrunner_utils.script_run_context: Thread 'MainThread': missing ScriptRunContext! This warning can be ignored when running in bare mode.
2026-02-12 20:48:22.503 WARNING streamlit.runtime.scriptrunner_utils.script_run_context: Thread 'MainThread': missing ScriptRunContext! This warning can be ignored when running in bare mode.
2026-02-12 20:48:22.503 WARNING streamlit.runtime.scriptrunner_utils.script_run_context: Thread 'MainThread': missing ScriptRunContext! This warning can be ignored when running in bare mode.
2026-02-12 20:48:22.503 WARNING streamlit.runtime.scriptrunner_utils.script_run_context: Thread 'MainThread': missing ScriptRunContext! This warning can be ignored when running in bare mode.
2026-02-12 20:48:22.504 WARNING streamlit.runtime.scriptrunner_utils.script_run_context: Thread 'MainThread': missing ScriptRunContext! This warning can be ignored when running in bare mode.
---------------------------- Captured log teardown ----------------------------
INFO     src.core.cache:cache.py:164 Cache cleared
_______________ TestGetDebutSemaine.test_debut_semaine_mercredi _______________
tests\modules\cuisine\test_planning_logic.py:24: in test_debut_semaine_mercredi
    from src.modules.cuisine.planning.utils import get_debut_semaine
E   ModuleNotFoundError: No module named 'src.modules.cuisine.planning'
---------------------------- Captured stdout setup ----------------------------
[32mINFO[0m | src.core.cache            | Cache cleared
---------------------------- Captured stderr setup ----------------------------
2026-02-12 20:48:22.504 WARNING streamlit.runtime.scriptrunner_utils.script_run_context: Thread 'MainThread': missing ScriptRunContext! This warning can be ignored when running in bare mode.
2026-02-12 20:48:22.505 WARNING streamlit.runtime.scriptrunner_utils.script_run_context: Thread 'MainThread': missing ScriptRunContext! This warning can be ignored when running in bare mode.
2026-02-12 20:48:22.505 WARNING streamlit.runtime.scriptrunner_utils.script_run_context: Thread 'MainThread': missing ScriptRunContext! This warning can be ignored when running in bare mode.
2026-02-12 20:48:22.505 WARNING streamlit.runtime.scriptrunner_utils.script_run_context: Thread 'MainThread': missing ScriptRunContext! This warning can be ignored when running in bare mode.
2026-02-12 20:48:22.505 WARNING streamlit.runtime.scriptrunner_utils.script_run_context: Thread 'MainThread': missing ScriptRunContext! This warning can be ignored when running in bare mode.
2026-02-12 20:48:22.505 WARNING streamlit.runtime.scriptrunner_utils.script_run_context: Thread 'MainThread': missing ScriptRunContext! This warning can be ignored when running in bare mode.
2026-02-12 20:48:22.505 WARNING streamlit.runtime.scriptrunner_utils.script_run_context: Thread 'MainThread': missing ScriptRunContext! This warning can be ignored when running in bare mode.
2026-02-12 20:48:22.505 WARNING streamlit.runtime.scriptrunner_utils.script_run_context: Thread 'MainThread': missing ScriptRunContext! This warning can be ignored when running in bare mode.
2026-02-12 20:48:22.505 WARNING streamlit.runtime.scriptrunner_utils.script_run_context: Thread 'MainThread': missing ScriptRunContext! This warning can be ignored when running in bare mode.
2026-02-12 20:48:22.505 WARNING streamlit.runtime.scriptrunner_utils.script_run_context: Thread 'MainThread': missing ScriptRunContext! This warning can be ignored when running in bare mode.
2026-02-12 20:48:22.505 WARNING streamlit.runtime.scriptrunner_utils.script_run_context: Thread 'MainThread': missing ScriptRunContext! This warning can be ignored when running in bare mode.
2026-02-12 20:48:22.505 WARNING streamlit.runtime.scriptrunner_utils.script_run_context: Thread 'MainThread': missing ScriptRunContext! This warning can be ignored when running in bare mode.
----------------------------- Captured log setup ------------------------------
INFO     src.core.cache:cache.py:164 Cache cleared
-------------------------- Captured stdout teardown ---------------------------
[32mINFO[0m | src.core.cache            | Cache cleared
-------------------------- Captured stderr teardown ---------------------------
2026-02-12 20:48:22.511 WARNING streamlit.runtime.scriptrunner_utils.script_run_context: Thread 'MainThread': missing ScriptRunContext! This warning can be ignored when running in bare mode.
2026-02-12 20:48:22.512 WARNING streamlit.runtime.scriptrunner_utils.script_run_context: Thread 'MainThread': missing ScriptRunContext! This warning can be ignored when running in bare mode.
2026-02-12 20:48:22.512 WARNING streamlit.runtime.scriptrunner_utils.script_run_context: Thread 'MainThread': missing ScriptRunContext! This warning can be ignored when running in bare mode.
2026-02-12 20:48:22.512 WARNING streamlit.runtime.scriptrunner_utils.script_run_context: Thread 'MainThread': missing ScriptRunContext! This warning can be ignored when running in bare mode.
2026-02-12 20:48:22.512 WARNING streamlit.runtime.scriptrunner_utils.script_run_context: Thread 'MainThread': missing ScriptRunContext! This warning can be ignored when running in bare mode.
2026-02-12 20:48:22.512 WARNING streamlit.runtime.scriptrunner_utils.script_run_context: Thread 'MainThread': missing ScriptRunContext! This warning can be ignored when running in bare mode.
2026-02-12 20:48:22.512 WARNING streamlit.runtime.scriptrunner_utils.script_run_context: Thread 'MainThread': missing ScriptRunContext! This warning can be ignored when running in bare mode.
2026-02-12 20:48:22.512 WARNING streamlit.runtime.scriptrunner_utils.script_run_context: Thread 'MainThread': missing ScriptRunContext! This warning can be ignored when running in bare mode.
2026-02-12 20:48:22.512 WARNING streamlit.runtime.scriptrunner_utils.script_run_context: Thread 'MainThread': missing ScriptRunContext! This warning can be ignored when running in bare mode.
2026-02-12 20:48:22.512 WARNING streamlit.runtime.scriptrunner_utils.script_run_context: Thread 'MainThread': missing ScriptRunContext! This warning can be ignored when running in bare mode.
2026-02-12 20:48:22.512 WARNING streamlit.runtime.scriptrunner_utils.script_run_context: Thread 'MainThread': missing ScriptRunContext! This warning can be ignored when running in bare mode.
2026-02-12 20:48:22.512 WARNING streamlit.runtime.scriptrunner_utils.script_run_context: Thread 'MainThread': missing ScriptRunContext! This warning can be ignored when running in bare mode.
---------------------------- Captured log teardown ----------------------------
INFO     src.core.cache:cache.py:164 Cache cleared
_______________ TestGetDebutSemaine.test_debut_semaine_dimanche _______________
tests\modules\cuisine\test_planning_logic.py:32: in test_debut_semaine_dimanche
    from src.modules.cuisine.planning.utils import get_debut_semaine
E   ModuleNotFoundError: No module named 'src.modules.cuisine.planning'
---------------------------- Captured stdout setup ----------------------------
[32mINFO[0m | src.core.cache            | Cache cleared
---------------------------- Captured stderr setup ----------------------------
2026-02-12 20:48:22.513 WARNING streamlit.runtime.scriptrunner_utils.script_run_context: Thread 'MainThread': missing ScriptRunContext! This warning can be ignored when running in bare mode.
2026-02-12 20:48:22.513 WARNING streamlit.runtime.scriptrunner_utils.script_run_context: Thread 'MainThread': missing ScriptRunContext! This warning can be ignored when running in bare mode.
2026-02-12 20:48:22.513 WARNING streamlit.runtime.scriptrunner_utils.script_run_context: Thread 'MainThread': missing ScriptRunContext! This warning can be ignored when running in bare mode.
2026-02-12 20:48:22.513 WARNING streamlit.runtime.scriptrunner_utils.script_run_context: Thread 'MainThread': missing ScriptRunContext! This warning can be ignored when running in bare mode.
2026-02-12 20:48:22.513 WARNING streamlit.runtime.scriptrunner_utils.script_run_context: Thread 'MainThread': missing ScriptRunContext! This warning can be ignored when running in bare mode.
2026-02-12 20:48:22.513 WARNING streamlit.runtime.scriptrunner_utils.script_run_context: Thread 'MainThread': missing ScriptRunContext! This warning can be ignored when running in bare mode.
2026-02-12 20:48:22.513 WARNING streamlit.runtime.scriptrunner_utils.script_run_context: Thread 'MainThread': missing ScriptRunContext! This warning can be ignored when running in bare mode.
2026-02-12 20:48:22.513 WARNING streamlit.runtime.scriptrunner_utils.script_run_context: Thread 'MainThread': missing ScriptRunContext! This warning can be ignored when running in bare mode.
2026-02-12 20:48:22.513 WARNING streamlit.runtime.scriptrunner_utils.script_run_context: Thread 'MainThread': missing ScriptRunContext! This warning can be ignored when running in bare mode.
2026-02-12 20:48:22.513 WARNING streamlit.runtime.scriptrunner_utils.script_run_context: Thread 'MainThread': missing ScriptRunContext! This warning can be ignored when running in bare mode.
2026-02-12 20:48:22.513 WARNING streamlit.runtime.scriptrunner_utils.script_run_context: Thread 'MainThread': missing ScriptRunContext! This warning can be ignored when running in bare mode.
2026-02-12 20:48:22.513 WARNING streamlit.runtime.scriptrunner_utils.script_run_context: Thread 'MainThread': missing ScriptRunContext! This warning can be ignored when running in bare mode.
----------------------------- Captured log setup ------------------------------
INFO     src.core.cache:cache.py:164 Cache cleared
-------------------------- Captured stdout teardown ---------------------------
[32mINFO[0m | src.core.cache            | Cache cleared
-------------------------- Captured stderr teardown ---------------------------
2026-02-12 20:48:22.521 WARNING streamlit.runtime.scriptrunner_utils.script_run_context: Thread 'MainThread': missing ScriptRunContext! This warning can be ignored when running in bare mode.
2026-02-12 20:48:22.521 WARNING streamlit.runtime.scriptrunner_utils.script_run_context: Thread 'MainThread': missing ScriptRunContext! This warning can be ignored when running in bare mode.
2026-02-12 20:48:22.521 WARNING streamlit.runtime.scriptrunner_utils.script_run_context: Thread 'MainThread': missing ScriptRunContext! This warning can be ignored when running in bare mode.
2026-02-12 20:48:22.521 WARNING streamlit.runtime.scriptrunner_utils.script_run_context: Thread 'MainThread': missing ScriptRunContext! This warning can be ignored when running in bare mode.
2026-02-12 20:48:22.522 WARNING streamlit.runtime.scriptrunner_utils.script_run_context: Thread 'MainThread': missing ScriptRunContext! This warning can be ignored when running in bare mode.
2026-02-12 20:48:22.522 WARNING streamlit.runtime.scriptrunner_utils.script_run_context: Thread 'MainThread': missing ScriptRunContext! This warning can be ignored when running in bare mode.
2026-02-12 20:48:22.522 WARNING streamlit.runtime.scriptrunner_utils.script_run_context: Thread 'MainThread': missing ScriptRunContext! This warning can be ignored when running in bare mode.
2026-02-12 20:48:22.522 WARNING streamlit.runtime.scriptrunner_utils.script_run_context: Thread 'MainThread': missing ScriptRunContext! This warning can be ignored when running in bare mode.
2026-02-12 20:48:22.522 WARNING streamlit.runtime.scriptrunner_utils.script_run_context: Thread 'MainThread': missing ScriptRunContext! This warning can be ignored when running in bare mode.
2026-02-12 20:48:22.522 WARNING streamlit.runtime.scriptrunner_utils.script_run_context: Thread 'MainThread': missing ScriptRunContext! This warning can be ignored when running in bare mode.
2026-02-12 20:48:22.522 WARNING streamlit.runtime.scriptrunner_utils.script_run_context: Thread 'MainThread': missing ScriptRunContext! This warning can be ignored when running in bare mode.
2026-02-12 20:48:22.522 WARNING streamlit.runtime.scriptrunner_utils.script_run_context: Thread 'MainThread': missing ScriptRunContext! This warning can be ignored when running in bare mode.
---------------------------- Captured log teardown ----------------------------
INFO     src.core.cache:cache.py:164 Cache cleared
_________________ TestGetFinSemaine.test_fin_semaine_dimanche _________________
tests\modules\cuisine\test_planning_logic.py:44: in test_fin_semaine_dimanche
    from src.modules.cuisine.planning.utils import get_fin_semaine
E   ModuleNotFoundError: No module named 'src.modules.cuisine.planning'
---------------------------- Captured stdout setup ----------------------------
[32mINFO[0m | src.core.cache            | Cache cleared
---------------------------- Captured stderr setup ----------------------------
2026-02-12 20:48:22.523 WARNING streamlit.runtime.scriptrunner_utils.script_run_context: Thread 'MainThread': missing ScriptRunContext! This warning can be ignored when running in bare mode.
2026-02-12 20:48:22.523 WARNING streamlit.runtime.scriptrunner_utils.script_run_context: Thread 'MainThread': missing ScriptRunContext! This warning can be ignored when running in bare mode.
2026-02-12 20:48:22.523 WARNING streamlit.runtime.scriptrunner_utils.script_run_context: Thread 'MainThread': missing ScriptRunContext! This warning can be ignored when running in bare mode.
2026-02-12 20:48:22.523 WARNING streamlit.runtime.scriptrunner_utils.script_run_context: Thread 'MainThread': missing ScriptRunContext! This warning can be ignored when running in bare mode.
2026-02-12 20:48:22.523 WARNING streamlit.runtime.scriptrunner_utils.script_run_context: Thread 'MainThread': missing ScriptRunContext! This warning can be ignored when running in bare mode.
2026-02-12 20:48:22.523 WARNING streamlit.runtime.scriptrunner_utils.script_run_context: Thread 'MainThread': missing ScriptRunContext! This warning can be ignored when running in bare mode.
2026-02-12 20:48:22.523 WARNING streamlit.runtime.scriptrunner_utils.script_run_context: Thread 'MainThread': missing ScriptRunContext! This warning can be ignored when running in bare mode.
2026-02-12 20:48:22.523 WARNING streamlit.runtime.scriptrunner_utils.script_run_context: Thread 'MainThread': missing ScriptRunContext! This warning can be ignored when running in bare mode.
2026-02-12 20:48:22.523 WARNING streamlit.runtime.scriptrunner_utils.script_run_context: Thread 'MainThread': missing ScriptRunContext! This warning can be ignored when running in bare mode.
2026-02-12 20:48:22.523 WARNING streamlit.runtime.scriptrunner_utils.script_run_context: Thread 'MainThread': missing ScriptRunContext! This warning can be ignored when running in bare mode.
2026-02-12 20:48:22.523 WARNING streamlit.runtime.scriptrunner_utils.script_run_context: Thread 'MainThread': missing ScriptRunContext! This warning can be ignored when running in bare mode.
2026-02-12 20:48:22.523 WARNING streamlit.runtime.scriptrunner_utils.script_run_context: Thread 'MainThread': missing ScriptRunContext! This warning can be ignored when running in bare mode.
----------------------------- Captured log setup ------------------------------
INFO     src.core.cache:cache.py:164 Cache cleared
-------------------------- Captured stdout teardown ---------------------------
[32mINFO[0m | src.core.cache            | Cache cleared
-------------------------- Captured stderr teardown ---------------------------
2026-02-12 20:48:22.530 WARNING streamlit.runtime.scriptrunner_utils.script_run_context: Thread 'MainThread': missing ScriptRunContext! This warning can be ignored when running in bare mode.
2026-02-12 20:48:22.530 WARNING streamlit.runtime.scriptrunner_utils.script_run_context: Thread 'MainThread': missing ScriptRunContext! This warning can be ignored when running in bare mode.
2026-02-12 20:48:22.531 WARNING streamlit.runtime.scriptrunner_utils.script_run_context: Thread 'MainThread': missing ScriptRunContext! This warning can be ignored when running in bare mode.
2026-02-12 20:48:22.531 WARNING streamlit.runtime.scriptrunner_utils.script_run_context: Thread 'MainThread': missing ScriptRunContext! This warning can be ignored when running in bare mode.
2026-02-12 20:48:22.531 WARNING streamlit.runtime.scriptrunner_utils.script_run_context: Thread 'MainThread': missing ScriptRunContext! This warning can be ignored when running in bare mode.
2026-02-12 20:48:22.531 WARNING streamlit.runtime.scriptrunner_utils.script_run_context: Thread 'MainThread': missing ScriptRunContext! This warning can be ignored when running in bare mode.
2026-02-12 20:48:22.531 WARNING streamlit.runtime.scriptrunner_utils.script_run_context: Thread 'MainThread': missing ScriptRunContext! This warning can be ignored when running in bare mode.
2026-02-12 20:48:22.531 WARNING streamlit.runtime.scriptrunner_utils.script_run_context: Thread 'MainThread': missing ScriptRunContext! This warning can be ignored when running in bare mode.
2026-02-12 20:48:22.531 WARNING streamlit.runtime.scriptrunner_utils.script_run_context: Thread 'MainThread': missing ScriptRunContext! This warning can be ignored when running in bare mode.
2026-02-12 20:48:22.531 WARNING streamlit.runtime.scriptrunner_utils.script_run_context: Thread 'MainThread': missing ScriptRunContext! This warning can be ignored when running in bare mode.
2026-02-12 20:48:22.531 WARNING streamlit.runtime.scriptrunner_utils.script_run_context: Thread 'MainThread': missing ScriptRunContext! This warning can be ignored when running in bare mode.
2026-02-12 20:48:22.531 WARNING streamlit.runtime.scriptrunner_utils.script_run_context: Thread 'MainThread': missing ScriptRunContext! This warning can be ignored when running in bare mode.
---------------------------- Captured log teardown ----------------------------
INFO     src.core.cache:cache.py:164 Cache cleared
__________________ TestGetFinSemaine.test_fin_semaine_lundi ___________________
tests\modules\cuisine\test_planning_logic.py:53: in test_fin_semaine_lundi
    from src.modules.cuisine.planning.utils import get_fin_semaine
E   ModuleNotFoundError: No module named 'src.modules.cuisine.planning'
---------------------------- Captured stdout setup ----------------------------
[32mINFO[0m | src.core.cache            | Cache cleared
---------------------------- Captured stderr setup ----------------------------
2026-02-12 20:48:22.532 WARNING streamlit.runtime.scriptrunner_utils.script_run_context: Thread 'MainThread': missing ScriptRunContext! This warning can be ignored when running in bare mode.
2026-02-12 20:48:22.532 WARNING streamlit.runtime.scriptrunner_utils.script_run_context: Thread 'MainThread': missing ScriptRunContext! This warning can be ignored when running in bare mode.
2026-02-12 20:48:22.532 WARNING streamlit.runtime.scriptrunner_utils.script_run_context: Thread 'MainThread': missing ScriptRunContext! This warning can be ignored when running in bare mode.
2026-02-12 20:48:22.532 WARNING streamlit.runtime.scriptrunner_utils.script_run_context: Thread 'MainThread': missing ScriptRunContext! This warning can be ignored when running in bare mode.
[...]
2026-02-12 20:48:33.620 WARNING streamlit.runtime.scriptrunner_utils.script_run_context: Thread 'MainThread': missing ScriptRunContext! This warning can be ignored when running in bare mode.
2026-02-12 20:48:33.620 WARNING streamlit.runtime.scriptrunner_utils.script_run_context: Thread 'MainThread': missing ScriptRunContext! This warning can be ignored when running in bare mode.
2026-02-12 20:48:33.620 WARNING streamlit.runtime.scriptrunner_utils.script_run_context: Thread 'MainThread': missing ScriptRunContext! This warning can be ignored when running in bare mode.
2026-02-12 20:48:33.620 WARNING streamlit.runtime.scriptrunner_utils.script_run_context: Thread 'MainThread': missing ScriptRunContext! This warning can be ignored when running in bare mode.
2026-02-12 20:48:33.620 WARNING streamlit.runtime.scriptrunner_utils.script_run_context: Thread 'MainThread': missing ScriptRunContext! This warning can be ignored when running in bare mode.
2026-02-12 20:48:33.620 WARNING streamlit.runtime.scriptrunner_utils.script_run_context: Thread 'MainThread': missing ScriptRunContext! This warning can be ignored when running in bare mode.
2026-02-12 20:48:33.620 WARNING streamlit.runtime.scriptrunner_utils.script_run_context: Thread 'MainThread': missing ScriptRunContext! This warning can be ignored when running in bare mode.
2026-02-12 20:48:33.620 WARNING streamlit.runtime.scriptrunner_utils.script_run_context: Thread 'MainThread': missing ScriptRunContext! This warning can be ignored when running in bare mode.
2026-02-12 20:48:33.620 WARNING streamlit.runtime.scriptrunner_utils.script_run_context: Thread 'MainThread': missing ScriptRunContext! This warning can be ignored when running in bare mode.
2026-02-12 20:48:33.621 WARNING streamlit.runtime.scriptrunner_utils.script_run_context: Thread 'MainThread': missing ScriptRunContext! This warning can be ignored when running in bare mode.
2026-02-12 20:48:33.621 WARNING streamlit.runtime.scriptrunner_utils.script_run_context: Thread 'MainThread': missing ScriptRunContext! This warning can be ignored when running in bare mode.
---------------------------- Captured log teardown ----------------------------
INFO     src.core.cache:cache.py:164 Cache cleared
__________________ TestPrevisionSemaine.test_prevision_texte __________________
tests\modules\planning\test_vue_ensemble_logic.py:254: in test_prevision_texte
    assert result["prevision"] in [
E   AssertionError: assert 'Semaine legÞre' in ['Semaine lÚgÞre', 'Semaine normale', 'Semaine chargÚe', 'Semaine trÞs chargÚe']
---------------------------- Captured stdout setup ----------------------------
[32mINFO[0m | src.core.cache            | Cache cleared
---------------------------- Captured stderr setup ----------------------------
2026-02-12 20:48:33.630 WARNING streamlit.runtime.scriptrunner_utils.script_run_context: Thread 'MainThread': missing ScriptRunContext! This warning can be ignored when running in bare mode.
2026-02-12 20:48:33.630 WARNING streamlit.runtime.scriptrunner_utils.script_run_context: Thread 'MainThread': missing ScriptRunContext! This warning can be ignored when running in bare mode.
2026-02-12 20:48:33.630 WARNING streamlit.runtime.scriptrunner_utils.script_run_context: Thread 'MainThread': missing ScriptRunContext! This warning can be ignored when running in bare mode.
2026-02-12 20:48:33.630 WARNING streamlit.runtime.scriptrunner_utils.script_run_context: Thread 'MainThread': missing ScriptRunContext! This warning can be ignored when running in bare mode.
2026-02-12 20:48:33.630 WARNING streamlit.runtime.scriptrunner_utils.script_run_context: Thread 'MainThread': missing ScriptRunContext! This warning can be ignored when running in bare mode.
2026-02-12 20:48:33.631 WARNING streamlit.runtime.scriptrunner_utils.script_run_context: Thread 'MainThread': missing ScriptRunContext! This warning can be ignored when running in bare mode.
2026-02-12 20:48:33.631 WARNING streamlit.runtime.scriptrunner_utils.script_run_context: Thread 'MainThread': missing ScriptRunContext! This warning can be ignored when running in bare mode.
2026-02-12 20:48:33.631 WARNING streamlit.runtime.scriptrunner_utils.script_run_context: Thread 'MainThread': missing ScriptRunContext! This warning can be ignored when running in bare mode.
2026-02-12 20:48:33.631 WARNING streamlit.runtime.scriptrunner_utils.script_run_context: Thread 'MainThread': missing ScriptRunContext! This warning can be ignored when running in bare mode.
2026-02-12 20:48:33.631 WARNING streamlit.runtime.scriptrunner_utils.script_run_context: Thread 'MainThread': missing ScriptRunContext! This warning can be ignored when running in bare mode.
2026-02-12 20:48:33.631 WARNING streamlit.runtime.scriptrunner_utils.script_run_context: Thread 'MainThread': missing ScriptRunContext! This warning can be ignored when running in bare mode.
2026-02-12 20:48:33.631 WARNING streamlit.runtime.scriptrunner_utils.script_run_context: Thread 'MainThread': missing ScriptRunContext! This warning can be ignored when running in bare mode.
----------------------------- Captured log setup ------------------------------
INFO     src.core.cache:cache.py:164 Cache cleared
-------------------------- Captured stdout teardown ---------------------------
[32mINFO[0m | src.core.cache            | Cache cleared
-------------------------- Captured stderr teardown ---------------------------
2026-02-12 20:48:33.639 WARNING streamlit.runtime.scriptrunner_utils.script_run_context: Thread 'MainThread': missing ScriptRunContext! This warning can be ignored when running in bare mode.
2026-02-12 20:48:33.639 WARNING streamlit.runtime.scriptrunner_utils.script_run_context: Thread 'MainThread': missing ScriptRunContext! This warning can be ignored when running in bare mode.
2026-02-12 20:48:33.639 WARNING streamlit.runtime.scriptrunner_utils.script_run_context: Thread 'MainThread': missing ScriptRunContext! This warning can be ignored when running in bare mode.
2026-02-12 20:48:33.639 WARNING streamlit.runtime.scriptrunner_utils.script_run_context: Thread 'MainThread': missing ScriptRunContext! This warning can be ignored when running in bare mode.
2026-02-12 20:48:33.639 WARNING streamlit.runtime.scriptrunner_utils.script_run_context: Thread 'MainThread': missing ScriptRunContext! This warning can be ignored when running in bare mode.
2026-02-12 20:48:33.639 WARNING streamlit.runtime.scriptrunner_utils.script_run_context: Thread 'MainThread': missing ScriptRunContext! This warning can be ignored when running in bare mode.
2026-02-12 20:48:33.639 WARNING streamlit.runtime.scriptrunner_utils.script_run_context: Thread 'MainThread': missing ScriptRunContext! This warning can be ignored when running in bare mode.
2026-02-12 20:48:33.639 WARNING streamlit.runtime.scriptrunner_utils.script_run_context: Thread 'MainThread': missing ScriptRunContext! This warning can be ignored when running in bare mode.
2026-02-12 20:48:33.639 WARNING streamlit.runtime.scriptrunner_utils.script_run_context: Thread 'MainThread': missing ScriptRunContext! This warning can be ignored when running in bare mode.
2026-02-12 20:48:33.639 WARNING streamlit.runtime.scriptrunner_utils.script_run_context: Thread 'MainThread': missing ScriptRunContext! This warning can be ignored when running in bare mode.
2026-02-12 20:48:33.639 WARNING streamlit.runtime.scriptrunner_utils.script_run_context: Thread 'MainThread': missing ScriptRunContext! This warning can be ignored when running in bare mode.
2026-02-12 20:48:33.639 WARNING streamlit.runtime.scriptrunner_utils.script_run_context: Thread 'MainThread': missing ScriptRunContext! This warning can be ignored when running in bare mode.
---------------------------- Captured log teardown ----------------------------
INFO     src.core.cache:cache.py:164 Cache cleared
__________________________ test_import_domains_init ___________________________
tests\modules\test_init.py:6: in test_import_domains_init
    assert hasattr(src, "domains")
E   AssertionError: assert False
E    +  where False = hasattr(<module 'src' from 'D:\\Projet_streamlit\\assistant_matanne\\src\\__init__.py'>, 'domains')
---------------------------- Captured stdout setup ----------------------------
[32mINFO[0m | src.core.cache            | Cache cleared
---------------------------- Captured stderr setup ----------------------------
2026-02-12 20:48:33.968 WARNING streamlit.runtime.scriptrunner_utils.script_run_context: Thread 'MainThread': missing ScriptRunContext! This warning can be ignored when running in bare mode.
2026-02-12 20:48:33.968 WARNING streamlit.runtime.scriptrunner_utils.script_run_context: Thread 'MainThread': missing ScriptRunContext! This warning can be ignored when running in bare mode.
2026-02-12 20:48:33.968 WARNING streamlit.runtime.scriptrunner_utils.script_run_context: Thread 'MainThread': missing ScriptRunContext! This warning can be ignored when running in bare mode.
2026-02-12 20:48:33.968 WARNING streamlit.runtime.scriptrunner_utils.script_run_context: Thread 'MainThread': missing ScriptRunContext! This warning can be ignored when running in bare mode.
2026-02-12 20:48:33.968 WARNING streamlit.runtime.scriptrunner_utils.script_run_context: Thread 'MainThread': missing ScriptRunContext! This warning can be ignored when running in bare mode.
2026-02-12 20:48:33.968 WARNING streamlit.runtime.scriptrunner_utils.script_run_context: Thread 'MainThread': missing ScriptRunContext! This warning can be ignored when running in bare mode.
2026-02-12 20:48:33.968 WARNING streamlit.runtime.scriptrunner_utils.script_run_context: Thread 'MainThread': missing ScriptRunContext! This warning can be ignored when running in bare mode.
2026-02-12 20:48:33.968 WARNING streamlit.runtime.scriptrunner_utils.script_run_context: Thread 'MainThread': missing ScriptRunContext! This warning can be ignored when running in bare mode.
2026-02-12 20:48:33.968 WARNING streamlit.runtime.scriptrunner_utils.script_run_context: Thread 'MainThread': missing ScriptRunContext! This warning can be ignored when running in bare mode.
2026-02-12 20:48:33.968 WARNING streamlit.runtime.scriptrunner_utils.script_run_context: Thread 'MainThread': missing ScriptRunContext! This warning can be ignored when running in bare mode.
2026-02-12 20:48:33.968 WARNING streamlit.runtime.scriptrunner_utils.script_run_context: Thread 'MainThread': missing ScriptRunContext! This warning can be ignored when running in bare mode.
2026-02-12 20:48:33.968 WARNING streamlit.runtime.scriptrunner_utils.script_run_context: Thread 'MainThread': missing ScriptRunContext! This warning can be ignored when running in bare mode.
----------------------------- Captured log setup ------------------------------
INFO     src.core.cache:cache.py:164 Cache cleared
-------------------------- Captured stdout teardown ---------------------------
[32mINFO[0m | src.core.cache            | Cache cleared
-------------------------- Captured stderr teardown ---------------------------
2026-02-12 20:48:33.974 WARNING streamlit.runtime.scriptrunner_utils.script_run_context: Thread 'MainThread': missing ScriptRunContext! This warning can be ignored when running in bare mode.
2026-02-12 20:48:33.974 WARNING streamlit.runtime.scriptrunner_utils.script_run_context: Thread 'MainThread': missing ScriptRunContext! This warning can be ignored when running in bare mode.
2026-02-12 20:48:33.974 WARNING streamlit.runtime.scriptrunner_utils.script_run_context: Thread 'MainThread': missing ScriptRunContext! This warning can be ignored when running in bare mode.
2026-02-12 20:48:33.974 WARNING streamlit.runtime.scriptrunner_utils.script_run_context: Thread 'MainThread': missing ScriptRunContext! This warning can be ignored when running in bare mode.
2026-02-12 20:48:33.974 WARNING streamlit.runtime.scriptrunner_utils.script_run_context: Thread 'MainThread': missing ScriptRunContext! This warning can be ignored when running in bare mode.
2026-02-12 20:48:33.974 WARNING streamlit.runtime.scriptrunner_utils.script_run_context: Thread 'MainThread': missing ScriptRunContext! This warning can be ignored when running in bare mode.
2026-02-12 20:48:33.974 WARNING streamlit.runtime.scriptrunner_utils.script_run_context: Thread 'MainThread': missing ScriptRunContext! This warning can be ignored when running in bare mode.
2026-02-12 20:48:33.974 WARNING streamlit.runtime.scriptrunner_utils.script_run_context: Thread 'MainThread': missing ScriptRunContext! This warning can be ignored when running in bare mode.
2026-02-12 20:48:33.974 WARNING streamlit.runtime.scriptrunner_utils.script_run_context: Thread 'MainThread': missing ScriptRunContext! This warning can be ignored when running in bare mode.
2026-02-12 20:48:33.974 WARNING streamlit.runtime.scriptrunner_utils.script_run_context: Thread 'MainThread': missing ScriptRunContext! This warning can be ignored when running in bare mode.
2026-02-12 20:48:33.974 WARNING streamlit.runtime.scriptrunner_utils.script_run_context: Thread 'MainThread': missing ScriptRunContext! This warning can be ignored when running in bare mode.
2026-02-12 20:48:33.974 WARNING streamlit.runtime.scriptrunner_utils.script_run_context: Thread 'MainThread': missing ScriptRunContext! This warning can be ignored when running in bare mode.
---------------------------- Captured log teardown ----------------------------
INFO     src.core.cache:cache.py:164 Cache cleared
=========================== short test summary info ===========================
FAILED tests/modules/cuisine/test_courses_logic.py::TestConstantes::test_rayons_default_non_vide
FAILED tests/modules/cuisine/test_courses_logic.py::TestValidation::test_valider_article_priorite_invalide
FAILED tests/modules/cuisine/test_courses_logic.py::TestValidation::test_valider_article_quantite_zero
FAILED tests/modules/cuisine/test_courses_logic.py::TestFormatage::test_formater_article_label_simple
FAILED tests/modules/cuisine/test_courses_logic.py::TestFormatage::test_formater_article_label_suggestion_ia
FAILED tests/modules/cuisine/test_courses_logic.py::TestFormatage::test_formater_liste_impression
FAILED tests/modules/cuisine/test_inventaire_logic.py::TestConstantes::test_emplacements_non_vide
FAILED tests/modules/cuisine/test_inventaire_logic.py::TestConstantes::test_categories_non_vide
FAILED tests/modules/cuisine/test_planificateur_repas_logic.py::TestConstantes::test_types_repas
FAILED tests/modules/cuisine/test_planning_logic.py::TestGetDebutSemaine::test_debut_semaine_lundi
FAILED tests/modules/cuisine/test_planning_logic.py::TestGetDebutSemaine::test_debut_semaine_mercredi
FAILED tests/modules/cuisine/test_planning_logic.py::TestGetDebutSemaine::test_debut_semaine_dimanche
FAILED tests/modules/cuisine/test_planning_logic.py::TestGetFinSemaine::test_fin_semaine_dimanche
FAILED tests/modules/cuisine/test_planning_logic.py::TestGetFinSemaine::test_fin_semaine_lundi
FAILED tests/modules/cuisine/test_planning_logic.py::TestGetDatesSemaine::test_dates_semaine_longueur
FAILED tests/modules/cuisine/test_planning_logic.py::TestGetDatesSemaine::test_dates_semaine_ordre
FAILED tests/modules/cuisine/test_planning_logic.py::TestGetDatesSemaine::test_dates_semaine_consecutives
FAILED tests/modules/cuisine/test_planning_logic.py::TestGetNumeroSemaine::test_numero_semaine_janvier
FAILED tests/modules/cuisine/test_planning_logic.py::TestOrganiserRepasParJour::test_organiser_par_jour_simple
FAILED tests/modules/cuisine/test_planning_logic.py::TestOrganiserRepasParJour::test_organiser_par_jour_vide
FAILED tests/modules/cuisine/test_planning_logic.py::TestOrganiserRepasParType::test_organiser_par_type_simple
FAILED tests/modules/cuisine/test_planning_logic.py::TestCalculerStatistiquesPlanning::test_statistiques_planning_vide
FAILED tests/modules/cuisine/test_planning_logic.py::TestCalculerStatistiquesPlanning::test_statistiques_planning_complet
FAILED tests/modules/cuisine/test_planning_logic.py::TestValiderRepas::test_valider_repas_valide
FAILED tests/modules/cuisine/test_planning_logic.py::TestValiderRepas::test_valider_repas_sans_jour
FAILED tests/modules/cuisine/test_planning_logic.py::TestValiderRepas::test_valider_repas_type_invalide
FAILED tests/modules/cuisine/test_planning_logic.py::TestValiderRepas::test_valider_repas_sans_recette
FAILED tests/modules/cuisine/test_planning_logic.py::TestValiderPlanning::test_valider_planning_valide
FAILED tests/modules/cuisine/test_planning_logic.py::TestValiderPlanning::test_valider_planning_sans_date
FAILED tests/modules/cuisine/test_planning_logic.py::TestCalculerCoutPlanning::test_cout_planning_simple
FAILED tests/modules/cuisine/test_planning_logic.py::TestCalculerCoutPlanning::test_cout_planning_vide
FAILED tests/modules/cuisine/test_planning_logic.py::TestCalculerVarietePlanning::test_variete_planning_normale
FAILED tests/modules/cuisine/test_planning_logic.py::TestCalculerVarietePlanning::test_variete_planning_vide
FAILED tests/modules/cuisine/test_recettes_logic.py::TestValiderRecette::test_valider_recette_sans_ingredients
FAILED tests/modules/famille/test_activites_logic.py::TestRecommandationsActivites::test_suggerer_activites_bebe
FAILED tests/modules/famille/test_activites_logic.py::TestRecommandationsActivites::test_suggerer_activites_plus_3_ans
FAILED tests/modules/famille/test_activites_logic.py::TestValidation::test_activite_duree_negative
FAILED tests/modules/famille/test_activites_logic.py::TestFormatage::test_formater_resume_sans_titre
FAILED tests/modules/famille/test_routines_logic.py::TestConstantesRoutines::test_types_routine
FAILED tests/modules/famille/test_routines_logic.py::TestSuggestionsRoutines::test_suggerer_routines_bebe
FAILED tests/modules/famille/test_routines_logic.py::TestValidationRoutine::test_valider_routine_valide
FAILED tests/modules/famille/test_routines_logic.py::TestValidationRoutine::test_valider_routine_duree_negative
FAILED tests/modules/maison/test_entretien_logic.py::TestConstantesEntretien::test_categories_definies
FAILED tests/modules/maison/test_entretien_logic.py::TestValidationEntretien::test_valider_tache_valide
FAILED tests/modules/maison/test_entretien_logic.py::TestValidationEntretien::test_valider_tache_frequence_invalide
FAILED tests/modules/maison/test_entretien_logic.py::TestValidationEntretien::test_valider_tache_categorie_invalide
FAILED tests/modules/maison/test_jardin_logic.py::TestConstantes::test_categories_plantes
FAILED tests/modules/maison/test_jardin_logic.py::TestConstantes::test_status_plantes
FAILED tests/modules/maison/test_projets_logic.py::TestConstantes::test_statuts_projet
FAILED tests/modules/maison/test_projets_logic.py::TestConstantes::test_categories_projet
FAILED tests/modules/maison/test_projets_logic.py::TestGetProjetsSpecifiques::test_get_projets_a_faire
FAILED tests/modules/maison/test_projets_logic.py::TestStatistiquesProjets::test_taux_completion
FAILED tests/modules/outils/test_accueil_logic.py::TestGenererNotifications::test_notification_peremption
FAILED tests/modules/outils/test_rapports_logic.py::TestGenererSectionRecettes::test_section_basique
FAILED tests/modules/outils/test_rapports_logic.py::TestGenererSectionCourses::test_section_basique
FAILED tests/modules/outils/test_rapports_logic.py::TestGenererSectionActivites::test_section_basique
FAILED tests/modules/planning/test_vue_ensemble_logic.py::TestAnalyseChargeGlobale::test_niveau_charge_leger
FAILED tests/modules/planning/test_vue_ensemble_logic.py::TestAnalyseChargeGlobale::test_niveau_charge_eleve
FAILED tests/modules/planning/test_vue_ensemble_logic.py::TestPrevisionSemaine::test_semaine_vide
FAILED tests/modules/planning/test_vue_ensemble_logic.py::TestPrevisionSemaine::test_prevision_texte
FAILED tests/modules/test_init.py::test_import_domains_init - AssertionError:...
SKIPPED [1] tests\modules\test_modules_logic.py:17: Module non disponible
================= 61 failed, 850 passed, 1 skipped in 13.83s ==================
