<?xml version="1.0" encoding="utf-8"?><testsuites name="pytest tests"><testsuite name="pytest" errors="0" failures="5" skipped="0" tests="207" time="18.323" timestamp="2026-02-18T14:13:00.976497+01:00" hostname="LAPTOP-FIS3VT0M"><testcase classname="tests.modules.jeux.logic.paris.test_prediction.TestPredictionService" name="test_predire_resultat_equipe_forte_vs_faible" time="0.012" /><testcase classname="tests.modules.jeux.logic.paris.test_prediction.TestPredictionService" name="test_predire_resultat_avec_cotes" time="0.009" /><testcase classname="tests.modules.jeux.logic.paris.test_prediction.TestPredictionService" name="test_predire_over_under_equipes_offensives" time="0.004" /><testcase classname="tests.modules.jeux.logic.paris.test_prediction.TestPredictionService" name="test_predire_over_under_equipes_defensives" time="0.004" /><testcase classname="tests.modules.jeux.logic.paris.test_prediction.TestPredictionService" name="test_generer_conseils_avances_serie_sans_nul" time="0.003" /><testcase classname="tests.modules.jeux.logic.paris.test_prediction.TestFonctionsCompatibilite" name="test_predire_resultat_match_retourne_dict" time="0.004" /><testcase classname="tests.modules.jeux.logic.paris.test_prediction.TestFonctionsCompatibilite" name="test_predire_over_under_retourne_dict" time="0.004" /><testcase classname="tests.modules.jeux.logic.paris.test_prediction.TestFonctionsCompatibilite" name="test_generer_conseils_avances_retourne_list_dict" time="0.004" /><testcase classname="tests.modules.jeux.loto.test__common.TestCommon" name="test_import" time="0.004" /><testcase classname="tests.modules.jeux.loto.test_crud.TestAjouterTirage" name="test_retourne_false_si_moins_de_5_numeros" time="0.005" /><testcase classname="tests.modules.jeux.loto.test_crud.TestAjouterTirage" name="test_retourne_false_si_plus_de_5_numeros" time="0.005" /><testcase classname="tests.modules.jeux.loto.test_crud.TestAjouterTirage" name="test_trie_numeros_avant_insertion" time="0.187" /><testcase classname="tests.modules.jeux.loto.test_crud.TestAjouterTirage" name="test_enregistre_tirage_avec_jackpot" time="0.007" /><testcase classname="tests.modules.jeux.loto.test_crud.TestAjouterTirage" name="test_met_a_jour_grilles_en_attente" time="0.009" /><testcase classname="tests.modules.jeux.loto.test_crud.TestAjouterTirage" name="test_affiche_succes_apres_ajout" time="0.007" /><testcase classname="tests.modules.jeux.loto.test_crud.TestAjouterTirage" name="test_gere_exception_db" time="0.007" /><testcase classname="tests.modules.jeux.loto.test_crud.TestEnregistrerGrille" name="test_retourne_false_si_pas_5_numeros" time="0.006" /><testcase classname="tests.modules.jeux.loto.test_crud.TestEnregistrerGrille" name="test_trie_numeros_avant_insertion" time="0.006" /><testcase classname="tests.modules.jeux.loto.test_crud.TestEnregistrerGrille" name="test_enregistre_source_et_type_par_defaut" time="0.006" /><testcase classname="tests.modules.jeux.loto.test_crud.TestEnregistrerGrille" name="test_enregistre_source_personnalisee" time="0.006" /><testcase classname="tests.modules.jeux.loto.test_crud.TestEnregistrerGrille" name="test_affiche_succes_apres_enregistrement" time="0.008" /><testcase classname="tests.modules.jeux.loto.test_crud.TestEnregistrerGrille" name="test_gere_exception_db" time="0.005" /><testcase classname="tests.modules.jeux.loto.test_crud.TestCrudIntegration" name="test_import_ajouter_tirage" time="0.004" /><testcase classname="tests.modules.jeux.loto.test_crud.TestCrudIntegration" name="test_import_enregistrer_grille" time="0.003" /><testcase classname="tests.modules.jeux.loto.test_simulation.TestSimulation" name="test_afficher_simulation" time="0.004" /><testcase classname="tests.modules.jeux.loto.test_simulation.TestSimulation" name="test_afficher_gestion_tirages" time="0.004" /><testcase classname="tests.modules.jeux.loto.test_statistiques.TestStatistiques" name="test_afficher_dernier_tirage" time="0.004" /><testcase classname="tests.modules.jeux.loto.test_statistiques.TestStatistiques" name="test_afficher_statistiques_frequences" time="0.004" /><testcase classname="tests.modules.jeux.loto.test_statistiques.TestStatistiques" name="test_afficher_esperance" time="0.004" /><testcase classname="tests.modules.jeux.loto.test_sync.TestSyncTiragesLoto" name="test_retourne_zero_sans_donnees_api" time="0.006" /><testcase classname="tests.modules.jeux.loto.test_sync.TestSyncTiragesLoto" name="test_retourne_zero_liste_vide" time="0.006" /><testcase classname="tests.modules.jeux.loto.test_sync.TestSyncTiragesLoto" name="test_ajoute_nouveau_tirage_format_date_iso" time="0.007" /><testcase classname="tests.modules.jeux.loto.test_sync.TestSyncTiragesLoto" name="test_ajoute_nouveau_tirage_format_date_fr" time="0.007" /><testcase classname="tests.modules.jeux.loto.test_sync.TestSyncTiragesLoto" name="test_ajoute_tirage_avec_date_objet" time="0.007" /><testcase classname="tests.modules.jeux.loto.test_sync.TestSyncTiragesLoto" name="test_ignore_tirage_existant" time="0.011" /><testcase classname="tests.modules.jeux.loto.test_sync.TestSyncTiragesLoto" name="test_ignore_tirage_sans_5_numeros" time="0.007" /><testcase classname="tests.modules.jeux.loto.test_sync.TestSyncTiragesLoto" name="test_ignore_tirage_sans_numero_chance" time="0.006" /><testcase classname="tests.modules.jeux.loto.test_sync.TestSyncTiragesLoto" name="test_ignore_tirage_date_invalide" time="0.006" /><testcase classname="tests.modules.jeux.loto.test_sync.TestSyncTiragesLoto" name="test_tri_numeros_avant_insertion" time="0.008" /><testcase classname="tests.modules.jeux.loto.test_sync.TestSyncTiragesLoto" name="test_plusieurs_tirages_mixtes" time="0.008" /><testcase classname="tests.modules.jeux.loto.test_sync.TestSyncTiragesLoto" name="test_rollback_sur_erreur_commit" time="0.007" /><testcase classname="tests.modules.jeux.loto.test_sync.TestSyncTiragesLoto" name="test_gere_exception_generale" time="0.005" /><testcase classname="tests.modules.jeux.loto.test_sync.TestSyncTiragesLoto" name="test_limite_par_defaut" time="0.007" /><testcase classname="tests.modules.jeux.loto.test_sync.TestSyncTiragesLoto" name="test_limite_personnalisee" time="0.005" /><testcase classname="tests.modules.jeux.loto.test_sync.TestSyncTiragesLoto" name="test_tirage_avec_plus_de_5_numeros" time="0.007" /><testcase classname="tests.modules.jeux.loto.test_sync.TestSyncTiragesLotoIntegration" name="test_import_module" time="0.003" /><testcase classname="tests.modules.jeux.loto.test_sync.TestSyncTiragesLotoIntegration" name="test_signature_fonction" time="0.004" /><testcase classname="tests.modules.jeux.loto.test_sync.TestSyncTiragesLotoIntegration" name="test_valeur_defaut_limite" time="0.004" /><testcase classname="tests.modules.jeux.loto.test_utils.TestCalculerFrequencesNumeros" name="test_frequences_basique" time="0.004" /><testcase classname="tests.modules.jeux.loto.test_utils.TestCalculerFrequencesNumeros" name="test_frequences_numero_present" time="0.005" /><testcase classname="tests.modules.jeux.loto.test_utils.TestCalculerFrequencesNumeros" name="test_frequences_numero_absent" time="0.005" /><testcase classname="tests.modules.jeux.loto.test_utils.TestCalculerFrequencesNumeros" name="test_frequences_chance" time="0.004" /><testcase classname="tests.modules.jeux.loto.test_utils.TestCalculerFrequencesNumeros" name="test_frequences_liste_vide" time="0.005" /><testcase classname="tests.modules.jeux.loto.test_utils.TestCalculerEcart" name="test_ecart_numero_recent" time="0.004" /><testcase classname="tests.modules.jeux.loto.test_utils.TestCalculerEcart" name="test_ecart_numero_ancien" time="0.004" /><testcase classname="tests.modules.jeux.loto.test_utils.TestCalculerEcart" name="test_ecart_numero_absent" time="0.004" /><testcase classname="tests.modules.jeux.loto.test_utils.TestIdentifierNumerosChaudsFroids" name="test_identification_basique" time="0.004" /><testcase classname="tests.modules.jeux.loto.test_utils.TestIdentifierNumerosChaudsFroids" name="test_nombre_resultats" time="0.004" /><testcase classname="tests.modules.jeux.loto.test_utils.TestIdentifierNumerosChaudsFroids" name="test_frequences_vides" time="0.003" /><testcase classname="tests.modules.jeux.loto.test_utils.TestAnalyserPatternsTirages" name="test_patterns_basique" time="0.004" /><testcase classname="tests.modules.jeux.loto.test_utils.TestAnalyserPatternsTirages" name="test_patterns_distribution_parite" time="0.004" /><testcase classname="tests.modules.jeux.loto.test_utils.TestAnalyserPatternsTirages" name="test_patterns_paires_frequentes" time="0.004" /><testcase classname="tests.modules.jeux.loto.test_utils.TestAnalyserPatternsTirages" name="test_patterns_liste_vide" time="0.003" /><testcase classname="tests.modules.jeux.loto.test_utils.TestGenererGrilleAleatoire" name="test_grille_complete" time="0.004" /><testcase classname="tests.modules.jeux.loto.test_utils.TestGenererGrilleAleatoire" name="test_numeros_dans_plage" time="0.003" /><testcase classname="tests.modules.jeux.loto.test_utils.TestGenererGrilleAleatoire" name="test_chance_dans_plage" time="0.004" /><testcase classname="tests.modules.jeux.loto.test_utils.TestGenererGrilleAleatoire" name="test_numeros_uniques" time="0.004" /><testcase classname="tests.modules.jeux.loto.test_utils.TestGenererGrilleAleatoire" name="test_numeros_tries" time="0.004" /><testcase classname="tests.modules.jeux.loto.test_utils.TestGenererGrilleEviterPopulaires" name="test_grille_complete" time="0.004" /><testcase classname="tests.modules.jeux.loto.test_utils.TestGenererGrilleEviterPopulaires" name="test_preference_numeros_hauts" time="0.004" /><testcase classname="tests.modules.jeux.loto.test_utils.TestGenererGrilleEquilibree" name="test_grille_complete" time="0.004" /><testcase classname="tests.modules.jeux.loto.test_utils.TestGenererGrilleEquilibree" name="test_somme_proche_moyenne" time="0.004" /><testcase classname="tests.modules.jeux.loto.test_utils.TestGenererGrilleChaudsFroids" name="test_grille_chauds" time="0.004" /><testcase classname="tests.modules.jeux.loto.test_utils.TestGenererGrilleChaudsFroids" name="test_grille_froids" time="0.004" /><testcase classname="tests.modules.jeux.loto.test_utils.TestGenererGrilleChaudsFroids" name="test_grille_mixte" time="0.004" /><testcase classname="tests.modules.jeux.loto.test_utils.TestVerifierGrille" name="test_grille_perdante" time="0.003" /><testcase classname="tests.modules.jeux.loto.test_utils.TestVerifierGrille" name="test_grille_jackpot" time="0.004" /><testcase classname="tests.modules.jeux.loto.test_utils.TestVerifierGrille" name="test_grille_5_numeros_sans_chance" time="0.003" /><testcase classname="tests.modules.jeux.loto.test_utils.TestVerifierGrille" name="test_grille_4_numeros_avec_chance" time="0.004" /><testcase classname="tests.modules.jeux.loto.test_utils.TestVerifierGrille" name="test_grille_4_numeros_sans_chance" time="0.004" /><testcase classname="tests.modules.jeux.loto.test_utils.TestVerifierGrille" name="test_grille_3_numeros_avec_chance" time="0.004" /><testcase classname="tests.modules.jeux.loto.test_utils.TestVerifierGrille" name="test_grille_3_numeros_sans_chance" time="0.003" /><testcase classname="tests.modules.jeux.loto.test_utils.TestVerifierGrille" name="test_grille_2_numeros_avec_chance" time="0.004" /><testcase classname="tests.modules.jeux.loto.test_utils.TestVerifierGrille" name="test_grille_2_numeros_sans_chance" time="0.004" /><testcase classname="tests.modules.jeux.loto.test_utils.TestVerifierGrille" name="test_grille_1_numero_avec_chance" time="0.004" /><testcase classname="tests.modules.jeux.loto.test_utils.TestCalculerEsperanceMathematique" name="test_esperance_negative" time="0.005" /><testcase classname="tests.modules.jeux.loto.test_utils.TestCalculerEsperanceMathematique" name="test_cout_grille" time="0.004" /><testcase classname="tests.modules.jeux.loto.test_utils.TestCalculerEsperanceMathematique" name="test_probabilites_presentes" time="0.004" /><testcase classname="tests.modules.jeux.loto.test_utils.TestCalculerEsperanceMathematique" name="test_conclusion_presente" time="0.004" /><testcase classname="tests.modules.jeux.loto.test_utils.TestSimulerStrategie" name="test_simulation_aleatoire" time="0.004" /><testcase classname="tests.modules.jeux.loto.test_utils.TestSimulerStrategie" name="test_simulation_eviter_populaires" time="0.004" /><testcase classname="tests.modules.jeux.loto.test_utils.TestSimulerStrategie" name="test_simulation_equilibree" time="0.005" /><testcase classname="tests.modules.jeux.loto.test_utils.TestSimulerStrategie" name="test_simulation_chauds" time="0.004" /><testcase classname="tests.modules.jeux.loto.test_utils.TestSimulerStrategie" name="test_simulation_froids" time="0.004" /><testcase classname="tests.modules.jeux.loto.test_utils.TestSimulerStrategie" name="test_simulation_sans_tirages" time="0.004" /><testcase classname="tests.modules.jeux.loto.test_utils.TestSimulerStrategie" name="test_simulation_plusieurs_grilles" time="0.004" /><testcase classname="tests.modules.jeux.loto.test_utils.TestSimulerStrategie" name="test_simulation_roi" time="0.004" /><testcase classname="tests.modules.jeux.loto.test_utils.TestComparerStrategies" name="test_comparaison_basique" time="0.005" /><testcase classname="tests.modules.jeux.loto.test_utils.TestComparerStrategies" name="test_comparaison_sans_tirages" time="0.004" /><testcase classname="tests.modules.jeux.loto.test_utils.TestComparerStrategies" name="test_comparaison_classement" time="0.006" /><testcase classname="tests.modules.jeux.loto.test_utils.TestConstantes" name="test_plage_numeros" time="0.004" /><testcase classname="tests.modules.jeux.loto.test_utils.TestConstantes" name="test_plage_chance" time="0.003" /><testcase classname="tests.modules.jeux.loto.test_utils.TestConstantes" name="test_nb_numeros" time="0.005" /><testcase classname="tests.modules.jeux.loto.test_utils.TestConstantes" name="test_cout_grille" time="0.003" /><testcase classname="tests.modules.jeux.paris.test_analyseur.TestAnalyseur" name="test_generer_analyse_complete" time="0.004" /><testcase classname="tests.modules.jeux.paris.test_analyseur.TestAnalyseur" name="test_generer_resume_parieur" time="0.004" /><testcase classname="tests.modules.jeux.paris.test_analyseur.TestAnalyseur" name="test_analyseurparis_creation" time="0.004" /><testcase classname="tests.modules.jeux.paris.test_analyseur.TestAnalyseur" name="test_analyseurparis_analyser_match" time="0.003" /><testcase classname="tests.modules.jeux.paris.test_analyseur.TestAnalyseur" name="test_analyseurparis_analyser_serie_complete" time="0.004" /><testcase classname="tests.modules.jeux.paris.test_analyseur.TestAnalyseur" name="test_analyseurparis_calculer_value_bet" time="0.003" /><testcase classname="tests.modules.jeux.paris.test_analyseur.TestAnalyseur" name="test_analyseurparis_analyser_tendance_buts" time="0.003" /><testcase classname="tests.modules.jeux.paris.test_constants.TestConstants" name="test_import" time="0.004" /><testcase classname="tests.modules.jeux.paris.test_crud.TestCrud" name="test_enregistrer_pari" time="0.004" /><testcase classname="tests.modules.jeux.paris.test_crud.TestCrud" name="test_ajouter_equipe" time="0.004" /><testcase classname="tests.modules.jeux.paris.test_crud.TestCrud" name="test_ajouter_match" time="0.003" /><testcase classname="tests.modules.jeux.paris.test_crud.TestCrud" name="test_enregistrer_resultat_match" time="0.004" /><testcase classname="tests.modules.jeux.paris.test_crud.TestCrud" name="test_supprimer_match" time="0.004" /><testcase classname="tests.modules.jeux.paris.test_forme.TestForme" name="test_calculer_forme_equipe" time="0.004" /><testcase classname="tests.modules.jeux.paris.test_forme.TestForme" name="test_calculer_serie_sans_nul" time="0.004" /><testcase classname="tests.modules.jeux.paris.test_forme.TestForme" name="test_calculer_bonus_nul_regression" time="0.004" /><testcase classname="tests.modules.jeux.paris.test_forme.TestForme" name="test_calculer_historique_face_a_face" time="0.004" /><testcase classname="tests.modules.jeux.paris.test_gestion.TestGestion" name="test_afficher_gestion_donnees" time="0.004" /><testcase classname="tests.modules.jeux.paris.test_prediction.TestPrediction" name="test_afficher_prediction_match" time="0.004" /><testcase classname="tests.modules.jeux.paris.test_stats.TestStats" name="test_calculer_performance_paris" time="0.004" /><testcase classname="tests.modules.jeux.paris.test_stats.TestStats" name="test_analyser_tendances_championnat" time="0.003" /><testcase classname="tests.modules.jeux.paris.test_stats.TestStats" name="test_calculer_regularite_equipe" time="0.004" /><testcase classname="tests.modules.jeux.paris.test_sync.TestSync" name="test_sync_equipes_depuis_api" time="0.004" /><testcase classname="tests.modules.jeux.paris.test_sync.TestSync" name="test_sync_tous_championnats" time="0.004" /><testcase classname="tests.modules.jeux.paris.test_sync.TestSync" name="test_sync_matchs_a_venir" time="0.004" /><testcase classname="tests.modules.jeux.paris.test_sync.TestSync" name="test_refresh_scores_matchs" time="0.003" /><testcase classname="tests.modules.jeux.paris.test_tableau_bord.TestTableauBord" name="test_afficher_dashboard_performance" time="0.004" /><testcase classname="tests.modules.jeux.paris.test_utils.TestChargerChampionnatsDisponibles" name="test_retourne_liste_championnats" time="0.004" /><testcase classname="tests.modules.jeux.paris.test_utils.TestChargerChampionnatsDisponibles" name="test_contient_championnats_majeurs" time="0.003" /><testcase classname="tests.modules.jeux.paris.test_utils.TestChargerEquipes" name="test_charge_toutes_equipes" time="0.005" /><testcase classname="tests.modules.jeux.paris.test_utils.TestChargerEquipes" name="test_charge_equipes_avec_filtre_championnat" time="0.006" /><testcase classname="tests.modules.jeux.paris.test_utils.TestChargerEquipes" name="test_equipe_avec_valeurs_none" time="0.005" /><testcase classname="tests.modules.jeux.paris.test_utils.TestChargerEquipes" name="test_erreur_retourne_liste_vide" time="0.005" /><testcase classname="tests.modules.jeux.paris.test_utils.TestChargerMatchsAVenir" name="test_charge_matchs_prochains_7_jours" time="0.007" /><testcase classname="tests.modules.jeux.paris.test_utils.TestChargerMatchsAVenir" name="test_charge_matchs_avec_filtre_championnat" time="0.007" /><testcase classname="tests.modules.jeux.paris.test_utils.TestChargerMatchsAVenir" name="test_match_sans_equipes" time="0.006" /><testcase classname="tests.modules.jeux.paris.test_utils.TestChargerMatchsAVenir" name="test_erreur_retourne_liste_vide" time="0.004" /><testcase classname="tests.modules.jeux.paris.test_utils.TestChargerMatchsRecents" name="test_charge_matchs_recents_equipe" time="0.008" /><testcase classname="tests.modules.jeux.paris.test_utils.TestChargerMatchsRecents" name="test_charge_matchs_avec_limite_personnalisee" time="0.006" /><testcase classname="tests.modules.jeux.paris.test_utils.TestChargerMatchsRecents" name="test_erreur_retourne_liste_vide" time="0.004" /><testcase classname="tests.modules.jeux.paris.test_utils.TestChargerParisUtilisateur" name="test_charge_tous_paris" time="0.006" /><testcase classname="tests.modules.jeux.paris.test_utils.TestChargerParisUtilisateur" name="test_charge_paris_par_statut" time="0.006" /><testcase classname="tests.modules.jeux.paris.test_utils.TestChargerParisUtilisateur" name="test_erreur_retourne_liste_vide" time="0.006" /><testcase classname="tests.modules.jeux.paris.test_utils.TestChargerParisUtilisateur" name="test_paris_liste_vide" time="0.005" /><testcase classname="tests.modules.jeux.test_api_football.TestApiFootball" name="test_configurer_api_key" time="0.004" /><testcase classname="tests.modules.jeux.test_api_football.TestApiFootball" name="test_obtenir_cle_api" time="0.004" /><testcase classname="tests.modules.jeux.test_api_football.TestApiFootball" name="test_faire_requete" time="0.004" /><testcase classname="tests.modules.jeux.test_api_football.TestApiFootball" name="test_charger_matchs_a_venir" time="0.003" /><testcase classname="tests.modules.jeux.test_api_football.TestApiFootball" name="test_charger_historique_equipe" time="0.004" /><testcase classname="tests.modules.jeux.test_api_football.TestApiFootball" name="test_charger_classement" time="0.003" /><testcase classname="tests.modules.jeux.test_api_football.TestApiFootball" name="test_chercher_equipe" time="0.003" /><testcase classname="tests.modules.jeux.test_api_football.TestApiFootball" name="test_charger_matchs_termines" time="0.003" /><testcase classname="tests.modules.jeux.test_api_football.TestApiFootball" name="test_charger_matchs_cache" time="0.004" /><testcase classname="tests.modules.jeux.test_api_football.TestApiFootball" name="test_vider_cache" time="0.004" /><testcase classname="tests.modules.jeux.test_api_service.TestApiService" name="test_charger_matchs_depuis_api" time="0.005" /><testcase classname="tests.modules.jeux.test_api_service.TestApiService" name="test_charger_classement_depuis_api" time="0.004" /><testcase classname="tests.modules.jeux.test_api_service.TestApiService" name="test_charger_historique_equipe_depuis_api" time="0.003" /><testcase classname="tests.modules.jeux.test_api_service.TestApiService" name="test_synchroniser_matchs_api_vers_bd" time="0.004" /><testcase classname="tests.modules.jeux.test_api_service.TestApiService" name="test_synchroniser_resultats_matches_api" time="0.004" /><testcase classname="tests.modules.jeux.test_integration.TestConfigurerJeux" name="test_configure_api_football_avec_cle" time="0.004"><failure message="AttributeError: module 'src.modules.jeux' has no attribute 'api_football'">E   AttributeError: module 'src.modules.jeux' has no attribute 'api_football'</failure></testcase><testcase classname="tests.modules.jeux.test_integration.TestConfigurerJeux" name="test_pas_configuration_sans_cle_api" time="0.004"><failure message="AttributeError: module 'src.modules.jeux' has no attribute 'api_football'">E   AttributeError: module 'src.modules.jeux' has no attribute 'api_football'</failure></testcase><testcase classname="tests.modules.jeux.test_integration.TestConfigurerJeux" name="test_gere_exception_import" time="0.232" /><testcase classname="tests.modules.jeux.test_integration.TestConfigurerJeux" name="test_gere_exception_configuration" time="0.005"><failure message="AttributeError: module 'src.modules.jeux' has no attribute 'api_football'">E   AttributeError: module 'src.modules.jeux' has no attribute 'api_football'</failure></testcase><testcase classname="tests.modules.jeux.test_integration.TestConfigurerJeux" name="test_log_fallback_sans_cle" time="0.004"><failure message="AttributeError: module 'src.modules.jeux' has no attribute 'api_football'">E   AttributeError: module 'src.modules.jeux' has no attribute 'api_football'</failure></testcase><testcase classname="tests.modules.jeux.test_integration.TestConfigurerJeuxIntegration" name="test_import_module" time="0.004" /><testcase classname="tests.modules.jeux.test_integration.TestConfigurerJeuxIntegration" name="test_module_niveau_appel" time="0.007" /><testcase classname="tests.modules.jeux.test_integration.TestConfigurerJeuxIntegration" name="test_fonction_sans_parametres" time="0.004" /><testcase classname="tests.modules.jeux.test_jeux_apis" name="test_football_api" time="3.773" /><testcase classname="tests.modules.jeux.test_jeux_apis" name="test_loto_scraper" time="7.175" /><testcase classname="tests.modules.jeux.test_jeux_apis" name="test_ui_helpers" time="0.004" /><testcase classname="tests.modules.jeux.test_loto_logic.TestConstantesLoto" name="test_plage_numeros" time="0.009" /><testcase classname="tests.modules.jeux.test_loto_logic.TestConstantesLoto" name="test_plage_chance" time="0.008" /><testcase classname="tests.modules.jeux.test_loto_logic.TestConstantesLoto" name="test_cout_grille" time="0.005" /><testcase classname="tests.modules.jeux.test_loto_logic.TestConstantesLoto" name="test_numeros_populaires" time="0.003" /><testcase classname="tests.modules.jeux.test_loto_logic.TestConstantesLoto" name="test_proba_jackpot" time="0.005" /><testcase classname="tests.modules.jeux.test_loto_logic.TestConstantesLoto" name="test_gains_par_rang" time="0.004" /><testcase classname="tests.modules.jeux.test_loto_logic.TestCalculerFrequencesNumeros" name="test_liste_vide" time="0.004" /><testcase classname="tests.modules.jeux.test_loto_logic.TestCalculerFrequencesNumeros" name="test_tirage_unique" time="0.004" /><testcase classname="tests.modules.jeux.test_loto_logic.TestCalculerFrequencesNumeros" name="test_plusieurs_tirages" time="0.004" /><testcase classname="tests.modules.jeux.test_loto_logic.TestCalculerFrequencesNumeros" name="test_pourcentage_calcule" time="0.004" /><testcase classname="tests.modules.jeux.test_loto_logic.TestCalculerEcart" name="test_numero_recent" time="0.004" /><testcase classname="tests.modules.jeux.test_loto_logic.TestCalculerEcart" name="test_numero_ancien" time="0.004" /><testcase classname="tests.modules.jeux.test_loto_logic.TestCalculerEcart" name="test_numero_jamais_sorti" time="0.004" /><testcase classname="tests.modules.jeux.test_loto_logic.TestIdentifierNumerosChaudsFroids" name="test_frequences_vides" time="0.004" /><testcase classname="tests.modules.jeux.test_loto_logic.TestIdentifierNumerosChaudsFroids" name="test_tri_par_frequence" time="0.004" /><testcase classname="tests.modules.jeux.test_loto_logic.TestIdentifierNumerosChaudsFroids" name="test_tri_par_ecart" time="0.004" /><testcase classname="tests.modules.jeux.test_loto_logic.TestIdentifierNumerosChaudsFroids" name="test_nb_top_limite" time="0.004" /><testcase classname="tests.modules.jeux.test_scraper_loto.TestScraperLoto" name="test_charger_tirages_loto" time="0.004" /><testcase classname="tests.modules.jeux.test_scraper_loto.TestScraperLoto" name="test_obtenir_statistiques_loto" time="0.004" /><testcase classname="tests.modules.jeux.test_scraper_loto.TestScraperLoto" name="test_obtenir_dernier_tirage_loto" time="0.005" /><testcase classname="tests.modules.jeux.test_scraper_loto.TestScraperLoto" name="test_inserer_tirages_en_bd" time="0.004" /><testcase classname="tests.modules.jeux.test_scraper_loto.TestScraperLoto" name="test_scraperlotofdj_creation" time="0.004" /><testcase classname="tests.modules.jeux.test_scraper_loto.TestScraperLoto" name="test_scraperlotofdj_charger_derniers_tirages" time="0.004" /><testcase classname="tests.modules.jeux.test_scraper_loto.TestScraperLoto" name="test_scraperlotofdj_calculer_statistiques_historiques" time="0.004" /><testcase classname="tests.modules.jeux.test_scraper_loto.TestScraperLoto" name="test_scraperlotofdj_obtenir_dernier_tirage" time="0.003" /><testcase classname="tests.modules.jeux.test_scraper_loto.TestScraperLoto" name="test_scraperlotofdj_obtenir_tirage_du_jour" time="0.004" /><testcase classname="tests.modules.jeux.test_setup.TestGameSetup" name="test_initialiser_jeux" time="0.004" /><testcase classname="tests.modules.jeux.test_setup.TestGameSetup" name="test_selectionner_jeu" time="0.004" /><testcase classname="tests.modules.jeux.test_setup.TestGameSetup" name="test_creer_jeu" time="0.004" /><testcase classname="tests.modules.jeux.test_setup.TestGameInitialization" name="test_configurer_difficulte" time="0.004" /><testcase classname="tests.modules.jeux.test_setup.TestGameInitialization" name="test_configurer_joueurs" time="0.004" /><testcase classname="tests.modules.jeux.test_setup.TestGameInitialization" name="test_demarrer_partie" time="0.004" /><testcase classname="tests.modules.jeux.test_utils.TestChargerMatchsAvecFallback" name="test_charge_depuis_api_success" time="0.753"><failure message="AssertionError: assert 9 == 1&#10; +  where 9 = len([{'championnat': 'Ligue 1', 'date': '2026-02-20', 'equipe_domicile': 'Stade Brestois 29', 'equipe_domicile_id': 512, .... {'championnat': 'Ligue 1', 'date': '2026-02-22', 'equipe_domicile': 'FC Nantes', 'equipe_domicile_id': 543, ...}, ...])">E   AssertionError: assert 9 == 1
     +  where 9 = len([{'championnat': 'Ligue 1', 'date': '2026-02-20', 'equipe_domicile': 'Stade Brestois 29', 'equipe_domicile_id': 512, .... {'championnat': 'Ligue 1', 'date': '2026-02-22', 'equipe_domicile': 'FC Nantes', 'equipe_domicile_id': 543, ...}, ...])</failure></testcase><testcase time="0.006" /></testsuite></testsuites>
