============================= test session starts =============================
platform win32 -- Python 3.11.8, pytest-9.0.2, pluggy-1.6.0
rootdir: D:\Projet_streamlit\assistant_matanne
configfile: pytest.ini
plugins: anyio-4.12.1, asyncio-1.3.0, cov-7.0.0
asyncio: mode=Mode.STRICT, debug=False, asyncio_default_fixture_loop_scope=function, asyncio_default_test_loop_scope=function
collected 8661 items

tests\api\test_limitation_debit.py ..................................... [  0%]
........................                                                 [  0%]
tests\api\test_main.py ...................................               [  1%]
tests\api\test_routes_courses.py ...............................         [  1%]
tests\api\test_routes_inventaire.py .................                    [  1%]
tests\api\test_routes_planning.py ..................                     [  1%]
tests\api\test_routes_recettes.py ..................                     [  2%]
tests\benchmarks\test_perf_core_operations.py .........                  [  2%]
tests\core\ai\test_ai_agent.py ......................                    [  2%]
tests\core\ai\test_ai_cache.py ......................                    [  2%]
tests\core\ai\test_ai_client.py ......F...................               [  2%]
tests\core\ai\test_ai_modules.py ........s                               [  3%]
tests\core\ai\test_ai_parser.py ........................................ [  3%]
................                                                         [  3%]
tests\core\ai\test_ai_rate_limit.py ............                         [  3%]
tests\core\models\test_base.py ...........                               [  4%]
tests\core\models\test_batch_cooking.py ..........                       [  4%]
tests\core\models\test_calendrier.py ..........                          [  4%]
tests\core\models\test_courses.py ........                               [  4%]
tests\core\models\test_famille.py ..........                             [  4%]
tests\core\models\test_finances.py ..................                    [  4%]
tests\core\models\test_habitat.py ........................               [  4%]
tests\core\models\test_inventaire.py ....                                [  4%]
tests\core\models\test_jardin.py ................                        [  5%]
tests\core\models\test_jeux.py ..........                                [  5%]
tests\core\models\test_maison.py ..........                              [  5%]
tests\core\models\test_notifications.py ........                         [  5%]
tests\core\models\test_planning.py ......                                [  5%]
tests\core\models\test_recettes.py ..................................    [  5%]
tests\core\models\test_sante.py ......                                   [  6%]
tests\core\models\test_systeme.py ......                                 [  6%]
tests\core\models\test_user_preferences.py ...........                   [  6%]
tests\core\models\test_users.py ..........                               [  6%]
tests\core\test_cache.py ............................                    [  6%]
tests\core\test_cache_multi.py ......................................... [  7%]
.........                                                                [  7%]
tests\core\test_config.py .............................................. [  7%]
.................................                                        [  8%]
tests\core\test_constants.py ......................................      [  8%]
tests\core\test_database.py ...........................................s [  9%]
.s.                                                                      [  9%]
tests\core\test_decorators.py .......................................... [  9%]
.........                                                                [  9%]
tests\core\test_errors.py .............................................. [ 10%]
.....................................                                    [ 10%]
tests\core\test_errors_base.py ......................................... [ 11%]
......                                                                   [ 11%]
tests\core\test_image_generator.py ..................................... [ 11%]
.......                                                                  [ 11%]
tests\core\test_lazy_loader.py ......................................... [ 12%]
...                                                                      [ 12%]
tests\core\test_logging.py ...............................               [ 12%]
tests\core\test_models_recettes.py ..................................... [ 13%]
..........                                                               [ 13%]
tests\core\test_multi_tenant.py ........................................ [ 13%]
....................                                                     [ 13%]
tests\core\test_offline.py ............................................. [ 14%]
............                                                             [ 14%]
tests\core\test_performance.py ......................................... [ 14%]
.......                                                                  [ 15%]
tests\core\test_redis_cache.py ......................................... [ 15%]
...............sss..................                                     [ 15%]
tests\core\test_sql_optimizer.py ....................................... [ 16%]
.....................                                                    [ 16%]
tests\core\test_state.py ..................................              [ 17%]
tests\core\test_validation.py .......................................... [ 17%]
........................................................                 [ 18%]
tests\e2e\test_complete_flows.py ...........                             [ 18%]
tests\e2e\test_critical_paths.py .............                           [ 18%]
tests\e2e\test_integration_workflows.py ................................ [ 18%]
.......                                                                  [ 18%]
tests\e2e\test_main_flows.py ..........                                  [ 18%]
tests\modules\accueil\test_accueil_logic.py ...........................  [ 19%]
tests\modules\accueil\test_accueil_ui.py FFFFFFFFFFFFFF........          [ 19%]
tests\modules\accueil\test_accueil_utils.py ............................ [ 19%]
............                                                             [ 20%]
tests\modules\cuisine\courses\test__common.py .                          [ 20%]
tests\modules\cuisine\courses\test_historique.py ..........              [ 20%]
tests\modules\cuisine\courses\test_liste_active.py ..................... [ 20%]
..............                                                           [ 20%]
tests\modules\cuisine\courses\test_liste_utils.py ...................... [ 20%]
..........                                                               [ 20%]
tests\modules\cuisine\courses\test_modeles.py ................           [ 21%]
tests\modules\cuisine\courses\test_outils.py .............               [ 21%]
tests\modules\cuisine\courses\test_planning.py .............             [ 21%]
tests\modules\cuisine\courses\test_realtime.py ......................    [ 21%]
tests\modules\cuisine\courses\test_suggestions_ia.py ..................  [ 21%]
tests\modules\cuisine\courses\test_utils.py ..........                   [ 21%]
tests\modules\cuisine\inventaire\test__common.py ....................... [ 22%]
.....                                                                    [ 22%]
tests\modules\cuisine\inventaire\test_alertes.py .........               [ 22%]
tests\modules\cuisine\inventaire\test_categories.py .........            [ 22%]
tests\modules\cuisine\inventaire\test_historique.py ..............       [ 22%]
tests\modules\cuisine\inventaire\test_notifications.py ..                [ 22%]
tests\modules\cuisine\inventaire\test_photos.py .                        [ 22%]
tests\modules\cuisine\inventaire\test_predictions.py .                   [ 22%]
tests\modules\cuisine\inventaire\test_stock.py ..                        [ 22%]
tests\modules\cuisine\inventaire\test_suggestions.py ............        [ 22%]
tests\modules\cuisine\inventaire\test_tools.py ..                        [ 22%]
tests\modules\cuisine\inventaire\test_utils.py ......................... [ 23%]
.........................................s.............                  [ 23%]
tests\modules\cuisine\planificateur_repas\test__common.py .              [ 23%]
tests\modules\cuisine\planificateur_repas\test_components.py .....       [ 23%]
tests\modules\cuisine\planificateur_repas\test_generation.py ..........  [ 24%]
tests\modules\cuisine\planificateur_repas\test_pdf.py ...........        [ 24%]
tests\modules\cuisine\planificateur_repas\test_preferences.py ....       [ 24%]
tests\modules\cuisine\planificateur_repas\test_utils.py ................ [ 24%]
.......................................                                  [ 24%]
tests\modules\cuisine\recettes\test_ajout.py ............                [ 24%]
tests\modules\cuisine\recettes\test_detail.py .......................... [ 25%]
..                                                                       [ 25%]
tests\modules\cuisine\recettes\test_generation_ia.py ................... [ 25%]
....                                                                     [ 25%]
tests\modules\cuisine\recettes\test_generation_image.py .                [ 25%]
tests\modules\cuisine\recettes\test_liste.py ........................... [ 25%]
..................                                                       [ 26%]
tests\modules\cuisine\recettes\test_utils.py ........................... [ 26%]
........s...........                                                     [ 26%]
tests\modules\cuisine\services\test_batch_cooking.py ................... [ 26%]
...                                                                      [ 26%]
tests\modules\cuisine\test_batch_cooking_detaille.py ................... [ 27%]
.............................                                            [ 27%]
tests\modules\cuisine\test_batch_cooking_detaille_ui.py .                [ 27%]
tests\modules\cuisine\test_batch_cooking_logic.py ...................... [ 27%]
.....................                                                    [ 27%]
tests\modules\cuisine\test_batch_cooking_utils.py ...................... [ 28%]
...........................................                              [ 28%]
tests\modules\cuisine\test_courses_logic.py ............................ [ 29%]
.....................                                                    [ 29%]
tests\modules\cuisine\test_courses_ui.py .                               [ 29%]
tests\modules\cuisine\test_cuisine_init.py .                             [ 29%]
tests\modules\cuisine\test_inventaire_logic.py ......................... [ 29%]
................................                                         [ 29%]
tests\modules\cuisine\test_inventaire_ui.py .                            [ 29%]
tests\modules\cuisine\test_phase2_meals.py ...............               [ 30%]
tests\modules\cuisine\test_phase2_recipes.py ...............             [ 30%]
tests\modules\cuisine\test_planificateur_repas_logic.py ................ [ 30%]
...........                                                              [ 30%]
tests\modules\cuisine\test_planning_logic.py ...FF...................    [ 30%]
tests\modules\cuisine\test_planning_utils.py ..........                  [ 30%]
tests\modules\cuisine\test_recettes_import.py ..................         [ 31%]
tests\modules\cuisine\test_recettes_logic.py ............                [ 31%]
tests\modules\cuisine\test_schemas.py ...................                [ 31%]
tests\modules\famille\achats_famille\test_components.py ......           [ 31%]
tests\modules\famille\achats_famille\test_utils.py ..................... [ 31%]
..                                                                       [ 31%]
tests\modules\famille\jules\test_ai_service.py .                         [ 31%]
tests\modules\famille\jules\test_components.py ......................... [ 32%]
.......                                                                  [ 32%]
tests\modules\famille\jules\test_utils.py .........................      [ 32%]
tests\modules\famille\suivi_perso\test_activities.py .............       [ 32%]
tests\modules\famille\suivi_perso\test_alimentation.py .............     [ 32%]
tests\modules\famille\suivi_perso\test_settings.py ..................    [ 33%]
tests\modules\famille\suivi_perso\test_tableau_bord.py .....F........... [ 33%]
.....                                                                    [ 33%]
tests\modules\famille\suivi_perso\test_utils.py ................         [ 33%]
tests\modules\famille\test_achats_famille.py ........................... [ 33%]
...............                                                          [ 33%]
tests\modules\famille\test_achats_famille_ui.py .                        [ 34%]
tests\modules\famille\test_activites.py ...................              [ 34%]
tests\modules\famille\test_activites_logic.py .......................... [ 34%]
...........                                                              [ 34%]
tests\modules\famille\test_activites_utils.py ..........                 [ 34%]
tests\modules\famille\test_budget_dashboard.py .......................   [ 35%]
tests\modules\famille\test_famille_init.py .                             [ 35%]
tests\modules\famille\test_hub_famille.py .............................. [ 35%]
................                                                         [ 35%]
tests\modules\famille\test_jules.py ..........................           [ 35%]
tests\modules\famille\test_jules_planning.py ........................... [ 36%]
..                                                                       [ 36%]
tests\modules\famille\test_phase2_profiles.py ..............             [ 36%]
tests\modules\famille\test_phase2_tracking.py ..............             [ 36%]
tests\modules\famille\test_routines.py .........................         [ 36%]
tests\modules\famille\test_routines_ext.py ....................          [ 37%]
tests\modules\famille\test_routines_logic.py ........................... [ 37%]
...................                                                      [ 37%]
tests\modules\famille\test_routines_utils.py ..........                  [ 37%]
tests\modules\famille\test_utils.py .................................... [ 38%]
..                                                                       [ 38%]
tests\modules\famille\weekend\test_ai_service.py .......                 [ 38%]
tests\modules\famille\weekend\test_components.py ....................... [ 38%]
....                                                                     [ 38%]
tests\modules\famille\weekend\test_utils.py ...........................  [ 38%]
tests\modules\jeux\logic\paris\test_prediction.py ........               [ 38%]
tests\modules\jeux\loto\test__common.py .                                [ 38%]
tests\modules\jeux\loto\test_crud.py ...............                     [ 39%]
tests\modules\jeux\loto\test_simulation.py ..                            [ 39%]
tests\modules\jeux\loto\test_statistiques.py ...                         [ 39%]
tests\modules\jeux\loto\test_sync.py ...................                 [ 39%]
tests\modules\jeux\loto\test_utils.py .................................. [ 39%]
......................                                                   [ 40%]
tests\modules\jeux\paris\test_analyseur.py .......                       [ 40%]
tests\modules\jeux\paris\test_constants.py .                             [ 40%]
tests\modules\jeux\paris\test_crud.py .....                              [ 40%]
tests\modules\jeux\paris\test_forme.py ....                              [ 40%]
tests\modules\jeux\paris\test_gestion.py .                               [ 40%]
tests\modules\jeux\paris\test_prediction.py .                            [ 40%]
tests\modules\jeux\paris\test_stats.py ...                               [ 40%]
tests\modules\jeux\paris\test_sync.py ....                               [ 40%]
tests\modules\jeux\paris\test_tableau_bord.py .                          [ 40%]
tests\modules\jeux\paris\test_utils.py .................                 [ 40%]
tests\modules\jeux\test_api_football.py ..........                       [ 40%]
tests\modules\jeux\test_api_service.py .....                             [ 40%]
tests\modules\jeux\test_integration.py FF.FF...                          [ 40%]
tests\modules\jeux\test_jeux_apis.py ...                                 [ 40%]
tests\modules\jeux\test_loto_logic.py .................                  [ 41%]
tests\modules\jeux\test_scraper_loto.py .........                        [ 41%]
tests\modules\jeux\test_setup.py ......                                  [ 41%]
tests\modules\jeux\test_utils.py F..F.FFF.F.................             [ 41%]
tests\modules\maison\depenses\test_components.py .................F...   [ 41%]
tests\modules\maison\depenses\test_crud.py ...................           [ 41%]
tests\modules\maison\depenses\test_depenses_init.py .........            [ 42%]
tests\modules\maison\depenses\test_utils.py .                            [ 42%]
tests\modules\maison\services\test_inventaire.py ..                      [ 42%]
tests\modules\maison\services\test_paris_logic.py ..................     [ 42%]
tests\modules\maison\test_charges_logic.py ............................. [ 42%]
                                                                         [ 42%]
tests\modules\maison\test_eco_tips.py ssssssssssssssssssssssssssssssssss [ 43%]
ssss                                                                     [ 43%]
tests\modules\maison\test_energie.py ssssssssssssssssssssssssssssss      [ 43%]
tests\modules\maison\test_entretien.py ssssssssssssss                    [ 43%]
tests\modules\maison\test_entretien_logic.py ................            [ 43%]
tests\modules\maison\test_entretien_utils.py ssssssssss                  [ 43%]
tests\modules\maison\test_hub_data.py ...............                    [ 44%]
tests\modules\maison\test_jardin.py sssssssssssssss                      [ 44%]
tests\modules\maison\test_jardin_logic.py ....................           [ 44%]
tests\modules\maison\test_jardin_zones.py ssssssssssssssssssssssssssssss [ 44%]
s                                                                        [ 44%]
tests\modules\maison\test_maison_init.py .                               [ 44%]
tests\modules\maison\test_meubles.py sssssssssssssssssssssssssssssssssss [ 45%]
                                                                         [ 45%]
tests\modules\maison\test_projets.py sssssssssssssssssssssssssssssssssss [ 45%]
sssssssssssssssss                                                        [ 45%]
tests\modules\maison\test_scan_factures.py sssssssssssssssssssssssssssss [ 46%]
ssssssss                                                                 [ 46%]
tests\modules\maison\test_utils.py sssssssssssssssssssssssssssssssss     [ 46%]
tests\modules\parametres\test_parametres_logic.py ...................... [ 46%]
.....................                                                    [ 47%]
tests\modules\parametres\test_parametres_ui.py .FFFFF.F........          [ 47%]
tests\modules\parametres\test_parametres_utils.py ...................... [ 47%]
............................                                             [ 47%]
tests\modules\planning\calendrier\test__common.py .                      [ 47%]
tests\modules\planning\calendrier\test_components.py ................... [ 48%]
............                                                             [ 48%]
tests\modules\planning\calendrier\test_data.py .............             [ 48%]
tests\modules\planning\calendrier\test_init_app.py FFF                   [ 48%]
tests\modules\planning\calendrier\test_utils.py ........................ [ 48%]
...                                                                      [ 48%]
tests\modules\planning\calendrier\test_utils_comprehensive.py .......... [ 48%]
......................................................................   [ 49%]
tests\modules\planning\test_calendar_sync_ui.py ....................     [ 49%]
tests\modules\planning\test_calendrier_logic.py ........................ [ 50%]
............                                                             [ 50%]
tests\modules\planning\test_phase2_events.py ........................... [ 50%]
......                                                                   [ 50%]
tests\modules\planning\test_planning_components.py ..................... [ 50%]
                                                                         [ 50%]
tests\modules\planning\test_timeline_ui.py .......                       [ 51%]
tests\modules\shared\test_constantes.py .                                [ 51%]
tests\modules\shared\test_date_utils.py .......................          [ 51%]
tests\modules\test_core_workflows.py ..............                      [ 51%]
tests\modules\test_extended_domains.py ................................. [ 51%]
.....                                                                    [ 51%]
tests\modules\test_modules_accueil.py ..........                         [ 52%]
tests\modules\test_modules_barcode.py ........                           [ 52%]
tests\modules\test_modules_cuisine.py ................                   [ 52%]
tests\modules\test_modules_famille.py ............                       [ 52%]
tests\modules\test_modules_init.py .                                     [ 52%]
tests\modules\test_modules_logic.py s........                            [ 52%]
tests\modules\test_modules_planning.py ............                      [ 52%]
tests\modules\utilitaires\test_accueil.py .........                      [ 52%]
tests\modules\utilitaires\test_barcode.py .......                        [ 52%]
tests\modules\utilitaires\test_barcode_logic.py ........................ [ 53%]
                                                                         [ 53%]
tests\modules\utilitaires\test_barcode_ui.py ...................         [ 53%]
tests\modules\utilitaires\test_barcode_utils.py ........................ [ 53%]
.................................                                        [ 54%]
tests\modules\utilitaires\test_notifications_push.py ................... [ 54%]
.......                                                                  [ 54%]
tests\modules\utilitaires\test_parametres.py ..                          [ 54%]
tests\modules\utilitaires\test_rapports.py ..                            [ 54%]
tests\modules\utilitaires\test_rapports_logic.py ....................... [ 54%]
...........                                                              [ 54%]
tests\modules\utilitaires\test_rapports_ui.py ..............             [ 54%]
tests\modules\utilitaires\test_rapports_utils.py ....................... [ 55%]
...........                                                              [ 55%]
tests\services\backup\test_service.py .................................. [ 55%]
.................................................                        [ 56%]
tests\services\backup\test_types.py .................................... [ 56%]
                                                                         [ 56%]
tests\services\backup\test_utils.py .................................... [ 57%]
...............................................................          [ 57%]
tests\services\base\test_ai_service.py ................................. [ 58%]
.......................                                                  [ 58%]
tests\services\base\test_io_service.py ................................. [ 58%]
.......................................                                  [ 59%]
tests\services\base\test_types.py ...................................... [ 59%]
......................................                                   [ 60%]
tests\services\batch_cooking\test_service.py ........................... [ 60%]
....................                                                     [ 60%]
tests\services\batch_cooking\test_utils.py ............................. [ 61%]
..............................                                           [ 61%]
tests\services\budget\test_budget_init.py ....                           [ 61%]
tests\services\budget\test_schemas.py ..............................     [ 61%]
tests\services\budget\test_service.py .......FF................F........ [ 62%]
...                                                                      [ 62%]
tests\services\budget\test_utils.py .................................... [ 62%]
.......................................                                  [ 63%]
tests\services\calendrier\test_calendrier_init.py ....                   [ 63%]
tests\services\calendrier\test_ical_generator.py ....................... [ 63%]
......                                                                   [ 63%]
tests\services\calendrier\test_schemas.py .................              [ 63%]
tests\services\calendrier\test_service.py .............................. [ 64%]
F..................ssssss                                                [ 64%]
tests\services\courses\test_service.py ................................  [ 64%]
tests\services\courses\test_suggestion.py .............................. [ 65%]
....................                                                     [ 65%]
tests\services\courses\test_types.py ................................... [ 65%]
......                                                                   [ 65%]
tests\services\garmin\test_service.py .................................. [ 66%]
.......                                                                  [ 66%]
tests\services\garmin\test_utils.py .................................... [ 66%]
................................................                         [ 67%]
tests\services\integrations\test_codes_barres.py ....................... [ 67%]
.................................                                        [ 67%]
tests\services\integrations\test_facture.py ............................ [ 68%]
................                                                         [ 68%]
tests\services\integrations\test_produit.py ............................ [ 68%]
...................                                                      [ 68%]
tests\services\inventaire\test_service.py .............................. [ 69%]
................................                                         [ 69%]
tests\services\jeux\test_ai_service.py ................                  [ 69%]
tests\services\jeux\test_backtest_service.py ........................... [ 70%]
.                                                                        [ 70%]
tests\services\jeux\test_football_data.py .............                  [ 70%]
tests\services\jeux\test_loto_data.py ...................                [ 70%]
tests\services\jeux\test_notification_service.py ....................... [ 70%]
                                                                         [ 70%]
tests\services\jeux\test_scheduler_service.py ........................   [ 71%]
tests\services\jeux\test_series_service.py ...................           [ 71%]
tests\services\maison\test_assistant_ia.py ..................            [ 71%]
tests\services\maison\test_energie_service.py .........s...s....         [ 71%]
tests\services\maison\test_entretien_service.py .................        [ 71%]
tests\services\maison\test_inventaire_service.py .................F..... [ 72%]
............                                                             [ 72%]
tests\services\maison\test_jardin_service.py ................            [ 72%]
tests\services\maison\test_plan_jardin_service.py ...................... [ 72%]
...                                                                      [ 72%]
tests\services\maison\test_projets_service.py .....s............         [ 72%]
tests\services\maison\test_temps_entretien_service.py .................. [ 73%]
.......                                                                  [ 73%]
tests\services\notifications\test_inventaire.py ........................ [ 73%]
.....                                                                    [ 73%]
tests\services\notifications\test_notif_ntfy.py ........................ [ 73%]
...........                                                              [ 74%]
tests\services\notifications\test_notif_web.py ......................... [ 74%]
.....................................                                    [ 74%]
tests\services\notifications\test_ui.py ............                     [ 74%]
tests\services\notifications\test_utils.py ............................. [ 75%]
...............................                                          [ 75%]
tests\services\planning\test_global_planning.py ........................ [ 75%]
...................................                                      [ 76%]
tests\services\planning\test_rappels.py ......                           [ 76%]
tests\services\planning\test_recurrence.py .......                       [ 76%]
tests\services\planning\test_service.py ................................ [ 76%]
.............                                                            [ 76%]
tests\services\planning\test_templates.py ...                            [ 76%]
tests\services\planning\test_utils.py .................................. [ 77%]
...............................................................          [ 78%]
tests\services\rapports\test_export.py ............................      [ 78%]
tests\services\rapports\test_generation.py ............................. [ 78%]
.............                                                            [ 78%]
tests\services\recettes\test_import_url.py ............................. [ 79%]
.................................................                        [ 79%]
tests\services\recettes\test_service.py ................................ [ 80%]
....................................................                     [ 80%]
tests\services\recettes\test_types.py ............................       [ 81%]
tests\services\recettes\test_utils.py .................................. [ 81%]
.....................................                                    [ 81%]
tests\services\suggestions\test_predictions.py ......................... [ 82%]
..............                                                           [ 82%]
tests\services\suggestions\test_service.py ............................. [ 82%]
..................                                                       [ 82%]
tests\services\suggestions\test_types.py ...........                     [ 83%]
tests\services\suggestions\test_utils.py ............................... [ 83%]
.....................................................                    [ 83%]
tests\services\utilisateur\test_authentification.py .................... [ 84%]
........................................................................ [ 85%]
.....................                                                    [ 85%]
tests\services\utilisateur\test_historique.py .......................... [ 85%]
.................................                                        [ 85%]
tests\services\utilisateur\test_preferences.py ......................... [ 86%]
...........                                                              [ 86%]
tests\services\weather\test_service.py ................................. [ 86%]
.................                                                        [ 86%]
tests\services\weather\test_utils.py ................................... [ 87%]
........................................................................ [ 88%]
.....                                                                    [ 88%]
tests\services\web\test_pwa.py .....................                     [ 88%]
tests\services\web\test_synchronisation.py ............................. [ 88%]
.................................                                        [ 89%]
tests\test_app.py ..............................                         [ 89%]
tests\ui\components\test_alertes.py ........                             [ 89%]
tests\ui\components\test_atoms.py .............................          [ 89%]
tests\ui\components\test_camera_scanner.py ............................. [ 90%]
........................                                                 [ 90%]
tests\ui\components\test_dashboard_widgets.py .......................... [ 90%]
.................                                                        [ 91%]
tests\ui\components\test_data.py ......................F...............  [ 91%]
tests\ui\components\test_dynamic.py ..................................   [ 91%]
tests\ui\components\test_forms.py ..........................             [ 92%]
tests\ui\components\test_google_calendar.py ............................ [ 92%]
                                                                         [ 92%]
tests\ui\components\test_google_calendar_sync.py ....                    [ 92%]
tests\ui\components\test_layouts.py ...................                  [ 92%]
tests\ui\core\test_base_form.py ........................................ [ 93%]
.                                                                        [ 93%]
tests\ui\core\test_base_io.py ......................                     [ 93%]
tests\ui\core\test_base_module.py ...................................... [ 93%]
                                                                         [ 93%]
tests\ui\feedback\test_feedback.py ......................                [ 94%]
tests\ui\feedback\test_progress.py ..............................        [ 94%]
tests\ui\feedback\test_spinners.py .....................                 [ 94%]
tests\ui\feedback\test_toasts.py .....................................   [ 95%]
tests\ui\layout\test_footer.py ....                                      [ 95%]
tests\ui\layout\test_header.py .....                                     [ 95%]
tests\ui\layout\test_layout_init.py ....                                 [ 95%]
tests\ui\layout\test_sidebar.py ................                         [ 95%]
tests\ui\layout\test_styles.py ...                                       [ 95%]
tests\ui\test_imports_ui.py ...F...F...F........F                        [ 95%]
tests\ui\test_tablet_mode.py ........................................... [ 96%]
                                                                         [ 96%]
tests\utils\formatters\test_dates.py ................................... [ 96%]
..........................                                               [ 97%]
tests\utils\formatters\test_numbers.py ................................. [ 97%]
........................                                                 [ 97%]
tests\utils\formatters\test_text.py ......                               [ 97%]
tests\utils\formatters\test_units.py ................................    [ 98%]
tests\utils\helpers\test_data.py ........................                [ 98%]
tests\utils\helpers\test_dates.py ....................                   [ 98%]
tests\utils\helpers\test_food.py ............                            [ 98%]
tests\utils\helpers\test_stats.py ........                               [ 98%]
tests\utils\helpers\test_strings.py ..............................       [ 99%]
tests\utils\test_recipe_importer.py .................................... [ 99%]
..............................                                           [100%]

================================== FAILURES ===================================
E   httpx.HTTPStatusError: Client error '401 Unauthorized' for url 'https://api.mistral.ai/v1/chat/completions'
    For more information check: https://developer.mozilla.org/en-US/docs/Web/HTTP/Status/401

The above exception was the direct cause of the following exception:
E   src.core.errors_base.ErreurServiceIA: Erreur API Mistral: Client error '401 Unauthorized' for url 'https://api.mistral.ai/v1/chat/completions'
    For more information check: https://developer.mozilla.org/en-US/docs/Web/HTTP/Status/401
---------------------------- Captured stdout setup ----------------------------
[32mINFO[0m | src.core.cache            | Cache cleared
---------------------------- Captured stderr setup ----------------------------
2026-02-18 17:17:36.536 WARNING streamlit.runtime.scriptrunner_utils.script_run_context: Thread 'MainThread': missing ScriptRunContext! This warning can be ignored when running in bare mode.
2026-02-18 17:17:36.536 WARNING streamlit.runtime.scriptrunner_utils.script_run_context: Thread 'MainThread': missing ScriptRunContext! This warning can be ignored when running in bare mode.
2026-02-18 17:17:36.536 WARNING streamlit.runtime.scriptrunner_utils.script_run_context: Thread 'MainThread': missing ScriptRunContext! This warning can be ignored when running in bare mode.
2026-02-18 17:17:36.536 WARNING streamlit.runtime.scriptrunner_utils.script_run_context: Thread 'MainThread': missing ScriptRunContext! This warning can be ignored when running in bare mode.
2026-02-18 17:17:36.536 WARNING streamlit.runtime.scriptrunner_utils.script_run_context: Thread 'MainThread': missing ScriptRunContext! This warning can be ignored when running in bare mode.
2026-02-18 17:17:36.536 WARNING streamlit.runtime.scriptrunner_utils.script_run_context: Thread 'MainThread': missing ScriptRunContext! This warning can be ignored when running in bare mode.
2026-02-18 17:17:36.536 WARNING streamlit.runtime.scriptrunner_utils.script_run_context: Thread 'MainThread': missing ScriptRunContext! This warning can be ignored when running in bare mode.
2026-02-18 17:17:36.537 WARNING streamlit.runtime.scriptrunner_utils.script_run_context: Thread 'MainThread': missing ScriptRunContext! This warning can be ignored when running in bare mode.
2026-02-18 17:17:36.537 WARNING streamlit.runtime.scriptrunner_utils.script_run_context: Thread 'MainThread': missing ScriptRunContext! This warning can be ignored when running in bare mode.
2026-02-18 17:17:36.537 WARNING streamlit.runtime.scriptrunner_utils.script_run_context: Thread 'MainThread': missing ScriptRunContext! This warning can be ignored when running in bare mode.
2026-02-18 17:17:36.537 WARNING streamlit.runtime.scriptrunner_utils.script_run_context: Thread 'MainThread': missing ScriptRunContext! This warning can be ignored when running in bare mode.
2026-02-18 17:17:36.537 WARNING streamlit.runtime.scriptrunner_utils.script_run_context: Thread 'MainThread': missing ScriptRunContext! This warning can be ignored when running in bare mode.
----------------------------- Captured log setup ------------------------------
INFO     src.core.cache:cache.py:164 Cache cleared
DEBUG    asyncio:proactor_events.py:633 Using proactor: IocpProactor
---------------------------- Captured stdout call -----------------------------
[32mINFO[0m | src.core.ai.client        | [OK] ClientIA initialisÚ (modÞle: mistral-small)
[32mINFO[0m | httpx                     | HTTP Request: POST https://api.mistral.ai/v1/chat/completions "HTTP/1.1 401 Unauthorized"
[33mWARNING[0m | src.core.ai.client        | Tentative 1/3 aprÞs 1s
[32mINFO[0m | httpx                     | HTTP Request: POST https://api.mistral.ai/v1/chat/completions "HTTP/1.1 401 Unauthorized"
[33mWARNING[0m | src.core.ai.client        | Tentative 2/3 aprÞs 2s
[32mINFO[0m | httpx                     | HTTP Request: POST https://api.mistral.ai/v1/chat/completions "HTTP/1.1 401 Unauthorized"
[31mERROR[0m | src.core.ai.client        | [ERROR] Erreur API aprÞs 3 tentatives: Client error '401 Unauthorized' for url 'https://api.mistral.ai/v1/chat/completions'
For more information check: https://developer.mozilla.org/en-US/docs/Web/HTTP/Status/401
---------------------------- Captured stderr call -----------------------------
2026-02-18 17:17:36.541 WARNING streamlit.runtime.scriptrunner_utils.script_run_context: Thread 'MainThread': missing ScriptRunContext! This warning can be ignored when running in bare mode.
2026-02-18 17:17:36.541 WARNING streamlit.runtime.scriptrunner_utils.script_run_context: Thread 'MainThread': missing ScriptRunContext! This warning can be ignored when running in bare mode.
2026-02-18 17:17:36.541 WARNING streamlit.runtime.scriptrunner_utils.script_run_context: Thread 'MainThread': missing ScriptRunContext! This warning can be ignored when running in bare mode.
2026-02-18 17:17:36.541 WARNING streamlit.runtime.scriptrunner_utils.script_run_context: Thread 'MainThread': missing ScriptRunContext! This warning can be ignored when running in bare mode.
2026-02-18 17:17:36.541 WARNING streamlit.runtime.scriptrunner_utils.script_run_context: Thread 'MainThread': missing ScriptRunContext! This warning can be ignored when running in bare mode.
2026-02-18 17:17:36.541 WARNING streamlit.runtime.scriptrunner_utils.script_run_context: Thread 'MainThread': missing ScriptRunContext! This warning can be ignored when running in bare mode.
2026-02-18 17:17:36.541 WARNING streamlit.runtime.scriptrunner_utils.script_run_context: Thread 'MainThread': missing ScriptRunContext! This warning can be ignored when running in bare mode.
2026-02-18 17:17:36.541 WARNING streamlit.runtime.scriptrunner_utils.script_run_context: Thread 'MainThread': missing ScriptRunContext! This warning can be ignored when running in bare mode.
2026-02-18 17:17:36.541 WARNING streamlit.runtime.scriptrunner_utils.script_run_context: Thread 'MainThread': missing ScriptRunContext! This warning can be ignored when running in bare mode.
2026-02-18 17:17:36.541 WARNING streamlit.runtime.scriptrunner_utils.script_run_context: Thread 'MainThread': missing ScriptRunContext! This warning can be ignored when running in bare mode.
2026-02-18 17:17:36.541 WARNING streamlit.runtime.scriptrunner_utils.script_run_context: Thread 'MainThread': missing ScriptRunContext! This warning can be ignored when running in bare mode.
------------------------------ Captured log call ------------------------------
INFO     src.core.ai.client:client.py:68 [OK] ClientIA initialisÚ (modÞle: mistral-small)
DEBUG    httpcore.connection:_trace.py:87 connect_tcp.started host='api.mistral.ai' port=443 local_address=None timeout=30 socket_options=None
DEBUG    httpcore.connection:_trace.py:87 connect_tcp.complete return_value=<httpcore._backends.anyio.AnyIOStream object at 0x0000021EFB3F8150>
DEBUG    httpcore.connection:_trace.py:87 start_tls.started ssl_context=<ssl.SSLContext object at 0x0000021EFB578CB0> server_hostname='api.mistral.ai' timeout=30
DEBUG    httpcore.connection:_trace.py:87 start_tls.complete return_value=<httpcore._backends.anyio.AnyIOStream object at 0x0000021EFB3EAD50>
DEBUG    httpcore.http11:_trace.py:87 send_request_headers.started request=<Request [b'POST']>
DEBUG    httpcore.http11:_trace.py:87 send_request_headers.complete
DEBUG    httpcore.http11:_trace.py:87 send_request_body.started request=<Request [b'POST']>
DEBUG    httpcore.http11:_trace.py:87 send_request_body.complete
DEBUG    httpcore.http11:_trace.py:87 receive_response_headers.started request=<Request [b'POST']>
DEBUG    httpcore.http11:_trace.py:87 receive_response_headers.complete return_value=(b'HTTP/1.1', 401, b'Unauthorized', [(b'Date', b'Wed, 18 Feb 2026 16:17:36 GMT'), (b'Content-Type', b'application/json; charset=utf-8'), (b'Content-Length', b'25'), (b'Connection', b'keep-alive'), (b'CF-RAY', b'9cfed5eafa57bb5e-CDG'), (b'mistral-correlation-id', b'019c718a-eefa-7920-b635-31ae8c3e1a96'), (b'x-kong-request-id', b'019c718a-eefa-7920-b635-31ae8c3e1a96'), (b'access-control-allow-origin', b'*'), (b'x-kong-response-latency', b'7'), (b'cf-cache-status', b'DYNAMIC'), (b'Set-Cookie', b'__cf_bm=QxxQFhjDGhGmXZPR5D26DCt1V0gJWBtGvPSoUtEPgAE-1771431456-1.0.1.1-pXMi_GPmFHMS0GUKDEdoYR4GJLfxvxXWuwAl8RwbxeXeS6SZlHfK1VhCN6qvFCFCWVf1T.8i0Ccj1W.AdIOFnyDfvbwpjktNHa4yk629DOA; path=/; expires=Wed, 18-Feb-26 16:47:36 GMT; domain=.mistral.ai; HttpOnly; Secure; SameSite=None'), (b'Set-Cookie', b'_cfuvid=su_0VdyvQOPXL2gNZRcgu9Eg2_Q_C2XCBA5R.c8KSzE-1771431456534-0.0.1.1-604800000; path=/; domain=.mistral.ai; HttpOnly; Secure; SameSite=None'), (b'Strict-Transport-Security', b'max-age=15552000; includeSubDomains; preload'), (b'X-Content-Type-Options', b'nosniff'), (b'Server', b'cloudflare'), (b'alt-svc', b'h3=":443"; ma=86400')])
INFO     httpx:_client.py:1740 HTTP Request: POST https://api.mistral.ai/v1/chat/completions "HTTP/1.1 401 Unauthorized"
DEBUG    httpcore.http11:_trace.py:87 receive_response_body.started request=<Request [b'POST']>
DEBUG    httpcore.http11:_trace.py:87 receive_response_body.complete
DEBUG    httpcore.http11:_trace.py:87 response_closed.started
DEBUG    httpcore.http11:_trace.py:87 response_closed.complete
DEBUG    httpcore.connection:_trace.py:87 close.started
DEBUG    httpcore.connection:_trace.py:87 close.complete
WARNING  src.core.ai.client:client.py:164 Tentative 1/3 aprÞs 1s
DEBUG    httpcore.connection:_trace.py:87 connect_tcp.started host='api.mistral.ai' port=443 local_address=None timeout=30 socket_options=None
DEBUG    httpcore.connection:_trace.py:87 connect_tcp.complete return_value=<httpcore._backends.anyio.AnyIOStream object at 0x0000021EFB4F8CD0>
DEBUG    httpcore.connection:_trace.py:87 start_tls.started ssl_context=<ssl.SSLContext object at 0x0000021EFB578DD0> server_hostname='api.mistral.ai' timeout=30
DEBUG    httpcore.connection:_trace.py:87 start_tls.complete return_value=<httpcore._backends.anyio.AnyIOStream object at 0x0000021EFB4F90D0>
DEBUG    httpcore.http11:_trace.py:87 send_request_headers.started request=<Request [b'POST']>
DEBUG    httpcore.http11:_trace.py:87 send_request_headers.complete
DEBUG    httpcore.http11:_trace.py:87 send_request_body.started request=<Request [b'POST']>
DEBUG    httpcore.http11:_trace.py:87 send_request_body.complete
DEBUG    httpcore.http11:_trace.py:87 receive_response_headers.started request=<Request [b'POST']>
DEBUG    httpcore.http11:_trace.py:87 receive_response_headers.complete return_value=(b'HTTP/1.1', 401, b'Unauthorized', [(b'Date', b'Wed, 18 Feb 2026 16:17:38 GMT'), (b'Content-Type', b'application/json; charset=utf-8'), (b'Content-Length', b'25'), (b'Connection', b'keep-alive'), (b'CF-RAY', b'9cfed5f659a902d9-CDG'), (b'mistral-correlation-id', b'019c718a-f614-7d0a-b05e-dde1b3f5dc3d'), (b'x-kong-request-id', b'019c718a-f614-7d0a-b05e-dde1b3f5dc3d'), (b'access-control-allow-origin', b'*'), (b'x-kong-response-latency', b'7'), (b'cf-cache-status', b'DYNAMIC'), (b'Set-Cookie', b'__cf_bm=bxNm5vsAWpZSmLnSldwCHyNFkptnL_s.Og0edb7fMY8-1771431458-1.0.1.1-9TKo1QPG2pk.4ngXGr7cReoZatc4k_lR4.3KKmPMoiP3rWW6v3sGXLifLx0G6p6YdF4i6.TyqSlQUDVXJsNeUqFxFmi01_ps_AcKac35k6w; path=/; expires=Wed, 18-Feb-26 16:47:38 GMT; domain=.mistral.ai; HttpOnly; Secure; SameSite=None'), (b'Set-Cookie', b'_cfuvid=V_d3zN5Y0WqIda6k6XJ5o7E6s5Lq9EQQlAX39T..T4Y-1771431458350-0.0.1.1-604800000; path=/; domain=.mistral.ai; HttpOnly; Secure; SameSite=None'), (b'Strict-Transport-Security', b'max-age=15552000; includeSubDomains; preload'), (b'X-Content-Type-Options', b'nosniff'), (b'Server', b'cloudflare'), (b'alt-svc', b'h3=":443"; ma=86400')])
INFO     httpx:_client.py:1740 HTTP Request: POST https://api.mistral.ai/v1/chat/completions "HTTP/1.1 401 Unauthorized"
DEBUG    httpcore.http11:_trace.py:87 receive_response_body.started request=<Request [b'POST']>
DEBUG    httpcore.http11:_trace.py:87 receive_response_body.complete
DEBUG    httpcore.http11:_trace.py:87 response_closed.started
DEBUG    httpcore.http11:_trace.py:87 response_closed.complete
DEBUG    httpcore.connection:_trace.py:87 close.started
DEBUG    httpcore.connection:_trace.py:87 close.complete
WARNING  src.core.ai.client:client.py:164 Tentative 2/3 aprÞs 2s
DEBUG    httpcore.connection:_trace.py:87 connect_tcp.started host='api.mistral.ai' port=443 local_address=None timeout=30 socket_options=None
DEBUG    httpcore.connection:_trace.py:87 connect_tcp.complete return_value=<httpcore._backends.anyio.AnyIOStream object at 0x0000021EFB00ABD0>
DEBUG    httpcore.connection:_trace.py:87 start_tls.started ssl_context=<ssl.SSLContext object at 0x0000021EFB5799A0> server_hostname='api.mistral.ai' timeout=30
DEBUG    httpcore.connection:_trace.py:87 start_tls.complete return_value=<httpcore._backends.anyio.AnyIOStream object at 0x0000021EFB4F97D0>
DEBUG    httpcore.http11:_trace.py:87 send_request_headers.started request=<Request [b'POST']>
DEBUG    httpcore.http11:_trace.py:87 send_request_headers.complete
DEBUG    httpcore.http11:_trace.py:87 send_request_body.started request=<Request [b'POST']>
DEBUG    httpcore.http11:_trace.py:87 send_request_body.complete
DEBUG    httpcore.http11:_trace.py:87 receive_response_headers.started request=<Request [b'POST']>
DEBUG    httpcore.http11:_trace.py:87 receive_response_headers.complete return_value=(b'HTTP/1.1', 401, b'Unauthorized', [(b'Date', b'Wed, 18 Feb 2026 16:17:41 GMT'), (b'Content-Type', b'application/json; charset=utf-8'), (b'Content-Length', b'25'), (b'Connection', b'keep-alive'), (b'CF-RAY', b'9cfed6083ebcd619-CDG'), (b'mistral-correlation-id', b'019c718b-014c-72d1-9e65-939d8fe99fc5'), (b'x-kong-request-id', b'019c718b-014c-72d1-9e65-939d8fe99fc5'), (b'access-control-allow-origin', b'*'), (b'x-kong-response-latency', b'8'), (b'cf-cache-status', b'DYNAMIC'), (b'Set-Cookie', b'__cf_bm=IC2WsrAY1ixsicN4HCjbRZnDK8wCwtTOrSdzcAYguD8-1771431461-1.0.1.1-gbKiwAL0U4yptkLMp17LUB3MWt0legh2Y.uy0m33.nNq40nXmxwxYWM.pEVibAiNrQlniKUc_QvKAAahQKiZsgJJeEOLStN_ytzroOjsBFs; path=/; expires=Wed, 18-Feb-26 16:47:41 GMT; domain=.mistral.ai; HttpOnly; Secure; SameSite=None'), (b'Set-Cookie', b'_cfuvid=hpnz5W_WyB0HIchZx9VQWwaUTAnNqxFieJmPbnQaCZ4-1771431461222-0.0.1.1-604800000; path=/; domain=.mistral.ai; HttpOnly; Secure; SameSite=None'), (b'Strict-Transport-Security', b'max-age=15552000; includeSubDomains; preload'), (b'X-Content-Type-Options', b'nosniff'), (b'Server', b'cloudflare'), (b'alt-svc', b'h3=":443"; ma=86400')])
INFO     httpx:_client.py:1740 HTTP Request: POST https://api.mistral.ai/v1/chat/completions "HTTP/1.1 401 Unauthorized"
DEBUG    httpcore.http11:_trace.py:87 receive_response_body.started request=<Request [b'POST']>
DEBUG    httpcore.http11:_trace.py:87 receive_response_body.complete
DEBUG    httpcore.http11:_trace.py:87 response_closed.started
DEBUG    httpcore.http11:_trace.py:87 response_closed.complete
DEBUG    httpcore.connection:_trace.py:87 close.started
DEBUG    httpcore.connection:_trace.py:87 close.complete
ERROR    src.core.ai.client:client.py:156 [ERROR] Erreur API aprÞs 3 tentatives: Client error '401 Unauthorized' for url 'https://api.mistral.ai/v1/chat/completions'
For more information check: https://developer.mozilla.org/en-US/docs/Web/HTTP/Status/401
D:\Projet_streamlit\assistant_matanne\src\core\ai\client.py:157: src.core.errors_base.ErreurServiceIA: Erreur API Mistral: Client error '401 Unauthorized' for url 'https://api.mistral.ai/v1/chat/completions'
E   streamlit.errors.NoSessionContext: Cursor is not set

During handling of the above exception, another exception occurred:
E   src.core.errors_base.ErreurBaseDeDonnees: Impossible de se connecter aprÞs 3 tentatives: (psycopg2.OperationalError) connection to server at "aws-0-eu-central-1.pooler.supabase.com" (18.198.145.223), port 6543 failed: FATAL:  Tenant or user not found

    (Background on this error at: https://sqlalche.me/e/20/e3q8)
---------------------------- Captured stdout setup ----------------------------
[32mINFO[0m | src.core.cache            | Cache cleared
---------------------------- Captured stderr setup ----------------------------
2026-02-18 17:18:21.134 Thread 'MainThread': missing ScriptRunContext! This warning can be ignored when running in bare mode.
2026-02-18 17:18:21.134 Thread 'MainThread': missing ScriptRunContext! This warning can be ignored when running in bare mode.
2026-02-18 17:18:21.134 Thread 'MainThread': missing ScriptRunContext! This warning can be ignored when running in bare mode.
2026-02-18 17:18:21.134 Thread 'MainThread': missing ScriptRunContext! This warning can be ignored when running in bare mode.
2026-02-18 17:18:21.134 Thread 'MainThread': missing ScriptRunContext! This warning can be ignored when running in bare mode.
2026-02-18 17:18:21.134 Thread 'MainThread': missing ScriptRunContext! This warning can be ignored when running in bare mode.
2026-02-18 17:18:21.134 Thread 'MainThread': missing ScriptRunContext! This warning can be ignored when running in bare mode.
2026-02-18 17:18:21.134 Thread 'MainThread': missing ScriptRunContext! This warning can be ignored when running in bare mode.
2026-02-18 17:18:21.134 Thread 'MainThread': missing ScriptRunContext! This warning can be ignored when running in bare mode.
2026-02-18 17:18:21.134 Thread 'MainThread': missing ScriptRunContext! This warning can be ignored when running in bare mode.
2026-02-18 17:18:21.134 Thread 'MainThread': missing ScriptRunContext! This warning can be ignored when running in bare mode.
2026-02-18 17:18:21.134 Thread 'MainThread': missing ScriptRunContext! This warning can be ignored when running in bare mode.
----------------------------- Captured log setup ------------------------------
INFO     src.core.cache:cache.py:164 Cache cleared
---------------------------- Captured stdout call -----------------------------
[33mWARNING[0m | src.core.db.engine        | [ERROR] Tentative 1/3 ÚchouÚe: (psycopg2.OperationalError) connection to server at "aws-0-eu-central-1.pooler.supabase.com" (18.198.145.223), port 6543 failed: FATAL:  Tenant or user not found

(Background on this error at: https://sqlalche.me/e/20/e3q8)
[33mWARNING[0m | src.core.db.engine        | [ERROR] Tentative 2/3 ÚchouÚe: (psycopg2.OperationalError) connection to server at "aws-0-eu-central-1.pooler.supabase.com" (18.198.145.223), port 6543 failed: FATAL:  Tenant or user not found

(Background on this error at: https://sqlalche.me/e/20/e3q8)
[33mWARNING[0m | src.core.db.engine        | [ERROR] Tentative 3/3 ÚchouÚe: (psycopg2.OperationalError) connection to server at "aws-0-eu-central-1.pooler.supabase.com" (18.198.145.223), port 6543 failed: FATAL:  Tenant or user not found

(Background on this error at: https://sqlalche.me/e/20/e3q8)
[31mERROR[0m | src.core.db.engine        | Impossible de se connecter aprÞs 3 tentatives: (psycopg2.OperationalError) connection to server at "aws-0-eu-central-1.pooler.supabase.com" (18.198.145.223), port 6543 failed: FATAL:  Tenant or user not found

(Background on this error at: https://sqlalche.me/e/20/e3q8)
---------------------------- Captured stderr call -----------------------------
2026-02-18 17:18:21.140 Thread 'MainThread': missing ScriptRunContext! This warning can be ignored when running in bare mode.
2026-02-18 17:18:21.140 Thread 'MainThread': missing ScriptRunContext! This warning can be ignored when running in bare mode.
2026-02-18 17:18:21.140 Thread 'MainThread': missing ScriptRunContext! This warning can be ignored when running in bare mode.
2026-02-18 17:18:21.140 Thread 'MainThread': missing ScriptRunContext! This warning can be ignored when running in bare mode.
2026-02-18 17:18:21.140 Thread 'MainThread': missing ScriptRunContext! This warning can be ignored when running in bare mode.
2026-02-18 17:18:21.140 Thread 'MainThread': missing ScriptRunContext! This warning can be ignored when running in bare mode.
2026-02-18 17:18:21.140 Thread 'MainThread': missing ScriptRunContext! This warning can be ignored when running in bare mode.
2026-02-18 17:18:21.140 Thread 'MainThread': missing ScriptRunContext! This warning can be ignored when running in bare mode.
2026-02-18 17:18:21.140 Thread 'MainThread': missing ScriptRunContext! This warning can be ignored when running in bare mode.
2026-02-18 17:18:21.140 Thread 'MainThread': missing ScriptRunContext! This warning can be ignored when running in bare mode.
2026-02-18 17:18:21.140 Thread 'MainThread': missing ScriptRunContext! This warning can be ignored when running in bare mode.
2026-02-18 17:18:21.140 Thread 'MainThread': missing ScriptRunContext! This warning can be ignored when running in bare mode.
2026-02-18 17:18:21.140 Thread 'MainThread': missing ScriptRunContext! This warning can be ignored when running in bare mode.
2026-02-18 17:18:21.140 Thread 'MainThread': missing ScriptRunContext! This warning can be ignored when running in bare mode.
2026-02-18 17:18:21.141 Thread 'MainThread': missing ScriptRunContext! This warning can be ignored when running in bare mode.
2026-02-18 17:18:21.141 Thread 'MainThread': missing ScriptRunContext! This warning can be ignored when running in bare mode.
2026-02-18 17:18:21.141 Thread 'MainThread': missing ScriptRunContext! This warning can be ignored when running in bare mode.
2026-02-18 17:18:21.141 Thread 'MainThread': missing ScriptRunContext! This warning can be ignored when running in bare mode.
------------------------------ Captured log call ------------------------------
WARNING  src.core.db.engine:engine.py:71 [ERROR] Tentative 1/3 ÚchouÚe: (psycopg2.OperationalError) connection to server at "aws-0-eu-central-1.pooler.supabase.com" (18.198.145.223), port 6543 failed: FATAL:  Tenant or user not found

(Background on this error at: https://sqlalche.me/e/20/e3q8)
WARNING  src.core.db.engine:engine.py:71 [ERROR] Tentative 2/3 ÚchouÚe: (psycopg2.OperationalError) connection to server at "aws-0-eu-central-1.pooler.supabase.com" (18.198.145.223), port 6543 failed: FATAL:  Tenant or user not found

(Background on this error at: https://sqlalche.me/e/20/e3q8)
WARNING  src.core.db.engine:engine.py:71 [ERROR] Tentative 3/3 ÚchouÚe: (psycopg2.OperationalError) connection to server at "aws-0-eu-central-1.pooler.supabase.com" (18.198.145.223), port 6543 failed: FATAL:  Tenant or user not found

(Background on this error at: https://sqlalche.me/e/20/e3q8)
ERROR    src.core.db.engine:engine.py:81 Impossible de se connecter aprÞs 3 tentatives: (psycopg2.OperationalError) connection to server at "aws-0-eu-central-1.pooler.supabase.com" (18.198.145.223), port 6543 failed: FATAL:  Tenant or user not found

(Background on this error at: https://sqlalche.me/e/20/e3q8)
D:\Projet_streamlit\assistant_matanne\src\core\db\engine.py:82: src.core.errors_base.ErreurBaseDeDonnees: Impossible de se connecter aprÞs 3 tentatives: (psycopg2.OperationalError) connection to server at "aws-0-eu-central-1.pooler.supabase.com" (18.198.145.223), port 6543 failed: FATAL:  Tenant or user not found
E   streamlit.errors.NoSessionContext: Cursor is not set

During handling of the above exception, another exception occurred:
E   src.core.errors_base.ErreurBaseDeDonnees: Impossible de se connecter aprÞs 3 tentatives: (psycopg2.OperationalError) connection to server at "aws-0-eu-central-1.pooler.supabase.com" (18.198.145.223), port 6543 failed: FATAL:  Tenant or user not found

    (Background on this error at: https://sqlalche.me/e/20/e3q8)
---------------------------- Captured stdout setup ----------------------------
[32mINFO[0m | src.core.cache            | Cache cleared
---------------------------- Captured stderr setup ----------------------------
2026-02-18 17:18:25.823 Thread 'MainThread': missing ScriptRunContext! This warning can be ignored when running in bare mode.
2026-02-18 17:18:25.823 Thread 'MainThread': missing ScriptRunContext! This warning can be ignored when running in bare mode.
2026-02-18 17:18:25.823 Thread 'MainThread': missing ScriptRunContext! This warning can be ignored when running in bare mode.
2026-02-18 17:18:25.823 Thread 'MainThread': missing ScriptRunContext! This warning can be ignored when running in bare mode.
2026-02-18 17:18:25.823 Thread 'MainThread': missing ScriptRunContext! This warning can be ignored when running in bare mode.
2026-02-18 17:18:25.823 Thread 'MainThread': missing ScriptRunContext! This warning can be ignored when running in bare mode.
2026-02-18 17:18:25.823 Thread 'MainThread': missing ScriptRunContext! This warning can be ignored when running in bare mode.
2026-02-18 17:18:25.823 Thread 'MainThread': missing ScriptRunContext! This warning can be ignored when running in bare mode.
2026-02-18 17:18:25.823 Thread 'MainThread': missing ScriptRunContext! This warning can be ignored when running in bare mode.
2026-02-18 17:18:25.824 Thread 'MainThread': missing ScriptRunContext! This warning can be ignored when running in bare mode.
2026-02-18 17:18:25.824 Thread 'MainThread': missing ScriptRunContext! This warning can be ignored when running in bare mode.
2026-02-18 17:18:25.824 Thread 'MainThread': missing ScriptRunContext! This warning can be ignored when running in bare mode.
----------------------------- Captured log setup ------------------------------
INFO     src.core.cache:cache.py:164 Cache cleared
---------------------------- Captured stdout call -----------------------------
[33mWARNING[0m | src.core.db.engine        | [ERROR] Tentative 1/3 ÚchouÚe: (psycopg2.OperationalError) connection to server at "aws-0-eu-central-1.pooler.supabase.com" (18.198.145.223), port 6543 failed: FATAL:  Tenant or user not found

(Background on this error at: https://sqlalche.me/e/20/e3q8)
[33mWARNING[0m | src.core.db.engine        | [ERROR] Tentative 2/3 ÚchouÚe: (psycopg2.OperationalError) connection to server at "aws-0-eu-central-1.pooler.supabase.com" (18.198.145.223), port 6543 failed: FATAL:  Tenant or user not found

(Background on this error at: https://sqlalche.me/e/20/e3q8)
[33mWARNING[0m | src.core.db.engine        | [ERROR] Tentative 3/3 ÚchouÚe: (psycopg2.OperationalError) connection to server at "aws-0-eu-central-1.pooler.supabase.com" (18.198.145.223), port 6543 failed: FATAL:  Tenant or user not found

(Background on this error at: https://sqlalche.me/e/20/e3q8)
[31mERROR[0m | src.core.db.engine        | Impossible de se connecter aprÞs 3 tentatives: (psycopg2.OperationalError) connection to server at "aws-0-eu-central-1.pooler.supabase.com" (18.198.145.223), port 6543 failed: FATAL:  Tenant or user not found

(Background on this error at: https://sqlalche.me/e/20/e3q8)
---------------------------- Captured stderr call -----------------------------
2026-02-18 17:18:25.830 Thread 'MainThread': missing ScriptRunContext! This warning can be ignored when running in bare mode.
2026-02-18 17:18:25.830 Thread 'MainThread': missing ScriptRunContext! This warning can be ignored when running in bare mode.
2026-02-18 17:18:25.830 Thread 'MainThread': missing ScriptRunContext! This warning can be ignored when running in bare mode.
2026-02-18 17:18:25.830 Thread 'MainThread': missing ScriptRunContext! This warning can be ignored when running in bare mode.
2026-02-18 17:18:25.830 Thread 'MainThread': missing ScriptRunContext! This warning can be ignored when running in bare mode.
2026-02-18 17:18:25.830 Thread 'MainThread': missing ScriptRunContext! This warning can be ignored when running in bare mode.
2026-02-18 17:18:25.830 Thread 'MainThread': missing ScriptRunContext! This warning can be ignored when running in bare mode.
------------------------------ Captured log call ------------------------------
WARNING  src.core.db.engine:engine.py:71 [ERROR] Tentative 1/3 ÚchouÚe: (psycopg2.OperationalError) connection to server at "aws-0-eu-central-1.pooler.supabase.com" (18.198.145.223), port 6543 failed: FATAL:  Tenant or user not found

(Background on this error at: https://sqlalche.me/e/20/e3q8)
WARNING  src.core.db.engine:engine.py:71 [ERROR] Tentative 2/3 ÚchouÚe: (psycopg2.OperationalError) connection to server at "aws-0-eu-central-1.pooler.supabase.com" (18.198.145.223), port 6543 failed: FATAL:  Tenant or user not found

(Background on this error at: https://sqlalche.me/e/20/e3q8)
WARNING  src.core.db.engine:engine.py:71 [ERROR] Tentative 3/3 ÚchouÚe: (psycopg2.OperationalError) connection to server at "aws-0-eu-central-1.pooler.supabase.com" (18.198.145.223), port 6543 failed: FATAL:  Tenant or user not found

(Background on this error at: https://sqlalche.me/e/20/e3q8)
ERROR    src.core.db.engine:engine.py:81 Impossible de se connecter aprÞs 3 tentatives: (psycopg2.OperationalError) connection to server at "aws-0-eu-central-1.pooler.supabase.com" (18.198.145.223), port 6543 failed: FATAL:  Tenant or user not found

(Background on this error at: https://sqlalche.me/e/20/e3q8)
D:\Projet_streamlit\assistant_matanne\src\core\db\engine.py:82: src.core.errors_base.ErreurBaseDeDonnees: Impossible de se connecter aprÞs 3 tentatives: (psycopg2.OperationalError) connection to server at "aws-0-eu-central-1.pooler.supabase.com" (18.198.145.223), port 6543 failed: FATAL:  Tenant or user not found
E   streamlit.errors.NoSessionContext: Cursor is not set

During handling of the above exception, another exception occurred:
E   src.core.errors_base.ErreurBaseDeDonnees: Impossible de se connecter aprÞs 3 tentatives: (psycopg2.OperationalError) connection to server at "aws-0-eu-central-1.pooler.supabase.com" (18.198.145.223), port 6543 failed: FATAL:  Tenant or user not found

    (Background on this error at: https://sqlalche.me/e/20/e3q8)
---------------------------- Captured stdout setup ----------------------------
[32mINFO[0m | src.core.cache            | Cache cleared
---------------------------- Captured stderr setup ----------------------------
2026-02-18 17:18:30.432 Thread 'MainThread': missing ScriptRunContext! This warning can be ignored when running in bare mode.
2026-02-18 17:18:30.432 Thread 'MainThread': missing ScriptRunContext! This warning can be ignored when running in bare mode.
2026-02-18 17:18:30.432 Thread 'MainThread': missing ScriptRunContext! This warning can be ignored when running in bare mode.
2026-02-18 17:18:30.432 Thread 'MainThread': missing ScriptRunContext! This warning can be ignored when running in bare mode.
2026-02-18 17:18:30.432 Thread 'MainThread': missing ScriptRunContext! This warning can be ignored when running in bare mode.
2026-02-18 17:18:30.432 Thread 'MainThread': missing ScriptRunContext! This warning can be ignored when running in bare mode.
2026-02-18 17:18:30.432 Thread 'MainThread': missing ScriptRunContext! This warning can be ignored when running in bare mode.
2026-02-18 17:18:30.432 Thread 'MainThread': missing ScriptRunContext! This warning can be ignored when running in bare mode.
2026-02-18 17:18:30.432 Thread 'MainThread': missing ScriptRunContext! This warning can be ignored when running in bare mode.
2026-02-18 17:18:30.432 Thread 'MainThread': missing ScriptRunContext! This warning can be ignored when running in bare mode.
2026-02-18 17:18:30.432 Thread 'MainThread': missing ScriptRunContext! This warning can be ignored when running in bare mode.
2026-02-18 17:18:30.432 Thread 'MainThread': missing ScriptRunContext! This warning can be ignored when running in bare mode.
----------------------------- Captured log setup ------------------------------
INFO     src.core.cache:cache.py:164 Cache cleared
---------------------------- Captured stdout call -----------------------------
[33mWARNING[0m | src.core.db.engine        | [ERROR] Tentative 1/3 ÚchouÚe: (psycopg2.OperationalError) connection to server at "aws-0-eu-central-1.pooler.supabase.com" (18.198.145.223), port 6543 failed: FATAL:  Tenant or user not found

(Background on this error at: https://sqlalche.me/e/20/e3q8)
[33mWARNING[0m | src.core.db.engine        | [ERROR] Tentative 2/3 ÚchouÚe: (psycopg2.OperationalError) connection to server at "aws-0-eu-central-1.pooler.supabase.com" (18.198.145.223), port 6543 failed: FATAL:  Tenant or user not found

(Background on this error at: https://sqlalche.me/e/20/e3q8)
[33mWARNING[0m | src.core.db.engine        | [ERROR] Tentative 3/3 ÚchouÚe: (psycopg2.OperationalError) connection to server at "aws-0-eu-central-1.pooler.supabase.com" (18.198.145.223), port 6543 failed: FATAL:  Tenant or user not found

(Background on this error at: https://sqlalche.me/e/20/e3q8)
[31mERROR[0m | src.core.db.engine        | Impossible de se connecter aprÞs 3 tentatives: (psycopg2.OperationalError) connection to server at "aws-0-eu-central-1.pooler.supabase.com" (18.198.145.223), port 6543 failed: FATAL:  Tenant or user not found

(Background on this error at: https://sqlalche.me/e/20/e3q8)
---------------------------- Captured stderr call -----------------------------
2026-02-18 17:18:30.438 Thread 'MainThread': missing ScriptRunContext! This warning can be ignored when running in bare mode.
2026-02-18 17:18:30.438 Thread 'MainThread': missing ScriptRunContext! This warning can be ignored when running in bare mode.
2026-02-18 17:18:30.438 Thread 'MainThread': missing ScriptRunContext! This warning can be ignored when running in bare mode.
2026-02-18 17:18:30.438 Thread 'MainThread': missing ScriptRunContext! This warning can be ignored when running in bare mode.
2026-02-18 17:18:30.438 Thread 'MainThread': missing ScriptRunContext! This warning can be ignored when running in bare mode.
2026-02-18 17:18:30.438 Thread 'MainThread': missing ScriptRunContext! This warning can be ignored when running in bare mode.
2026-02-18 17:18:30.438 Thread 'MainThread': missing ScriptRunContext! This warning can be ignored when running in bare mode.
------------------------------ Captured log call ------------------------------
WARNING  src.core.db.engine:engine.py:71 [ERROR] Tentative 1/3 ÚchouÚe: (psycopg2.OperationalError) connection to server at "aws-0-eu-central-1.pooler.supabase.com" (18.198.145.223), port 6543 failed: FATAL:  Tenant or user not found

(Background on this error at: https://sqlalche.me/e/20/e3q8)
WARNING  src.core.db.engine:engine.py:71 [ERROR] Tentative 2/3 ÚchouÚe: (psycopg2.OperationalError) connection to server at "aws-0-eu-central-1.pooler.supabase.com" (18.198.145.223), port 6543 failed: FATAL:  Tenant or user not found

(Background on this error at: https://sqlalche.me/e/20/e3q8)
WARNING  src.core.db.engine:engine.py:71 [ERROR] Tentative 3/3 ÚchouÚe: (psycopg2.OperationalError) connection to server at "aws-0-eu-central-1.pooler.supabase.com" (18.198.145.223), port 6543 failed: FATAL:  Tenant or user not found

(Background on this error at: https://sqlalche.me/e/20/e3q8)
ERROR    src.core.db.engine:engine.py:81 Impossible de se connecter aprÞs 3 tentatives: (psycopg2.OperationalError) connection to server at "aws-0-eu-central-1.pooler.supabase.com" (18.198.145.223), port 6543 failed: FATAL:  Tenant or user not found

(Background on this error at: https://sqlalche.me/e/20/e3q8)
D:\Projet_streamlit\assistant_matanne\src\core\db\engine.py:82: src.core.errors_base.ErreurBaseDeDonnees: Impossible de se connecter aprÞs 3 tentatives: (psycopg2.OperationalError) connection to server at "aws-0-eu-central-1.pooler.supabase.com" (18.198.145.223), port 6543 failed: FATAL:  Tenant or user not found
E   streamlit.errors.NoSessionContext: Cursor is not set

During handling of the above exception, another exception occurred:
E   src.core.errors_base.ErreurBaseDeDonnees: Impossible de se connecter aprÞs 3 tentatives: (psycopg2.OperationalError) connection to server at "aws-0-eu-central-1.pooler.supabase.com" (18.198.145.223), port 6543 failed: FATAL:  Tenant or user not found

    (Background on this error at: https://sqlalche.me/e/20/e3q8)
---------------------------- Captured stdout setup ----------------------------
[32mINFO[0m | src.core.cache            | Cache cleared
---------------------------- Captured stderr setup ----------------------------
2026-02-18 17:18:35.064 Thread 'MainThread': missing ScriptRunContext! This warning can be ignored when running in bare mode.
2026-02-18 17:18:35.065 Thread 'MainThread': missing ScriptRunContext! This warning can be ignored when running in bare mode.
2026-02-18 17:18:35.065 Thread 'MainThread': missing ScriptRunContext! This warning can be ignored when running in bare mode.
2026-02-18 17:18:35.065 Thread 'MainThread': missing ScriptRunContext! This warning can be ignored when running in bare mode.
2026-02-18 17:18:35.065 Thread 'MainThread': missing ScriptRunContext! This warning can be ignored when running in bare mode.
2026-02-18 17:18:35.065 Thread 'MainThread': missing ScriptRunContext! This warning can be ignored when running in bare mode.
2026-02-18 17:18:35.065 Thread 'MainThread': missing ScriptRunContext! This warning can be ignored when running in bare mode.
2026-02-18 17:18:35.065 Thread 'MainThread': missing ScriptRunContext! This warning can be ignored when running in bare mode.
2026-02-18 17:18:35.065 Thread 'MainThread': missing ScriptRunContext! This warning can be ignored when running in bare mode.
2026-02-18 17:18:35.065 Thread 'MainThread': missing ScriptRunContext! This warning can be ignored when running in bare mode.
2026-02-18 17:18:35.065 Thread 'MainThread': missing ScriptRunContext! This warning can be ignored when running in bare mode.
2026-02-18 17:18:35.065 Thread 'MainThread': missing ScriptRunContext! This warning can be ignored when running in bare mode.
----------------------------- Captured log setup ------------------------------
INFO     src.core.cache:cache.py:164 Cache cleared
---------------------------- Captured stdout call -----------------------------
[33mWARNING[0m | src.core.db.engine        | [ERROR] Tentative 1/3 ÚchouÚe: (psycopg2.OperationalError) connection to server at "aws-0-eu-central-1.pooler.supabase.com" (18.198.145.223), port 6543 failed: FATAL:  Tenant or user not found

(Background on this error at: https://sqlalche.me/e/20/e3q8)
[33mWARNING[0m | src.core.db.engine        | [ERROR] Tentative 2/3 ÚchouÚe: (psycopg2.OperationalError) connection to server at "aws-0-eu-central-1.pooler.supabase.com" (18.198.145.223), port 6543 failed: FATAL:  Tenant or user not found

(Background on this error at: https://sqlalche.me/e/20/e3q8)
[33mWARNING[0m | src.core.db.engine        | [ERROR] Tentative 3/3 ÚchouÚe: (psycopg2.OperationalError) connection to server at "aws-0-eu-central-1.pooler.supabase.com" (18.198.145.223), port 6543 failed: FATAL:  Tenant or user not found

(Background on this error at: https://sqlalche.me/e/20/e3q8)
[31mERROR[0m | src.core.db.engine        | Impossible de se connecter aprÞs 3 tentatives: (psycopg2.OperationalError) connection to server at "aws-0-eu-central-1.pooler.supabase.com" (18.198.145.223), port 6543 failed: FATAL:  Tenant or user not found

(Background on this error at: https://sqlalche.me/e/20/e3q8)
---------------------------- Captured stderr call -----------------------------
2026-02-18 17:18:35.071 Thread 'MainThread': missing ScriptRunContext! This warning can be ignored when running in bare mode.
2026-02-18 17:18:35.071 Thread 'MainThread': missing ScriptRunContext! This warning can be ignored when running in bare mode.
2026-02-18 17:18:35.071 Thread 'MainThread': missing ScriptRunContext! This warning can be ignored when running in bare mode.
2026-02-18 17:18:35.072 Thread 'MainThread': missing ScriptRunContext! This warning can be ignored when running in bare mode.
2026-02-18 17:18:35.072 Thread 'MainThread': missing ScriptRunContext! This warning can be ignored when running in bare mode.
2026-02-18 17:18:35.072 Thread 'MainThread': missing ScriptRunContext! This warning can be ignored when running in bare mode.
2026-02-18 17:18:35.072 Thread 'MainThread': missing ScriptRunContext! This warning can be ignored when running in bare mode.
------------------------------ Captured log call ------------------------------
WARNING  src.core.db.engine:engine.py:71 [ERROR] Tentative 1/3 ÚchouÚe: (psycopg2.OperationalError) connection to server at "aws-0-eu-central-1.pooler.supabase.com" (18.198.145.223), port 6543 failed: FATAL:  Tenant or user not found

(Background on this error at: https://sqlalche.me/e/20/e3q8)
WARNING  src.core.db.engine:engine.py:71 [ERROR] Tentative 2/3 ÚchouÚe: (psycopg2.OperationalError) connection to server at "aws-0-eu-central-1.pooler.supabase.com" (18.198.145.223), port 6543 failed: FATAL:  Tenant or user not found

(Background on this error at: https://sqlalche.me/e/20/e3q8)
WARNING  src.core.db.engine:engine.py:71 [ERROR] Tentative 3/3 ÚchouÚe: (psycopg2.OperationalError) connection to server at "aws-0-eu-central-1.pooler.supabase.com" (18.198.145.223), port 6543 failed: FATAL:  Tenant or user not found

(Background on this error at: https://sqlalche.me/e/20/e3q8)
ERROR    src.core.db.engine:engine.py:81 Impossible de se connecter aprÞs 3 tentatives: (psycopg2.OperationalError) connection to server at "aws-0-eu-central-1.pooler.supabase.com" (18.198.145.223), port 6543 failed: FATAL:  Tenant or user not found

(Background on this error at: https://sqlalche.me/e/20/e3q8)
D:\Projet_streamlit\assistant_matanne\src\core\db\engine.py:82: src.core.errors_base.ErreurBaseDeDonnees: Impossible de se connecter aprÞs 3 tentatives: (psycopg2.OperationalError) connection to server at "aws-0-eu-central-1.pooler.supabase.com" (18.198.145.223), port 6543 failed: FATAL:  Tenant or user not found
E   streamlit.errors.NoSessionContext: Cursor is not set

During handling of the above exception, another exception occurred:
E   src.core.errors_base.ErreurBaseDeDonnees: Impossible de se connecter aprÞs 3 tentatives: (psycopg2.OperationalError) connection to server at "aws-0-eu-central-1.pooler.supabase.com" (18.198.145.223), port 6543 failed: FATAL:  Tenant or user not found

    (Background on this error at: https://sqlalche.me/e/20/e3q8)
---------------------------- Captured stdout setup ----------------------------
[32mINFO[0m | src.core.cache            | Cache cleared
---------------------------- Captured stderr setup ----------------------------
2026-02-18 17:18:39.675 Thread 'MainThread': missing ScriptRunContext! This warning can be ignored when running in bare mode.
2026-02-18 17:18:39.675 Thread 'MainThread': missing ScriptRunContext! This warning can be ignored when running in bare mode.
2026-02-18 17:18:39.675 Thread 'MainThread': missing ScriptRunContext! This warning can be ignored when running in bare mode.
2026-02-18 17:18:39.675 Thread 'MainThread': missing ScriptRunContext! This warning can be ignored when running in bare mode.
2026-02-18 17:18:39.675 Thread 'MainThread': missing ScriptRunContext! This warning can be ignored when running in bare mode.
2026-02-18 17:18:39.675 Thread 'MainThread': missing ScriptRunContext! This warning can be ignored when running in bare mode.
2026-02-18 17:18:39.675 Thread 'MainThread': missing ScriptRunContext! This warning can be ignored when running in bare mode.
2026-02-18 17:18:39.675 Thread 'MainThread': missing ScriptRunContext! This warning can be ignored when running in bare mode.
2026-02-18 17:18:39.675 Thread 'MainThread': missing ScriptRunContext! This warning can be ignored when running in bare mode.
2026-02-18 17:18:39.675 Thread 'MainThread': missing ScriptRunContext! This warning can be ignored when running in bare mode.
2026-02-18 17:18:39.675 Thread 'MainThread': missing ScriptRunContext! This warning can be ignored when running in bare mode.
2026-02-18 17:18:39.675 Thread 'MainThread': missing ScriptRunContext! This warning can be ignored when running in bare mode.
----------------------------- Captured log setup ------------------------------
INFO     src.core.cache:cache.py:164 Cache cleared
---------------------------- Captured stdout call -----------------------------
[...]
D:\Projet_streamlit\assistant_matanne\tests\ui\components\test_data.py:334: AssertionError: assert None is True
E   ModuleNotFoundError: No module named 'src.ui.components.dashboard_widgets'
---------------------------- Captured stdout setup ----------------------------
[32mINFO[0m | src.core.cache            | Cache cleared
---------------------------- Captured stderr setup ----------------------------
2026-02-18 17:22:16.171 Thread 'MainThread': missing ScriptRunContext! This warning can be ignored when running in bare mode.
2026-02-18 17:22:16.171 Thread 'MainThread': missing ScriptRunContext! This warning can be ignored when running in bare mode.
2026-02-18 17:22:16.171 Thread 'MainThread': missing ScriptRunContext! This warning can be ignored when running in bare mode.
2026-02-18 17:22:16.171 Thread 'MainThread': missing ScriptRunContext! This warning can be ignored when running in bare mode.
2026-02-18 17:22:16.171 Thread 'MainThread': missing ScriptRunContext! This warning can be ignored when running in bare mode.
2026-02-18 17:22:16.171 Thread 'MainThread': missing ScriptRunContext! This warning can be ignored when running in bare mode.
2026-02-18 17:22:16.172 Thread 'MainThread': missing ScriptRunContext! This warning can be ignored when running in bare mode.
2026-02-18 17:22:16.172 Thread 'MainThread': missing ScriptRunContext! This warning can be ignored when running in bare mode.
2026-02-18 17:22:16.172 Thread 'MainThread': missing ScriptRunContext! This warning can be ignored when running in bare mode.
2026-02-18 17:22:16.172 Thread 'MainThread': missing ScriptRunContext! This warning can be ignored when running in bare mode.
2026-02-18 17:22:16.172 Thread 'MainThread': missing ScriptRunContext! This warning can be ignored when running in bare mode.
2026-02-18 17:22:16.172 Thread 'MainThread': missing ScriptRunContext! This warning can be ignored when running in bare mode.
----------------------------- Captured log setup ------------------------------
INFO     src.core.cache:cache.py:164 Cache cleared
<frozen importlib._bootstrap>:1140: ModuleNotFoundError: No module named 'src.ui.components.dashboard_widgets'
E   ModuleNotFoundError: No module named 'src.ui.components.google_calendar_sync'
---------------------------- Captured stdout setup ----------------------------
[32mINFO[0m | src.core.cache            | Cache cleared
---------------------------- Captured stderr setup ----------------------------
2026-02-18 17:22:16.189 Thread 'MainThread': missing ScriptRunContext! This warning can be ignored when running in bare mode.
2026-02-18 17:22:16.189 Thread 'MainThread': missing ScriptRunContext! This warning can be ignored when running in bare mode.
2026-02-18 17:22:16.189 Thread 'MainThread': missing ScriptRunContext! This warning can be ignored when running in bare mode.
2026-02-18 17:22:16.189 Thread 'MainThread': missing ScriptRunContext! This warning can be ignored when running in bare mode.
2026-02-18 17:22:16.189 Thread 'MainThread': missing ScriptRunContext! This warning can be ignored when running in bare mode.
2026-02-18 17:22:16.189 Thread 'MainThread': missing ScriptRunContext! This warning can be ignored when running in bare mode.
2026-02-18 17:22:16.189 Thread 'MainThread': missing ScriptRunContext! This warning can be ignored when running in bare mode.
2026-02-18 17:22:16.189 Thread 'MainThread': missing ScriptRunContext! This warning can be ignored when running in bare mode.
2026-02-18 17:22:16.189 Thread 'MainThread': missing ScriptRunContext! This warning can be ignored when running in bare mode.
2026-02-18 17:22:16.189 Thread 'MainThread': missing ScriptRunContext! This warning can be ignored when running in bare mode.
2026-02-18 17:22:16.189 Thread 'MainThread': missing ScriptRunContext! This warning can be ignored when running in bare mode.
2026-02-18 17:22:16.189 Thread 'MainThread': missing ScriptRunContext! This warning can be ignored when running in bare mode.
----------------------------- Captured log setup ------------------------------
INFO     src.core.cache:cache.py:164 Cache cleared
<frozen importlib._bootstrap>:1140: ModuleNotFoundError: No module named 'src.ui.components.google_calendar_sync'
E   ModuleNotFoundError: No module named 'src.ui.core.base_module'
---------------------------- Captured stdout setup ----------------------------
[32mINFO[0m | src.core.cache            | Cache cleared
---------------------------- Captured stderr setup ----------------------------
2026-02-18 17:22:16.207 Thread 'MainThread': missing ScriptRunContext! This warning can be ignored when running in bare mode.
2026-02-18 17:22:16.207 Thread 'MainThread': missing ScriptRunContext! This warning can be ignored when running in bare mode.
2026-02-18 17:22:16.207 Thread 'MainThread': missing ScriptRunContext! This warning can be ignored when running in bare mode.
2026-02-18 17:22:16.207 Thread 'MainThread': missing ScriptRunContext! This warning can be ignored when running in bare mode.
2026-02-18 17:22:16.207 Thread 'MainThread': missing ScriptRunContext! This warning can be ignored when running in bare mode.
2026-02-18 17:22:16.207 Thread 'MainThread': missing ScriptRunContext! This warning can be ignored when running in bare mode.
2026-02-18 17:22:16.207 Thread 'MainThread': missing ScriptRunContext! This warning can be ignored when running in bare mode.
2026-02-18 17:22:16.207 Thread 'MainThread': missing ScriptRunContext! This warning can be ignored when running in bare mode.
2026-02-18 17:22:16.207 Thread 'MainThread': missing ScriptRunContext! This warning can be ignored when running in bare mode.
2026-02-18 17:22:16.207 Thread 'MainThread': missing ScriptRunContext! This warning can be ignored when running in bare mode.
2026-02-18 17:22:16.207 Thread 'MainThread': missing ScriptRunContext! This warning can be ignored when running in bare mode.
2026-02-18 17:22:16.207 Thread 'MainThread': missing ScriptRunContext! This warning can be ignored when running in bare mode.
----------------------------- Captured log setup ------------------------------
INFO     src.core.cache:cache.py:164 Cache cleared
<frozen importlib._bootstrap>:1140: ModuleNotFoundError: No module named 'src.ui.core.base_module'
E   ModuleNotFoundError: No module named 'src.ui.tablet_mode'
---------------------------- Captured stdout setup ----------------------------
[32mINFO[0m | src.core.cache            | Cache cleared
---------------------------- Captured stderr setup ----------------------------
2026-02-18 17:22:16.246 Thread 'MainThread': missing ScriptRunContext! This warning can be ignored when running in bare mode.
2026-02-18 17:22:16.246 Thread 'MainThread': missing ScriptRunContext! This warning can be ignored when running in bare mode.
2026-02-18 17:22:16.246 Thread 'MainThread': missing ScriptRunContext! This warning can be ignored when running in bare mode.
2026-02-18 17:22:16.246 Thread 'MainThread': missing ScriptRunContext! This warning can be ignored when running in bare mode.
2026-02-18 17:22:16.246 Thread 'MainThread': missing ScriptRunContext! This warning can be ignored when running in bare mode.
2026-02-18 17:22:16.246 Thread 'MainThread': missing ScriptRunContext! This warning can be ignored when running in bare mode.
2026-02-18 17:22:16.246 Thread 'MainThread': missing ScriptRunContext! This warning can be ignored when running in bare mode.
2026-02-18 17:22:16.246 Thread 'MainThread': missing ScriptRunContext! This warning can be ignored when running in bare mode.
2026-02-18 17:22:16.246 Thread 'MainThread': missing ScriptRunContext! This warning can be ignored when running in bare mode.
2026-02-18 17:22:16.246 Thread 'MainThread': missing ScriptRunContext! This warning can be ignored when running in bare mode.
2026-02-18 17:22:16.246 Thread 'MainThread': missing ScriptRunContext! This warning can be ignored when running in bare mode.
2026-02-18 17:22:16.246 Thread 'MainThread': missing ScriptRunContext! This warning can be ignored when running in bare mode.
----------------------------- Captured log setup ------------------------------
INFO     src.core.cache:cache.py:164 Cache cleared
<frozen importlib._bootstrap>:1140: ModuleNotFoundError: No module named 'src.ui.tablet_mode'
============================== warnings summary ===============================
C:\Users\Nemo\AppData\Local\Programs\Python\Python311\Lib\site-packages\sqlalchemy\orm\decl_api.py:0
  C:\Users\Nemo\AppData\Local\Programs\Python\Python311\Lib\site-packages\sqlalchemy\orm\decl_api.py:0: PytestCollectionWarning: cannot collect test class 'Base' because it has a __init__ constructor (from: tests/services/base/test_types.py)

tests/api/test_main.py::TestIAEndpoints::test_suggestions_recettes_endpoint_exists
tests/api/test_main.py::TestIAEndpoints::test_suggestions_recettes_with_params
tests/api/test_main.py::TestIAEndpoints::test_suggestions_recettes_default_params
  D:\Projet_streamlit\assistant_matanne\src\api\main.py:190: RuntimeWarning: coroutine 'verifier_limite_debit_ia' was never awaited
    verifier_limite_debit_ia(user["id"])
  Enable tracemalloc to get traceback where the object was allocated.
  See https://docs.pytest.org/en/stable/how-to/capture-warnings.html#resource-warnings for more info.

tests/api/test_main.py::TestIAEndpoints::test_suggestions_recettes_rate_limited
tests/api/test_main.py::TestIAEndpoints::test_suggestions_recettes_response_structure
  D:\Projet_streamlit\assistant_matanne\src\api\main.py:190: RuntimeWarning: coroutine 'AsyncMockMixin._execute_mock_call' was never awaited
    verifier_limite_debit_ia(user["id"])
  Enable tracemalloc to get traceback where the object was allocated.
  See https://docs.pytest.org/en/stable/how-to/capture-warnings.html#resource-warnings for more info.

tests/api/test_main.py: 4 warnings
tests/api/test_routes_courses.py: 1 warning
tests/api/test_routes_inventaire.py: 4 warnings
tests/api/test_routes_planning.py: 2 warnings
tests/core/test_models_recettes.py: 1 warning
  D:\Projet_streamlit\assistant_matanne\tests\conftest.py:125: SAWarning: transaction already deassociated from connection
    transaction.rollback()

tests/services/batch_cooking/test_service.py::TestAjouterEtapes::test_ajouter_etapes_success
tests/services/courses/test_suggestion.py::TestAjouterAListeCourses::test_ajouter_avec_ingredient_sans_article_existant
tests/services/courses/test_suggestion.py::TestAjouterAListeCourses::test_ajouter_cree_ingredient_si_inexistant
  D:\Projet_streamlit\assistant_matanne\tests\conftest.py:125: SAWarning:

  transaction already deassociated from connection

-- Docs: https://docs.pytest.org/en/stable/how-to/capture-warnings.html
=========================== short test summary info ===========================
FAILED tests/core/ai/test_ai_client.py::TestClientIAAppels::test_appel_avec_rate_limit
FAILED tests/modules/accueil/test_accueil_ui.py::TestAccueilUI::test_app_basic
FAILED tests/modules/accueil/test_accueil_ui.py::TestAccueilUI::test_render_critical_alerts_empty
FAILED tests/modules/accueil/test_accueil_ui.py::TestAccueilUI::test_render_critical_alerts_with_critiques
FAILED tests/modules/accueil/test_accueil_ui.py::TestAccueilUI::test_render_critical_alerts_peremption
FAILED tests/modules/accueil/test_accueil_ui.py::TestAccueilUI::test_render_critical_alerts_no_planning
FAILED tests/modules/accueil/test_accueil_ui.py::TestAccueilUI::test_render_global_stats
FAILED tests/modules/accueil/test_accueil_ui.py::TestAccueilUI::test_render_quick_actions
FAILED tests/modules/accueil/test_accueil_ui.py::TestAccueilUI::test_render_cuisine_summary
FAILED tests/modules/accueil/test_accueil_ui.py::TestAccueilUI::test_render_inventaire_summary
FAILED tests/modules/accueil/test_accueil_ui.py::TestAccueilUI::test_render_inventaire_summary_with_data
FAILED tests/modules/accueil/test_accueil_ui.py::TestAccueilUI::test_render_courses_summary
FAILED tests/modules/accueil/test_accueil_ui.py::TestAccueilUI::test_render_courses_summary_with_data
FAILED tests/modules/accueil/test_accueil_ui.py::TestAccueilUI::test_render_planning_summary
FAILED tests/modules/accueil/test_accueil_ui.py::TestAccueilUI::test_render_planning_summary_with_data
FAILED tests/modules/cuisine/test_planning_logic.py::TestGetFinSemaine::test_fin_semaine_dimanche
FAILED tests/modules/cuisine/test_planning_logic.py::TestGetFinSemaine::test_fin_semaine_lundi
FAILED tests/modules/famille/suivi_perso/test_tableau_bord.py::TestRenderDashboard::test_affiche_subheader
FAILED tests/modules/jeux/test_integration.py::TestConfigurerJeux::test_configure_api_football_avec_cle
FAILED tests/modules/jeux/test_integration.py::TestConfigurerJeux::test_pas_configuration_sans_cle_api
FAILED tests/modules/jeux/test_integration.py::TestConfigurerJeux::test_gere_exception_configuration
FAILED tests/modules/jeux/test_integration.py::TestConfigurerJeux::test_log_fallback_sans_cle
FAILED tests/modules/jeux/test_utils.py::TestChargerMatchsAvecFallback::test_charge_depuis_api_success
FAILED tests/modules/jeux/test_utils.py::TestChargerMatchsAvecFallback::test_tout_echoue_retourne_liste_vide
FAILED tests/modules/jeux/test_utils.py::TestChargerClassementAvecFallback::test_charge_classement_api_success
FAILED tests/modules/jeux/test_utils.py::TestChargerClassementAvecFallback::test_fallback_bd_classement
FAILED tests/modules/jeux/test_utils.py::TestChargerClassementAvecFallback::test_api_retourne_vide_fallback_bd
FAILED tests/modules/jeux/test_utils.py::TestChargerHistoriqueEquipeAvecFallback::test_charge_historique_api_success
FAILED tests/modules/maison/depenses/test_components.py::TestRenderOnglets::test_render_onglet_analyse
FAILED tests/modules/parametres/test_parametres_ui.py::TestParametresUI::test_render_foyer_config
FAILED tests/modules/parametres/test_parametres_ui.py::TestParametresUI::test_render_ia_config
FAILED tests/modules/parametres/test_parametres_ui.py::TestParametresUI::test_render_database_config
FAILED tests/modules/parametres/test_parametres_ui.py::TestParametresUI::test_render_cache_config
FAILED tests/modules/parametres/test_parametres_ui.py::TestParametresUI::test_render_display_config
FAILED tests/modules/parametres/test_parametres_ui.py::TestParametresUI::test_render_about
FAILED tests/modules/planning/calendrier/test_init_app.py::TestAppFunction::test_app_basic_render
FAILED tests/modules/planning/calendrier/test_init_app.py::TestAppFunction::test_app_vue_liste
FAILED tests/modules/planning/calendrier/test_init_app.py::TestAppFunction::test_app_without_session
FAILED tests/services/budget/test_service.py::TestAjouterDepense::test_ajouter_depense_simple
FAILED tests/services/budget/test_service.py::TestAjouterDepense::test_ajouter_depense_recurrente
FAILED tests/services/budget/test_service.py::TestPrevoirDepenses::test_prevoir_depenses
FAILED tests/services/calendrier/test_service.py::TestGoogleImportExport::test_export_to_google_with_meals_and_activities
FAILED tests/services/maison/test_inventaire_service.py::TestInventaireServiceCodeBarre::test_rechercher_par_code_barre_trouve
FAILED tests/ui/components/test_data.py::TestTableauDonnees::test_tableau_donnees_uses_container_width
FAILED tests/ui/test_imports_ui.py::test_import_ui_module[src.ui.components.dashboard_widgets]
FAILED tests/ui/test_imports_ui.py::test_import_ui_module[src.ui.components.google_calendar_sync]
FAILED tests/ui/test_imports_ui.py::test_import_ui_module[src.ui.core.base_module]
FAILED tests/ui/test_imports_ui.py::test_import_ui_module[src.ui.tablet_mode]
SKIPPED [1] tests\core\ai\test_ai_modules.py:162: API non disponible: 'ClientIA' object has no attribute 'obtenir_suggestions'
SKIPPED [1] tests\core\test_database.py:735: Requiert refactoring des mocks DB complexes
SKIPPED [1] tests\core\test_database.py:802: Requiert refactoring des mocks DB complexes
SKIPPED [1] tests\core\test_redis_cache.py:707: NÚcessite refactoring du mock redis - redis importÚ dans try/except
SKIPPED [1] tests\core\test_redis_cache.py:720: NÚcessite refactoring du mock redis - redis importÚ dans try/except
SKIPPED [1] tests\core\test_redis_cache.py:739: NÚcessite refactoring du mock redis - redis importÚ dans try/except
SKIPPED [1] tests\modules\cuisine\inventaire\test_utils.py:627: Bug connu: formater_inventaire_rapport ne gÞre pas les listes vides
SKIPPED [1] tests\modules\cuisine\recettes\test_utils.py:411: L'attribut favorite n'existe pas dans le modÞle Recette
SKIPPED [38] tests\modules\maison\test_eco_tips.py: Module src.modules.maison.eco_tips non encore implÚmentÚ
SKIPPED [30] tests\modules\maison\test_energie.py: Module src.modules.maison.energie non encore implÚmentÚ
SKIPPED [10] tests\modules\maison\test_entretien.py: Fonctions entretien (creer_routine, etc.) non encore implÚmentÚes dans le module
SKIPPED [1] tests\modules\maison\test_entretien.py:54: Fonctions entretien (creer_routine, etc.) non encore implÚmentÚes dans le module
SKIPPED [1] tests\modules\maison\test_entretien.py:70: Fonctions entretien (creer_routine, etc.) non encore implÚmentÚes dans le module
SKIPPED [1] tests\modules\maison\test_entretien.py:86: Fonctions entretien (creer_routine, etc.) non encore implÚmentÚes dans le module
SKIPPED [1] tests\modules\maison\test_entretien.py:101: Fonctions entretien (creer_routine, etc.) non encore implÚmentÚes dans le module
SKIPPED [10] tests\modules\maison\test_entretien_utils.py: Module src.modules.maison.entretien_utils non encore implÚmentÚ
SKIPPED [11] tests\modules\maison\test_jardin.py: Fonctions jardin (ajouter_plante, etc.) non encore implÚmentÚes dans le module
SKIPPED [1] tests\modules\maison\test_jardin.py:54: Fonctions jardin (ajouter_plante, etc.) non encore implÚmentÚes dans le module
SKIPPED [1] tests\modules\maison\test_jardin.py:70: Fonctions jardin (ajouter_plante, etc.) non encore implÚmentÚes dans le module
SKIPPED [1] tests\modules\maison\test_jardin.py:88: Fonctions jardin (ajouter_plante, etc.) non encore implÚmentÚes dans le module
SKIPPED [1] tests\modules\maison\test_jardin.py:103: Fonctions jardin (ajouter_plante, etc.) non encore implÚmentÚes dans le module
SKIPPED [29] tests\modules\maison\test_jardin_zones.py: Module src.modules.maison.jardin_zones non encore implÚmentÚ
SKIPPED [1] tests\modules\maison\test_jardin_zones.py:525: Mock context manager complexe Ó configurer
SKIPPED [1] tests\modules\maison\test_jardin_zones.py:560: Mock context manager complexe Ó configurer
SKIPPED [35] tests\modules\maison\test_meubles.py: Module src.modules.maison.meubles non encore implÚmentÚ
SKIPPED [48] tests\modules\maison\test_projets.py: Module src.modules.maison.projets non encore implÚmentÚ
SKIPPED [1] tests\modules\maison\test_projets.py:304: Module src.modules.maison.projets non encore implÚmentÚ
SKIPPED [1] tests\modules\maison\test_projets.py:316: Module src.modules.maison.projets non encore implÚmentÚ
SKIPPED [1] tests\modules\maison\test_projets.py:328: Module src.modules.maison.projets non encore implÚmentÚ
SKIPPED [1] tests\modules\maison\test_projets.py:340: Module src.modules.maison.projets non encore implÚmentÚ
SKIPPED [37] tests\modules\maison\test_scan_factures.py: Module src.modules.maison.scan_factures non encore implÚmentÚ
SKIPPED [33] tests\modules\maison\test_utils.py: Module src.modules.maison.utils non encore implÚmentÚ
SKIPPED [1] tests\modules\test_modules_logic.py:18: Module non disponible
SKIPPED [6] tests\services\calendrier\test_service.py: NÚcessite fixtures DB avec FK constraints user_id - testÚ via mocks ci-dessus
SKIPPED [1] tests\services\maison\test_energie_service.py:154: MÚthode obtenir_badges() non implÚmentÚe dans EnergieService
SKIPPED [1] tests\services\maison\test_energie_service.py:237: MÚthode comparer_annees() non implÚmentÚe dans EnergieService
SKIPPED [1] tests\services\maison\test_projets_service.py:124: MÚthode suggerer_materiaux() non implÚmentÚe dans ProjetsService
==== 48 failed, 8300 passed, 313 skipped, 21 warnings in 298.77s (0:04:58) ====
