============================= test session starts =============================
platform win32 -- Python 3.11.8, pytest-9.0.2, pluggy-1.6.0 -- C:\Users\Nemo\AppData\Local\Programs\Python\Python311\python.exe
cachedir: .pytest_cache
rootdir: D:\Projet_streamlit\assistant_matanne
configfile: pytest.ini
plugins: anyio-4.12.1, asyncio-1.3.0, cov-7.0.0
asyncio: mode=Mode.STRICT, debug=False, asyncio_default_fixture_loop_scope=function, asyncio_default_test_loop_scope=function
collecting ... collected 26 items

tests/modules/maison/depenses/test_components.py::TestComponents::test_render_stats_dashboard PASSED [  3%]
tests/modules/maison/depenses/test_components.py::TestComponents::test_render_depense_card PASSED [  7%]
tests/modules/maison/depenses/test_components.py::TestComponents::test_render_formulaire PASSED [ 11%]
tests/modules/maison/depenses/test_components.py::TestComponents::test_render_graphique_evolution PASSED [ 15%]
tests/modules/maison/depenses/test_components.py::TestComponents::test_render_comparaison_mois PASSED [ 19%]
tests/modules/maison/depenses/test_components.py::TestComponents::test_render_onglet_mois PASSED [ 23%]
tests/modules/maison/depenses/test_components.py::TestComponents::test_render_onglet_ajouter PASSED [ 26%]
tests/modules/maison/depenses/test_components.py::TestComponents::test_render_onglet_analyse PASSED [ 30%]
tests/modules/maison/depenses/test_crud.py::TestCrud::test_get_depenses_mois PASSED [ 34%]
tests/modules/maison/depenses/test_crud.py::TestCrud::test_get_depenses_annee PASSED [ 38%]
tests/modules/maison/depenses/test_crud.py::TestCrud::test_get_depense_by_id PASSED [ 42%]
tests/modules/maison/depenses/test_crud.py::TestCrud::test_create_depense PASSED [ 46%]
tests/modules/maison/depenses/test_crud.py::TestCrud::test_update_depense PASSED [ 50%]
tests/modules/maison/depenses/test_crud.py::TestCrud::test_delete_depense PASSED [ 53%]
tests/modules/maison/depenses/test_crud.py::TestCrud::test_get_stats_globales PASSED [ 57%]
tests/modules/maison/depenses/test_crud.py::TestCrud::test_get_historique_categorie PASSED [ 61%]
tests/modules/maison/depenses/test_depenses_init.py::TestDepensesApp::test_app_affiche_titre PASSED [ 65%]
tests/modules/maison/depenses/test_depenses_init.py::TestDepensesApp::test_app_affiche_caption PASSED [ 69%]
tests/modules/maison/depenses/test_depenses_init.py::TestDepensesApp::test_app_cree_onglets PASSED [ 73%]
tests/modules/maison/depenses/test_depenses_init.py::TestDepensesApp::test_app_mode_edition_avec_depense PASSED [ 76%]
tests/modules/maison/depenses/test_depenses_init.py::TestDepensesApp::test_app_mode_edition_annuler PASSED [ 80%]
tests/modules/maison/depenses/test_depenses_init.py::TestDepensesApp::test_app_mode_edition_depense_introuvable PASSED [ 84%]
tests/modules/maison/depenses/test_depenses_init.py::TestDepensesExports::test_exports_crud PASSED [ 88%]
tests/modules/maison/depenses/test_depenses_init.py::TestDepensesExports::test_exports_ui PASSED [ 92%]
tests/modules/maison/depenses/test_depenses_init.py::TestDepensesExports::test_all_contains_expected PASSED [ 96%]
tests/modules/maison/depenses/test_utils.py::TestUtils::test_import PASSED [100%]

============================= 26 passed in 0.19s ==============================
